#
# There is insufficient memory for the Java Runtime Environment to continue.
# Native memory allocation (mmap) failed to map 234881024 bytes for Failed to commit area from 0x0000000720e00000 to 0x000000072ee00000 of length 234881024.
# Possible reasons:
#   The system is out of physical RAM or swap space
#   The process is running with CompressedOops enabled, and the Java Heap may be blocking the growth of the native heap
# Possible solutions:
#   Reduce memory load on the system
#   Increase physical memory or swap space
#   Check if swap backing store is full
#   Decrease Java heap size (-Xmx/-Xms)
#   Decrease number of Java threads
#   Decrease Java thread stack sizes (-Xss)
#   Set larger code cache with -XX:ReservedCodeCacheSize=
# This output file may be truncated or incomplete.
#
#  Out of Memory Error (./src/hotspot/os/windows/os_windows.cpp:3386), pid=19832, tid=19892
#
# JRE version:  (11.0.16.1+1) (build )
# Java VM: OpenJDK 64-Bit Server VM (11.0.16.1+1-LTS, mixed mode, sharing, tiered, compressed oops, g1 gc, windows-amd64)
# No core dump will be written. Minidumps are not enabled by default on client versions of Windows
#

---------------  S U M M A R Y ------------

Command Line: com.xamarin.manifestmerger.Main obj\Debug\130\android\manifestmerger.rsp

Host: AMD Ryzen 5 3400G with Radeon Vega Graphics    , 8 cores, 13G,  Windows 10 , 64 bit Build 19041 (10.0.19041.2788)
Time: Thu Apr 27 17:23:25 2023 Hora est. Pacífico, Sudamérica elapsed time: 0.023761 seconds (0d 0h 0m 0s)

---------------  T H R E A D  ---------------

Current thread (0x000002216f8ca000):  JavaThread "Unknown thread" [_thread_in_vm, id=19892, stack(0x0000003d08a00000,0x0000003d08b00000)]

Stack: [0x0000003d08a00000,0x0000003d08b00000]
Native frames: (J=compiled Java code, j=interpreted, Vv=VM code, C=native code)
V  [jvm.dll+0x62652a]
V  [jvm.dll+0x7b3249]
V  [jvm.dll+0x7b4938]
V  [jvm.dll+0x7b5013]
V  [jvm.dll+0x24fca8]
V  [jvm.dll+0x62383a]
V  [jvm.dll+0x617fe5]
V  [jvm.dll+0x307bac]
V  [jvm.dll+0x307a32]
V  [jvm.dll+0x30c746]
V  [jvm.dll+0x352b9f]
V  [jvm.dll+0x3525d0]
V  [jvm.dll+0x2e4ba8]
V  [jvm.dll+0x2e5d06]
V  [jvm.dll+0x78d097]
V  [jvm.dll+0x78e81f]
V  [jvm.dll+0x35f8e9]
V  [jvm.dll+0x770000]
V  [jvm.dll+0x3cd40f]
V  [jvm.dll+0x3cf7a1]
C  [jli.dll+0x5207]
C  [ucrtbase.dll+0x21bb2]
C  [KERNEL32.DLL+0x17604]
C  [ntdll.dll+0x526a1]


---------------  P R O C E S S  ---------------

Threads class SMR info:
_java_thread_list=0x000002216f75ff30, length=0, elements={
}

Java Threads: ( => current thread )

Other Threads:
  0x000002216f8e0800 GCTaskThread "GC Thread#0" [stack: 0x0000003d08b00000,0x0000003d08c00000] [id=19896]
  0x000002216f937800 ConcurrentGCThread "G1 Main Marker" [stack: 0x0000003d08c00000,0x0000003d08d00000] [id=19900]
  0x000002216f939000 ConcurrentGCThread "G1 Conc#0" [stack: 0x0000003d08d00000,0x0000003d08e00000] [id=19904]

[error occurred during error reporting (printing all threads), id 0xc0000005, EXCEPTION_ACCESS_VIOLATION (0xc0000005) at pc=0x00007ffdc3504377]

VM state:not at safepoint (not fully initialized)

VM Mutex/Monitor currently owned by a thread:  ([mutex/lock_event])
[0x000002216f8c63a0] Heap_lock - owner thread: 0x000002216f8ca000

Heap address: 0x0000000720e00000, size: 3570 MB, Compressed Oops mode: Non-zero based: 0x0000000720e00000
Narrow klass base: 0x0000000000000000, Narrow klass shift: 0

GC Heap History (0 events):
No events

Deoptimization events (0 events):
No events

Classes redefined (0 events):
No events

Internal exceptions (0 events):
No events

Events (1 events):
Event: 0.016 Loaded shared library C:\Program Files\Microsoft\jdk-11.0.16.101-hotspot\bin\zip.dll


Dynamic libraries:
0x00007ff67cc00000 - 0x00007ff67cc0d000 	C:\Program Files\Microsoft\jdk-11.0.16.101-hotspot\bin\java.exe
0x00007ffe856b0000 - 0x00007ffe858a8000 	C:\WINDOWS\SYSTEM32\ntdll.dll
0x00007ffe837f0000 - 0x00007ffe838af000 	C:\WINDOWS\System32\KERNEL32.DLL
0x00007ffe830a0000 - 0x00007ffe8337a000 	C:\WINDOWS\System32\KERNELBASE.dll
0x00007ffe833d0000 - 0x00007ffe834d0000 	C:\WINDOWS\System32\ucrtbase.dll
0x00007ffe5d370000 - 0x00007ffe5d385000 	C:\Program Files\Microsoft\jdk-11.0.16.101-hotspot\bin\VCRUNTIME140.dll
0x00007ffe5d350000 - 0x00007ffe5d367000 	C:\Program Files\Microsoft\jdk-11.0.16.101-hotspot\bin\jli.dll
0x00007ffe83980000 - 0x00007ffe83b1d000 	C:\WINDOWS\System32\USER32.dll
0x00007ffe836e0000 - 0x00007ffe83702000 	C:\WINDOWS\System32\win32u.dll
0x00007ffe84950000 - 0x00007ffe8497b000 	C:\WINDOWS\System32\GDI32.dll
0x00007ffe6cdd0000 - 0x00007ffe6d06a000 	C:\WINDOWS\WinSxS\amd64_microsoft.windows.common-controls_6595b64144ccf1df_6.0.19041.1110_none_60b5254171f9507e\COMCTL32.dll
0x00007ffe82f90000 - 0x00007ffe830a0000 	C:\WINDOWS\System32\gdi32full.dll
0x00007ffe84be0000 - 0x00007ffe84c7e000 	C:\WINDOWS\System32\msvcrt.dll
0x00007ffe82e80000 - 0x00007ffe82f1d000 	C:\WINDOWS\System32\msvcp_win.dll
0x00007ffe84e10000 - 0x00007ffe84e40000 	C:\WINDOWS\System32\IMM32.DLL
0x00007ffddc6f0000 - 0x00007ffddc78b000 	C:\Program Files\Microsoft\jdk-11.0.16.101-hotspot\bin\msvcp140.dll
0x00007ffdc3210000 - 0x00007ffdc3d9a000 	C:\Program Files\Microsoft\jdk-11.0.16.101-hotspot\bin\server\jvm.dll
0x00007ffe83b30000 - 0x00007ffe83bde000 	C:\WINDOWS\System32\ADVAPI32.dll
0x00007ffe84d70000 - 0x00007ffe84e0c000 	C:\WINDOWS\System32\sechost.dll
0x00007ffe84ab0000 - 0x00007ffe84bd6000 	C:\WINDOWS\System32\RPCRT4.dll
0x00007ffe84aa0000 - 0x00007ffe84aa8000 	C:\WINDOWS\System32\PSAPI.DLL
0x00007ffe79470000 - 0x00007ffe7947a000 	C:\WINDOWS\SYSTEM32\VERSION.dll
0x00007ffe7ead0000 - 0x00007ffe7ead9000 	C:\WINDOWS\SYSTEM32\WSOCK32.dll
0x00007ffe848e0000 - 0x00007ffe8494b000 	C:\WINDOWS\System32\WS2_32.dll
0x00007ffe79440000 - 0x00007ffe79467000 	C:\WINDOWS\SYSTEM32\WINMM.dll
0x00007ffe80c60000 - 0x00007ffe80c72000 	C:\WINDOWS\SYSTEM32\kernel.appcore.dll
0x00007ffe76700000 - 0x00007ffe76710000 	C:\Program Files\Microsoft\jdk-11.0.16.101-hotspot\bin\verify.dll
0x00007ffe7b9b0000 - 0x00007ffe7bb94000 	C:\WINDOWS\SYSTEM32\DBGHELP.DLL
0x00007ffe6e470000 - 0x00007ffe6e4a4000 	C:\WINDOWS\SYSTEM32\dbgcore.DLL
0x00007ffe82dc0000 - 0x00007ffe82e42000 	C:\WINDOWS\System32\bcryptPrimitives.dll
0x00007ffe4d990000 - 0x00007ffe4d9b8000 	C:\Program Files\Microsoft\jdk-11.0.16.101-hotspot\bin\java.dll
0x00007ffe5d340000 - 0x00007ffe5d34a000 	C:\Program Files\Microsoft\jdk-11.0.16.101-hotspot\bin\jimage.dll
0x00007ffe4d940000 - 0x00007ffe4d958000 	C:\Program Files\Microsoft\jdk-11.0.16.101-hotspot\bin\zip.dll

dbghelp: loaded successfully - version: 4.0.5 - missing functions: none
symbol engine: initialized successfully - sym options: 0x614 - pdb path: .;C:\Program Files\Microsoft\jdk-11.0.16.101-hotspot\bin;C:\WINDOWS\SYSTEM32;C:\WINDOWS\WinSxS\amd64_microsoft.windows.common-controls_6595b64144ccf1df_6.0.19041.1110_none_60b5254171f9507e;C:\Program Files\Microsoft\jdk-11.0.16.101-hotspot\bin\server

VM Arguments:
java_command: com.xamarin.manifestmerger.Main obj\Debug\130\android\manifestmerger.rsp
java_class_path (initial): C:\Program Files\Microsoft Visual Studio\2022\Community\MSBuild\Xamarin\Android\manifestmerger.jar
Launcher Type: SUN_STANDARD

[Global flags]
     intx CICompilerCount                          = 4                                         {product} {ergonomic}
     uint ConcGCThreads                            = 2                                         {product} {ergonomic}
     uint G1ConcRefinementThreads                  = 8                                         {product} {ergonomic}
   size_t G1HeapRegionSize                         = 1048576                                   {product} {ergonomic}
    uintx GCDrainStackTargetSize                   = 64                                        {product} {ergonomic}
   size_t InitialHeapSize                          = 234881024                                 {product} {ergonomic}
   size_t MarkStackSize                            = 4194304                                   {product} {ergonomic}
   size_t MaxHeapSize                              = 3743416320                                {product} {ergonomic}
   size_t MinHeapDeltaBytes                        = 1048576                                   {product} {ergonomic}
    uintx NonNMethodCodeHeapSize                   = 5836300                                {pd product} {ergonomic}
    uintx NonProfiledCodeHeapSize                  = 122910970                              {pd product} {ergonomic}
    uintx ProfiledCodeHeapSize                     = 122910970                              {pd product} {ergonomic}
    uintx ReservedCodeCacheSize                    = 251658240                              {pd product} {ergonomic}
     bool SegmentedCodeCache                       = true                                      {product} {ergonomic}
     bool UseCompressedClassPointers               = true                                 {lp64_product} {ergonomic}
     bool UseCompressedOops                        = true                                 {lp64_product} {ergonomic}
     bool UseG1GC                                  = true                                      {product} {ergonomic}
     bool UseLargePagesIndividualAllocation        = false                                  {pd product} {ergonomic}

Logging:
Log output configuration:
 #0: stdout all=warning uptime,level,tags
 #1: stderr all=off uptime,level,tags

Environment Variables:
PATH=C:\Program Files\Microsoft\jdk-11.0.16.101-hotspot\bin;C:\Program Files\Common Files\Oracle\Java\javapath;C:\ProgramData\Oracle\Java\javapath;C:\Users\User\AppData\Local\Programs\Python\Python39\Scripts\;C:\Users\User\AppData\Local\Programs\Python\Python39\;C:\Program Files (x86)\Common Files\Oracle\Java\javapath;C:\Program Files\Python39\Scripts\;C:\Program Files\Python39\;C:\WINDOWS\system32;C:\WINDOWS;C:\WINDOWS\System32\Wbem;C:\WINDOWS\System32\WindowsPowerShell\v1.0\;C:\WINDOWS\System32\OpenSSH\;C:\Program Files\Microsoft SQL Server\Client SDK\ODBC\130\Tools\Binn\;C:\Program Files\Azure Data Studio\bin;C:\Program Files (x86)\Rational\common;C:\Program Files\Microsoft SQL Server\Client SDK\ODBC\170\Tools\Binn\;C:\Program Files (x86)\Microsoft SQL Server\150\Tools\Binn\;C:\Program Files\Microsoft SQL Server\150\Tools\Binn\;C:\Program Files\Microsoft SQL Server\150\DTS\Binn\;C:\Program Files\Microsoft SQL Server\130\Tools\Binn\;C:\Program Files (x86)\Microsoft SQL Server\160\DTS\Binn\;C:\xampp\php;C:\ProgramData\ComposerSetup\bin;C:\Program Files\Git\cmd;C:\Program Files\dotnet\;C:\Program Files\MySQL\MySQL Shell 8.0\bin\;C:\Users\User\AppData\Local\Microsoft\WindowsApps;;C:\Program Files\Azure Data Studio\bin;C:\Users\User\AppData\Local\Programs\Microsoft VS Code\bin;C:\Users\User\AppData\Roaming\Composer\vendor\bin;C:\Users\User\.dotnet\tools
USERNAME=User
OS=Windows_NT
PROCESSOR_IDENTIFIER=AMD64 Family 23 Model 24 Stepping 1, AuthenticAMD
TMP=C:\Users\User\AppData\Local\Temp
TEMP=C:\Users\User\AppData\Local\Temp



---------------  S Y S T E M  ---------------

OS: Windows 10 , 64 bit Build 19041 (10.0.19041.2788)
OS uptime: 0 days 6:22 hours
Hyper-V role detected

CPU:total 8 (initial active 8) (8 cores per cpu, 2 threads per core) family 23 model 24 stepping 1 microcode 0x0, cmov, cx8, fxsr, mmx, sse, sse2, sse3, ssse3, sse4.1, sse4.2, popcnt, avx, avx2, aes, clmul, mmxext, 3dnowpref, lzcnt, sse4a, ht, tsc, tscinvbit, tscinv, bmi1, bmi2, adx, sha, fma

Memory: 4k page, system-wide physical 14277M (2646M free)
TotalPageFile size 16314M (AvailPageFile size 138M)
current process WorkingSet (physical memory assigned to process): 10M, peak: 10M
current process commit charge ("private bytes"): 60M, peak: 284M

vm_info: OpenJDK 64-Bit Server VM (11.0.16.1+1-LTS) for windows-amd64 JRE (11.0.16.1+1-LTS), built on Aug 20 2022 20:09:04 by "" with MS VC++ 15.9 (VS2017)

END.
