#
# There is insufficient memory for the Java Runtime Environment to continue.
# Native memory allocation (mmap) failed to map 234881024 bytes for Failed to commit area from 0x0000000720e00000 to 0x000000072ee00000 of length 234881024.
# Possible reasons:
#   The system is out of physical RAM or swap space
#   The process is running with CompressedOops enabled, and the Java Heap may be blocking the growth of the native heap
# Possible solutions:
#   Reduce memory load on the system
#   Increase physical memory or swap space
#   Check if swap backing store is full
#   Decrease Java heap size (-Xmx/-Xms)
#   Decrease number of Java threads
#   Decrease Java thread stack sizes (-Xss)
#   Set larger code cache with -XX:ReservedCodeCacheSize=
# This output file may be truncated or incomplete.
#
#  Out of Memory Error (./src/hotspot/os/windows/os_windows.cpp:3386), pid=20888, tid=2120
#
# JRE version:  (11.0.16.1+1) (build )
# Java VM: OpenJDK 64-Bit Server VM (11.0.16.1+1-LTS, mixed mode, sharing, tiered, compressed oops, g1 gc, windows-amd64)
# No core dump will be written. Minidumps are not enabled by default on client versions of Windows
#

---------------  S U M M A R Y ------------

Command Line: 

Host: AMD Ryzen 5 3400G with Radeon Vega Graphics    , 8 cores, 13G,  Windows 10 , 64 bit Build 19041 (10.0.19041.2788)
Time: Sat Apr 29 20:13:52 2023 Hora est. Pacífico, Sudamérica elapsed time: 0.019263 seconds (0d 0h 0m 0s)

---------------  T H R E A D  ---------------

Current thread (0x000001dbdb48b000):  JavaThread "Unknown thread" [_thread_in_vm, id=2120, stack(0x0000001aa2000000,0x0000001aa2100000)]

Stack: [0x0000001aa2000000,0x0000001aa2100000]
Native frames: (J=compiled Java code, j=interpreted, Vv=VM code, C=native code)
V  [jvm.dll+0x62652a]
V  [jvm.dll+0x7b3249]
V  [jvm.dll+0x7b4938]
V  [jvm.dll+0x7b5013]
V  [jvm.dll+0x24fca8]
V  [jvm.dll+0x62383a]
V  [jvm.dll+0x617fe5]
V  [jvm.dll+0x307bac]
V  [jvm.dll+0x307a32]
V  [jvm.dll+0x30c746]
V  [jvm.dll+0x352b9f]
V  [jvm.dll+0x3525d0]
V  [jvm.dll+0x2e4ba8]
V  [jvm.dll+0x2e5d06]
V  [jvm.dll+0x78d097]
V  [jvm.dll+0x78e81f]
V  [jvm.dll+0x35f8e9]
V  [jvm.dll+0x770000]
V  [jvm.dll+0x3cd40f]
V  [jvm.dll+0x3cf7a1]
C  [jli.dll+0x5207]
C  [ucrtbase.dll+0x21bb2]
C  [KERNEL32.DLL+0x17604]
C  [ntdll.dll+0x526a1]


---------------  P R O C E S S  ---------------

Threads class SMR info:
_java_thread_list=0x000001dbd91d20d0, length=0, elements={
}

Java Threads: ( => current thread )

Other Threads:
  0x000001dbdb4a2000 GCTaskThread "GC Thread#0" [stack: 0x0000001aa2100000,0x0000001aa2200000] [id=14676]
  0x000001dbdb4f4000 ConcurrentGCThread "G1 Main Marker" [stack: 0x0000001aa2200000,0x0000001aa2300000] [id=19388]
  0x000001dbdb4f7800 ConcurrentGCThread "G1 Conc#0" [stack: 0x0000001aa2300000,0x0000001aa2400000] [id=19776]

[error occurred during error reporting (printing all threads), id 0xc0000005, EXCEPTION_ACCESS_VIOLATION (0xc0000005) at pc=0x00007ff92c044377]

VM state:not at safepoint (not fully initialized)

VM Mutex/Monitor currently owned by a thread:  ([mutex/lock_event])
[0x000001dbdb488ee0] Heap_lock - owner thread: 0x000001dbdb48b000

Heap address: 0x0000000720e00000, size: 3570 MB, Compressed Oops mode: Non-zero based: 0x0000000720e00000
Narrow klass base: 0x0000000000000000, Narrow klass shift: 0

GC Heap History (0 events):
No events

Deoptimization events (0 events):
No events

Classes redefined (0 events):
No events

Internal exceptions (0 events):
No events

Events (1 events):
Event: 0.013 Loaded shared library C:\Program Files\Microsoft\jdk-11.0.16.101-hotspot\bin\zip.dll


Dynamic libraries:
0x00007ff675b50000 - 0x00007ff675b5d000 	C:\Program Files\Microsoft\jdk-11.0.16.101-hotspot\bin\java.exe
0x00007ffa0f730000 - 0x00007ffa0f928000 	C:\WINDOWS\SYSTEM32\ntdll.dll
0x00007ffa0ecb0000 - 0x00007ffa0ed6f000 	C:\WINDOWS\System32\KERNEL32.DLL
0x00007ffa0d120000 - 0x00007ffa0d3fa000 	C:\WINDOWS\System32\KERNELBASE.dll
0x00007ffa0d590000 - 0x00007ffa0d690000 	C:\WINDOWS\System32\ucrtbase.dll
0x00007ff92c980000 - 0x00007ff92c997000 	C:\Program Files\Microsoft\jdk-11.0.16.101-hotspot\bin\jli.dll
0x00007ff92c9a0000 - 0x00007ff92c9b5000 	C:\Program Files\Microsoft\jdk-11.0.16.101-hotspot\bin\VCRUNTIME140.dll
0x00007ffa0eb10000 - 0x00007ffa0ecad000 	C:\WINDOWS\System32\USER32.dll
0x00007ffa0ce40000 - 0x00007ffa0ce62000 	C:\WINDOWS\System32\win32u.dll
0x00007ffa0e770000 - 0x00007ffa0e79b000 	C:\WINDOWS\System32\GDI32.dll
0x00007ff9eda90000 - 0x00007ff9edd2a000 	C:\WINDOWS\WinSxS\amd64_microsoft.windows.common-controls_6595b64144ccf1df_6.0.19041.1110_none_60b5254171f9507e\COMCTL32.dll
0x00007ffa0d430000 - 0x00007ffa0d540000 	C:\WINDOWS\System32\gdi32full.dll
0x00007ffa0ce70000 - 0x00007ffa0cf0d000 	C:\WINDOWS\System32\msvcp_win.dll
0x00007ffa0d7d0000 - 0x00007ffa0d86e000 	C:\WINDOWS\System32\msvcrt.dll
0x00007ffa0d7a0000 - 0x00007ffa0d7d0000 	C:\WINDOWS\System32\IMM32.DLL
0x00007ff92c8e0000 - 0x00007ff92c97b000 	C:\Program Files\Microsoft\jdk-11.0.16.101-hotspot\bin\msvcp140.dll
0x00007ff92bd50000 - 0x00007ff92c8da000 	C:\Program Files\Microsoft\jdk-11.0.16.101-hotspot\bin\server\jvm.dll
0x00007ffa0da70000 - 0x00007ffa0db1e000 	C:\WINDOWS\System32\ADVAPI32.dll
0x00007ffa0dd60000 - 0x00007ffa0ddfc000 	C:\WINDOWS\System32\sechost.dll
0x00007ffa0e290000 - 0x00007ffa0e3b6000 	C:\WINDOWS\System32\RPCRT4.dll
0x00007ffa0da60000 - 0x00007ffa0da68000 	C:\WINDOWS\System32\PSAPI.DLL
0x00007ffa05f90000 - 0x00007ffa05fb7000 	C:\WINDOWS\SYSTEM32\WINMM.dll
0x00007ff9fb370000 - 0x00007ff9fb379000 	C:\WINDOWS\SYSTEM32\WSOCK32.dll
0x00007ffa0e5f0000 - 0x00007ffa0e65b000 	C:\WINDOWS\System32\WS2_32.dll
0x00007ffa06070000 - 0x00007ffa0607a000 	C:\WINDOWS\SYSTEM32\VERSION.dll
0x00007ffa0ace0000 - 0x00007ffa0acf2000 	C:\WINDOWS\SYSTEM32\kernel.appcore.dll
0x00007ff9c3590000 - 0x00007ff9c35a0000 	C:\Program Files\Microsoft\jdk-11.0.16.101-hotspot\bin\verify.dll
0x00007ffa06520000 - 0x00007ffa06704000 	C:\WINDOWS\SYSTEM32\DBGHELP.DLL
0x00007ff9f8d30000 - 0x00007ff9f8d64000 	C:\WINDOWS\SYSTEM32\dbgcore.DLL
0x00007ffa0d690000 - 0x00007ffa0d712000 	C:\WINDOWS\System32\bcryptPrimitives.dll
0x00007ff92bd20000 - 0x00007ff92bd48000 	C:\Program Files\Microsoft\jdk-11.0.16.101-hotspot\bin\java.dll
0x00007ff9c1ee0000 - 0x00007ff9c1eea000 	C:\Program Files\Microsoft\jdk-11.0.16.101-hotspot\bin\jimage.dll
0x00007ff92bd00000 - 0x00007ff92bd18000 	C:\Program Files\Microsoft\jdk-11.0.16.101-hotspot\bin\zip.dll

dbghelp: loaded successfully - version: 4.0.5 - missing functions: none
symbol engine: initialized successfully - sym options: 0x614 - pdb path: .;C:\Program Files\Microsoft\jdk-11.0.16.101-hotspot\bin;C:\WINDOWS\SYSTEM32;C:\WINDOWS\WinSxS\amd64_microsoft.windows.common-controls_6595b64144ccf1df_6.0.19041.1110_none_60b5254171f9507e;C:\Program Files\Microsoft\jdk-11.0.16.101-hotspot\bin\server

VM Arguments:
java_command: <unknown>
java_class_path (initial): <not set>
Launcher Type: SUN_STANDARD

[Global flags]
     intx CICompilerCount                          = 4                                         {product} {ergonomic}
     uint ConcGCThreads                            = 2                                         {product} {ergonomic}
     uint G1ConcRefinementThreads                  = 8                                         {product} {ergonomic}
   size_t G1HeapRegionSize                         = 1048576                                   {product} {ergonomic}
    uintx GCDrainStackTargetSize                   = 64                                        {product} {ergonomic}
   size_t InitialHeapSize                          = 234881024                                 {product} {ergonomic}
   size_t MarkStackSize                            = 4194304                                   {product} {ergonomic}
   size_t MaxHeapSize                              = 3743416320                                {product} {ergonomic}
   size_t MinHeapDeltaBytes                        = 1048576                                   {product} {ergonomic}
    uintx NonNMethodCodeHeapSize                   = 5836300                                {pd product} {ergonomic}
    uintx NonProfiledCodeHeapSize                  = 122910970                              {pd product} {ergonomic}
    uintx ProfiledCodeHeapSize                     = 122910970                              {pd product} {ergonomic}
    uintx ReservedCodeCacheSize                    = 251658240                              {pd product} {ergonomic}
     bool SegmentedCodeCache                       = true                                      {product} {ergonomic}
     bool UseCompressedClassPointers               = true                                 {lp64_product} {ergonomic}
     bool UseCompressedOops                        = true                                 {lp64_product} {ergonomic}
     bool UseG1GC                                  = true                                      {product} {ergonomic}
     bool UseLargePagesIndividualAllocation        = false                                  {pd product} {ergonomic}

Logging:
Log output configuration:
 #0: stdout all=warning uptime,level,tags
 #1: stderr all=off uptime,level,tags

Environment Variables:
PATH=C:\Program Files\Microsoft\jdk-11.0.16.101-hotspot\bin;C:\Program Files\Common Files\Oracle\Java\javapath;C:\ProgramData\Oracle\Java\javapath;C:\Users\User\AppData\Local\Programs\Python\Python39\Scripts\;C:\Users\User\AppData\Local\Programs\Python\Python39\;C:\Program Files (x86)\Common Files\Oracle\Java\javapath;C:\Program Files\Python39\Scripts\;C:\Program Files\Python39\;C:\WINDOWS\system32;C:\WINDOWS;C:\WINDOWS\System32\Wbem;C:\WINDOWS\System32\WindowsPowerShell\v1.0\;C:\WINDOWS\System32\OpenSSH\;C:\Program Files\Microsoft SQL Server\Client SDK\ODBC\130\Tools\Binn\;C:\Program Files\Azure Data Studio\bin;C:\Program Files (x86)\Rational\common;C:\Program Files\Microsoft SQL Server\Client SDK\ODBC\170\Tools\Binn\;C:\Program Files (x86)\Microsoft SQL Server\150\Tools\Binn\;C:\Program Files\Microsoft SQL Server\150\Tools\Binn\;C:\Program Files\Microsoft SQL Server\150\DTS\Binn\;C:\Program Files\Microsoft SQL Server\130\Tools\Binn\;C:\Program Files (x86)\Microsoft SQL Server\160\DTS\Binn\;C:\xampp\php;C:\ProgramData\ComposerSetup\bin;C:\Program Files\Git\cmd;C:\Program Files\dotnet\;C:\Program Files\MySQL\MySQL Shell 8.0\bin\;C:\Users\User\AppData\Local\Microsoft\WindowsApps;;C:\Program Files\Azure Data Studio\bin;C:\Users\User\AppData\Local\Programs\Microsoft VS Code\bin;C:\Users\User\AppData\Roaming\Composer\vendor\bin;C:\Users\User\.dotnet\tools
USERNAME=User
OS=Windows_NT
PROCESSOR_IDENTIFIER=AMD64 Family 23 Model 24 Stepping 1, AuthenticAMD
TMP=C:\Users\User\AppData\Local\Temp
TEMP=C:\Users\User\AppData\Local\Temp



---------------  S Y S T E M  ---------------

OS: Windows 10 , 64 bit Build 19041 (10.0.19041.2788)
OS uptime: 0 days 9:10 hours
Hyper-V role detected

CPU:total 8 (initial active 8) (8 cores per cpu, 2 threads per core) family 23 model 24 stepping 1 microcode 0x0, cmov, cx8, fxsr, mmx, sse, sse2, sse3, ssse3, sse4.1, sse4.2, popcnt, avx, avx2, aes, clmul, mmxext, 3dnowpref, lzcnt, sse4a, ht, tsc, tscinvbit, tscinv, bmi1, bmi2, adx, sha, fma

Memory: 4k page, system-wide physical 14277M (1975M free)
TotalPageFile size 16325M (AvailPageFile size 148M)
current process WorkingSet (physical memory assigned to process): 10M, peak: 10M
current process commit charge ("private bytes"): 60M, peak: 284M

vm_info: OpenJDK 64-Bit Server VM (11.0.16.1+1-LTS) for windows-amd64 JRE (11.0.16.1+1-LTS), built on Aug 20 2022 20:09:04 by "" with MS VC++ 15.9 (VS2017)

END.
