#
# There is insufficient memory for the Java Runtime Environment to continue.
# Native memory allocation (malloc) failed to allocate 1171216 bytes for Chunk::new
# Possible reasons:
#   The system is out of physical RAM or swap space
#   The process is running with CompressedOops enabled, and the Java Heap may be blocking the growth of the native heap
# Possible solutions:
#   Reduce memory load on the system
#   Increase physical memory or swap space
#   Check if swap backing store is full
#   Decrease Java heap size (-Xmx/-Xms)
#   Decrease number of Java threads
#   Decrease Java thread stack sizes (-Xss)
#   Set larger code cache with -XX:ReservedCodeCacheSize=
#   JVM is running with Unscaled Compressed Oops mode in which the Java heap is
#     placed in the first 4GB address space. The Java Heap base address is the
#     maximum limit for the native heap growth. Please use -XX:HeapBaseMinAddress
#     to set the Java Heap base and to place the Java Heap above 4GB virtual address.
# This output file may be truncated or incomplete.
#
#  Out of Memory Error (./src/hotspot/share/memory/arena.cpp:197), pid=10904, tid=13092
#
# JRE version: OpenJDK Runtime Environment Microsoft-40648 (11.0.16.1+1) (build 11.0.16.1+1-LTS)
# Java VM: OpenJDK 64-Bit Server VM Microsoft-40648 (11.0.16.1+1-LTS, mixed mode, tiered, compressed oops, g1 gc, windows-amd64)
# No core dump will be written. Minidumps are not enabled by default on client versions of Windows
#

---------------  S U M M A R Y ------------

Command Line: -Xmx1G com.android.tools.r8.D8 --debug --min-api 21 --output obj\Debug\130\android\bin\ --lib C:\Program Files (x86)\Android\android-sdk\platforms\android-33\android.jar obj\Debug\130\android\bin\classes.zip C:\Program Files\Microsoft Visual Studio\2022\Community\Common7\IDE\ReferenceAssemblies\Microsoft\Framework\MonoAndroid\v13.0\mono.android.jar C:\Program Files\Microsoft Visual Studio\2022\Community\MSBuild\Xamarin\Android\java_runtime_fastdev.jar C:\Users\User\.nuget\packages\xamarin.google.guava.listenablefuture\1.0.0.2\buildTransitive\monoandroid50\guava-listenablefuture.jar C:\Users\User\.nuget\packages\xamarin.androidx.annotation\1.2.0.1\buildTransitive\monoandroid90\..\..\jar\androidx.annotation.annotation.jar C:\Users\User\.nuget\packages\xamarin.androidx.collection\1.1.0.8\buildTransitive\monoandroid90\..\..\jar\androidx.collection.collection.jar C:\Users\User\.nuget\packages\xamarin.androidx.lifecycle.common\2.3.1.1\buildTransitive\monoandroid90\..\..\jar\androidx.lifecycle.lifecycle-common.jar C:\Users\User\.nuget\packages\xamarin.androidx.arch.core.common\2.1.0.9\buildTransitive\monoandroid90\..\..\jar\androidx.arch.core.core-common.jar C:\Users\User\.nuget\packages\xamarin.androidx.constraintlayout.core\1.0.0\buildTransitive\monoandroid90\..\..\jar\androidx.constraintlayout.constraintlayout-core.jar C:\Users\User\.nuget\packages\xamarin.androidx.concurrent.futures\1.1.0.3\buildTransitive\monoandroid90\..\..\jar\androidx.concurrent.concurrent-futures.jar obj\Debug\130\lp\0\jl\formsviewgroup.jar obj\Debug\130\lp\100\jl\classes.jar obj\Debug\130\lp\101\jl\classes.jar obj\Debug\130\lp\102\jl\classes.jar obj\Debug\130\lp\103\jl\classes.jar obj\Debug\130\lp\105\jl\classes.jar obj\Debug\130\lp\60\jl\classes.jar obj\Debug\130\lp\61\jl\classes.jar obj\Debug\130\lp\62\jl\classes.jar obj\Debug\130\lp\63\jl\classes.jar obj\Debug\130\lp\64\jl\classes.jar obj\Debug\130\lp\65\jl\classes.jar obj\Debug\130\lp\66\jl\classes.jar obj\Debug\130\lp\67\jl\classes.jar obj\Debug\130\lp\68\jl\classes.jar obj\Debug\130\lp\69\jl\classes.jar obj\Debug\130\lp\70\jl\classes.jar obj\Debug\130\lp\71\jl\classes.jar obj\Debug\130\lp\72\jl\classes.jar obj\Debug\130\lp\73\jl\classes.jar obj\Debug\130\lp\74\jl\classes.jar obj\Debug\130\lp\75\jl\classes.jar obj\Debug\130\lp\76\jl\classes.jar obj\Debug\130\lp\77\jl\classes.jar obj\Debug\130\lp\78\jl\classes.jar obj\Debug\130\lp\79\jl\classes.jar obj\Debug\130\lp\80\jl\classes.jar obj\Debug\130\lp\81\jl\classes.jar obj\Debug\130\lp\82\jl\classes.jar obj\Debug\130\lp\83\jl\classes.jar obj\Debug\130\lp\84\jl\classes.jar obj\Debug\130\lp\85\jl\classes.jar obj\Debug\130\lp\86\jl\classes.jar obj\Debug\130\lp\87\jl\classes.jar obj\Debug\130\lp\88\jl\classes.jar obj\Debug\130\lp\89\jl\classes.jar obj\Debug\130\lp\90\jl\classes.jar obj\Debug\130\lp\91\jl\classes.jar obj\Debug\130\lp\92\jl\classes.jar obj\Debug\130\lp\93\jl\classes.jar obj\Debug\130\lp\94\jl\classes.jar obj\Debug\130\lp\95\jl\classes.jar obj\Debug\130\lp\96\jl\classes.jar obj\Debug\130\lp\97\jl\classes.jar obj\Debug\130\lp\98\jl\classes.jar obj\Debug\130\lp\99\jl\classes.jar

Host: AMD Ryzen 5 3400G with Radeon Vega Graphics    , 8 cores, 13G,  Windows 10 , 64 bit Build 19041 (10.0.19041.2788)
Time: Thu Apr 27 15:40:01 2023 Hora est. Pacífico, Sudamérica elapsed time: 27.186599 seconds (0d 0h 0m 27s)

---------------  T H R E A D  ---------------

Current thread (0x0000018b5b6ff800):  JavaThread "C2 CompilerThread2" daemon [_thread_in_native, id=13092, stack(0x0000008582100000,0x0000008582200000)]


Current CompileTask:
C2:  27186 4047       4       com.android.tools.r8.internal.Rn::F (324 bytes)

Stack: [0x0000008582100000,0x0000008582200000]
Native frames: (J=compiled Java code, j=interpreted, Vv=VM code, C=native code)
V  [jvm.dll+0x62652a]
V  [jvm.dll+0x7b3249]
V  [jvm.dll+0x7b4938]
V  [jvm.dll+0x7b5013]
V  [jvm.dll+0x24fca8]
V  [jvm.dll+0xc262c]
V  [jvm.dll+0xc2bec]
V  [jvm.dll+0x359e32]
V  [jvm.dll+0x326003]
V  [jvm.dll+0x32533a]
V  [jvm.dll+0x208fd5]
V  [jvm.dll+0x2080fd]
V  [jvm.dll+0x18a411]
V  [jvm.dll+0x217954]
V  [jvm.dll+0x215b9b]
V  [jvm.dll+0x775d50]
V  [jvm.dll+0x76ec84]
V  [jvm.dll+0x625395]
C  [ucrtbase.dll+0x21bb2]
C  [KERNEL32.DLL+0x17604]
C  [ntdll.dll+0x526a1]


---------------  P R O C E S S  ---------------

Threads class SMR info:
_java_thread_list=0x0000018b5b14a560, length=16, elements={
0x0000018b3db93000, 0x0000018b5a69b800, 0x0000018b5a69c800, 0x0000018b5aefe800,
0x0000018b5af00000, 0x0000018b5af01000, 0x0000018b5af04000, 0x0000018b5af10800,
0x0000018b5af14800, 0x0000018b5b086800, 0x0000018b5b80b800, 0x0000018b5b80c800,
0x0000018b5bd07800, 0x0000018b5bd08000, 0x0000018b5b701000, 0x0000018b5b6ff800
}

Java Threads: ( => current thread )
  0x0000018b3db93000 JavaThread "main" [_thread_blocked, id=13704, stack(0x0000008580400000,0x0000008580500000)]
  0x0000018b5a69b800 JavaThread "Reference Handler" daemon [_thread_blocked, id=16376, stack(0x0000008580b00000,0x0000008580c00000)]
  0x0000018b5a69c800 JavaThread "Finalizer" daemon [_thread_blocked, id=8172, stack(0x0000008580c00000,0x0000008580d00000)]
  0x0000018b5aefe800 JavaThread "Signal Dispatcher" daemon [_thread_blocked, id=3368, stack(0x0000008580d00000,0x0000008580e00000)]
  0x0000018b5af00000 JavaThread "Attach Listener" daemon [_thread_blocked, id=16004, stack(0x0000008580e00000,0x0000008580f00000)]
  0x0000018b5af01000 JavaThread "Service Thread" daemon [_thread_blocked, id=18052, stack(0x0000008580f00000,0x0000008581000000)]
  0x0000018b5af04000 JavaThread "C2 CompilerThread0" daemon [_thread_in_native, id=14300, stack(0x0000008581000000,0x0000008581100000)]
  0x0000018b5af10800 JavaThread "C1 CompilerThread0" daemon [_thread_in_native, id=17932, stack(0x0000008581100000,0x0000008581200000)]
  0x0000018b5af14800 JavaThread "Sweeper thread" daemon [_thread_blocked, id=3036, stack(0x0000008581200000,0x0000008581300000)]
  0x0000018b5b086800 JavaThread "Common-Cleaner" daemon [_thread_blocked, id=9608, stack(0x0000008581400000,0x0000008581500000)]
  0x0000018b5b80b800 JavaThread "ForkJoinPool-1-worker-3" daemon [_thread_in_Java, id=15800, stack(0x0000008581500000,0x0000008581600000)]
  0x0000018b5b80c800 JavaThread "ForkJoinPool-1-worker-5" daemon [_thread_in_Java, id=2076, stack(0x0000008581600000,0x0000008581700000)]
  0x0000018b5bd07800 JavaThread "ForkJoinPool-1-worker-1" daemon [_thread_in_Java, id=12592, stack(0x0000008581e00000,0x0000008581f00000)]
  0x0000018b5bd08000 JavaThread "ForkJoinPool-1-worker-7" daemon [_thread_in_vm, id=8636, stack(0x0000008581f00000,0x0000008582000000)]
  0x0000018b5b701000 JavaThread "C2 CompilerThread1" daemon [_thread_in_native, id=7472, stack(0x0000008582000000,0x0000008582100000)]
=>0x0000018b5b6ff800 JavaThread "C2 CompilerThread2" daemon [_thread_in_native, id=13092, stack(0x0000008582100000,0x0000008582200000)]

Other Threads:
  0x0000018b5a697800 VMThread "VM Thread" [stack: 0x0000008580a00000,0x0000008580b00000] [id=14436]
  0x0000018b5b079000 WatcherThread [stack: 0x0000008581300000,0x0000008581400000] [id=10444]
  0x0000018b3dbac800 GCTaskThread "GC Thread#0" [stack: 0x0000008580500000,0x0000008580600000] [id=14936]
  0x0000018b5b7b4800 GCTaskThread "GC Thread#1" [stack: 0x0000008581700000,0x0000008581800000] [id=17580]
  0x0000018b5bf5e000 GCTaskThread "GC Thread#2" [stack: 0x0000008581800000,0x0000008581900000] [id=6312]
  0x0000018b5bf5e800 GCTaskThread "GC Thread#3" [stack: 0x0000008581900000,0x0000008581a00000] [id=18112]
  0x0000018b5c00b800 GCTaskThread "GC Thread#4" [stack: 0x0000008581a00000,0x0000008581b00000] [id=5200]
  0x0000018b3dbca000 ConcurrentGCThread "G1 Main Marker" [stack: 0x0000008580600000,0x0000008580700000] [id=10504]
  0x0000018b3dbcb000 ConcurrentGCThread "G1 Conc#0" [stack: 0x0000008580700000,0x0000008580800000] [id=11236]
  0x0000018b5ff4f800 ConcurrentGCThread "G1 Conc#1" [stack: 0x0000008582300000,0x0000008582400000] [id=8060]
  0x0000018b5a4ea800 ConcurrentGCThread "G1 Refine#0" [stack: 0x0000008580800000,0x0000008580900000] [id=8572]
  0x0000018b5b576800 ConcurrentGCThread "G1 Refine#1" [stack: 0x0000008581b00000,0x0000008581c00000] [id=4000]
  0x0000018b5c048000 ConcurrentGCThread "G1 Refine#2" [stack: 0x0000008581c00000,0x0000008581d00000] [id=7024]
  0x0000018b5b7f2000 ConcurrentGCThread "G1 Refine#3" [stack: 0x0000008581d00000,0x0000008581e00000] [id=5776]
  0x0000018b5b53c800 ConcurrentGCThread "G1 Refine#4" [stack: 0x0000008582200000,0x0000008582300000] [id=32]
  0x0000018b5a4ec800 ConcurrentGCThread "G1 Young RemSet Sampling" [stack: 0x0000008580900000,0x0000008580a00000] [id=17420]

Threads with active compile tasks:
C2 CompilerThread0    27230 4264       4       com.android.tools.r8.ir.regalloc.f::<init> (95 bytes)
C1 CompilerThread0    27230 4281       3       com.android.tools.r8.internal.z8::a (204 bytes)
C2 CompilerThread1    27230 4208       4       com.android.tools.r8.internal.eR::a (76 bytes)
C2 CompilerThread2    27230 4047       4       com.android.tools.r8.internal.Rn::F (324 bytes)

VM state:not at safepoint (normal execution)

VM Mutex/Monitor currently owned by a thread: None

Heap address: 0x00000000c0000000, size: 1024 MB, Compressed Oops mode: 32-bit
Narrow klass base: 0x0000000000000000, Narrow klass shift: 3
Compressed class space size: 1073741824 Address: 0x0000000100000000

Heap:
 garbage-first heap   total 287744K, used 168909K [0x00000000c0000000, 0x0000000100000000)
  region size 1024K, 35 young (35840K), 1 survivors (1024K)
 Metaspace       used 22794K, capacity 23383K, committed 23680K, reserved 1071104K
  class space    used 2568K, capacity 2834K, committed 2944K, reserved 1048576K
Heap Regions: E=young(eden), S=young(survivor), O=old, HS=humongous(starts), HC=humongous(continues), CS=collection set, F=free, A=archive, TAMS=top-at-mark-start (previous, next)
|   0|0x00000000c0000000, 0x00000000c0100000, 0x00000000c0100000|100%| O|  |TAMS 0x00000000c0000000, 0x00000000c0000000| Untracked 
|   1|0x00000000c0100000, 0x00000000c0200000, 0x00000000c0200000|100%| O|  |TAMS 0x00000000c0200000, 0x00000000c0100000| Untracked 
|   2|0x00000000c0200000, 0x00000000c0200000, 0x00000000c0300000|  0%| F|  |TAMS 0x00000000c0200000, 0x00000000c0200000| Untracked 
|   3|0x00000000c0300000, 0x00000000c0300000, 0x00000000c0400000|  0%| F|  |TAMS 0x00000000c0300000, 0x00000000c0300000| Untracked 
|   4|0x00000000c0400000, 0x00000000c0400000, 0x00000000c0500000|  0%| F|  |TAMS 0x00000000c0400000, 0x00000000c0400000| Untracked 
|   5|0x00000000c0500000, 0x00000000c0600000, 0x00000000c0600000|100%| O|  |TAMS 0x00000000c0600000, 0x00000000c0500000| Untracked 
|   6|0x00000000c0600000, 0x00000000c0700000, 0x00000000c0700000|100%|HS|  |TAMS 0x00000000c0700000, 0x00000000c0600000| Complete 
|   7|0x00000000c0700000, 0x00000000c0800000, 0x00000000c0800000|100%|HC|  |TAMS 0x00000000c0800000, 0x00000000c0700000| Complete 
|   8|0x00000000c0800000, 0x00000000c0900000, 0x00000000c0900000|100%| O|  |TAMS 0x00000000c0900000, 0x00000000c0800000| Untracked 
|   9|0x00000000c0900000, 0x00000000c0a00000, 0x00000000c0a00000|100%| O|  |TAMS 0x00000000c0a00000, 0x00000000c0900000| Untracked 
|  10|0x00000000c0a00000, 0x00000000c0b00000, 0x00000000c0b00000|100%| O|  |TAMS 0x00000000c0b00000, 0x00000000c0a00000| Untracked 
|  11|0x00000000c0b00000, 0x00000000c0c00000, 0x00000000c0c00000|100%| O|  |TAMS 0x00000000c0c00000, 0x00000000c0b00000| Untracked 
|  12|0x00000000c0c00000, 0x00000000c0d00000, 0x00000000c0d00000|100%| O|  |TAMS 0x00000000c0d00000, 0x00000000c0c00000| Untracked 
|  13|0x00000000c0d00000, 0x00000000c0d00000, 0x00000000c0e00000|  0%| F|  |TAMS 0x00000000c0d00000, 0x00000000c0d00000| Untracked 
|  14|0x00000000c0e00000, 0x00000000c0f00000, 0x00000000c0f00000|100%| O|  |TAMS 0x00000000c0f00000, 0x00000000c0e00000| Untracked 
|  15|0x00000000c0f00000, 0x00000000c0f00000, 0x00000000c1000000|  0%| F|  |TAMS 0x00000000c0f00000, 0x00000000c0f00000| Untracked 
|  16|0x00000000c1000000, 0x00000000c1000000, 0x00000000c1100000|  0%| F|  |TAMS 0x00000000c1000000, 0x00000000c1000000| Untracked 
|  17|0x00000000c1100000, 0x00000000c1100000, 0x00000000c1200000|  0%| F|  |TAMS 0x00000000c1100000, 0x00000000c1100000| Untracked 
|  18|0x00000000c1200000, 0x00000000c1200000, 0x00000000c1300000|  0%| F|  |TAMS 0x00000000c1200000, 0x00000000c1200000| Untracked 
|  19|0x00000000c1300000, 0x00000000c1400000, 0x00000000c1400000|100%| O|  |TAMS 0x00000000c1400000, 0x00000000c1300000| Untracked 
|  20|0x00000000c1400000, 0x00000000c1500000, 0x00000000c1500000|100%| O|  |TAMS 0x00000000c1500000, 0x00000000c1400000| Untracked 
|  21|0x00000000c1500000, 0x00000000c1500000, 0x00000000c1600000|  0%| F|  |TAMS 0x00000000c1500000, 0x00000000c1500000| Untracked 
|  22|0x00000000c1600000, 0x00000000c1600000, 0x00000000c1700000|  0%| F|  |TAMS 0x00000000c1600000, 0x00000000c1600000| Untracked 
|  23|0x00000000c1700000, 0x00000000c1800000, 0x00000000c1800000|100%| O|  |TAMS 0x00000000c1800000, 0x00000000c1700000| Untracked 
|  24|0x00000000c1800000, 0x00000000c1900000, 0x00000000c1900000|100%| O|  |TAMS 0x00000000c1900000, 0x00000000c1800000| Untracked 
|  25|0x00000000c1900000, 0x00000000c1a00000, 0x00000000c1a00000|100%| O|  |TAMS 0x00000000c1a00000, 0x00000000c1900000| Untracked 
|  26|0x00000000c1a00000, 0x00000000c1b00000, 0x00000000c1b00000|100%| O|  |TAMS 0x00000000c1b00000, 0x00000000c1a00000| Untracked 
|  27|0x00000000c1b00000, 0x00000000c1c00000, 0x00000000c1c00000|100%| O|  |TAMS 0x00000000c1c00000, 0x00000000c1b00000| Untracked 
|  28|0x00000000c1c00000, 0x00000000c1d00000, 0x00000000c1d00000|100%| O|  |TAMS 0x00000000c1d00000, 0x00000000c1c00000| Untracked 
|  29|0x00000000c1d00000, 0x00000000c1e00000, 0x00000000c1e00000|100%| O|  |TAMS 0x00000000c1e00000, 0x00000000c1d00000| Untracked 
|  30|0x00000000c1e00000, 0x00000000c1f00000, 0x00000000c1f00000|100%| O|  |TAMS 0x00000000c1f00000, 0x00000000c1e00000| Untracked 
|  31|0x00000000c1f00000, 0x00000000c2000000, 0x00000000c2000000|100%| O|  |TAMS 0x00000000c2000000, 0x00000000c1f00000| Untracked 
|  32|0x00000000c2000000, 0x00000000c2100000, 0x00000000c2100000|100%| O|  |TAMS 0x00000000c2100000, 0x00000000c2000000| Untracked 
|  33|0x00000000c2100000, 0x00000000c2200000, 0x00000000c2200000|100%| O|  |TAMS 0x00000000c2200000, 0x00000000c2100000| Untracked 
|  34|0x00000000c2200000, 0x00000000c2300000, 0x00000000c2300000|100%| O|  |TAMS 0x00000000c2300000, 0x00000000c2200000| Untracked 
|  35|0x00000000c2300000, 0x00000000c2300000, 0x00000000c2400000|  0%| F|  |TAMS 0x00000000c2300000, 0x00000000c2300000| Untracked 
|  36|0x00000000c2400000, 0x00000000c2500000, 0x00000000c2500000|100%| O|  |TAMS 0x00000000c2500000, 0x00000000c2400000| Untracked 
|  37|0x00000000c2500000, 0x00000000c2600000, 0x00000000c2600000|100%| O|  |TAMS 0x00000000c2600000, 0x00000000c2500000| Untracked 
|  38|0x00000000c2600000, 0x00000000c2700000, 0x00000000c2700000|100%| O|  |TAMS 0x00000000c2700000, 0x00000000c2600000| Untracked 
|  39|0x00000000c2700000, 0x00000000c2800000, 0x00000000c2800000|100%| O|  |TAMS 0x00000000c2800000, 0x00000000c2700000| Untracked 
|  40|0x00000000c2800000, 0x00000000c2800000, 0x00000000c2900000|  0%| F|  |TAMS 0x00000000c2800000, 0x00000000c2800000| Untracked 
|  41|0x00000000c2900000, 0x00000000c2a00000, 0x00000000c2a00000|100%| O|  |TAMS 0x00000000c2a00000, 0x00000000c2900000| Untracked 
|  42|0x00000000c2a00000, 0x00000000c2b00000, 0x00000000c2b00000|100%| O|  |TAMS 0x00000000c2b00000, 0x00000000c2a00000| Untracked 
|  43|0x00000000c2b00000, 0x00000000c2c00000, 0x00000000c2c00000|100%| O|  |TAMS 0x00000000c2c00000, 0x00000000c2b00000| Untracked 
|  44|0x00000000c2c00000, 0x00000000c2d00000, 0x00000000c2d00000|100%| O|  |TAMS 0x00000000c2d00000, 0x00000000c2c00000| Untracked 
|  45|0x00000000c2d00000, 0x00000000c2e00000, 0x00000000c2e00000|100%| O|  |TAMS 0x00000000c2e00000, 0x00000000c2d00000| Untracked 
|  46|0x00000000c2e00000, 0x00000000c2f00000, 0x00000000c2f00000|100%| O|  |TAMS 0x00000000c2f00000, 0x00000000c2e00000| Untracked 
|  47|0x00000000c2f00000, 0x00000000c3000000, 0x00000000c3000000|100%| O|  |TAMS 0x00000000c3000000, 0x00000000c2f00000| Untracked 
|  48|0x00000000c3000000, 0x00000000c3100000, 0x00000000c3100000|100%| O|  |TAMS 0x00000000c3100000, 0x00000000c3000000| Untracked 
|  49|0x00000000c3100000, 0x00000000c3200000, 0x00000000c3200000|100%| O|  |TAMS 0x00000000c3200000, 0x00000000c3100000| Untracked 
|  50|0x00000000c3200000, 0x00000000c3300000, 0x00000000c3300000|100%| O|  |TAMS 0x00000000c3300000, 0x00000000c3200000| Untracked 
|  51|0x00000000c3300000, 0x00000000c3400000, 0x00000000c3400000|100%| O|  |TAMS 0x00000000c3400000, 0x00000000c3300000| Untracked 
|  52|0x00000000c3400000, 0x00000000c3400000, 0x00000000c3500000|  0%| F|  |TAMS 0x00000000c3400000, 0x00000000c3400000| Untracked 
|  53|0x00000000c3500000, 0x00000000c3600000, 0x00000000c3600000|100%| O|  |TAMS 0x00000000c3600000, 0x00000000c3500000| Untracked 
|  54|0x00000000c3600000, 0x00000000c3700000, 0x00000000c3700000|100%| O|  |TAMS 0x00000000c3700000, 0x00000000c3600000| Untracked 
|  55|0x00000000c3700000, 0x00000000c3800000, 0x00000000c3800000|100%| O|  |TAMS 0x00000000c3800000, 0x00000000c3700000| Untracked 
|  56|0x00000000c3800000, 0x00000000c3900000, 0x00000000c3900000|100%| O|  |TAMS 0x00000000c3900000, 0x00000000c3800000| Untracked 
|  57|0x00000000c3900000, 0x00000000c3a00000, 0x00000000c3a00000|100%| O|  |TAMS 0x00000000c3a00000, 0x00000000c3900000| Untracked 
|  58|0x00000000c3a00000, 0x00000000c3b00000, 0x00000000c3b00000|100%| O|  |TAMS 0x00000000c3b00000, 0x00000000c3a00000| Untracked 
|  59|0x00000000c3b00000, 0x00000000c3c00000, 0x00000000c3c00000|100%| O|  |TAMS 0x00000000c3c00000, 0x00000000c3b00000| Untracked 
|  60|0x00000000c3c00000, 0x00000000c3d00000, 0x00000000c3d00000|100%| O|  |TAMS 0x00000000c3d00000, 0x00000000c3c00000| Untracked 
|  61|0x00000000c3d00000, 0x00000000c3e00000, 0x00000000c3e00000|100%| O|  |TAMS 0x00000000c3e00000, 0x00000000c3d00000| Untracked 
|  62|0x00000000c3e00000, 0x00000000c3f00000, 0x00000000c3f00000|100%| O|  |TAMS 0x00000000c3f00000, 0x00000000c3e00000| Untracked 
|  63|0x00000000c3f00000, 0x00000000c4000000, 0x00000000c4000000|100%| O|  |TAMS 0x00000000c4000000, 0x00000000c3f00000| Untracked 
|  64|0x00000000c4000000, 0x00000000c4100000, 0x00000000c4100000|100%| O|  |TAMS 0x00000000c4100000, 0x00000000c4000000| Untracked 
|  65|0x00000000c4100000, 0x00000000c4100000, 0x00000000c4200000|  0%| F|  |TAMS 0x00000000c4100000, 0x00000000c4100000| Untracked 
|  66|0x00000000c4200000, 0x00000000c4300000, 0x00000000c4300000|100%| O|  |TAMS 0x00000000c4300000, 0x00000000c4200000| Untracked 
|  67|0x00000000c4300000, 0x00000000c4400000, 0x00000000c4400000|100%| O|  |TAMS 0x00000000c4400000, 0x00000000c4300000| Untracked 
|  68|0x00000000c4400000, 0x00000000c4500000, 0x00000000c4500000|100%| O|  |TAMS 0x00000000c4500000, 0x00000000c4400000| Untracked 
|  69|0x00000000c4500000, 0x00000000c4600000, 0x00000000c4600000|100%| O|  |TAMS 0x00000000c4600000, 0x00000000c4500000| Untracked 
|  70|0x00000000c4600000, 0x00000000c4700000, 0x00000000c4700000|100%| O|  |TAMS 0x00000000c4700000, 0x00000000c4600000| Untracked 
|  71|0x00000000c4700000, 0x00000000c4800000, 0x00000000c4800000|100%| O|  |TAMS 0x00000000c4800000, 0x00000000c4700000| Untracked 
|  72|0x00000000c4800000, 0x00000000c4900000, 0x00000000c4900000|100%| O|  |TAMS 0x00000000c4900000, 0x00000000c4800000| Untracked 
|  73|0x00000000c4900000, 0x00000000c4a00000, 0x00000000c4a00000|100%| O|  |TAMS 0x00000000c4a00000, 0x00000000c4900000| Untracked 
|  74|0x00000000c4a00000, 0x00000000c4b00000, 0x00000000c4b00000|100%| O|  |TAMS 0x00000000c4b00000, 0x00000000c4a00000| Untracked 
|  75|0x00000000c4b00000, 0x00000000c4c00000, 0x00000000c4c00000|100%| O|  |TAMS 0x00000000c4c00000, 0x00000000c4b00000| Untracked 
|  76|0x00000000c4c00000, 0x00000000c4d00000, 0x00000000c4d00000|100%| O|  |TAMS 0x00000000c4d00000, 0x00000000c4c00000| Untracked 
|  77|0x00000000c4d00000, 0x00000000c4d00000, 0x00000000c4e00000|  0%| F|  |TAMS 0x00000000c4d00000, 0x00000000c4d00000| Untracked 
|  78|0x00000000c4e00000, 0x00000000c4f00000, 0x00000000c4f00000|100%| O|  |TAMS 0x00000000c4f00000, 0x00000000c4e00000| Untracked 
|  79|0x00000000c4f00000, 0x00000000c5000000, 0x00000000c5000000|100%| O|  |TAMS 0x00000000c5000000, 0x00000000c4f00000| Untracked 
|  80|0x00000000c5000000, 0x00000000c5100000, 0x00000000c5100000|100%| O|  |TAMS 0x00000000c5100000, 0x00000000c5000000| Untracked 
|  81|0x00000000c5100000, 0x00000000c5200000, 0x00000000c5200000|100%| O|  |TAMS 0x00000000c5200000, 0x00000000c5100000| Untracked 
|  82|0x00000000c5200000, 0x00000000c5300000, 0x00000000c5300000|100%| O|  |TAMS 0x00000000c5300000, 0x00000000c5200000| Untracked 
|  83|0x00000000c5300000, 0x00000000c5400000, 0x00000000c5400000|100%| O|  |TAMS 0x00000000c5400000, 0x00000000c5300000| Untracked 
|  84|0x00000000c5400000, 0x00000000c5500000, 0x00000000c5500000|100%| O|  |TAMS 0x00000000c5500000, 0x00000000c5400000| Untracked 
|  85|0x00000000c5500000, 0x00000000c5600000, 0x00000000c5600000|100%| O|  |TAMS 0x00000000c5600000, 0x00000000c5500000| Untracked 
|  86|0x00000000c5600000, 0x00000000c5700000, 0x00000000c5700000|100%| O|  |TAMS 0x00000000c5700000, 0x00000000c5600000| Untracked 
|  87|0x00000000c5700000, 0x00000000c5800000, 0x00000000c5800000|100%| O|  |TAMS 0x00000000c5800000, 0x00000000c5700000| Untracked 
|  88|0x00000000c5800000, 0x00000000c5800000, 0x00000000c5900000|  0%| F|  |TAMS 0x00000000c5800000, 0x00000000c5800000| Untracked 
|  89|0x00000000c5900000, 0x00000000c5a00000, 0x00000000c5a00000|100%| O|  |TAMS 0x00000000c5a00000, 0x00000000c5900000| Untracked 
|  90|0x00000000c5a00000, 0x00000000c5b00000, 0x00000000c5b00000|100%| O|  |TAMS 0x00000000c5b00000, 0x00000000c5a00000| Untracked 
|  91|0x00000000c5b00000, 0x00000000c5c00000, 0x00000000c5c00000|100%| O|  |TAMS 0x00000000c5c00000, 0x00000000c5b00000| Untracked 
|  92|0x00000000c5c00000, 0x00000000c5d00000, 0x00000000c5d00000|100%| O|  |TAMS 0x00000000c5d00000, 0x00000000c5c00000| Untracked 
|  93|0x00000000c5d00000, 0x00000000c5e00000, 0x00000000c5e00000|100%| O|  |TAMS 0x00000000c5e00000, 0x00000000c5d00000| Untracked 
|  94|0x00000000c5e00000, 0x00000000c5f00000, 0x00000000c5f00000|100%| O|  |TAMS 0x00000000c5f00000, 0x00000000c5e00000| Untracked 
|  95|0x00000000c5f00000, 0x00000000c6000000, 0x00000000c6000000|100%| O|  |TAMS 0x00000000c6000000, 0x00000000c5f00000| Untracked 
|  96|0x00000000c6000000, 0x00000000c6100000, 0x00000000c6100000|100%| O|  |TAMS 0x00000000c6100000, 0x00000000c6000000| Untracked 
|  97|0x00000000c6100000, 0x00000000c6200000, 0x00000000c6200000|100%| O|  |TAMS 0x00000000c6200000, 0x00000000c6100000| Untracked 
|  98|0x00000000c6200000, 0x00000000c6200000, 0x00000000c6300000|  0%| F|  |TAMS 0x00000000c6200000, 0x00000000c6200000| Untracked 
|  99|0x00000000c6300000, 0x00000000c6300000, 0x00000000c6400000|  0%| F|  |TAMS 0x00000000c6300000, 0x00000000c6300000| Untracked 
| 100|0x00000000c6400000, 0x00000000c6500000, 0x00000000c6500000|100%| O|  |TAMS 0x00000000c6500000, 0x00000000c6400000| Untracked 
| 101|0x00000000c6500000, 0x00000000c6600000, 0x00000000c6600000|100%| O|  |TAMS 0x00000000c6600000, 0x00000000c6500000| Untracked 
| 102|0x00000000c6600000, 0x00000000c6700000, 0x00000000c6700000|100%| O|  |TAMS 0x00000000c6700000, 0x00000000c6600000| Untracked 
| 103|0x00000000c6700000, 0x00000000c6800000, 0x00000000c6800000|100%| O|  |TAMS 0x00000000c6800000, 0x00000000c6700000| Untracked 
| 104|0x00000000c6800000, 0x00000000c6900000, 0x00000000c6900000|100%| O|  |TAMS 0x00000000c6900000, 0x00000000c6800000| Untracked 
| 105|0x00000000c6900000, 0x00000000c6a00000, 0x00000000c6a00000|100%| O|  |TAMS 0x00000000c6a00000, 0x00000000c6900000| Untracked 
| 106|0x00000000c6a00000, 0x00000000c6b00000, 0x00000000c6b00000|100%| O|  |TAMS 0x00000000c6b00000, 0x00000000c6a00000| Untracked 
| 107|0x00000000c6b00000, 0x00000000c6c00000, 0x00000000c6c00000|100%| O|  |TAMS 0x00000000c6c00000, 0x00000000c6b00000| Untracked 
| 108|0x00000000c6c00000, 0x00000000c6c00000, 0x00000000c6d00000|  0%| F|  |TAMS 0x00000000c6c00000, 0x00000000c6c00000| Untracked 
| 109|0x00000000c6d00000, 0x00000000c6d00000, 0x00000000c6e00000|  0%| F|  |TAMS 0x00000000c6d00000, 0x00000000c6d00000| Untracked 
| 110|0x00000000c6e00000, 0x00000000c6f00000, 0x00000000c6f00000|100%| O|  |TAMS 0x00000000c6f00000, 0x00000000c6e00000| Untracked 
| 111|0x00000000c6f00000, 0x00000000c7000000, 0x00000000c7000000|100%| O|  |TAMS 0x00000000c7000000, 0x00000000c6f00000| Untracked 
| 112|0x00000000c7000000, 0x00000000c7100000, 0x00000000c7100000|100%| O|  |TAMS 0x00000000c7100000, 0x00000000c7000000| Untracked 
| 113|0x00000000c7100000, 0x00000000c7200000, 0x00000000c7200000|100%| O|  |TAMS 0x00000000c7200000, 0x00000000c7100000| Untracked 
| 114|0x00000000c7200000, 0x00000000c7300000, 0x00000000c7300000|100%| O|  |TAMS 0x00000000c7300000, 0x00000000c7200000| Untracked 
| 115|0x00000000c7300000, 0x00000000c7400000, 0x00000000c7400000|100%| O|  |TAMS 0x00000000c7400000, 0x00000000c7300000| Untracked 
| 116|0x00000000c7400000, 0x00000000c7500000, 0x00000000c7500000|100%| O|  |TAMS 0x00000000c7500000, 0x00000000c7400000| Untracked 
| 117|0x00000000c7500000, 0x00000000c7600000, 0x00000000c7600000|100%| O|  |TAMS 0x00000000c7600000, 0x00000000c7500000| Untracked 
| 118|0x00000000c7600000, 0x00000000c7700000, 0x00000000c7700000|100%| O|  |TAMS 0x00000000c765dc00, 0x00000000c7600000| Untracked 
| 119|0x00000000c7700000, 0x00000000c7800000, 0x00000000c7800000|100%|HS|  |TAMS 0x00000000c7700000, 0x00000000c7700000| Complete 
| 120|0x00000000c7800000, 0x00000000c7900000, 0x00000000c7900000|100%| O|  |TAMS 0x00000000c7800000, 0x00000000c7800000| Untracked 
| 121|0x00000000c7900000, 0x00000000c7a00000, 0x00000000c7a00000|100%| O|  |TAMS 0x00000000c7900000, 0x00000000c7900000| Untracked 
| 122|0x00000000c7a00000, 0x00000000c7b00000, 0x00000000c7b00000|100%| O|  |TAMS 0x00000000c7a00000, 0x00000000c7a00000| Untracked 
| 123|0x00000000c7b00000, 0x00000000c7c00000, 0x00000000c7c00000|100%| O|  |TAMS 0x00000000c7b00000, 0x00000000c7b00000| Untracked 
| 124|0x00000000c7c00000, 0x00000000c7d00000, 0x00000000c7d00000|100%| O|  |TAMS 0x00000000c7c00000, 0x00000000c7c00000| Untracked 
| 125|0x00000000c7d00000, 0x00000000c7e00000, 0x00000000c7e00000|100%| O|  |TAMS 0x00000000c7d00000, 0x00000000c7d00000| Untracked 
| 126|0x00000000c7e00000, 0x00000000c7f00000, 0x00000000c7f00000|100%| O|  |TAMS 0x00000000c7e00000, 0x00000000c7e00000| Untracked 
| 127|0x00000000c7f00000, 0x00000000c8000000, 0x00000000c8000000|100%| O|  |TAMS 0x00000000c7f00000, 0x00000000c7f00000| Untracked 
| 128|0x00000000c8000000, 0x00000000c8100000, 0x00000000c8100000|100%| O|  |TAMS 0x00000000c8000000, 0x00000000c8000000| Untracked 
| 129|0x00000000c8100000, 0x00000000c8200000, 0x00000000c8200000|100%| O|  |TAMS 0x00000000c8100000, 0x00000000c8100000| Untracked 
| 130|0x00000000c8200000, 0x00000000c8300000, 0x00000000c8300000|100%| O|  |TAMS 0x00000000c8200000, 0x00000000c8200000| Untracked 
| 131|0x00000000c8300000, 0x00000000c8400000, 0x00000000c8400000|100%| O|  |TAMS 0x00000000c8300000, 0x00000000c8300000| Untracked 
| 132|0x00000000c8400000, 0x00000000c8500000, 0x00000000c8500000|100%| O|  |TAMS 0x00000000c8400000, 0x00000000c8400000| Untracked 
| 133|0x00000000c8500000, 0x00000000c8600000, 0x00000000c8600000|100%| O|  |TAMS 0x00000000c8500000, 0x00000000c8500000| Untracked 
| 134|0x00000000c8600000, 0x00000000c8700000, 0x00000000c8700000|100%| O|  |TAMS 0x00000000c8600000, 0x00000000c8600000| Untracked 
| 135|0x00000000c8700000, 0x00000000c8800000, 0x00000000c8800000|100%| O|  |TAMS 0x00000000c8700000, 0x00000000c8700000| Untracked 
| 136|0x00000000c8800000, 0x00000000c8900000, 0x00000000c8900000|100%| O|  |TAMS 0x00000000c8800000, 0x00000000c8800000| Untracked 
| 137|0x00000000c8900000, 0x00000000c8a00000, 0x00000000c8a00000|100%| O|  |TAMS 0x00000000c8900000, 0x00000000c8900000| Untracked 
| 138|0x00000000c8a00000, 0x00000000c8b00000, 0x00000000c8b00000|100%| O|  |TAMS 0x00000000c8a00000, 0x00000000c8a00000| Untracked 
| 139|0x00000000c8b00000, 0x00000000c8c00000, 0x00000000c8c00000|100%| O|  |TAMS 0x00000000c8b00000, 0x00000000c8b00000| Untracked 
| 140|0x00000000c8c00000, 0x00000000c8d00000, 0x00000000c8d00000|100%| O|  |TAMS 0x00000000c8c00000, 0x00000000c8c00000| Untracked 
| 141|0x00000000c8d00000, 0x00000000c8e00000, 0x00000000c8e00000|100%| O|  |TAMS 0x00000000c8d00000, 0x00000000c8d00000| Untracked 
| 142|0x00000000c8e00000, 0x00000000c8f00000, 0x00000000c8f00000|100%| O|  |TAMS 0x00000000c8e00000, 0x00000000c8e00000| Untracked 
| 143|0x00000000c8f00000, 0x00000000c9000000, 0x00000000c9000000|100%| O|  |TAMS 0x00000000c8f00000, 0x00000000c8f00000| Untracked 
| 144|0x00000000c9000000, 0x00000000c9100000, 0x00000000c9100000|100%| O|  |TAMS 0x00000000c9000000, 0x00000000c9000000| Untracked 
| 145|0x00000000c9100000, 0x00000000c9200000, 0x00000000c9200000|100%| O|  |TAMS 0x00000000c9100000, 0x00000000c9100000| Untracked 
| 146|0x00000000c9200000, 0x00000000c9300000, 0x00000000c9300000|100%| O|  |TAMS 0x00000000c9200000, 0x00000000c9200000| Untracked 
| 147|0x00000000c9300000, 0x00000000c9400000, 0x00000000c9400000|100%| O|  |TAMS 0x00000000c9300000, 0x00000000c9300000| Untracked 
| 148|0x00000000c9400000, 0x00000000c9500000, 0x00000000c9500000|100%| O|  |TAMS 0x00000000c9400000, 0x00000000c9400000| Untracked 
| 149|0x00000000c9500000, 0x00000000c9600000, 0x00000000c9600000|100%| O|  |TAMS 0x00000000c9500000, 0x00000000c9500000| Untracked 
| 150|0x00000000c9600000, 0x00000000c9700000, 0x00000000c9700000|100%| O|  |TAMS 0x00000000c9600000, 0x00000000c9600000| Untracked 
| 151|0x00000000c9700000, 0x00000000c9735a00, 0x00000000c9800000| 20%| O|  |TAMS 0x00000000c9700000, 0x00000000c9700000| Untracked 
| 152|0x00000000c9800000, 0x00000000c9800000, 0x00000000c9900000|  0%| F|  |TAMS 0x00000000c9800000, 0x00000000c9800000| Untracked 
| 153|0x00000000c9900000, 0x00000000c9900000, 0x00000000c9a00000|  0%| F|  |TAMS 0x00000000c9900000, 0x00000000c9900000| Untracked 
| 154|0x00000000c9a00000, 0x00000000c9a00000, 0x00000000c9b00000|  0%| F|  |TAMS 0x00000000c9a00000, 0x00000000c9a00000| Untracked 
| 155|0x00000000c9b00000, 0x00000000c9b00000, 0x00000000c9c00000|  0%| F|  |TAMS 0x00000000c9b00000, 0x00000000c9b00000| Untracked 
| 156|0x00000000c9c00000, 0x00000000c9c00000, 0x00000000c9d00000|  0%| F|  |TAMS 0x00000000c9c00000, 0x00000000c9c00000| Untracked 
| 157|0x00000000c9d00000, 0x00000000c9d00000, 0x00000000c9e00000|  0%| F|  |TAMS 0x00000000c9d00000, 0x00000000c9d00000| Untracked 
| 158|0x00000000c9e00000, 0x00000000c9e00000, 0x00000000c9f00000|  0%| F|  |TAMS 0x00000000c9e00000, 0x00000000c9e00000| Untracked 
| 159|0x00000000c9f00000, 0x00000000c9f00000, 0x00000000ca000000|  0%| F|  |TAMS 0x00000000c9f00000, 0x00000000c9f00000| Untracked 
| 160|0x00000000ca000000, 0x00000000ca000000, 0x00000000ca100000|  0%| F|  |TAMS 0x00000000ca000000, 0x00000000ca000000| Untracked 
| 161|0x00000000ca100000, 0x00000000ca100000, 0x00000000ca200000|  0%| F|  |TAMS 0x00000000ca100000, 0x00000000ca100000| Untracked 
| 162|0x00000000ca200000, 0x00000000ca200000, 0x00000000ca300000|  0%| F|  |TAMS 0x00000000ca200000, 0x00000000ca200000| Untracked 
| 163|0x00000000ca300000, 0x00000000ca300000, 0x00000000ca400000|  0%| F|  |TAMS 0x00000000ca300000, 0x00000000ca300000| Untracked 
| 164|0x00000000ca400000, 0x00000000ca400000, 0x00000000ca500000|  0%| F|  |TAMS 0x00000000ca400000, 0x00000000ca400000| Untracked 
| 165|0x00000000ca500000, 0x00000000ca500000, 0x00000000ca600000|  0%| F|  |TAMS 0x00000000ca500000, 0x00000000ca500000| Untracked 
| 166|0x00000000ca600000, 0x00000000ca600000, 0x00000000ca700000|  0%| F|  |TAMS 0x00000000ca600000, 0x00000000ca600000| Untracked 
| 167|0x00000000ca700000, 0x00000000ca700000, 0x00000000ca800000|  0%| F|  |TAMS 0x00000000ca700000, 0x00000000ca700000| Untracked 
| 168|0x00000000ca800000, 0x00000000ca800000, 0x00000000ca900000|  0%| F|  |TAMS 0x00000000ca800000, 0x00000000ca800000| Untracked 
| 169|0x00000000ca900000, 0x00000000ca900000, 0x00000000caa00000|  0%| F|  |TAMS 0x00000000ca900000, 0x00000000ca900000| Untracked 
| 170|0x00000000caa00000, 0x00000000caa00000, 0x00000000cab00000|  0%| F|  |TAMS 0x00000000caa00000, 0x00000000caa00000| Untracked 
| 171|0x00000000cab00000, 0x00000000cab00000, 0x00000000cac00000|  0%| F|  |TAMS 0x00000000cab00000, 0x00000000cab00000| Untracked 
| 172|0x00000000cac00000, 0x00000000cac00000, 0x00000000cad00000|  0%| F|  |TAMS 0x00000000cac00000, 0x00000000cac00000| Untracked 
| 173|0x00000000cad00000, 0x00000000cad00000, 0x00000000cae00000|  0%| F|  |TAMS 0x00000000cad00000, 0x00000000cad00000| Untracked 
| 174|0x00000000cae00000, 0x00000000cae00000, 0x00000000caf00000|  0%| F|  |TAMS 0x00000000cae00000, 0x00000000cae00000| Untracked 
| 175|0x00000000caf00000, 0x00000000caf00000, 0x00000000cb000000|  0%| F|  |TAMS 0x00000000caf00000, 0x00000000caf00000| Untracked 
| 176|0x00000000cb000000, 0x00000000cb000000, 0x00000000cb100000|  0%| F|  |TAMS 0x00000000cb000000, 0x00000000cb000000| Untracked 
| 177|0x00000000cb100000, 0x00000000cb100000, 0x00000000cb200000|  0%| F|  |TAMS 0x00000000cb100000, 0x00000000cb100000| Untracked 
| 178|0x00000000cb200000, 0x00000000cb200000, 0x00000000cb300000|  0%| F|  |TAMS 0x00000000cb200000, 0x00000000cb200000| Untracked 
| 179|0x00000000cb300000, 0x00000000cb300000, 0x00000000cb400000|  0%| F|  |TAMS 0x00000000cb300000, 0x00000000cb300000| Untracked 
| 180|0x00000000cb400000, 0x00000000cb400000, 0x00000000cb500000|  0%| F|  |TAMS 0x00000000cb400000, 0x00000000cb400000| Untracked 
| 181|0x00000000cb500000, 0x00000000cb500000, 0x00000000cb600000|  0%| F|  |TAMS 0x00000000cb500000, 0x00000000cb500000| Untracked 
| 182|0x00000000cb600000, 0x00000000cb600000, 0x00000000cb700000|  0%| F|  |TAMS 0x00000000cb600000, 0x00000000cb600000| Untracked 
| 183|0x00000000cb700000, 0x00000000cb700000, 0x00000000cb800000|  0%| F|  |TAMS 0x00000000cb700000, 0x00000000cb700000| Untracked 
| 184|0x00000000cb800000, 0x00000000cb800000, 0x00000000cb900000|  0%| F|  |TAMS 0x00000000cb800000, 0x00000000cb800000| Untracked 
| 185|0x00000000cb900000, 0x00000000cb900000, 0x00000000cba00000|  0%| F|  |TAMS 0x00000000cb900000, 0x00000000cb900000| Untracked 
| 186|0x00000000cba00000, 0x00000000cba00000, 0x00000000cbb00000|  0%| F|  |TAMS 0x00000000cba00000, 0x00000000cba00000| Untracked 
| 187|0x00000000cbb00000, 0x00000000cbb00000, 0x00000000cbc00000|  0%| F|  |TAMS 0x00000000cbb00000, 0x00000000cbb00000| Untracked 
| 188|0x00000000cbc00000, 0x00000000cbc00000, 0x00000000cbd00000|  0%| F|  |TAMS 0x00000000cbc00000, 0x00000000cbc00000| Untracked 
| 189|0x00000000cbd00000, 0x00000000cbd00000, 0x00000000cbe00000|  0%| F|  |TAMS 0x00000000cbd00000, 0x00000000cbd00000| Untracked 
| 190|0x00000000cbe00000, 0x00000000cbe00000, 0x00000000cbf00000|  0%| F|  |TAMS 0x00000000cbe00000, 0x00000000cbe00000| Untracked 
| 191|0x00000000cbf00000, 0x00000000cbf00000, 0x00000000cc000000|  0%| F|  |TAMS 0x00000000cbf00000, 0x00000000cbf00000| Untracked 
| 192|0x00000000cc000000, 0x00000000cc000000, 0x00000000cc100000|  0%| F|  |TAMS 0x00000000cc000000, 0x00000000cc000000| Untracked 
| 193|0x00000000cc100000, 0x00000000cc100000, 0x00000000cc200000|  0%| F|  |TAMS 0x00000000cc100000, 0x00000000cc100000| Untracked 
| 194|0x00000000cc200000, 0x00000000cc200000, 0x00000000cc300000|  0%| F|  |TAMS 0x00000000cc200000, 0x00000000cc200000| Untracked 
| 195|0x00000000cc300000, 0x00000000cc300000, 0x00000000cc400000|  0%| F|  |TAMS 0x00000000cc300000, 0x00000000cc300000| Untracked 
| 196|0x00000000cc400000, 0x00000000cc400000, 0x00000000cc500000|  0%| F|  |TAMS 0x00000000cc400000, 0x00000000cc400000| Untracked 
| 197|0x00000000cc500000, 0x00000000cc500000, 0x00000000cc600000|  0%| F|  |TAMS 0x00000000cc500000, 0x00000000cc500000| Untracked 
| 198|0x00000000cc600000, 0x00000000cc600000, 0x00000000cc700000|  0%| F|  |TAMS 0x00000000cc600000, 0x00000000cc600000| Untracked 
| 199|0x00000000cc700000, 0x00000000cc700000, 0x00000000cc800000|  0%| F|  |TAMS 0x00000000cc700000, 0x00000000cc700000| Untracked 
| 200|0x00000000cc800000, 0x00000000cc800000, 0x00000000cc900000|  0%| F|  |TAMS 0x00000000cc800000, 0x00000000cc800000| Untracked 
| 201|0x00000000cc900000, 0x00000000cc900000, 0x00000000cca00000|  0%| F|  |TAMS 0x00000000cc900000, 0x00000000cc900000| Untracked 
| 202|0x00000000cca00000, 0x00000000cca00000, 0x00000000ccb00000|  0%| F|  |TAMS 0x00000000cca00000, 0x00000000cca00000| Untracked 
| 203|0x00000000ccb00000, 0x00000000ccb00000, 0x00000000ccc00000|  0%| F|  |TAMS 0x00000000ccb00000, 0x00000000ccb00000| Untracked 
| 204|0x00000000ccc00000, 0x00000000ccc00000, 0x00000000ccd00000|  0%| F|  |TAMS 0x00000000ccc00000, 0x00000000ccc00000| Untracked 
| 205|0x00000000ccd00000, 0x00000000ccd00000, 0x00000000cce00000|  0%| F|  |TAMS 0x00000000ccd00000, 0x00000000ccd00000| Untracked 
| 206|0x00000000cce00000, 0x00000000cce00000, 0x00000000ccf00000|  0%| F|  |TAMS 0x00000000cce00000, 0x00000000cce00000| Untracked 
| 207|0x00000000ccf00000, 0x00000000ccf00000, 0x00000000cd000000|  0%| F|  |TAMS 0x00000000ccf00000, 0x00000000ccf00000| Untracked 
| 208|0x00000000cd000000, 0x00000000cd000000, 0x00000000cd100000|  0%| F|  |TAMS 0x00000000cd000000, 0x00000000cd000000| Untracked 
| 209|0x00000000cd100000, 0x00000000cd100000, 0x00000000cd200000|  0%| F|  |TAMS 0x00000000cd100000, 0x00000000cd100000| Untracked 
| 210|0x00000000cd200000, 0x00000000cd200000, 0x00000000cd300000|  0%| F|  |TAMS 0x00000000cd200000, 0x00000000cd200000| Untracked 
| 211|0x00000000cd300000, 0x00000000cd300000, 0x00000000cd400000|  0%| F|  |TAMS 0x00000000cd300000, 0x00000000cd300000| Untracked 
| 212|0x00000000cd400000, 0x00000000cd400000, 0x00000000cd500000|  0%| F|  |TAMS 0x00000000cd400000, 0x00000000cd400000| Untracked 
| 213|0x00000000cd500000, 0x00000000cd500000, 0x00000000cd600000|  0%| F|  |TAMS 0x00000000cd500000, 0x00000000cd500000| Untracked 
| 214|0x00000000cd600000, 0x00000000cd600000, 0x00000000cd700000|  0%| F|  |TAMS 0x00000000cd600000, 0x00000000cd600000| Untracked 
| 215|0x00000000cd700000, 0x00000000cd700000, 0x00000000cd800000|  0%| F|  |TAMS 0x00000000cd700000, 0x00000000cd700000| Untracked 
| 216|0x00000000cd800000, 0x00000000cd8bdba0, 0x00000000cd900000| 74%| S|CS|TAMS 0x00000000cd800000, 0x00000000cd800000| Complete 
| 217|0x00000000cd900000, 0x00000000cd900000, 0x00000000cda00000|  0%| F|  |TAMS 0x00000000cd900000, 0x00000000cd900000| Untracked 
| 218|0x00000000cda00000, 0x00000000cda00000, 0x00000000cdb00000|  0%| F|  |TAMS 0x00000000cda00000, 0x00000000cda00000| Untracked 
| 219|0x00000000cdb00000, 0x00000000cdb00000, 0x00000000cdc00000|  0%| F|  |TAMS 0x00000000cdb00000, 0x00000000cdb00000| Untracked 
| 220|0x00000000cdc00000, 0x00000000cdc00000, 0x00000000cdd00000|  0%| F|  |TAMS 0x00000000cdc00000, 0x00000000cdc00000| Untracked 
| 221|0x00000000cdd00000, 0x00000000cdd00000, 0x00000000cde00000|  0%| F|  |TAMS 0x00000000cdd00000, 0x00000000cdd00000| Untracked 
| 222|0x00000000cde00000, 0x00000000cde00000, 0x00000000cdf00000|  0%| F|  |TAMS 0x00000000cde00000, 0x00000000cde00000| Untracked 
| 223|0x00000000cdf00000, 0x00000000cdf00000, 0x00000000ce000000|  0%| F|  |TAMS 0x00000000cdf00000, 0x00000000cdf00000| Untracked 
| 224|0x00000000ce000000, 0x00000000ce000000, 0x00000000ce100000|  0%| F|  |TAMS 0x00000000ce000000, 0x00000000ce000000| Untracked 
| 225|0x00000000ce100000, 0x00000000ce100000, 0x00000000ce200000|  0%| F|  |TAMS 0x00000000ce100000, 0x00000000ce100000| Untracked 
| 226|0x00000000ce200000, 0x00000000ce200000, 0x00000000ce300000|  0%| F|  |TAMS 0x00000000ce200000, 0x00000000ce200000| Untracked 
| 227|0x00000000ce300000, 0x00000000ce300000, 0x00000000ce400000|  0%| F|  |TAMS 0x00000000ce300000, 0x00000000ce300000| Untracked 
| 228|0x00000000ce400000, 0x00000000ce400000, 0x00000000ce500000|  0%| F|  |TAMS 0x00000000ce400000, 0x00000000ce400000| Untracked 
| 229|0x00000000ce500000, 0x00000000ce500000, 0x00000000ce600000|  0%| F|  |TAMS 0x00000000ce500000, 0x00000000ce500000| Untracked 
| 230|0x00000000ce600000, 0x00000000ce600000, 0x00000000ce700000|  0%| F|  |TAMS 0x00000000ce600000, 0x00000000ce600000| Untracked 
| 231|0x00000000ce700000, 0x00000000ce700000, 0x00000000ce800000|  0%| F|  |TAMS 0x00000000ce700000, 0x00000000ce700000| Untracked 
| 232|0x00000000ce800000, 0x00000000ce800000, 0x00000000ce900000|  0%| F|  |TAMS 0x00000000ce800000, 0x00000000ce800000| Untracked 
| 233|0x00000000ce900000, 0x00000000ce900000, 0x00000000cea00000|  0%| F|  |TAMS 0x00000000ce900000, 0x00000000ce900000| Untracked 
| 234|0x00000000cea00000, 0x00000000cea00000, 0x00000000ceb00000|  0%| F|  |TAMS 0x00000000cea00000, 0x00000000cea00000| Untracked 
| 235|0x00000000ceb00000, 0x00000000ceb00000, 0x00000000cec00000|  0%| F|  |TAMS 0x00000000ceb00000, 0x00000000ceb00000| Untracked 
| 236|0x00000000cec00000, 0x00000000cec00000, 0x00000000ced00000|  0%| F|  |TAMS 0x00000000cec00000, 0x00000000cec00000| Untracked 
| 237|0x00000000ced00000, 0x00000000ced00000, 0x00000000cee00000|  0%| F|  |TAMS 0x00000000ced00000, 0x00000000ced00000| Untracked 
| 238|0x00000000cee00000, 0x00000000cee00000, 0x00000000cef00000|  0%| F|  |TAMS 0x00000000cee00000, 0x00000000cee00000| Untracked 
| 239|0x00000000cef00000, 0x00000000cef00000, 0x00000000cf000000|  0%| F|  |TAMS 0x00000000cef00000, 0x00000000cef00000| Untracked 
| 240|0x00000000cf000000, 0x00000000cf000000, 0x00000000cf100000|  0%| F|  |TAMS 0x00000000cf000000, 0x00000000cf000000| Untracked 
| 241|0x00000000cf100000, 0x00000000cf100000, 0x00000000cf200000|  0%| F|  |TAMS 0x00000000cf100000, 0x00000000cf100000| Untracked 
| 242|0x00000000cf200000, 0x00000000cf200000, 0x00000000cf300000|  0%| F|  |TAMS 0x00000000cf200000, 0x00000000cf200000| Untracked 
| 243|0x00000000cf300000, 0x00000000cf300000, 0x00000000cf400000|  0%| F|  |TAMS 0x00000000cf300000, 0x00000000cf300000| Untracked 
| 244|0x00000000cf400000, 0x00000000cf400000, 0x00000000cf500000|  0%| F|  |TAMS 0x00000000cf400000, 0x00000000cf400000| Untracked 
| 245|0x00000000cf500000, 0x00000000cf500000, 0x00000000cf600000|  0%| F|  |TAMS 0x00000000cf500000, 0x00000000cf500000| Untracked 
| 246|0x00000000cf600000, 0x00000000cf698780, 0x00000000cf700000| 59%| E|  |TAMS 0x00000000cf600000, 0x00000000cf600000| Complete 
| 247|0x00000000cf700000, 0x00000000cf800000, 0x00000000cf800000|100%| E|CS|TAMS 0x00000000cf700000, 0x00000000cf700000| Complete 
| 248|0x00000000cf800000, 0x00000000cf900000, 0x00000000cf900000|100%| E|CS|TAMS 0x00000000cf800000, 0x00000000cf800000| Complete 
| 249|0x00000000cf900000, 0x00000000cfa00000, 0x00000000cfa00000|100%| E|CS|TAMS 0x00000000cf900000, 0x00000000cf900000| Complete 
| 250|0x00000000cfa00000, 0x00000000cfb00000, 0x00000000cfb00000|100%| E|CS|TAMS 0x00000000cfa00000, 0x00000000cfa00000| Complete 
| 251|0x00000000cfb00000, 0x00000000cfc00000, 0x00000000cfc00000|100%| E|CS|TAMS 0x00000000cfb00000, 0x00000000cfb00000| Complete 
| 252|0x00000000cfc00000, 0x00000000cfd00000, 0x00000000cfd00000|100%| E|CS|TAMS 0x00000000cfc00000, 0x00000000cfc00000| Complete 
| 253|0x00000000cfd00000, 0x00000000cfe00000, 0x00000000cfe00000|100%| E|CS|TAMS 0x00000000cfd00000, 0x00000000cfd00000| Complete 
| 254|0x00000000cfe00000, 0x00000000cff00000, 0x00000000cff00000|100%| E|CS|TAMS 0x00000000cfe00000, 0x00000000cfe00000| Complete 
| 255|0x00000000cff00000, 0x00000000d0000000, 0x00000000d0000000|100%| E|CS|TAMS 0x00000000cff00000, 0x00000000cff00000| Complete 
| 256|0x00000000d0000000, 0x00000000d0100000, 0x00000000d0100000|100%| E|CS|TAMS 0x00000000d0000000, 0x00000000d0000000| Complete 
| 257|0x00000000d0100000, 0x00000000d0200000, 0x00000000d0200000|100%| E|CS|TAMS 0x00000000d0100000, 0x00000000d0100000| Complete 
| 258|0x00000000d0200000, 0x00000000d0300000, 0x00000000d0300000|100%| E|CS|TAMS 0x00000000d0200000, 0x00000000d0200000| Complete 
| 259|0x00000000d0300000, 0x00000000d0400000, 0x00000000d0400000|100%| E|CS|TAMS 0x00000000d0300000, 0x00000000d0300000| Complete 
| 260|0x00000000d0400000, 0x00000000d0500000, 0x00000000d0500000|100%| E|CS|TAMS 0x00000000d0400000, 0x00000000d0400000| Complete 
| 261|0x00000000d0500000, 0x00000000d0600000, 0x00000000d0600000|100%| E|CS|TAMS 0x00000000d0500000, 0x00000000d0500000| Complete 
| 262|0x00000000d0600000, 0x00000000d0700000, 0x00000000d0700000|100%| E|CS|TAMS 0x00000000d0600000, 0x00000000d0600000| Complete 
| 263|0x00000000d0700000, 0x00000000d0800000, 0x00000000d0800000|100%| E|CS|TAMS 0x00000000d0700000, 0x00000000d0700000| Complete 
| 264|0x00000000d0800000, 0x00000000d0900000, 0x00000000d0900000|100%| E|CS|TAMS 0x00000000d0800000, 0x00000000d0800000| Complete 
| 265|0x00000000d0900000, 0x00000000d0a00000, 0x00000000d0a00000|100%| E|CS|TAMS 0x00000000d0900000, 0x00000000d0900000| Complete 
| 266|0x00000000d0a00000, 0x00000000d0b00000, 0x00000000d0b00000|100%| E|CS|TAMS 0x00000000d0a00000, 0x00000000d0a00000| Complete 
| 267|0x00000000d0b00000, 0x00000000d0c00000, 0x00000000d0c00000|100%| E|CS|TAMS 0x00000000d0b00000, 0x00000000d0b00000| Complete 
| 268|0x00000000d0c00000, 0x00000000d0d00000, 0x00000000d0d00000|100%| E|CS|TAMS 0x00000000d0c00000, 0x00000000d0c00000| Complete 
| 269|0x00000000d0d00000, 0x00000000d0e00000, 0x00000000d0e00000|100%| E|CS|TAMS 0x00000000d0d00000, 0x00000000d0d00000| Complete 
| 270|0x00000000d0e00000, 0x00000000d0f00000, 0x00000000d0f00000|100%| E|CS|TAMS 0x00000000d0e00000, 0x00000000d0e00000| Complete 
| 271|0x00000000d0f00000, 0x00000000d1000000, 0x00000000d1000000|100%| E|CS|TAMS 0x00000000d0f00000, 0x00000000d0f00000| Complete 
| 272|0x00000000d1000000, 0x00000000d1100000, 0x00000000d1100000|100%| E|CS|TAMS 0x00000000d1000000, 0x00000000d1000000| Complete 
| 273|0x00000000d1100000, 0x00000000d1200000, 0x00000000d1200000|100%| E|CS|TAMS 0x00000000d1100000, 0x00000000d1100000| Complete 
| 274|0x00000000d1200000, 0x00000000d1300000, 0x00000000d1300000|100%| E|CS|TAMS 0x00000000d1200000, 0x00000000d1200000| Complete 
| 275|0x00000000d1300000, 0x00000000d1400000, 0x00000000d1400000|100%| E|CS|TAMS 0x00000000d1300000, 0x00000000d1300000| Complete 
| 276|0x00000000d1400000, 0x00000000d1500000, 0x00000000d1500000|100%| E|CS|TAMS 0x00000000d1400000, 0x00000000d1400000| Complete 
| 277|0x00000000d1500000, 0x00000000d1600000, 0x00000000d1600000|100%| E|CS|TAMS 0x00000000d1500000, 0x00000000d1500000| Complete 
| 278|0x00000000d1600000, 0x00000000d1700000, 0x00000000d1700000|100%| E|CS|TAMS 0x00000000d1600000, 0x00000000d1600000| Complete 
| 279|0x00000000d1700000, 0x00000000d1800000, 0x00000000d1800000|100%| E|CS|TAMS 0x00000000d1700000, 0x00000000d1700000| Complete 
| 280|0x00000000d1800000, 0x00000000d1900000, 0x00000000d1900000|100%| E|CS|TAMS 0x00000000d1800000, 0x00000000d1800000| Complete 

Card table byte_map: [0x0000018b55820000,0x0000018b55a20000] _byte_map_base: 0x0000018b55220000

Marking Bits (Prev, Next): (CMBitMap*) 0x0000018b3dbc50b0, (CMBitMap*) 0x0000018b3dbc5078
 Prev Bits: [0x0000018b56c20000, 0x0000018b57c20000)
 Next Bits: [0x0000018b55c20000, 0x0000018b56c20000)

Polling page: 0x0000018b3d370000

Metaspace:

Usage:
  Non-class:     20.07 MB capacity,    19.77 MB ( 99%) used,   225.98 KB (  1%) free+waste,    78.31 KB ( <1%) overhead. 
      Class:      2.77 MB capacity,     2.51 MB ( 91%) used,   224.63 KB (  8%) free+waste,    38.38 KB (  1%) overhead. 
       Both:     22.83 MB capacity,    22.28 MB ( 98%) used,   450.61 KB (  2%) free+waste,   116.69 KB ( <1%) overhead. 

Virtual space:
  Non-class space:       22.00 MB reserved,      20.25 MB ( 92%) committed 
      Class space:        1.00 GB reserved,       2.88 MB ( <1%) committed 
             Both:        1.02 GB reserved,      23.13 MB (  2%) committed 

Chunk freelists:
   Non-Class:  59.00 KB
       Class:  14.00 KB
        Both:  73.00 KB

MaxMetaspaceSize: 17179869184.00 GB
CompressedClassSpaceSize: 1.00 GB
Initial GC threshold: 20.80 MB
Current GC threshold: 28.13 MB
CDS: off

CodeHeap 'non-profiled nmethods': size=120000Kb used=2683Kb max_used=2683Kb free=117316Kb
 bounds [0x0000018b4ddc0000, 0x0000018b4e060000, 0x0000018b552f0000]
CodeHeap 'profiled nmethods': size=120000Kb used=8514Kb max_used=8514Kb free=111485Kb
 bounds [0x0000018b46890000, 0x0000018b470f0000, 0x0000018b4ddc0000]
CodeHeap 'non-nmethods': size=5760Kb used=1164Kb max_used=1226Kb free=4595Kb
 bounds [0x0000018b462f0000, 0x0000018b46560000, 0x0000018b46890000]
 total_blobs=4631 nmethods=4214 adapters=329
 compilation: enabled
              stopped_count=0, restarted_count=0
 full_count=0

Compilation events (20 events):
Event: 27.171 Thread 0x0000018b5af10800 4239       3       com.android.tools.r8.internal.Le::a (108 bytes)
Event: 27.171 Thread 0x0000018b5af10800 nmethod 4239 0x0000018b470b2710 code [0x0000018b470b29a0, 0x0000018b470b3688]
Event: 27.171 Thread 0x0000018b5af10800 4240       3       com.android.tools.r8.internal.jW::f (14 bytes)
Event: 27.172 Thread 0x0000018b5af10800 nmethod 4240 0x0000018b470b3990 code [0x0000018b470b3b60, 0x0000018b470b3e38]
Event: 27.172 Thread 0x0000018b5af10800 4142       3       com.android.tools.r8.internal.EM::V (8 bytes)
Event: 27.172 Thread 0x0000018b5af10800 nmethod 4142 0x0000018b470b3f90 code [0x0000018b470b4140, 0x0000018b470b4298]
Event: 27.172 Thread 0x0000018b5af10800 4230       3       com.android.tools.r8.internal.Av::a (12 bytes)
Event: 27.172 Thread 0x0000018b5af10800 nmethod 4230 0x0000018b470b4310 code [0x0000018b470b44c0, 0x0000018b470b4688]
Event: 27.172 Thread 0x0000018b5af10800 4231       3       com.android.tools.r8.internal.Av::a (121 bytes)
Event: 27.173 Thread 0x0000018b5af10800 nmethod 4231 0x0000018b470b4790 code [0x0000018b470b4a80, 0x0000018b470b5bc8]
Event: 27.173 Thread 0x0000018b5af10800 4227       3       com.android.tools.r8.internal.t20::a (41 bytes)
Event: 27.174 Thread 0x0000018b5af10800 nmethod 4227 0x0000018b470b6290 code [0x0000018b470b6460, 0x0000018b470b6698]
Event: 27.174 Thread 0x0000018b5af10800 4233       1       com.android.tools.r8.internal.CN::y (2 bytes)
Event: 27.174 Thread 0x0000018b5af10800 nmethod 4233 0x0000018b4e058390 code [0x0000018b4e058540, 0x0000018b4e0585f8]
Event: 27.174 Thread 0x0000018b5af10800 4124       3       com.android.tools.r8.internal.l1::<init> (5 bytes)
Event: 27.174 Thread 0x0000018b5af10800 nmethod 4124 0x0000018b470b6810 code [0x0000018b470b69c0, 0x0000018b470b6b78]
Event: 27.174 Thread 0x0000018b5af10800 4177       1       com.android.tools.r8.internal.s9::f1 (2 bytes)
Event: 27.174 Thread 0x0000018b5af10800 nmethod 4177 0x0000018b4e058690 code [0x0000018b4e058840, 0x0000018b4e0588f8]
Event: 27.174 Thread 0x0000018b5af10800 4241       1       com.android.tools.r8.internal.tX::l2 (3 bytes)
Event: 27.174 Thread 0x0000018b5af10800 nmethod 4241 0x0000018b4e058990 code [0x0000018b4e058b40, 0x0000018b4e058bf8]

GC Heap History (20 events):
Event: 24.770 GC heap before
{Heap before GC invocations=9 (full 0):
 garbage-first heap   total 229376K, used 133740K [0x00000000c0000000, 0x0000000100000000)
  region size 1024K, 64 young (65536K), 8 survivors (8192K)
 Metaspace       used 15134K, capacity 15453K, committed 15488K, reserved 1062912K
  class space    used 1522K, capacity 1645K, committed 1664K, reserved 1048576K
}
Event: 24.792 GC heap after
{Heap after GC invocations=10 (full 0):
 garbage-first heap   total 229376K, used 87779K [0x00000000c0000000, 0x0000000100000000)
  region size 1024K, 8 young (8192K), 8 survivors (8192K)
 Metaspace       used 15134K, capacity 15453K, committed 15488K, reserved 1062912K
  class space    used 1522K, capacity 1645K, committed 1664K, reserved 1048576K
}
Event: 24.874 GC heap before
{Heap before GC invocations=10 (full 0):
 garbage-first heap   total 229376K, used 144099K [0x00000000c0000000, 0x0000000100000000)
  region size 1024K, 63 young (64512K), 8 survivors (8192K)
 Metaspace       used 15137K, capacity 15453K, committed 15488K, reserved 1062912K
  class space    used 1522K, capacity 1645K, committed 1664K, reserved 1048576K
}
Event: 24.894 GC heap after
{Heap after GC invocations=11 (full 0):
 garbage-first heap   total 229376K, used 99046K [0x00000000c0000000, 0x0000000100000000)
  region size 1024K, 8 young (8192K), 8 survivors (8192K)
 Metaspace       used 15137K, capacity 15453K, committed 15488K, reserved 1062912K
  class space    used 1522K, capacity 1645K, committed 1664K, reserved 1048576K
}
Event: 25.434 GC heap before
{Heap before GC invocations=11 (full 0):
 garbage-first heap   total 229376K, used 154342K [0x00000000c0000000, 0x0000000100000000)
  region size 1024K, 62 young (63488K), 8 survivors (8192K)
 Metaspace       used 16897K, capacity 17225K, committed 17280K, reserved 1064960K
  class space    used 1730K, capacity 1898K, committed 1920K, reserved 1048576K
}
Event: 25.454 GC heap after
{Heap after GC invocations=12 (full 0):
 garbage-first heap   total 229376K, used 110389K [0x00000000c0000000, 0x0000000100000000)
  region size 1024K, 8 young (8192K), 8 survivors (8192K)
 Metaspace       used 16897K, capacity 17225K, committed 17280K, reserved 1064960K
  class space    used 1730K, capacity 1898K, committed 1920K, reserved 1048576K
}
Event: 25.548 GC heap before
{Heap before GC invocations=12 (full 0):
 garbage-first heap   total 229376K, used 163637K [0x00000000c0000000, 0x0000000100000000)
  region size 1024K, 60 young (61440K), 8 survivors (8192K)
 Metaspace       used 16899K, capacity 17225K, committed 17280K, reserved 1064960K
  class space    used 1730K, capacity 1898K, committed 1920K, reserved 1048576K
}
Event: 25.567 GC heap after
{Heap after GC invocations=13 (full 0):
 garbage-first heap   total 229376K, used 120598K [0x00000000c0000000, 0x0000000100000000)
  region size 1024K, 8 young (8192K), 8 survivors (8192K)
 Metaspace       used 16899K, capacity 17225K, committed 17280K, reserved 1064960K
  class space    used 1730K, capacity 1898K, committed 1920K, reserved 1048576K
}
Event: 25.576 GC heap before
{Heap before GC invocations=13 (full 0):
 garbage-first heap   total 229376K, used 127766K [0x00000000c0000000, 0x0000000100000000)
  region size 1024K, 16 young (16384K), 8 survivors (8192K)
 Metaspace       used 16899K, capacity 17225K, committed 17280K, reserved 1064960K
  class space    used 1730K, capacity 1898K, committed 1920K, reserved 1048576K
}
Event: 25.586 GC heap after
{Heap after GC invocations=14 (full 0):
 garbage-first heap   total 229376K, used 123907K [0x00000000c0000000, 0x0000000100000000)
  region size 1024K, 3 young (3072K), 3 survivors (3072K)
 Metaspace       used 16899K, capacity 17225K, committed 17280K, reserved 1064960K
  class space    used 1730K, capacity 1898K, committed 1920K, reserved 1048576K
}
Event: 25.652 GC heap before
{Heap before GC invocations=14 (full 0):
 garbage-first heap   total 229376K, used 160771K [0x00000000c0000000, 0x0000000100000000)
  region size 1024K, 38 young (38912K), 3 survivors (3072K)
 Metaspace       used 16899K, capacity 17225K, committed 17280K, reserved 1064960K
  class space    used 1730K, capacity 1898K, committed 1920K, reserved 1048576K
}
Event: 25.662 GC heap after
{Heap after GC invocations=15 (full 0):
 garbage-first heap   total 229376K, used 130726K [0x00000000c0000000, 0x0000000100000000)
  region size 1024K, 5 young (5120K), 5 survivors (5120K)
 Metaspace       used 16899K, capacity 17225K, committed 17280K, reserved 1064960K
  class space    used 1730K, capacity 1898K, committed 1920K, reserved 1048576K
}
Event: 25.738 GC heap before
{Heap before GC invocations=15 (full 0):
 garbage-first heap   total 229376K, used 166566K [0x00000000c0000000, 0x0000000100000000)
  region size 1024K, 40 young (40960K), 5 survivors (5120K)
 Metaspace       used 16899K, capacity 17225K, committed 17280K, reserved 1064960K
  class space    used 1730K, capacity 1898K, committed 1920K, reserved 1048576K
}
Event: 25.750 GC heap after
{Heap after GC invocations=16 (full 0):
 garbage-first heap   total 229376K, used 137547K [0x00000000c0000000, 0x0000000100000000)
  region size 1024K, 5 young (5120K), 5 survivors (5120K)
 Metaspace       used 16899K, capacity 17225K, committed 17280K, reserved 1064960K
  class space    used 1730K, capacity 1898K, committed 1920K, reserved 1048576K
}
Event: 25.843 GC heap before
{Heap before GC invocations=16 (full 0):
 garbage-first heap   total 229376K, used 170315K [0x00000000c0000000, 0x0000000100000000)
  region size 1024K, 39 young (39936K), 5 survivors (5120K)
 Metaspace       used 16815K, capacity 17088K, committed 17280K, reserved 1064960K
  class space    used 1701K, capacity 1845K, committed 1920K, reserved 1048576K
}
Event: 25.858 GC heap after
{Heap after GC invocations=17 (full 0):
 garbage-first heap   total 229376K, used 143253K [0x00000000c0000000, 0x0000000100000000)
  region size 1024K, 5 young (5120K), 5 survivors (5120K)
 Metaspace       used 16815K, capacity 17088K, committed 17280K, reserved 1064960K
  class space    used 1701K, capacity 1845K, committed 1920K, reserved 1048576K
}
Event: 26.636 GC heap before
{Heap before GC invocations=18 (full 0):
 garbage-first heap   total 229376K, used 178069K [0x00000000c0000000, 0x0000000100000000)
  region size 1024K, 39 young (39936K), 5 survivors (5120K)
 Metaspace       used 21482K, capacity 22099K, committed 22272K, reserved 1069056K
  class space    used 2460K, capacity 2715K, committed 2816K, reserved 1048576K
}
Event: 26.649 GC heap after
{Heap after GC invocations=19 (full 0):
 garbage-first heap   total 229376K, used 147823K [0x00000000c0000000, 0x0000000100000000)
  region size 1024K, 4 young (4096K), 4 survivors (4096K)
 Metaspace       used 21482K, capacity 22099K, committed 22272K, reserved 1069056K
  class space    used 2460K, capacity 2715K, committed 2816K, reserved 1048576K
}
Event: 26.758 GC heap before
{Heap before GC invocations=19 (full 0):
 garbage-first heap   total 229376K, used 154991K [0x00000000c0000000, 0x0000000100000000)
  region size 1024K, 11 young (11264K), 4 survivors (4096K)
 Metaspace       used 21884K, capacity 22540K, committed 22784K, reserved 1069056K
  class space    used 2515K, capacity 2794K, committed 2816K, reserved 1048576K
}
Event: 26.777 GC heap after
{Heap after GC invocations=20 (full 0):
 garbage-first heap   total 287744K, used 135117K [0x00000000c0000000, 0x0000000100000000)
  region size 1024K, 1 young (1024K), 1 survivors (1024K)
 Metaspace       used 21884K, capacity 22540K, committed 22784K, reserved 1069056K
  class space    used 2515K, capacity 2794K, committed 2816K, reserved 1048576K
}

Deoptimization events (20 events):
Event: 26.874 Thread 0x0000018b5bd07800 DEOPT PACKING pc=0x0000018b46f0be7e sp=0x0000008581efe930
Event: 26.874 Thread 0x0000018b5bd07800 DEOPT UNPACKING pc=0x0000018b4633a95e sp=0x0000008581efdda8 mode 0
Event: 26.916 Thread 0x0000018b5b80c800 DEOPT PACKING pc=0x0000018b46f0be7e sp=0x00000085816fe4e0
Event: 26.916 Thread 0x0000018b5b80c800 DEOPT UNPACKING pc=0x0000018b4633a95e sp=0x00000085816fd958 mode 0
Event: 26.943 Thread 0x0000018b5bd07800 DEOPT PACKING pc=0x0000018b46f58c9f sp=0x0000008581efe520
Event: 26.943 Thread 0x0000018b5bd07800 DEOPT UNPACKING pc=0x0000018b4633a95e sp=0x0000008581efd9b8 mode 0
Event: 26.954 Thread 0x0000018b5b80b800 DEOPT PACKING pc=0x0000018b46f0be7e sp=0x00000085815fe3d0
Event: 26.954 Thread 0x0000018b5b80b800 DEOPT UNPACKING pc=0x0000018b4633a95e sp=0x00000085815fd848 mode 0
Event: 26.980 Thread 0x0000018b5bd07800 Uncommon trap: trap_request=0xffffff4d fr.pc=0x0000018b4e00ecd8 relative=0x0000000000000df8
Event: 26.980 Thread 0x0000018b5bd07800 Uncommon trap: reason=unstable_if action=reinterpret pc=0x0000018b4e00ecd8 method=java.util.concurrent.ConcurrentHashMap.get(Ljava/lang/Object;)Ljava/lang/Object; @ 86 c2
Event: 26.980 Thread 0x0000018b5bd07800 DEOPT PACKING pc=0x0000018b4e00ecd8 sp=0x0000008581efe150
Event: 26.980 Thread 0x0000018b5bd07800 DEOPT UNPACKING pc=0x0000018b4633a1af sp=0x0000008581efe088 mode 2
Event: 27.078 Thread 0x0000018b5bd07800 Uncommon trap: trap_request=0xffffff4d fr.pc=0x0000018b4e01ab5c relative=0x000000000000009c
Event: 27.078 Thread 0x0000018b5bd07800 Uncommon trap: reason=unstable_if action=reinterpret pc=0x0000018b4e01ab5c method=com.android.tools.r8.ir.regalloc.b.b(I)I @ 12 c2
Event: 27.078 Thread 0x0000018b5bd07800 DEOPT PACKING pc=0x0000018b4e01ab5c sp=0x0000008581efe450
Event: 27.078 Thread 0x0000018b5bd07800 DEOPT UNPACKING pc=0x0000018b4633a1af sp=0x0000008581efe370 mode 2
Event: 27.082 Thread 0x0000018b5bd07800 Uncommon trap: trap_request=0xffffff4d fr.pc=0x0000018b4e0338f0 relative=0x0000000000001bf0
Event: 27.082 Thread 0x0000018b5bd07800 Uncommon trap: reason=unstable_if action=reinterpret pc=0x0000018b4e0338f0 method=com.android.tools.r8.ir.regalloc.b.b(Lcom/android/tools/r8/internal/t20;I)I @ 37 c2
Event: 27.082 Thread 0x0000018b5bd07800 DEOPT PACKING pc=0x0000018b4e0338f0 sp=0x0000008581efe410
Event: 27.082 Thread 0x0000018b5bd07800 DEOPT UNPACKING pc=0x0000018b4633a1af sp=0x0000008581efe398 mode 2

Classes redefined (0 events):
No events

Internal exceptions (20 events):
Event: 25.075 Thread 0x0000018b3db93000 Exception <a 'java/lang/NoSuchMethodError'{0x00000000cdb3c548}: 'java.lang.Object java.lang.invoke.DirectMethodHandle$Holder.invokeStaticInit(java.lang.Object, java.lang.Object, java.lang.Object)'> (0x00000000cdb3c548) thrown at [./src/hotspot/share/interpreter/linkResolver.cpp, line 773]
Event: 25.132 Thread 0x0000018b3db93000 Exception <a 'java/lang/NoSuchMethodError'{0x00000000cdbb8508}: 'java.lang.Object java.lang.invoke.DirectMethodHandle$Holder.invokeStatic(java.lang.Object, int, java.lang.Object, java.lang.Object)'> (0x00000000cdbb8508) thrown at [./src/hotspot/share/interpreter/linkResolver.cpp, line 773]
Event: 25.899 Thread 0x0000018b5bd08000 Exception <a 'java/lang/NoSuchMethodError'{0x00000000cda390a8}: 'int java.lang.invoke.DirectMethodHandle$Holder.invokeVirtual(java.lang.Object, java.lang.Object, java.lang.Object)'> (0x00000000cda390a8) thrown at [./src/hotspot/share/interpreter/linkResolver.cpp, line 773]
Event: 25.899 Thread 0x0000018b5b80b800 Exception <a 'java/lang/NoSuchMethodError'{0x00000000cda99b78}: 'int java.lang.invoke.DirectMethodHandle$Holder.invokeVirtual(java.lang.Object, java.lang.Object, java.lang.Object)'> (0x00000000cda99b78) thrown at [./src/hotspot/share/interpreter/linkResolver.cpp, line 773]
Event: 25.910 Thread 0x0000018b5bd08000 Exception <a 'java/lang/NoSuchMethodError'{0x00000000cd9c9c48}: 'java.lang.Object java.lang.invoke.Invokers$Holder.linkToTargetMethod(java.lang.Object, java.lang.Object, java.lang.Object, java.lang.Object, java.lang.Object, java.lang.Object, java.lang.Object)'> (0x00000000cd9c9c48) thrown at [./src/hotspot/share/interpreter/linkResolver.cpp, line 773]
Event: 25.945 Thread 0x0000018b5bd08000 Exception <a 'java/lang/NoSuchMethodError'{0x00000000cd9f0a40}: 'int java.lang.invoke.DirectMethodHandle$Holder.invokeSpecial(java.lang.Object, java.lang.Object, java.lang.Object, java.lang.Object, java.lang.Object)'> (0x00000000cd9f0a40) thrown at [./src/hotspot/share/interpreter/linkResolver.cpp, line 773]
Event: 25.945 Thread 0x0000018b5bd07800 Exception <a 'java/lang/NoSuchMethodError'{0x00000000cd91e140}: 'int java.lang.invoke.DirectMethodHandle$Holder.invokeSpecial(java.lang.Object, java.lang.Object, java.lang.Object, java.lang.Object, java.lang.Object)'> (0x00000000cd91e140) thrown at [./src/hotspot/share/interpreter/linkResolver.cpp, line 773]
Event: 25.947 Thread 0x0000018b5b80c800 Exception <a 'java/lang/NoSuchMethodError'{0x00000000cd82d650}: 'int java.lang.invoke.DirectMethodHandle$Holder.invokeSpecial(java.lang.Object, java.lang.Object, java.lang.Object, java.lang.Object, java.lang.Object)'> (0x00000000cd82d650) thrown at [./src/hotspot/share/interpreter/linkResolver.cpp, line 773]
Event: 25.981 Thread 0x0000018b5b80c800 Exception <a 'java/lang/IncompatibleClassChangeError'{0x00000000cd73e728}: Found class java.lang.Object, but interface was expected> (0x00000000cd73e728) thrown at [./src/hotspot/share/interpreter/linkResolver.cpp, line 839]
Event: 26.037 Thread 0x0000018b5bd08000 Exception <a 'java/lang/NoSuchMethodError'{0x00000000cd64a8e8}: 'java.lang.Object java.lang.invoke.Invokers$Holder.linkToTargetMethod(java.lang.Object, java.lang.Object, java.lang.Object, java.lang.Object, java.lang.Object, java.lang.Object)'> (0x00000000cd64a8e8) thrown at [./src/hotspot/share/interpreter/linkResolver.cpp, line 773]
Event: 26.037 Thread 0x0000018b5b80b800 Exception <a 'java/lang/NoSuchMethodError'{0x00000000cd7eff78}: 'java.lang.Object java.lang.invoke.Invokers$Holder.linkToTargetMethod(java.lang.Object, java.lang.Object, java.lang.Object, java.lang.Object, java.lang.Object, java.lang.Object)'> (0x00000000cd7eff78) thrown at [./src/hotspot/share/interpreter/linkResolver.cpp, line 773]
Event: 26.056 Thread 0x0000018b5b80c800 Exception <a 'java/lang/NoSuchMethodError'{0x00000000cd6a9290}: 'java.lang.Object java.lang.invoke.DirectMethodHandle$Holder.invokeSpecialIFC(java.lang.Object, java.lang.Object, java.lang.Object, java.lang.Object)'> (0x00000000cd6a9290) thrown at [./src/hotspot/share/interpreter/linkResolver.cpp, line 773]
Event: 26.119 Thread 0x0000018b5bd08000 Exception <a 'java/lang/NoSuchMethodError'{0x00000000cd5ad578}: 'java.lang.Object java.lang.invoke.DirectMethodHandle$Holder.invokeInterface(java.lang.Object, java.lang.Object, java.lang.Object)'> (0x00000000cd5ad578) thrown at [./src/hotspot/share/interpreter/linkResolver.cpp, line 773]
Event: 26.119 Thread 0x0000018b5b80b800 Exception <a 'java/lang/NoSuchMethodError'{0x00000000cd443e10}: 'java.lang.Object java.lang.invoke.DirectMethodHandle$Holder.invokeInterface(java.lang.Object, java.lang.Object, java.lang.Object)'> (0x00000000cd443e10) thrown at [./src/hotspot/share/interpreter/linkResolver.cpp, line 773]
Event: 26.119 Thread 0x0000018b5bd07800 Exception <a 'java/lang/NoSuchMethodError'{0x00000000cd463ad8}: 'java.lang.Object java.lang.invoke.DirectMethodHandle$Holder.invokeInterface(java.lang.Object, java.lang.Object, java.lang.Object)'> (0x00000000cd463ad8) thrown at [./src/hotspot/share/interpreter/linkResolver.cpp, line 773]
Event: 26.543 Thread 0x0000018b5bd07800 Exception <a 'java/lang/NoSuchMethodError'{0x00000000cc422d18}: 'java.lang.Object java.lang.invoke.DirectMethodHandle$Holder.invokeInterface(java.lang.Object, java.lang.Object, int)'> (0x00000000cc422d18) thrown at [./src/hotspot/share/interpreter/linkResolver.cpp, line 773]
Event: 26.726 Thread 0x0000018b5b80b800 Exception <a 'java/lang/NoSuchMethodError'{0x00000000cdbc0f30}: 'java.lang.Object java.lang.invoke.DirectMethodHandle$Holder.invokeStatic(java.lang.Object, java.lang.Object, java.lang.Object, java.lang.Object, int)'> (0x00000000cdbc0f30) thrown at [./src/hotspot/share/interpreter/linkResolver.cpp, line 773]
Event: 26.726 Thread 0x0000018b5b80b800 Exception <a 'java/lang/NoSuchMethodError'{0x00000000cdbe25b0}: 'java.lang.Object java.lang.invoke.DirectMethodHandle$Holder.invokeSpecial(java.lang.Object, java.lang.Object, java.lang.Object, java.lang.Object, java.lang.Object, int)'> (0x00000000cdbe25b0) thrown at [./src/hotspot/share/interpreter/linkResolver.cpp, line 773]
Event: 26.748 Thread 0x0000018b5bd08000 Exception <a 'java/lang/NoSuchMethodError'{0x00000000cd9191e8}: 'int java.lang.invoke.DirectMethodHandle$Holder.invokeStatic(java.lang.Object, java.lang.Object, int, java.lang.Object)'> (0x00000000cd9191e8) thrown at [./src/hotspot/share/interpreter/linkResolver.cpp, line 773]
Event: 26.750 Thread 0x0000018b5bd08000 Exception <a 'java/lang/NoSuchMethodError'{0x00000000cd92d6d8}: 'java.lang.Object java.lang.invoke.Invokers$Holder.linkToTargetMethod(java.lang.Object, int, java.lang.Object)'> (0x00000000cd92d6d8) thrown at [./src/hotspot/share/interpreter/linkResolver.cpp, line 773]

Events (20 events):
Event: 27.042 Executing VM operation: ICBufferFull done
Event: 27.095 loading class com/android/tools/r8/internal/vY
Event: 27.095 loading class com/android/tools/r8/internal/vY done
Event: 27.095 loading class com/android/tools/r8/internal/vY
Event: 27.095 loading class com/android/tools/r8/internal/vY done
Event: 27.095 loading class com/android/tools/r8/code/H0
Event: 27.095 loading class com/android/tools/r8/code/H0 done
Event: 27.095 loading class com/android/tools/r8/code/H0
Event: 27.095 loading class com/android/tools/r8/code/H0 done
Event: 27.096 loading class com/android/tools/r8/code/H0
Event: 27.096 loading class com/android/tools/r8/code/H0 done
Event: 27.096 loading class com/android/tools/r8/internal/vY
Event: 27.096 loading class com/android/tools/r8/internal/vY done
Event: 27.096 loading class com/android/tools/r8/code/H0
Event: 27.096 loading class com/android/tools/r8/code/H0 done
Event: 27.096 loading class com/android/tools/r8/code/H0
Event: 27.096 loading class com/android/tools/r8/code/H0 done
Event: 27.096 loading class com/android/tools/r8/code/H0
Event: 27.096 loading class com/android/tools/r8/code/H0 done
Event: 27.175 Executing VM operation: ICBufferFull


Dynamic libraries:
0x00007ff67cc00000 - 0x00007ff67cc0d000 	C:\Program Files\Microsoft\jdk-11.0.16.101-hotspot\bin\java.exe
0x00007ffe856b0000 - 0x00007ffe858a8000 	C:\WINDOWS\SYSTEM32\ntdll.dll
0x00007ffe837f0000 - 0x00007ffe838af000 	C:\WINDOWS\System32\KERNEL32.DLL
0x00007ffe830a0000 - 0x00007ffe8337a000 	C:\WINDOWS\System32\KERNELBASE.dll
0x00007ffe833d0000 - 0x00007ffe834d0000 	C:\WINDOWS\System32\ucrtbase.dll
0x00007ffe71760000 - 0x00007ffe71777000 	C:\Program Files\Microsoft\jdk-11.0.16.101-hotspot\bin\jli.dll
0x00007ffe71740000 - 0x00007ffe71755000 	C:\Program Files\Microsoft\jdk-11.0.16.101-hotspot\bin\VCRUNTIME140.dll
0x00007ffe83980000 - 0x00007ffe83b1d000 	C:\WINDOWS\System32\USER32.dll
0x00007ffe836e0000 - 0x00007ffe83702000 	C:\WINDOWS\System32\win32u.dll
0x00007ffe84950000 - 0x00007ffe8497b000 	C:\WINDOWS\System32\GDI32.dll
0x00007ffe6cdd0000 - 0x00007ffe6d06a000 	C:\WINDOWS\WinSxS\amd64_microsoft.windows.common-controls_6595b64144ccf1df_6.0.19041.1110_none_60b5254171f9507e\COMCTL32.dll
0x00007ffe82f90000 - 0x00007ffe830a0000 	C:\WINDOWS\System32\gdi32full.dll
0x00007ffe84be0000 - 0x00007ffe84c7e000 	C:\WINDOWS\System32\msvcrt.dll
0x00007ffe82e80000 - 0x00007ffe82f1d000 	C:\WINDOWS\System32\msvcp_win.dll
0x00007ffe84e10000 - 0x00007ffe84e40000 	C:\WINDOWS\System32\IMM32.DLL
0x00007ffdcf6c0000 - 0x00007ffdcf75b000 	C:\Program Files\Microsoft\jdk-11.0.16.101-hotspot\bin\msvcp140.dll
0x00007ffdab4d0000 - 0x00007ffdac05a000 	C:\Program Files\Microsoft\jdk-11.0.16.101-hotspot\bin\server\jvm.dll
0x00007ffe83b30000 - 0x00007ffe83bde000 	C:\WINDOWS\System32\ADVAPI32.dll
0x00007ffe84d70000 - 0x00007ffe84e0c000 	C:\WINDOWS\System32\sechost.dll
0x00007ffe84ab0000 - 0x00007ffe84bd6000 	C:\WINDOWS\System32\RPCRT4.dll
0x00007ffe84aa0000 - 0x00007ffe84aa8000 	C:\WINDOWS\System32\PSAPI.DLL
0x00007ffe766f0000 - 0x00007ffe766f9000 	C:\WINDOWS\SYSTEM32\WSOCK32.dll
0x00007ffe79440000 - 0x00007ffe79467000 	C:\WINDOWS\SYSTEM32\WINMM.dll
0x00007ffe79470000 - 0x00007ffe7947a000 	C:\WINDOWS\SYSTEM32\VERSION.dll
0x00007ffe848e0000 - 0x00007ffe8494b000 	C:\WINDOWS\System32\WS2_32.dll
0x00007ffe80c60000 - 0x00007ffe80c72000 	C:\WINDOWS\SYSTEM32\kernel.appcore.dll
0x00007ffe7eb30000 - 0x00007ffe7eb40000 	C:\Program Files\Microsoft\jdk-11.0.16.101-hotspot\bin\verify.dll
0x00007ffe7b9b0000 - 0x00007ffe7bb94000 	C:\WINDOWS\SYSTEM32\DBGHELP.DLL
0x00007ffe6e470000 - 0x00007ffe6e4a4000 	C:\WINDOWS\SYSTEM32\dbgcore.DLL
0x00007ffe82dc0000 - 0x00007ffe82e42000 	C:\WINDOWS\System32\bcryptPrimitives.dll
0x00007ffe71630000 - 0x00007ffe71658000 	C:\Program Files\Microsoft\jdk-11.0.16.101-hotspot\bin\java.dll
0x00007ffe7eae0000 - 0x00007ffe7eaea000 	C:\Program Files\Microsoft\jdk-11.0.16.101-hotspot\bin\jimage.dll
0x00007ffe71720000 - 0x00007ffe71738000 	C:\Program Files\Microsoft\jdk-11.0.16.101-hotspot\bin\zip.dll
0x00007ffe840c0000 - 0x00007ffe84804000 	C:\WINDOWS\System32\SHELL32.dll
0x00007ffe80e60000 - 0x00007ffe815f3000 	C:\WINDOWS\SYSTEM32\windows.storage.dll
0x00007ffe84e40000 - 0x00007ffe85194000 	C:\WINDOWS\System32\combase.dll
0x00007ffe82660000 - 0x00007ffe8268e000 	C:\WINDOWS\SYSTEM32\Wldp.dll
0x00007ffe84830000 - 0x00007ffe848dd000 	C:\WINDOWS\System32\SHCORE.dll
0x00007ffe851a0000 - 0x00007ffe851f5000 	C:\WINDOWS\System32\shlwapi.dll
0x00007ffe82d00000 - 0x00007ffe82d1f000 	C:\WINDOWS\SYSTEM32\profapi.dll
0x00007ffe71610000 - 0x00007ffe71629000 	C:\Program Files\Microsoft\jdk-11.0.16.101-hotspot\bin\net.dll
0x00007ffe7d590000 - 0x00007ffe7d69a000 	C:\WINDOWS\SYSTEM32\WINHTTP.dll
0x00007ffe82440000 - 0x00007ffe824aa000 	C:\WINDOWS\system32\mswsock.dll
0x00007ffe715f0000 - 0x00007ffe71603000 	C:\Program Files\Microsoft\jdk-11.0.16.101-hotspot\bin\nio.dll

dbghelp: loaded successfully - version: 4.0.5 - missing functions: none
symbol engine: initialized successfully - sym options: 0x614 - pdb path: .;C:\Program Files\Microsoft\jdk-11.0.16.101-hotspot\bin;C:\WINDOWS\SYSTEM32;C:\WINDOWS\WinSxS\amd64_microsoft.windows.common-controls_6595b64144ccf1df_6.0.19041.1110_none_60b5254171f9507e;C:\Program Files\Microsoft\jdk-11.0.16.101-hotspot\bin\server

VM Arguments:
jvm_args: -Xmx1G 
java_command: com.android.tools.r8.D8 --debug --min-api 21 --output obj\Debug\130\android\bin\ --lib C:\Program Files (x86)\Android\android-sdk\platforms\android-33\android.jar obj\Debug\130\android\bin\classes.zip C:\Program Files\Microsoft Visual Studio\2022\Community\Common7\IDE\ReferenceAssemblies\Microsoft\Framework\MonoAndroid\v13.0\mono.android.jar C:\Program Files\Microsoft Visual Studio\2022\Community\MSBuild\Xamarin\Android\java_runtime_fastdev.jar C:\Users\User\.nuget\packages\xamarin.google.guava.listenablefuture\1.0.0.2\buildTransitive\monoandroid50\guava-listenablefuture.jar C:\Users\User\.nuget\packages\xamarin.androidx.annotation\1.2.0.1\buildTransitive\monoandroid90\..\..\jar\androidx.annotation.annotation.jar C:\Users\User\.nuget\packages\xamarin.androidx.collection\1.1.0.8\buildTransitive\monoandroid90\..\..\jar\androidx.collection.collection.jar C:\Users\User\.nuget\packages\xamarin.androidx.lifecycle.common\2.3.1.1\buildTransitive\monoandroid90\..\..\jar\androidx.lifecycle.lifecycle-common.jar C:\Users\User\.nuget\packages\xamarin.androidx.arch.core.common\2.1.0.9\buildTransitive\monoandroid90\..\..\jar\androidx.arch.core.core-common.jar C:\Users\User\.nuget\packages\xamarin.androidx.constraintlayout.core\1.0.0\buildTransitive\monoandroid90\..\..\jar\androidx.constraintlayout.constraintlayout-core.jar C:\Users\User\.nuget\packages\xamarin.androidx.concurrent.futures\1.1.0.3\buildTransitive\monoandroid90\..\..\jar\androidx.concurrent.concurrent-futures.jar obj\Debug\130\lp\0\jl\formsviewgroup.jar obj\Debug\130\lp\100\jl\classes.jar obj\Debug\130\lp\101\jl\classes.jar obj\Debug\130\lp\102\jl\classes.jar obj\Debug\130\lp\103\jl\classes.jar obj\Debug\130\lp\105\jl\classes.jar obj\Debug\130\lp\60\jl\classes.jar obj\Debug\130\lp\61\jl\classes.jar obj\Debug\130\lp\62\jl\classes.jar obj\Debug\130\lp\63\jl\classes.jar obj\Debug\130\lp\64\jl\classes.jar obj\Debug\130\lp\65\jl\classes.jar obj\Debug\130\lp\66\jl\classes.jar obj\Debug\130\lp\67\jl\classes.
java_class_path (initial): C:\Program Files\Microsoft Visual Studio\2022\Community\MSBuild\Xamarin\Android\r8.jar
Launcher Type: SUN_STANDARD

[Global flags]
     intx CICompilerCount                          = 4                                         {product} {ergonomic}
     uint ConcGCThreads                            = 2                                         {product} {ergonomic}
     uint G1ConcRefinementThreads                  = 8                                         {product} {ergonomic}
   size_t G1HeapRegionSize                         = 1048576                                   {product} {ergonomic}
    uintx GCDrainStackTargetSize                   = 64                                        {product} {ergonomic}
   size_t InitialHeapSize                          = 234881024                                 {product} {ergonomic}
   size_t MarkStackSize                            = 4194304                                   {product} {ergonomic}
   size_t MaxHeapSize                              = 1073741824                                {product} {command line}
   size_t MaxNewSize                               = 643825664                                 {product} {ergonomic}
   size_t MinHeapDeltaBytes                        = 1048576                                   {product} {ergonomic}
    uintx NonNMethodCodeHeapSize                   = 5836300                                {pd product} {ergonomic}
    uintx NonProfiledCodeHeapSize                  = 122910970                              {pd product} {ergonomic}
    uintx ProfiledCodeHeapSize                     = 122910970                              {pd product} {ergonomic}
    uintx ReservedCodeCacheSize                    = 251658240                              {pd product} {ergonomic}
     bool SegmentedCodeCache                       = true                                      {product} {ergonomic}
     bool UseCompressedClassPointers               = true                                 {lp64_product} {ergonomic}
     bool UseCompressedOops                        = true                                 {lp64_product} {ergonomic}
     bool UseG1GC                                  = true                                      {product} {ergonomic}
     bool UseLargePagesIndividualAllocation        = false                                  {pd product} {ergonomic}

Logging:
Log output configuration:
 #0: stdout all=warning uptime,level,tags
 #1: stderr all=off uptime,level,tags

Environment Variables:
PATH=C:\Program Files\Microsoft\jdk-11.0.16.101-hotspot\bin;C:\Program Files\Common Files\Oracle\Java\javapath;C:\ProgramData\Oracle\Java\javapath;C:\Users\User\AppData\Local\Programs\Python\Python39\Scripts\;C:\Users\User\AppData\Local\Programs\Python\Python39\;C:\Program Files (x86)\Common Files\Oracle\Java\javapath;C:\Program Files\Python39\Scripts\;C:\Program Files\Python39\;C:\WINDOWS\system32;C:\WINDOWS;C:\WINDOWS\System32\Wbem;C:\WINDOWS\System32\WindowsPowerShell\v1.0\;C:\WINDOWS\System32\OpenSSH\;C:\Program Files\Microsoft SQL Server\Client SDK\ODBC\130\Tools\Binn\;C:\Program Files\Azure Data Studio\bin;C:\Program Files (x86)\Rational\common;C:\Program Files\Microsoft SQL Server\Client SDK\ODBC\170\Tools\Binn\;C:\Program Files (x86)\Microsoft SQL Server\150\Tools\Binn\;C:\Program Files\Microsoft SQL Server\150\Tools\Binn\;C:\Program Files\Microsoft SQL Server\150\DTS\Binn\;C:\Program Files\Microsoft SQL Server\130\Tools\Binn\;C:\Program Files (x86)\Microsoft SQL Server\160\DTS\Binn\;C:\xampp\php;C:\ProgramData\ComposerSetup\bin;C:\Program Files\Git\cmd;C:\Program Files\dotnet\;C:\Program Files\MySQL\MySQL Shell 8.0\bin\;C:\Users\User\AppData\Local\Microsoft\WindowsApps;;C:\Program Files\Azure Data Studio\bin;C:\Users\User\AppData\Local\Programs\Microsoft VS Code\bin;C:\Users\User\AppData\Roaming\Composer\vendor\bin;C:\Users\User\.dotnet\tools
USERNAME=User
OS=Windows_NT
PROCESSOR_IDENTIFIER=AMD64 Family 23 Model 24 Stepping 1, AuthenticAMD
TMP=C:\Users\User\AppData\Local\Temp
TEMP=C:\Users\User\AppData\Local\Temp



---------------  S Y S T E M  ---------------

OS: Windows 10 , 64 bit Build 19041 (10.0.19041.2788)
OS uptime: 0 days 4:39 hours
Hyper-V role detected

CPU:total 8 (initial active 8) (8 cores per cpu, 2 threads per core) family 23 model 24 stepping 1 microcode 0x0, cmov, cx8, fxsr, mmx, sse, sse2, sse3, ssse3, sse4.1, sse4.2, popcnt, avx, avx2, aes, clmul, mmxext, 3dnowpref, lzcnt, sse4a, ht, tsc, tscinvbit, tscinv, bmi1, bmi2, adx, sha, fma

Memory: 4k page, system-wide physical 14277M (2340M free)
TotalPageFile size 16325M (AvailPageFile size 5M)
current process WorkingSet (physical memory assigned to process): 376M, peak: 376M
current process commit charge ("private bytes"): 449M, peak: 450M

vm_info: OpenJDK 64-Bit Server VM (11.0.16.1+1-LTS) for windows-amd64 JRE (11.0.16.1+1-LTS), built on Aug 20 2022 20:09:04 by "" with MS VC++ 15.9 (VS2017)

END.
