#
# There is insufficient memory for the Java Runtime Environment to continue.
# Native memory allocation (mmap) failed to map 132120576 bytes for Failed to commit area from 0x000000072ee00000 to 0x0000000736c00000 of length 132120576.
# Possible reasons:
#   The system is out of physical RAM or swap space
#   The process is running with CompressedOops enabled, and the Java Heap may be blocking the growth of the native heap
# Possible solutions:
#   Reduce memory load on the system
#   Increase physical memory or swap space
#   Check if swap backing store is full
#   Decrease Java heap size (-Xmx/-Xms)
#   Decrease number of Java threads
#   Decrease Java thread stack sizes (-Xss)
#   Set larger code cache with -XX:ReservedCodeCacheSize=
#   JVM is running with Zero Based Compressed Oops mode in which the Java heap is
#     placed in the first 32GB address space. The Java Heap base address is the
#     maximum limit for the native heap growth. Please use -XX:HeapBaseMinAddress
#     to set the Java Heap base and to place the Java Heap above 32GB virtual address.
# This output file may be truncated or incomplete.
#
#  Out of Memory Error (./src/hotspot/os/windows/os_windows.cpp:3386), pid=19464, tid=14864
#
# JRE version: OpenJDK Runtime Environment Microsoft-40648 (11.0.16.1+1) (build 11.0.16.1+1-LTS)
# Java VM: OpenJDK 64-Bit Server VM Microsoft-40648 (11.0.16.1+1-LTS, mixed mode, tiered, compressed oops, g1 gc, windows-amd64)
# No core dump will be written. Minidumps are not enabled by default on client versions of Windows
#

---------------  S U M M A R Y ------------

Command Line: com.xamarin.manifestmerger.Main obj\Debug\130\android\manifestmerger.rsp

Host: AMD Ryzen 5 3400G with Radeon Vega Graphics    , 8 cores, 13G,  Windows 10 , 64 bit Build 19041 (10.0.19041.2788)
Time: Tue May  2 16:39:57 2023 Hora est. Pacífico, Sudamérica elapsed time: 0.923300 seconds (0d 0h 0m 0s)

---------------  T H R E A D  ---------------

Current thread (0x0000026b7f41c800):  VMThread "VM Thread" [stack: 0x000000b528f00000,0x000000b529000000] [id=14864]

Stack: [0x000000b528f00000,0x000000b529000000]
[error occurred during error reporting (printing stack bounds), id 0xc0000005, EXCEPTION_ACCESS_VIOLATION (0xc0000005) at pc=0x0000026b0000112d]

Native frames: (J=compiled Java code, j=interpreted, Vv=VM code, C=native code)
V  [jvm.dll+0x62652a]
V  [jvm.dll+0x7b3249]
V  [jvm.dll+0x7b4938]
V  [jvm.dll+0x7b4f75]
V  [jvm.dll+0x7b4f2b]
V  [jvm.dll+0x6258b7]
V  [jvm.dll+0x625fc8]
C  [ntdll.dll+0xa23df]
C  [ntdll.dll+0x514a4]
C  [ntdll.dll+0xa0f0e]
C  0x0000026b0000112d

VM_Operation (0x000000b5289fbba0): G1CollectForAllocation, mode: safepoint, requested by thread 0x0000026b7291d000


---------------  P R O C E S S  ---------------

Threads class SMR info:
_java_thread_list=0x0000026b16213890, length=12, elements={
0x0000026b7291d000, 0x0000026b7f41d000, 0x0000026b7f426800, 0x0000026b1607d800,
0x0000026b16027800, 0x0000026b16029800, 0x0000026b1607f000, 0x0000026b1608c000,
0x0000026b160be000, 0x0000026b16215000, 0x0000026b16213000, 0x0000026b16214000
}

Java Threads: ( => current thread )
  0x0000026b7291d000 JavaThread "main" [_thread_blocked, id=7264, stack(0x000000b528900000,0x000000b528a00000)]
  0x0000026b7f41d000 JavaThread "Reference Handler" daemon [_thread_blocked, id=7244, stack(0x000000b529000000,0x000000b529100000)]
  0x0000026b7f426800 JavaThread "Finalizer" daemon [_thread_blocked, id=19364, stack(0x000000b529100000,0x000000b529200000)]
  0x0000026b1607d800 JavaThread "Signal Dispatcher" daemon [_thread_blocked, id=8324, stack(0x000000b529200000,0x000000b529300000)]
  0x0000026b16027800 JavaThread "Attach Listener" daemon [_thread_blocked, id=3556, stack(0x000000b529300000,0x000000b529400000)]
  0x0000026b16029800 JavaThread "Service Thread" daemon [_thread_blocked, id=20208, stack(0x000000b529400000,0x000000b529500000)]
  0x0000026b1607f000 JavaThread "C2 CompilerThread0" daemon [_thread_blocked, id=14716, stack(0x000000b529500000,0x000000b529600000)]
  0x0000026b1608c000 JavaThread "C1 CompilerThread0" daemon [_thread_blocked, id=8248, stack(0x000000b529600000,0x000000b529700000)]
  0x0000026b160be000 JavaThread "Sweeper thread" daemon [_thread_blocked, id=19356, stack(0x000000b529700000,0x000000b529800000)]
  0x0000026b16215000 JavaThread "Common-Cleaner" daemon [_thread_blocked, id=14408, stack(0x000000b529900000,0x000000b529a00000)]
  0x0000026b16213000 JavaThread "C2 CompilerThread1" daemon [_thread_in_native, id=3620, stack(0x000000b529a00000,0x000000b529b00000)]
  0x0000026b16214000 JavaThread "C2 CompilerThread2" daemon [_thread_blocked, id=15112, stack(0x000000b529b00000,0x000000b529c00000)]

Other Threads:
=>0x0000026b7f41c800 VMThread "VM Thread" [stack: 0x000000b528f00000,0x000000b529000000] [id=14864]
  0x0000026b1620b000 WatcherThread [stack: 0x000000b529800000,0x000000b529900000] [id=6868]
  0x0000026b72933800 GCTaskThread "GC Thread#0" [stack: 0x000000b528a00000,0x000000b528b00000] [id=3724]
  0x0000026b16308000 GCTaskThread "GC Thread#1" [stack: 0x000000b529c00000,0x000000b529d00000] [id=15340]
  0x0000026b1674a800 GCTaskThread "GC Thread#2" [stack: 0x000000b529d00000,0x000000b529e00000] [id=2232]
  0x0000026b16250000 GCTaskThread "GC Thread#3" [stack: 0x000000b529e00000,0x000000b529f00000] [id=12548]
  0x0000026b1635e800 GCTaskThread "GC Thread#4" [stack: 0x000000b529f00000,0x000000b52a000000] [id=9620]
  0x0000026b72986000 ConcurrentGCThread "G1 Main Marker" [stack: 0x000000b528b00000,0x000000b528c00000] [id=19100]
  0x0000026b72987800 ConcurrentGCThread "G1 Conc#0" [stack: 0x000000b528c00000,0x000000b528d00000] [id=8320]
  0x0000026b7f2e0000 ConcurrentGCThread "G1 Refine#0" [stack: 0x000000b528d00000,0x000000b528e00000] [id=5892]
  0x0000026b16481000 ConcurrentGCThread "G1 Refine#1" [stack: 0x000000b52a000000,0x000000b52a100000] [id=9856]
  0x0000026b16836000 ConcurrentGCThread "G1 Refine#2" [stack: 0x000000b52a100000,0x000000b52a200000] [id=8540]
  0x0000026b16707000 ConcurrentGCThread "G1 Refine#3" [stack: 0x000000b52a200000,0x000000b52a300000] [id=17212]
  0x0000026b16707800 ConcurrentGCThread "G1 Refine#4" [stack: 0x000000b52a300000,0x000000b52a400000] [id=7996]
  0x0000026b16708800 ConcurrentGCThread "G1 Refine#5" [stack: 0x000000b52a400000,0x000000b52a500000] [id=18824]
  0x0000026b165e7800 ConcurrentGCThread "G1 Refine#6" [stack: 0x000000b52a500000,0x000000b52a600000] [id=2396]
  0x0000026b7f2e1000 ConcurrentGCThread "G1 Young RemSet Sampling" [stack: 0x000000b528e00000,0x000000b528f00000] [id=18584]

Threads with active compile tasks:
C2 CompilerThread0      948  901       4       java.util.jar.Manifest::read (340 bytes)
C2 CompilerThread1      948  903       4       sun.security.util.ManifestDigester::<init> (390 bytes)

VM state:at safepoint (normal execution)

VM Mutex/Monitor currently owned by a thread:  ([mutex/lock_event])
[0x0000026b72918fd0] Threads_lock - owner thread: 0x0000026b7f41c800
[0x0000026b72918880] Heap_lock - owner thread: 0x0000026b7291d000

Heap address: 0x0000000720e00000, size: 3570 MB, Compressed Oops mode: Zero based, Oop shift amount: 3
Narrow klass base: 0x0000000800000000, Narrow klass shift: 0
Compressed class space size: 1073741824 Address: 0x0000000800000000

Heap:
 garbage-first heap   total 358400K, used 70596K [0x0000000720e00000, 0x0000000800000000)
  region size 1024K, 8 young (8192K), 8 survivors (8192K)
 Metaspace       used 10171K, capacity 10353K, committed 10496K, reserved 1058816K
  class space    used 940K, capacity 983K, committed 1024K, reserved 1048576K
Heap Regions: E=young(eden), S=young(survivor), O=old, HS=humongous(starts), HC=humongous(continues), CS=collection set, F=free, A=archive, TAMS=top-at-mark-start (previous, next)
|   0|0x0000000720e00000, 0x0000000720f00000, 0x0000000720f00000|100%|HS|  |TAMS 0x0000000720e00000, 0x0000000720e00000| Complete 
|   1|0x0000000720f00000, 0x0000000721000000, 0x0000000721000000|100%|HC|  |TAMS 0x0000000720f00000, 0x0000000720f00000| Complete 
|   2|0x0000000721000000, 0x0000000721100000, 0x0000000721100000|100%|HC|  |TAMS 0x0000000721000000, 0x0000000721000000| Complete 
|   3|0x0000000721100000, 0x0000000721200000, 0x0000000721200000|100%| O|  |TAMS 0x0000000721100000, 0x0000000721100000| Untracked 
|   4|0x0000000721200000, 0x0000000721300000, 0x0000000721300000|100%| O|  |TAMS 0x0000000721200000, 0x0000000721200000| Untracked 
|   5|0x0000000721300000, 0x0000000721400000, 0x0000000721400000|100%| O|  |TAMS 0x0000000721300000, 0x0000000721300000| Untracked 
|   6|0x0000000721400000, 0x0000000721500000, 0x0000000721500000|100%|HS|  |TAMS 0x0000000721400000, 0x0000000721400000| Complete 
|   7|0x0000000721500000, 0x0000000721600000, 0x0000000721600000|100%|HC|  |TAMS 0x0000000721500000, 0x0000000721500000| Complete 
|   8|0x0000000721600000, 0x0000000721700000, 0x0000000721700000|100%|HC|  |TAMS 0x0000000721600000, 0x0000000721600000| Complete 
|   9|0x0000000721700000, 0x0000000721800000, 0x0000000721800000|100%|HS|  |TAMS 0x0000000721700000, 0x0000000721700000| Complete 
|  10|0x0000000721800000, 0x0000000721900000, 0x0000000721900000|100%|HC|  |TAMS 0x0000000721800000, 0x0000000721800000| Complete 
|  11|0x0000000721900000, 0x0000000721a00000, 0x0000000721a00000|100%|HC|  |TAMS 0x0000000721900000, 0x0000000721900000| Complete 
|  12|0x0000000721a00000, 0x0000000721b00000, 0x0000000721b00000|100%| O|  |TAMS 0x0000000721a00000, 0x0000000721a00000| Untracked 
|  13|0x0000000721b00000, 0x0000000721c00000, 0x0000000721c00000|100%| O|  |TAMS 0x0000000721b00000, 0x0000000721b00000| Untracked 
|  14|0x0000000721c00000, 0x0000000721d00000, 0x0000000721d00000|100%| O|  |TAMS 0x0000000721c00000, 0x0000000721c00000| Untracked 
|  15|0x0000000721d00000, 0x0000000721e00000, 0x0000000721e00000|100%| O|  |TAMS 0x0000000721d00000, 0x0000000721d00000| Untracked 
|  16|0x0000000721e00000, 0x0000000721f00000, 0x0000000721f00000|100%| O|  |TAMS 0x0000000721e00000, 0x0000000721e00000| Untracked 
|  17|0x0000000721f00000, 0x0000000722000000, 0x0000000722000000|100%| O|  |TAMS 0x0000000721f00000, 0x0000000721f00000| Untracked 
|  18|0x0000000722000000, 0x0000000722100000, 0x0000000722100000|100%| O|  |TAMS 0x0000000722000000, 0x0000000722000000| Untracked 
|  19|0x0000000722100000, 0x0000000722200000, 0x0000000722200000|100%| O|  |TAMS 0x0000000722100000, 0x0000000722100000| Untracked 
|  20|0x0000000722200000, 0x0000000722300000, 0x0000000722300000|100%|HS|  |TAMS 0x0000000722200000, 0x0000000722200000| Complete 
|  21|0x0000000722300000, 0x0000000722400000, 0x0000000722400000|100%|HC|  |TAMS 0x0000000722300000, 0x0000000722300000| Complete 
|  22|0x0000000722400000, 0x0000000722500000, 0x0000000722500000|100%|HC|  |TAMS 0x0000000722400000, 0x0000000722400000| Complete 
|  23|0x0000000722500000, 0x0000000722600000, 0x0000000722600000|100%| O|  |TAMS 0x0000000722500000, 0x0000000722500000| Untracked 
|  24|0x0000000722600000, 0x0000000722700000, 0x0000000722700000|100%| O|  |TAMS 0x0000000722600000, 0x0000000722600000| Untracked 
|  25|0x0000000722700000, 0x0000000722800000, 0x0000000722800000|100%| O|  |TAMS 0x0000000722700000, 0x0000000722700000| Untracked 
|  26|0x0000000722800000, 0x0000000722900000, 0x0000000722900000|100%| O|  |TAMS 0x0000000722800000, 0x0000000722800000| Untracked 
|  27|0x0000000722900000, 0x0000000722a00000, 0x0000000722a00000|100%| O|  |TAMS 0x0000000722900000, 0x0000000722900000| Untracked 
|  28|0x0000000722a00000, 0x0000000722b00000, 0x0000000722b00000|100%| O|  |TAMS 0x0000000722a00000, 0x0000000722a00000| Untracked 
|  29|0x0000000722b00000, 0x0000000722c00000, 0x0000000722c00000|100%| O|  |TAMS 0x0000000722b00000, 0x0000000722b00000| Untracked 
|  30|0x0000000722c00000, 0x0000000722c00000, 0x0000000722d00000|  0%| F|  |TAMS 0x0000000722c00000, 0x0000000722c00000| Untracked 
|  31|0x0000000722d00000, 0x0000000722d00000, 0x0000000722e00000|  0%| F|  |TAMS 0x0000000722d00000, 0x0000000722d00000| Untracked 
|  32|0x0000000722e00000, 0x0000000722e00000, 0x0000000722f00000|  0%| F|  |TAMS 0x0000000722e00000, 0x0000000722e00000| Untracked 
|  33|0x0000000722f00000, 0x0000000723000000, 0x0000000723000000|100%|HS|  |TAMS 0x0000000722f00000, 0x0000000722f00000| Complete 
|  34|0x0000000723000000, 0x0000000723100000, 0x0000000723100000|100%|HC|  |TAMS 0x0000000723000000, 0x0000000723000000| Complete 
|  35|0x0000000723100000, 0x0000000723200000, 0x0000000723200000|100%|HC|  |TAMS 0x0000000723100000, 0x0000000723100000| Complete 
|  36|0x0000000723200000, 0x0000000723300000, 0x0000000723300000|100%|HS|  |TAMS 0x0000000723200000, 0x0000000723200000| Complete 
|  37|0x0000000723300000, 0x0000000723400000, 0x0000000723400000|100%|HC|  |TAMS 0x0000000723300000, 0x0000000723300000| Complete 
|  38|0x0000000723400000, 0x0000000723500000, 0x0000000723500000|100%|HC|  |TAMS 0x0000000723400000, 0x0000000723400000| Complete 
|  39|0x0000000723500000, 0x0000000723500000, 0x0000000723600000|  0%| F|  |TAMS 0x0000000723500000, 0x0000000723500000| Untracked 
|  40|0x0000000723600000, 0x0000000723600000, 0x0000000723700000|  0%| F|  |TAMS 0x0000000723600000, 0x0000000723600000| Untracked 
|  41|0x0000000723700000, 0x0000000723700000, 0x0000000723800000|  0%| F|  |TAMS 0x0000000723700000, 0x0000000723700000| Untracked 
|  42|0x0000000723800000, 0x0000000723800000, 0x0000000723900000|  0%| F|  |TAMS 0x0000000723800000, 0x0000000723800000| Untracked 
|  43|0x0000000723900000, 0x0000000723900000, 0x0000000723a00000|  0%| F|  |TAMS 0x0000000723900000, 0x0000000723900000| Untracked 
|  44|0x0000000723a00000, 0x0000000723a00000, 0x0000000723b00000|  0%| F|  |TAMS 0x0000000723a00000, 0x0000000723a00000| Untracked 
|  45|0x0000000723b00000, 0x0000000723b00000, 0x0000000723c00000|  0%| F|  |TAMS 0x0000000723b00000, 0x0000000723b00000| Untracked 
|  46|0x0000000723c00000, 0x0000000723c00000, 0x0000000723d00000|  0%| F|  |TAMS 0x0000000723c00000, 0x0000000723c00000| Untracked 
|  47|0x0000000723d00000, 0x0000000723d00000, 0x0000000723e00000|  0%| F|  |TAMS 0x0000000723d00000, 0x0000000723d00000| Untracked 
|  48|0x0000000723e00000, 0x0000000723f00000, 0x0000000723f00000|100%| O|  |TAMS 0x0000000723e00000, 0x0000000723e00000| Untracked 
|  49|0x0000000723f00000, 0x0000000724000000, 0x0000000724000000|100%| O|  |TAMS 0x0000000723f00000, 0x0000000723f00000| Untracked 
|  50|0x0000000724000000, 0x0000000724100000, 0x0000000724100000|100%| O|  |TAMS 0x0000000724000000, 0x0000000724000000| Untracked 
|  51|0x0000000724100000, 0x0000000724200000, 0x0000000724200000|100%| O|  |TAMS 0x0000000724100000, 0x0000000724100000| Untracked 
|  52|0x0000000724200000, 0x0000000724300000, 0x0000000724300000|100%| O|  |TAMS 0x0000000724200000, 0x0000000724200000| Untracked 
|  53|0x0000000724300000, 0x0000000724400000, 0x0000000724400000|100%| O|  |TAMS 0x0000000724300000, 0x0000000724300000| Untracked 
|  54|0x0000000724400000, 0x0000000724500000, 0x0000000724500000|100%| O|  |TAMS 0x0000000724400000, 0x0000000724400000| Untracked 
|  55|0x0000000724500000, 0x0000000724600000, 0x0000000724600000|100%| O|  |TAMS 0x0000000724500000, 0x0000000724500000| Untracked 
|  56|0x0000000724600000, 0x0000000724700000, 0x0000000724700000|100%| O|  |TAMS 0x0000000724600000, 0x0000000724600000| Untracked 
|  57|0x0000000724700000, 0x0000000724700000, 0x0000000724800000|  0%| F|  |TAMS 0x0000000724700000, 0x0000000724700000| Untracked 
|  58|0x0000000724800000, 0x0000000724800000, 0x0000000724900000|  0%| F|  |TAMS 0x0000000724800000, 0x0000000724800000| Untracked 
|  59|0x0000000724900000, 0x0000000724900000, 0x0000000724a00000|  0%| F|  |TAMS 0x0000000724900000, 0x0000000724900000| Untracked 
|  60|0x0000000724a00000, 0x0000000724b00000, 0x0000000724b00000|100%|HS|  |TAMS 0x0000000724a00000, 0x0000000724a00000| Complete 
|  61|0x0000000724b00000, 0x0000000724c00000, 0x0000000724c00000|100%|HC|  |TAMS 0x0000000724b00000, 0x0000000724b00000| Complete 
|  62|0x0000000724c00000, 0x0000000724d00000, 0x0000000724d00000|100%|HC|  |TAMS 0x0000000724c00000, 0x0000000724c00000| Complete 
|  63|0x0000000724d00000, 0x0000000724e00000, 0x0000000724e00000|100%|HS|  |TAMS 0x0000000724d00000, 0x0000000724d00000| Complete 
|  64|0x0000000724e00000, 0x0000000724f00000, 0x0000000724f00000|100%|HC|  |TAMS 0x0000000724e00000, 0x0000000724e00000| Complete 
|  65|0x0000000724f00000, 0x0000000725000000, 0x0000000725000000|100%|HC|  |TAMS 0x0000000724f00000, 0x0000000724f00000| Complete 
|  66|0x0000000725000000, 0x0000000725100000, 0x0000000725100000|100%| O|  |TAMS 0x0000000725000000, 0x0000000725000000| Untracked 
|  67|0x0000000725100000, 0x0000000725200000, 0x0000000725200000|100%| O|  |TAMS 0x0000000725100000, 0x0000000725100000| Untracked 
|  68|0x0000000725200000, 0x0000000725300000, 0x0000000725300000|100%| O|  |TAMS 0x0000000725200000, 0x0000000725200000| Untracked 
|  69|0x0000000725300000, 0x0000000725400000, 0x0000000725400000|100%| O|  |TAMS 0x0000000725300000, 0x0000000725300000| Untracked 
|  70|0x0000000725400000, 0x0000000725500000, 0x0000000725500000|100%| O|  |TAMS 0x0000000725400000, 0x0000000725400000| Untracked 
|  71|0x0000000725500000, 0x0000000725600000, 0x0000000725600000|100%| O|  |TAMS 0x0000000725500000, 0x0000000725500000| Untracked 
|  72|0x0000000725600000, 0x0000000725700000, 0x0000000725700000|100%| O|  |TAMS 0x0000000725600000, 0x0000000725600000| Untracked 
|  73|0x0000000725700000, 0x0000000725800000, 0x0000000725800000|100%| O|  |TAMS 0x0000000725700000, 0x0000000725700000| Untracked 
|  74|0x0000000725800000, 0x0000000725900000, 0x0000000725900000|100%| O|  |TAMS 0x0000000725800000, 0x0000000725800000| Untracked 
|  75|0x0000000725900000, 0x00000007259f1000, 0x0000000725a00000| 94%| O|  |TAMS 0x0000000725900000, 0x0000000725900000| Untracked 
|  76|0x0000000725a00000, 0x0000000725a00000, 0x0000000725b00000|  0%| F|  |TAMS 0x0000000725a00000, 0x0000000725a00000| Untracked 
|  77|0x0000000725b00000, 0x0000000725b00000, 0x0000000725c00000|  0%| F|  |TAMS 0x0000000725b00000, 0x0000000725b00000| Untracked 
|  78|0x0000000725c00000, 0x0000000725c00000, 0x0000000725d00000|  0%| F|  |TAMS 0x0000000725c00000, 0x0000000725c00000| Untracked 
|  79|0x0000000725d00000, 0x0000000725d00000, 0x0000000725e00000|  0%| F|  |TAMS 0x0000000725d00000, 0x0000000725d00000| Untracked 
|  80|0x0000000725e00000, 0x0000000725e00000, 0x0000000725f00000|  0%| F|  |TAMS 0x0000000725e00000, 0x0000000725e00000| Untracked 
|  81|0x0000000725f00000, 0x0000000725f00000, 0x0000000726000000|  0%| F|  |TAMS 0x0000000725f00000, 0x0000000725f00000| Untracked 
|  82|0x0000000726000000, 0x0000000726000000, 0x0000000726100000|  0%| F|  |TAMS 0x0000000726000000, 0x0000000726000000| Untracked 
|  83|0x0000000726100000, 0x0000000726100000, 0x0000000726200000|  0%| F|  |TAMS 0x0000000726100000, 0x0000000726100000| Untracked 
|  84|0x0000000726200000, 0x0000000726200000, 0x0000000726300000|  0%| F|  |TAMS 0x0000000726200000, 0x0000000726200000| Untracked 
|  85|0x0000000726300000, 0x0000000726300000, 0x0000000726400000|  0%| F|  |TAMS 0x0000000726300000, 0x0000000726300000| Untracked 
|  86|0x0000000726400000, 0x0000000726400000, 0x0000000726500000|  0%| F|  |TAMS 0x0000000726400000, 0x0000000726400000| Untracked 
|  87|0x0000000726500000, 0x0000000726500000, 0x0000000726600000|  0%| F|  |TAMS 0x0000000726500000, 0x0000000726500000| Untracked 
|  88|0x0000000726600000, 0x0000000726600000, 0x0000000726700000|  0%| F|  |TAMS 0x0000000726600000, 0x0000000726600000| Untracked 
|  89|0x0000000726700000, 0x0000000726700000, 0x0000000726800000|  0%| F|  |TAMS 0x0000000726700000, 0x0000000726700000| Untracked 
|  90|0x0000000726800000, 0x0000000726800000, 0x0000000726900000|  0%| F|  |TAMS 0x0000000726800000, 0x0000000726800000| Untracked 
|  91|0x0000000726900000, 0x0000000726900000, 0x0000000726a00000|  0%| F|  |TAMS 0x0000000726900000, 0x0000000726900000| Untracked 
|  92|0x0000000726a00000, 0x0000000726a00000, 0x0000000726b00000|  0%| F|  |TAMS 0x0000000726a00000, 0x0000000726a00000| Untracked 
|  93|0x0000000726b00000, 0x0000000726b00000, 0x0000000726c00000|  0%| F|  |TAMS 0x0000000726b00000, 0x0000000726b00000| Untracked 
|  94|0x0000000726c00000, 0x0000000726c00000, 0x0000000726d00000|  0%| F|  |TAMS 0x0000000726c00000, 0x0000000726c00000| Untracked 
|  95|0x0000000726d00000, 0x0000000726d00000, 0x0000000726e00000|  0%| F|  |TAMS 0x0000000726d00000, 0x0000000726d00000| Untracked 
|  96|0x0000000726e00000, 0x0000000726e00000, 0x0000000726f00000|  0%| F|  |TAMS 0x0000000726e00000, 0x0000000726e00000| Untracked 
|  97|0x0000000726f00000, 0x0000000726f00000, 0x0000000727000000|  0%| F|  |TAMS 0x0000000726f00000, 0x0000000726f00000| Untracked 
|  98|0x0000000727000000, 0x0000000727000000, 0x0000000727100000|  0%| F|  |TAMS 0x0000000727000000, 0x0000000727000000| Untracked 
|  99|0x0000000727100000, 0x0000000727100000, 0x0000000727200000|  0%| F|  |TAMS 0x0000000727100000, 0x0000000727100000| Untracked 
| 100|0x0000000727200000, 0x0000000727200000, 0x0000000727300000|  0%| F|  |TAMS 0x0000000727200000, 0x0000000727200000| Untracked 
| 101|0x0000000727300000, 0x0000000727300000, 0x0000000727400000|  0%| F|  |TAMS 0x0000000727300000, 0x0000000727300000| Untracked 
| 102|0x0000000727400000, 0x0000000727400000, 0x0000000727500000|  0%| F|  |TAMS 0x0000000727400000, 0x0000000727400000| Untracked 
| 103|0x0000000727500000, 0x0000000727500000, 0x0000000727600000|  0%| F|  |TAMS 0x0000000727500000, 0x0000000727500000| Untracked 
| 104|0x0000000727600000, 0x0000000727600000, 0x0000000727700000|  0%| F|  |TAMS 0x0000000727600000, 0x0000000727600000| Untracked 
| 105|0x0000000727700000, 0x0000000727700000, 0x0000000727800000|  0%| F|  |TAMS 0x0000000727700000, 0x0000000727700000| Untracked 
| 106|0x0000000727800000, 0x0000000727800000, 0x0000000727900000|  0%| F|  |TAMS 0x0000000727800000, 0x0000000727800000| Untracked 
| 107|0x0000000727900000, 0x0000000727900000, 0x0000000727a00000|  0%| F|  |TAMS 0x0000000727900000, 0x0000000727900000| Untracked 
| 108|0x0000000727a00000, 0x0000000727a00000, 0x0000000727b00000|  0%| F|  |TAMS 0x0000000727a00000, 0x0000000727a00000| Untracked 
| 109|0x0000000727b00000, 0x0000000727b00000, 0x0000000727c00000|  0%| F|  |TAMS 0x0000000727b00000, 0x0000000727b00000| Untracked 
| 110|0x0000000727c00000, 0x0000000727c00000, 0x0000000727d00000|  0%| F|  |TAMS 0x0000000727c00000, 0x0000000727c00000| Untracked 
| 111|0x0000000727d00000, 0x0000000727d00000, 0x0000000727e00000|  0%| F|  |TAMS 0x0000000727d00000, 0x0000000727d00000| Untracked 
| 112|0x0000000727e00000, 0x0000000727e00000, 0x0000000727f00000|  0%| F|  |TAMS 0x0000000727e00000, 0x0000000727e00000| Untracked 
| 113|0x0000000727f00000, 0x0000000727f00000, 0x0000000728000000|  0%| F|  |TAMS 0x0000000727f00000, 0x0000000727f00000| Untracked 
| 114|0x0000000728000000, 0x0000000728000000, 0x0000000728100000|  0%| F|  |TAMS 0x0000000728000000, 0x0000000728000000| Untracked 
| 115|0x0000000728100000, 0x0000000728100000, 0x0000000728200000|  0%| F|  |TAMS 0x0000000728100000, 0x0000000728100000| Untracked 
| 116|0x0000000728200000, 0x0000000728200000, 0x0000000728300000|  0%| F|  |TAMS 0x0000000728200000, 0x0000000728200000| Untracked 
| 117|0x0000000728300000, 0x0000000728300000, 0x0000000728400000|  0%| F|  |TAMS 0x0000000728300000, 0x0000000728300000| Untracked 
| 118|0x0000000728400000, 0x0000000728400000, 0x0000000728500000|  0%| F|  |TAMS 0x0000000728400000, 0x0000000728400000| Untracked 
| 119|0x0000000728500000, 0x0000000728500000, 0x0000000728600000|  0%| F|  |TAMS 0x0000000728500000, 0x0000000728500000| Untracked 
| 120|0x0000000728600000, 0x0000000728600000, 0x0000000728700000|  0%| F|  |TAMS 0x0000000728600000, 0x0000000728600000| Untracked 
| 121|0x0000000728700000, 0x0000000728700000, 0x0000000728800000|  0%| F|  |TAMS 0x0000000728700000, 0x0000000728700000| Untracked 
| 122|0x0000000728800000, 0x0000000728800000, 0x0000000728900000|  0%| F|  |TAMS 0x0000000728800000, 0x0000000728800000| Untracked 
| 123|0x0000000728900000, 0x0000000728900000, 0x0000000728a00000|  0%| F|  |TAMS 0x0000000728900000, 0x0000000728900000| Untracked 
| 124|0x0000000728a00000, 0x0000000728a00000, 0x0000000728b00000|  0%| F|  |TAMS 0x0000000728a00000, 0x0000000728a00000| Untracked 
| 125|0x0000000728b00000, 0x0000000728b00000, 0x0000000728c00000|  0%| F|  |TAMS 0x0000000728b00000, 0x0000000728b00000| Untracked 
| 126|0x0000000728c00000, 0x0000000728c00000, 0x0000000728d00000|  0%| F|  |TAMS 0x0000000728c00000, 0x0000000728c00000| Untracked 
| 127|0x0000000728d00000, 0x0000000728d00000, 0x0000000728e00000|  0%| F|  |TAMS 0x0000000728d00000, 0x0000000728d00000| Untracked 
| 128|0x0000000728e00000, 0x0000000728e00000, 0x0000000728f00000|  0%| F|  |TAMS 0x0000000728e00000, 0x0000000728e00000| Untracked 
| 129|0x0000000728f00000, 0x0000000728f00000, 0x0000000729000000|  0%| F|  |TAMS 0x0000000728f00000, 0x0000000728f00000| Untracked 
| 130|0x0000000729000000, 0x0000000729000000, 0x0000000729100000|  0%| F|  |TAMS 0x0000000729000000, 0x0000000729000000| Untracked 
| 131|0x0000000729100000, 0x0000000729100000, 0x0000000729200000|  0%| F|  |TAMS 0x0000000729100000, 0x0000000729100000| Untracked 
| 132|0x0000000729200000, 0x0000000729200000, 0x0000000729300000|  0%| F|  |TAMS 0x0000000729200000, 0x0000000729200000| Untracked 
| 133|0x0000000729300000, 0x0000000729300000, 0x0000000729400000|  0%| F|  |TAMS 0x0000000729300000, 0x0000000729300000| Untracked 
| 134|0x0000000729400000, 0x0000000729400000, 0x0000000729500000|  0%| F|  |TAMS 0x0000000729400000, 0x0000000729400000| Untracked 
| 135|0x0000000729500000, 0x0000000729500000, 0x0000000729600000|  0%| F|  |TAMS 0x0000000729500000, 0x0000000729500000| Untracked 
| 136|0x0000000729600000, 0x0000000729600000, 0x0000000729700000|  0%| F|  |TAMS 0x0000000729600000, 0x0000000729600000| Untracked 
| 137|0x0000000729700000, 0x0000000729700000, 0x0000000729800000|  0%| F|  |TAMS 0x0000000729700000, 0x0000000729700000| Untracked 
| 138|0x0000000729800000, 0x0000000729800000, 0x0000000729900000|  0%| F|  |TAMS 0x0000000729800000, 0x0000000729800000| Untracked 
| 139|0x0000000729900000, 0x0000000729900000, 0x0000000729a00000|  0%| F|  |TAMS 0x0000000729900000, 0x0000000729900000| Untracked 
| 140|0x0000000729a00000, 0x0000000729a00000, 0x0000000729b00000|  0%| F|  |TAMS 0x0000000729a00000, 0x0000000729a00000| Untracked 
| 141|0x0000000729b00000, 0x0000000729b00000, 0x0000000729c00000|  0%| F|  |TAMS 0x0000000729b00000, 0x0000000729b00000| Untracked 
| 142|0x0000000729c00000, 0x0000000729c00000, 0x0000000729d00000|  0%| F|  |TAMS 0x0000000729c00000, 0x0000000729c00000| Untracked 
| 143|0x0000000729d00000, 0x0000000729d00000, 0x0000000729e00000|  0%| F|  |TAMS 0x0000000729d00000, 0x0000000729d00000| Untracked 
| 144|0x0000000729e00000, 0x0000000729e00000, 0x0000000729f00000|  0%| F|  |TAMS 0x0000000729e00000, 0x0000000729e00000| Untracked 
| 145|0x0000000729f00000, 0x0000000729f00000, 0x000000072a000000|  0%| F|  |TAMS 0x0000000729f00000, 0x0000000729f00000| Untracked 
| 146|0x000000072a000000, 0x000000072a000000, 0x000000072a100000|  0%| F|  |TAMS 0x000000072a000000, 0x000000072a000000| Untracked 
| 147|0x000000072a100000, 0x000000072a100000, 0x000000072a200000|  0%| F|  |TAMS 0x000000072a100000, 0x000000072a100000| Untracked 
| 148|0x000000072a200000, 0x000000072a200000, 0x000000072a300000|  0%| F|  |TAMS 0x000000072a200000, 0x000000072a200000| Untracked 
| 149|0x000000072a300000, 0x000000072a300000, 0x000000072a400000|  0%| F|  |TAMS 0x000000072a300000, 0x000000072a300000| Untracked 
| 150|0x000000072a400000, 0x000000072a400000, 0x000000072a500000|  0%| F|  |TAMS 0x000000072a400000, 0x000000072a400000| Untracked 
| 151|0x000000072a500000, 0x000000072a500000, 0x000000072a600000|  0%| F|  |TAMS 0x000000072a500000, 0x000000072a500000| Untracked 
| 152|0x000000072a600000, 0x000000072a600000, 0x000000072a700000|  0%| F|  |TAMS 0x000000072a600000, 0x000000072a600000| Untracked 
| 153|0x000000072a700000, 0x000000072a700000, 0x000000072a800000|  0%| F|  |TAMS 0x000000072a700000, 0x000000072a700000| Untracked 
| 154|0x000000072a800000, 0x000000072a800000, 0x000000072a900000|  0%| F|  |TAMS 0x000000072a800000, 0x000000072a800000| Untracked 
| 155|0x000000072a900000, 0x000000072a900000, 0x000000072aa00000|  0%| F|  |TAMS 0x000000072a900000, 0x000000072a900000| Untracked 
| 156|0x000000072aa00000, 0x000000072aa00000, 0x000000072ab00000|  0%| F|  |TAMS 0x000000072aa00000, 0x000000072aa00000| Untracked 
| 157|0x000000072ab00000, 0x000000072ac00000, 0x000000072ac00000|100%| S|CS|TAMS 0x000000072ab00000, 0x000000072ab00000| Complete 
| 158|0x000000072ac00000, 0x000000072ad00000, 0x000000072ad00000|100%| S|CS|TAMS 0x000000072ac00000, 0x000000072ac00000| Complete 
| 159|0x000000072ad00000, 0x000000072ae00000, 0x000000072ae00000|100%| S|CS|TAMS 0x000000072ad00000, 0x000000072ad00000| Complete 
| 160|0x000000072ae00000, 0x000000072af00000, 0x000000072af00000|100%| S|CS|TAMS 0x000000072ae00000, 0x000000072ae00000| Complete 
| 161|0x000000072af00000, 0x000000072b000000, 0x000000072b000000|100%| S|CS|TAMS 0x000000072af00000, 0x000000072af00000| Complete 
| 162|0x000000072b000000, 0x000000072b100000, 0x000000072b100000|100%| S|CS|TAMS 0x000000072b000000, 0x000000072b000000| Complete 
| 163|0x000000072b100000, 0x000000072b200000, 0x000000072b200000|100%| S|CS|TAMS 0x000000072b100000, 0x000000072b100000| Complete 
| 164|0x000000072b200000, 0x000000072b300000, 0x000000072b300000|100%| S|CS|TAMS 0x000000072b200000, 0x000000072b200000| Complete 
| 165|0x000000072b300000, 0x000000072b300000, 0x000000072b400000|  0%| F|  |TAMS 0x000000072b300000, 0x000000072b300000| Untracked 
| 166|0x000000072b400000, 0x000000072b400000, 0x000000072b500000|  0%| F|  |TAMS 0x000000072b400000, 0x000000072b400000| Untracked 
| 167|0x000000072b500000, 0x000000072b500000, 0x000000072b600000|  0%| F|  |TAMS 0x000000072b500000, 0x000000072b500000| Untracked 
| 168|0x000000072b600000, 0x000000072b600000, 0x000000072b700000|  0%| F|  |TAMS 0x000000072b600000, 0x000000072b600000| Untracked 
| 169|0x000000072b700000, 0x000000072b700000, 0x000000072b800000|  0%| F|  |TAMS 0x000000072b700000, 0x000000072b700000| Untracked 
| 170|0x000000072b800000, 0x000000072b800000, 0x000000072b900000|  0%| F|  |TAMS 0x000000072b800000, 0x000000072b800000| Untracked 
| 171|0x000000072b900000, 0x000000072b900000, 0x000000072ba00000|  0%| F|  |TAMS 0x000000072b900000, 0x000000072b900000| Untracked 
| 172|0x000000072ba00000, 0x000000072ba00000, 0x000000072bb00000|  0%| F|  |TAMS 0x000000072ba00000, 0x000000072ba00000| Untracked 
| 173|0x000000072bb00000, 0x000000072bb00000, 0x000000072bc00000|  0%| F|  |TAMS 0x000000072bb00000, 0x000000072bb00000| Untracked 
| 174|0x000000072bc00000, 0x000000072bc00000, 0x000000072bd00000|  0%| F|  |TAMS 0x000000072bc00000, 0x000000072bc00000| Untracked 
| 175|0x000000072bd00000, 0x000000072bd00000, 0x000000072be00000|  0%| F|  |TAMS 0x000000072bd00000, 0x000000072bd00000| Untracked 
| 176|0x000000072be00000, 0x000000072be00000, 0x000000072bf00000|  0%| F|  |TAMS 0x000000072be00000, 0x000000072be00000| Untracked 
| 177|0x000000072bf00000, 0x000000072bf00000, 0x000000072c000000|  0%| F|  |TAMS 0x000000072bf00000, 0x000000072bf00000| Untracked 
| 178|0x000000072c000000, 0x000000072c000000, 0x000000072c100000|  0%| F|  |TAMS 0x000000072c000000, 0x000000072c000000| Untracked 
| 179|0x000000072c100000, 0x000000072c100000, 0x000000072c200000|  0%| F|  |TAMS 0x000000072c100000, 0x000000072c100000| Untracked 
| 180|0x000000072c200000, 0x000000072c200000, 0x000000072c300000|  0%| F|  |TAMS 0x000000072c200000, 0x000000072c200000| Untracked 
| 181|0x000000072c300000, 0x000000072c300000, 0x000000072c400000|  0%| F|  |TAMS 0x000000072c300000, 0x000000072c300000| Untracked 
| 182|0x000000072c400000, 0x000000072c400000, 0x000000072c500000|  0%| F|  |TAMS 0x000000072c400000, 0x000000072c400000| Untracked 
| 183|0x000000072c500000, 0x000000072c500000, 0x000000072c600000|  0%| F|  |TAMS 0x000000072c500000, 0x000000072c500000| Untracked 
| 184|0x000000072c600000, 0x000000072c600000, 0x000000072c700000|  0%| F|  |TAMS 0x000000072c600000, 0x000000072c600000| Untracked 
| 185|0x000000072c700000, 0x000000072c700000, 0x000000072c800000|  0%| F|  |TAMS 0x000000072c700000, 0x000000072c700000| Untracked 
| 186|0x000000072c800000, 0x000000072c800000, 0x000000072c900000|  0%| F|  |TAMS 0x000000072c800000, 0x000000072c800000| Untracked 
| 187|0x000000072c900000, 0x000000072c900000, 0x000000072ca00000|  0%| F|  |TAMS 0x000000072c900000, 0x000000072c900000| Untracked 
| 188|0x000000072ca00000, 0x000000072ca00000, 0x000000072cb00000|  0%| F|  |TAMS 0x000000072ca00000, 0x000000072ca00000| Untracked 
| 189|0x000000072cb00000, 0x000000072cb00000, 0x000000072cc00000|  0%| F|  |TAMS 0x000000072cb00000, 0x000000072cb00000| Untracked 
| 190|0x000000072cc00000, 0x000000072cc00000, 0x000000072cd00000|  0%| F|  |TAMS 0x000000072cc00000, 0x000000072cc00000| Untracked 
| 191|0x000000072cd00000, 0x000000072cd00000, 0x000000072ce00000|  0%| F|  |TAMS 0x000000072cd00000, 0x000000072cd00000| Untracked 
| 192|0x000000072ce00000, 0x000000072ce00000, 0x000000072cf00000|  0%| F|  |TAMS 0x000000072ce00000, 0x000000072ce00000| Untracked 
| 193|0x000000072cf00000, 0x000000072cf00000, 0x000000072d000000|  0%| F|  |TAMS 0x000000072cf00000, 0x000000072cf00000| Untracked 
| 194|0x000000072d000000, 0x000000072d000000, 0x000000072d100000|  0%| F|  |TAMS 0x000000072d000000, 0x000000072d000000| Untracked 
| 195|0x000000072d100000, 0x000000072d100000, 0x000000072d200000|  0%| F|  |TAMS 0x000000072d100000, 0x000000072d100000| Untracked 
| 196|0x000000072d200000, 0x000000072d200000, 0x000000072d300000|  0%| F|  |TAMS 0x000000072d200000, 0x000000072d200000| Untracked 
| 197|0x000000072d300000, 0x000000072d300000, 0x000000072d400000|  0%| F|  |TAMS 0x000000072d300000, 0x000000072d300000| Untracked 
| 198|0x000000072d400000, 0x000000072d400000, 0x000000072d500000|  0%| F|  |TAMS 0x000000072d400000, 0x000000072d400000| Untracked 
| 199|0x000000072d500000, 0x000000072d500000, 0x000000072d600000|  0%| F|  |TAMS 0x000000072d500000, 0x000000072d500000| Untracked 
| 200|0x000000072d600000, 0x000000072d600000, 0x000000072d700000|  0%| F|  |TAMS 0x000000072d600000, 0x000000072d600000| Untracked 
| 201|0x000000072d700000, 0x000000072d700000, 0x000000072d800000|  0%| F|  |TAMS 0x000000072d700000, 0x000000072d700000| Untracked 
| 202|0x000000072d800000, 0x000000072d800000, 0x000000072d900000|  0%| F|  |TAMS 0x000000072d800000, 0x000000072d800000| Untracked 
| 203|0x000000072d900000, 0x000000072d900000, 0x000000072da00000|  0%| F|  |TAMS 0x000000072d900000, 0x000000072d900000| Untracked 
| 204|0x000000072da00000, 0x000000072da00000, 0x000000072db00000|  0%| F|  |TAMS 0x000000072da00000, 0x000000072da00000| Untracked 
| 205|0x000000072db00000, 0x000000072db00000, 0x000000072dc00000|  0%| F|  |TAMS 0x000000072db00000, 0x000000072db00000| Untracked 
| 206|0x000000072dc00000, 0x000000072dc00000, 0x000000072dd00000|  0%| F|  |TAMS 0x000000072dc00000, 0x000000072dc00000| Untracked 
| 207|0x000000072dd00000, 0x000000072dd00000, 0x000000072de00000|  0%| F|  |TAMS 0x000000072dd00000, 0x000000072dd00000| Untracked 
| 208|0x000000072de00000, 0x000000072de00000, 0x000000072df00000|  0%| F|  |TAMS 0x000000072de00000, 0x000000072de00000| Untracked 
| 209|0x000000072df00000, 0x000000072df00000, 0x000000072e000000|  0%| F|  |TAMS 0x000000072df00000, 0x000000072df00000| Untracked 
| 210|0x000000072e000000, 0x000000072e000000, 0x000000072e100000|  0%| F|  |TAMS 0x000000072e000000, 0x000000072e000000| Untracked 
| 211|0x000000072e100000, 0x000000072e100000, 0x000000072e200000|  0%| F|  |TAMS 0x000000072e100000, 0x000000072e100000| Untracked 
| 212|0x000000072e200000, 0x000000072e200000, 0x000000072e300000|  0%| F|  |TAMS 0x000000072e200000, 0x000000072e200000| Untracked 
| 213|0x000000072e300000, 0x000000072e300000, 0x000000072e400000|  0%| F|  |TAMS 0x000000072e300000, 0x000000072e300000| Untracked 
| 214|0x000000072e400000, 0x000000072e400000, 0x000000072e500000|  0%| F|  |TAMS 0x000000072e400000, 0x000000072e400000| Untracked 
| 215|0x000000072e500000, 0x000000072e500000, 0x000000072e600000|  0%| F|  |TAMS 0x000000072e500000, 0x000000072e500000| Untracked 
| 216|0x000000072e600000, 0x000000072e600000, 0x000000072e700000|  0%| F|  |TAMS 0x000000072e600000, 0x000000072e600000| Untracked 
| 217|0x000000072e700000, 0x000000072e700000, 0x000000072e800000|  0%| F|  |TAMS 0x000000072e700000, 0x000000072e700000| Untracked 
| 218|0x000000072e800000, 0x000000072e800000, 0x000000072e900000|  0%| F|  |TAMS 0x000000072e800000, 0x000000072e800000| Untracked 
| 219|0x000000072e900000, 0x000000072e900000, 0x000000072ea00000|  0%| F|  |TAMS 0x000000072e900000, 0x000000072e900000| Untracked 
| 220|0x000000072ea00000, 0x000000072ea00000, 0x000000072eb00000|  0%| F|  |TAMS 0x000000072ea00000, 0x000000072ea00000| Untracked 
| 221|0x000000072eb00000, 0x000000072eb00000, 0x000000072ec00000|  0%| F|  |TAMS 0x000000072eb00000, 0x000000072eb00000| Untracked 
| 222|0x000000072ec00000, 0x000000072ec00000, 0x000000072ed00000|  0%| F|  |TAMS 0x000000072ec00000, 0x000000072ec00000| Untracked 
| 223|0x000000072ed00000, 0x000000072ed00000, 0x000000072ee00000|  0%| F|  |TAMS 0x000000072ed00000, 0x000000072ed00000| Untracked 

Card table byte_map: [0x0000026b7bab0000,0x0000026b7c1b0000] _byte_map_base: 0x0000026b781a9000

Marking Bits (Prev, Next): (CMBitMap*) 0x0000026b729776f8, (CMBitMap*) 0x0000026b72977730
 Prev Bits: [0x0000026b0f000000, 0x0000026b127c8000)
 Next Bits: [0x0000026b127d0000, 0x0000026b15f98000)

Polling page: 0x0000026b70900000

Metaspace:

Usage:
  Non-class:      9.15 MB capacity,     9.01 MB ( 99%) used,   126.27 KB (  1%) free+waste,    13.00 KB ( <1%) overhead. 
      Class:    983.00 KB capacity,   940.84 KB ( 96%) used,    36.16 KB (  4%) free+waste,     6.00 KB ( <1%) overhead. 
       Both:     10.11 MB capacity,     9.93 MB ( 98%) used,   162.44 KB (  2%) free+waste,    19.00 KB ( <1%) overhead. 

Virtual space:
  Non-class space:       10.00 MB reserved,       9.25 MB ( 93%) committed 
      Class space:        1.00 GB reserved,       1.00 MB ( <1%) committed 
             Both:        1.01 GB reserved,      10.25 MB ( <1%) committed 

Chunk freelists:
   Non-Class:  38.00 KB
       Class:  0 bytes
        Both:  38.00 KB

MaxMetaspaceSize: 17179869184.00 GB
CompressedClassSpaceSize: 1.00 GB
Initial GC threshold: 20.80 MB
Current GC threshold: 20.80 MB
CDS: off

CodeHeap 'non-profiled nmethods': size=120000Kb used=540Kb max_used=540Kb free=119459Kb
 bounds [0x0000026b07ad0000, 0x0000026b07d40000, 0x0000026b0f000000]
CodeHeap 'profiled nmethods': size=120000Kb used=1342Kb max_used=1342Kb free=118657Kb
 bounds [0x0000026b005a0000, 0x0000026b00810000, 0x0000026b07ad0000]
CodeHeap 'non-nmethods': size=5760Kb used=1127Kb max_used=1152Kb free=4632Kb
 bounds [0x0000026b00000000, 0x0000026b00270000, 0x0000026b005a0000]
 total_blobs=1278 nmethods=900 adapters=291
 compilation: enabled
              stopped_count=0, restarted_count=0
 full_count=0

Compilation events (20 events):
Event: 0.814 Thread 0x0000026b1608c000 nmethod 896 0x0000026b006ed310 code [0x0000026b006ed4c0, 0x0000026b006ed608]
Event: 0.814 Thread 0x0000026b1608c000  897       3       java.nio.MappedByteBuffer::position (8 bytes)
Event: 0.814 Thread 0x0000026b1608c000 nmethod 897 0x0000026b006ed690 code [0x0000026b006ed860, 0x0000026b006eda08]
Event: 0.814 Thread 0x0000026b1608c000  898       3       java.nio.MappedByteBuffer::limit (8 bytes)
Event: 0.814 Thread 0x0000026b1608c000 nmethod 898 0x0000026b006edb10 code [0x0000026b006edce0, 0x0000026b006ede88]
Event: 0.814 Thread 0x0000026b1608c000  895       3       java.nio.Buffer::checkIndex (22 bytes)
Event: 0.815 Thread 0x0000026b1608c000 nmethod 895 0x0000026b006edf90 code [0x0000026b006ee160, 0x0000026b006ee3a8]
Event: 0.815 Thread 0x0000026b1608c000  899       3       java.nio.Buffer::<init> (99 bytes)
Event: 0.815 Thread 0x0000026b1608c000 nmethod 899 0x0000026b006ee490 code [0x0000026b006ee780, 0x0000026b006ef4f8]
Event: 0.815 Thread 0x0000026b16213000 nmethod 882 0x0000026b07b4ec10 code [0x0000026b07b4eda0, 0x0000026b07b4ef18]
Event: 0.815 Thread 0x0000026b16213000  885 %     4       java.util.Hashtable::rehash @ 76 (142 bytes)
Event: 0.821 Thread 0x0000026b16213000 nmethod 885% 0x0000026b07b4f110 code [0x0000026b07b4f2c0, 0x0000026b07b4f6b8]
Event: 0.832 Thread 0x0000026b1607f000 nmethod 866% 0x0000026b07b4f890 code [0x0000026b07b4fba0, 0x0000026b07b52080]
Event: 0.834 Thread 0x0000026b16214000 nmethod 883 0x0000026b07b53b10 code [0x0000026b07b53d40, 0x0000026b07b550f0]
Event: 0.843 Thread 0x0000026b16213000  900       4       java.util.HashMap::putVal (300 bytes)
Event: 0.844 Thread 0x0000026b1607f000  901       4       java.util.jar.Manifest::read (340 bytes)
Event: 0.855 Thread 0x0000026b16213000 nmethod 900 0x0000026b07b55a90 code [0x0000026b07b55cc0, 0x0000026b07b56910]
Event: 0.861 Thread 0x0000026b16214000  902       4       java.util.jar.Attributes::put (18 bytes)
Event: 0.862 Thread 0x0000026b16214000 nmethod 902 0x0000026b07b56f10 code [0x0000026b07b570c0, 0x0000026b07b57208]
Event: 0.898 Thread 0x0000026b16213000  903       4       sun.security.util.ManifestDigester::<init> (390 bytes)

GC Heap History (9 events):
Event: 0.261 GC heap before
{Heap before GC invocations=0 (full 0):
 garbage-first heap   total 229376K, used 36864K [0x0000000720e00000, 0x0000000800000000)
  region size 1024K, 24 young (24576K), 0 survivors (0K)
 Metaspace       used 4747K, capacity 4792K, committed 5120K, reserved 1056768K
  class space    used 396K, capacity 424K, committed 512K, reserved 1048576K
}
Event: 0.269 GC heap after
{Heap after GC invocations=1 (full 0):
 garbage-first heap   total 229376K, used 16523K [0x0000000720e00000, 0x0000000800000000)
  region size 1024K, 3 young (3072K), 3 survivors (3072K)
 Metaspace       used 4747K, capacity 4792K, committed 5120K, reserved 1056768K
  class space    used 396K, capacity 424K, committed 512K, reserved 1048576K
}
Event: 0.382 GC heap before
{Heap before GC invocations=1 (full 0):
 garbage-first heap   total 229376K, used 39051K [0x0000000720e00000, 0x0000000800000000)
  region size 1024K, 16 young (16384K), 3 survivors (3072K)
 Metaspace       used 7145K, capacity 7236K, committed 7296K, reserved 1056768K
  class space    used 589K, capacity 620K, committed 640K, reserved 1048576K
}
Event: 0.388 GC heap after
{Heap after GC invocations=2 (full 0):
 garbage-first heap   total 229376K, used 28959K [0x0000000720e00000, 0x0000000800000000)
  region size 1024K, 2 young (2048K), 2 survivors (2048K)
 Metaspace       used 7145K, capacity 7236K, committed 7296K, reserved 1056768K
  class space    used 589K, capacity 620K, committed 640K, reserved 1048576K
}
Event: 0.518 GC heap before
{Heap before GC invocations=2 (full 0):
 garbage-first heap   total 229376K, used 44319K [0x0000000720e00000, 0x0000000800000000)
  region size 1024K, 17 young (17408K), 2 survivors (2048K)
 Metaspace       used 7955K, capacity 8007K, committed 8192K, reserved 1056768K
  class space    used 669K, capacity 685K, committed 768K, reserved 1048576K
}
Event: 0.522 GC heap after
{Heap after GC invocations=3 (full 0):
 garbage-first heap   total 229376K, used 32768K [0x0000000720e00000, 0x0000000800000000)
  region size 1024K, 3 young (3072K), 3 survivors (3072K)
 Metaspace       used 7955K, capacity 8007K, committed 8192K, reserved 1056768K
  class space    used 669K, capacity 685K, committed 768K, reserved 1048576K
}
Event: 0.743 GC heap before
{Heap before GC invocations=3 (full 0):
 garbage-first heap   total 229376K, used 89088K [0x0000000720e00000, 0x0000000800000000)
  region size 1024K, 40 young (40960K), 3 survivors (3072K)
 Metaspace       used 10115K, capacity 10289K, committed 10496K, reserved 1058816K
  class space    used 936K, capacity 983K, committed 1024K, reserved 1048576K
}
Event: 0.755 GC heap after
{Heap after GC invocations=4 (full 0):
 garbage-first heap   total 229376K, used 54176K [0x0000000720e00000, 0x0000000800000000)
  region size 1024K, 5 young (5120K), 5 survivors (5120K)
 Metaspace       used 10115K, capacity 10289K, committed 10496K, reserved 1058816K
  class space    used 936K, capacity 983K, committed 1024K, reserved 1048576K
}
Event: 0.905 GC heap before
{Heap before GC invocations=4 (full 0):
 garbage-first heap   total 229376K, used 127904K [0x0000000720e00000, 0x0000000800000000)
  region size 1024K, 59 young (60416K), 5 survivors (5120K)
 Metaspace       used 10171K, capacity 10353K, committed 10496K, reserved 1058816K
  class space    used 940K, capacity 983K, committed 1024K, reserved 1048576K
}

Deoptimization events (20 events):
Event: 0.787 Thread 0x0000026b7291d000 Uncommon trap: trap_request=0xffffffde fr.pc=0x0000026b07b0a0c4 relative=0x0000000000001024
Event: 0.787 Thread 0x0000026b7291d000 Uncommon trap: reason=class_check action=maybe_recompile pc=0x0000026b07b0a0c4 method=java.util.HashMap.putVal(ILjava/lang/Object;Ljava/lang/Object;ZZ)Ljava/lang/Object; @ 91 c2
Event: 0.787 Thread 0x0000026b7291d000 DEOPT PACKING pc=0x0000026b07b0a0c4 sp=0x000000b5289fbaf0
Event: 0.787 Thread 0x0000026b7291d000 DEOPT UNPACKING pc=0x0000026b0004a1af sp=0x000000b5289fbad0 mode 2
Event: 0.793 Thread 0x0000026b7291d000 Uncommon trap: trap_request=0xffffffde fr.pc=0x0000026b07b4034c relative=0x00000000000003ac
Event: 0.793 Thread 0x0000026b7291d000 Uncommon trap: reason=class_check action=maybe_recompile pc=0x0000026b07b4034c method=java.util.HashMap.putMapEntries(Ljava/util/Map;Z)V @ 1 c2
Event: 0.793 Thread 0x0000026b7291d000 DEOPT PACKING pc=0x0000026b07b4034c sp=0x000000b5289fbda0
Event: 0.793 Thread 0x0000026b7291d000 DEOPT UNPACKING pc=0x0000026b0004a1af sp=0x000000b5289fbd68 mode 2
Event: 0.793 Thread 0x0000026b7291d000 DEOPT PACKING pc=0x0000026b0069a727 sp=0x000000b5289fbc20
Event: 0.793 Thread 0x0000026b7291d000 DEOPT UNPACKING pc=0x0000026b0004a95e sp=0x000000b5289fb060 mode 0
Event: 0.795 Thread 0x0000026b7291d000 Uncommon trap: trap_request=0xffffff4d fr.pc=0x0000026b07b211e8 relative=0x0000000000000668
Event: 0.795 Thread 0x0000026b7291d000 Uncommon trap: reason=unstable_if action=reinterpret pc=0x0000026b07b211e8 method=sun.security.util.SignatureFileVerifier.updateSigners([Ljava/security/CodeSigner;Ljava/util/Hashtable;Ljava/lang/String;)V @ 24 c2
Event: 0.795 Thread 0x0000026b7291d000 DEOPT PACKING pc=0x0000026b07b211e8 sp=0x000000b5289fbe90
Event: 0.795 Thread 0x0000026b7291d000 DEOPT UNPACKING pc=0x0000026b0004a1af sp=0x000000b5289fbe70 mode 2
Event: 0.810 Thread 0x0000026b7291d000 Uncommon trap: trap_request=0xffffff4d fr.pc=0x0000026b07b3fbf8 relative=0x00000000000001b8
Event: 0.810 Thread 0x0000026b7291d000 Uncommon trap: reason=unstable_if action=reinterpret pc=0x0000026b07b3fbf8 method=java.util.LinkedHashMap.entrySet()Ljava/util/Set; @ 6 c2
Event: 0.810 Thread 0x0000026b7291d000 DEOPT PACKING pc=0x0000026b07b3fbf8 sp=0x000000b5289fc050
Event: 0.810 Thread 0x0000026b7291d000 DEOPT UNPACKING pc=0x0000026b0004a1af sp=0x000000b5289fbfa8 mode 2
Event: 0.844 Thread 0x0000026b7291d000 DEOPT PACKING pc=0x0000026b006d4f85 sp=0x000000b5289fbe10
Event: 0.844 Thread 0x0000026b7291d000 DEOPT UNPACKING pc=0x0000026b0004a95e sp=0x000000b5289fb380 mode 0

Classes redefined (0 events):
No events

Internal exceptions (8 events):
Event: 0.397 Thread 0x0000026b7291d000 Implicit null exception at 0x0000026b07ae25f8 to 0x0000026b07ae26d4
Event: 0.610 Thread 0x0000026b7291d000 Exception <a 'java/lang/NoSuchMethodError'{0x000000072eb4a120}: 'int java.lang.invoke.DirectMethodHandle$Holder.invokeSpecialIFC(java.lang.Object, java.lang.Object, int)'> (0x000000072eb4a120) thrown at [./src/hotspot/share/interpreter/linkResolver.cpp, line 773]
Event: 0.623 Thread 0x0000026b7291d000 Exception <a 'java/lang/NoSuchMethodError'{0x000000072ebb77a8}: 'java.lang.Object java.lang.invoke.DirectMethodHandle$Holder.invokeStatic(java.lang.Object, java.lang.Object, java.lang.Object, java.lang.Object, java.lang.Object, java.lang.Object, java.lang.Object, java.lang.Object, java.lang.Object, java.lang.Object, java.lang.Object, java.lang.Object, java.lang.Object, java.lang.Object, java.lang.Object)'> (0x000000072ebb77a8) thrown at [./src/hotspot/share/interpreter/linkResolver.cpp, line 773]
Event: 0.624 Thread 0x0000026b7291d000 Exception <a 'java/lang/NoSuchMethodError'{0x000000072ebc5508}: 'java.lang.Object java.lang.invoke.DirectMethodHandle$Holder.invokeStatic(java.lang.Object, java.lang.Object, java.lang.Object, java.lang.Object, java.lang.Object, java.lang.Object, java.lang.Object, java.lang.Object, java.lang.Object, java.lang.Object, java.lang.Object, java.lang.Object, java.lang.Object, java.lang.Object, java.lang.Object, java.lang.Object)'> (0x000000072ebc5508) thrown at [./src/hotspot/share/interpreter/linkResolver.cpp, l
Event: 0.625 Thread 0x0000026b7291d000 Exception <a 'java/lang/NoSuchMethodError'{0x000000072ebd3178}: 'java.lang.Object java.lang.invoke.DirectMethodHandle$Holder.invokeSpecial(java.lang.Object, java.lang.Object, int, int, java.lang.Object, java.lang.Object, java.lang.Object)'> (0x000000072ebd3178) thrown at [./src/hotspot/share/interpreter/linkResolver.cpp, line 773]
Event: 0.625 Thread 0x0000026b7291d000 Exception <a 'java/lang/NoSuchMethodError'{0x000000072ebd6708}: 'java.lang.Object java.lang.invoke.DelegatingMethodHandle$Holder.reinvoke_L(java.lang.Object, int, int, java.lang.Object, java.lang.Object, java.lang.Object)'> (0x000000072ebd6708) thrown at [./src/hotspot/share/interpreter/linkResolver.cpp, line 773]
Event: 0.626 Thread 0x0000026b7291d000 Exception <a 'java/lang/NoSuchMethodError'{0x000000072ebdaa90}: 'java.lang.Object java.lang.invoke.DirectMethodHandle$Holder.invokeStatic(java.lang.Object, java.lang.Object, java.lang.Object, java.lang.Object, int)'> (0x000000072ebdaa90) thrown at [./src/hotspot/share/interpreter/linkResolver.cpp, line 773]
Event: 0.730 Thread 0x0000026b7291d000 Implicit null exception at 0x0000026b07afde7a to 0x0000026b07afe914

Events (20 events):
Event: 0.767 Executing VM operation: RevokeBias done
Event: 0.785 Executing VM operation: RevokeBias
Event: 0.785 Executing VM operation: RevokeBias done
Event: 0.811 loading class org/apache/xerces/jaxp/DocumentBuilderFactoryImpl
Event: 0.811 loading class org/apache/xerces/jaxp/DocumentBuilderFactoryImpl done
Event: 0.812 loading class org/xml/sax/SAXNotRecognizedException
Event: 0.812 loading class org/xml/sax/SAXNotRecognizedException done
Event: 0.812 loading class org/xml/sax/SAXNotSupportedException
Event: 0.812 loading class org/xml/sax/SAXNotSupportedException done
Event: 0.812 loading class javax/xml/parsers/ParserConfigurationException
Event: 0.812 loading class javax/xml/parsers/ParserConfigurationException done
Event: 0.812 loading class javax/xml/parsers/DocumentBuilder
Event: 0.812 loading class javax/xml/parsers/DocumentBuilder done
Event: 0.812 loading class org/apache/xerces/jaxp/DocumentBuilderImpl
Event: 0.812 loading class org/apache/xerces/jaxp/DocumentBuilderImpl done
Event: 0.813 loading class org/apache/xerces/jaxp/JAXPConstants
Event: 0.813 loading class org/apache/xerces/jaxp/JAXPConstants done
Event: 0.813 loading class javax/xml/parsers/SAXParserFactory
Event: 0.813 loading class javax/xml/parsers/SAXParserFactory done
Event: 0.905 Executing VM operation: G1CollectForAllocation


Dynamic libraries:
0x00007ff773670000 - 0x00007ff77367d000 	C:\Program Files\Microsoft\jdk-11.0.16.101-hotspot\bin\java.exe
0x00007ff858c90000 - 0x00007ff858e88000 	C:\WINDOWS\SYSTEM32\ntdll.dll
0x00007ff858b60000 - 0x00007ff858c1f000 	C:\WINDOWS\System32\KERNEL32.DLL
0x00007ff856610000 - 0x00007ff8568ea000 	C:\WINDOWS\System32\KERNELBASE.dll
0x00007ff856bf0000 - 0x00007ff856cf0000 	C:\WINDOWS\System32\ucrtbase.dll
0x00007ff845480000 - 0x00007ff845495000 	C:\Program Files\Microsoft\jdk-11.0.16.101-hotspot\bin\VCRUNTIME140.dll
0x00007ff845460000 - 0x00007ff845477000 	C:\Program Files\Microsoft\jdk-11.0.16.101-hotspot\bin\jli.dll
0x00007ff856f30000 - 0x00007ff8570cd000 	C:\WINDOWS\System32\USER32.dll
0x00007ff8565e0000 - 0x00007ff856602000 	C:\WINDOWS\System32\win32u.dll
0x00007ff856d70000 - 0x00007ff856d9b000 	C:\WINDOWS\System32\GDI32.dll
0x00007ff833f80000 - 0x00007ff83421a000 	C:\WINDOWS\WinSxS\amd64_microsoft.windows.common-controls_6595b64144ccf1df_6.0.19041.1110_none_60b5254171f9507e\COMCTL32.dll
0x00007ff856ae0000 - 0x00007ff856bf0000 	C:\WINDOWS\System32\gdi32full.dll
0x00007ff857620000 - 0x00007ff8576be000 	C:\WINDOWS\System32\msvcrt.dll
0x00007ff856940000 - 0x00007ff8569dd000 	C:\WINDOWS\System32\msvcp_win.dll
0x00007ff858c20000 - 0x00007ff858c50000 	C:\WINDOWS\System32\IMM32.DLL
0x00007ff8249a0000 - 0x00007ff824a3b000 	C:\Program Files\Microsoft\jdk-11.0.16.101-hotspot\bin\msvcp140.dll
0x00007fff82be0000 - 0x00007fff8376a000 	C:\Program Files\Microsoft\jdk-11.0.16.101-hotspot\bin\server\jvm.dll
0x00007ff8583a0000 - 0x00007ff85844e000 	C:\WINDOWS\System32\ADVAPI32.dll
0x00007ff8576c0000 - 0x00007ff85775c000 	C:\WINDOWS\System32\sechost.dll
0x00007ff856da0000 - 0x00007ff856ec6000 	C:\WINDOWS\System32\RPCRT4.dll
0x00007ff8577d0000 - 0x00007ff8577d8000 	C:\WINDOWS\System32\PSAPI.DLL
0x00007ff850990000 - 0x00007ff850999000 	C:\WINDOWS\SYSTEM32\WSOCK32.dll
0x00007ff84cc50000 - 0x00007ff84cc77000 	C:\WINDOWS\SYSTEM32\WINMM.dll
0x00007ff857760000 - 0x00007ff8577cb000 	C:\WINDOWS\System32\WS2_32.dll
0x00007ff84e8e0000 - 0x00007ff84e8ea000 	C:\WINDOWS\SYSTEM32\VERSION.dll
0x00007ff854240000 - 0x00007ff854252000 	C:\WINDOWS\SYSTEM32\kernel.appcore.dll
0x00007ff852070000 - 0x00007ff852080000 	C:\Program Files\Microsoft\jdk-11.0.16.101-hotspot\bin\verify.dll
0x00007ff84ef90000 - 0x00007ff84f174000 	C:\WINDOWS\SYSTEM32\DBGHELP.DLL
0x00007ff841ac0000 - 0x00007ff841af4000 	C:\WINDOWS\SYSTEM32\dbgcore.DLL
0x00007ff856a50000 - 0x00007ff856ad2000 	C:\WINDOWS\System32\bcryptPrimitives.dll
0x00007ff8452b0000 - 0x00007ff8452d8000 	C:\Program Files\Microsoft\jdk-11.0.16.101-hotspot\bin\java.dll
0x00007ff851860000 - 0x00007ff85186a000 	C:\Program Files\Microsoft\jdk-11.0.16.101-hotspot\bin\jimage.dll
0x00007ff845290000 - 0x00007ff8452a8000 	C:\Program Files\Microsoft\jdk-11.0.16.101-hotspot\bin\zip.dll
0x00007ff8577f0000 - 0x00007ff857f34000 	C:\WINDOWS\System32\SHELL32.dll
0x00007ff854440000 - 0x00007ff854bd3000 	C:\WINDOWS\SYSTEM32\windows.storage.dll
0x00007ff858800000 - 0x00007ff858b54000 	C:\WINDOWS\System32\combase.dll
0x00007ff855c40000 - 0x00007ff855c6e000 	C:\WINDOWS\SYSTEM32\Wldp.dll
0x00007ff8582f0000 - 0x00007ff85839d000 	C:\WINDOWS\System32\SHCORE.dll
0x00007ff8575c0000 - 0x00007ff857615000 	C:\WINDOWS\System32\shlwapi.dll
0x00007ff8562e0000 - 0x00007ff8562ff000 	C:\WINDOWS\SYSTEM32\profapi.dll
0x00007ff845270000 - 0x00007ff845289000 	C:\Program Files\Microsoft\jdk-11.0.16.101-hotspot\bin\net.dll
0x00007ff850b70000 - 0x00007ff850c7a000 	C:\WINDOWS\SYSTEM32\WINHTTP.dll
0x00007ff855a20000 - 0x00007ff855a8a000 	C:\WINDOWS\system32\mswsock.dll
0x00007ff844f10000 - 0x00007ff844f23000 	C:\Program Files\Microsoft\jdk-11.0.16.101-hotspot\bin\nio.dll

dbghelp: loaded successfully - version: 4.0.5 - missing functions: none
symbol engine: initialized successfully - sym options: 0x614 - pdb path: .;C:\Program Files\Microsoft\jdk-11.0.16.101-hotspot\bin;C:\WINDOWS\SYSTEM32;C:\WINDOWS\WinSxS\amd64_microsoft.windows.common-controls_6595b64144ccf1df_6.0.19041.1110_none_60b5254171f9507e;C:\Program Files\Microsoft\jdk-11.0.16.101-hotspot\bin\server

VM Arguments:
java_command: com.xamarin.manifestmerger.Main obj\Debug\130\android\manifestmerger.rsp
java_class_path (initial): C:\Program Files\Microsoft Visual Studio\2022\Community\MSBuild\Xamarin\Android\manifestmerger.jar
Launcher Type: SUN_STANDARD

[Global flags]
     intx CICompilerCount                          = 4                                         {product} {ergonomic}
     uint ConcGCThreads                            = 2                                         {product} {ergonomic}
     uint G1ConcRefinementThreads                  = 8                                         {product} {ergonomic}
   size_t G1HeapRegionSize                         = 1048576                                   {product} {ergonomic}
    uintx GCDrainStackTargetSize                   = 64                                        {product} {ergonomic}
   size_t InitialHeapSize                          = 234881024                                 {product} {ergonomic}
   size_t MarkStackSize                            = 4194304                                   {product} {ergonomic}
   size_t MaxHeapSize                              = 3743416320                                {product} {ergonomic}
   size_t MaxNewSize                               = 2246049792                                {product} {ergonomic}
   size_t MinHeapDeltaBytes                        = 1048576                                   {product} {ergonomic}
    uintx NonNMethodCodeHeapSize                   = 5836300                                {pd product} {ergonomic}
    uintx NonProfiledCodeHeapSize                  = 122910970                              {pd product} {ergonomic}
    uintx ProfiledCodeHeapSize                     = 122910970                              {pd product} {ergonomic}
    uintx ReservedCodeCacheSize                    = 251658240                              {pd product} {ergonomic}
     bool SegmentedCodeCache                       = true                                      {product} {ergonomic}
     bool UseCompressedClassPointers               = true                                 {lp64_product} {ergonomic}
     bool UseCompressedOops                        = true                                 {lp64_product} {ergonomic}
     bool UseG1GC                                  = true                                      {product} {ergonomic}
     bool UseLargePagesIndividualAllocation        = false                                  {pd product} {ergonomic}

Logging:
Log output configuration:
 #0: stdout all=warning uptime,level,tags
 #1: stderr all=off uptime,level,tags

Environment Variables:
PATH=C:\Program Files\Microsoft\jdk-11.0.16.101-hotspot\bin;C:\Program Files\Common Files\Oracle\Java\javapath;C:\ProgramData\Oracle\Java\javapath;C:\Users\User\AppData\Local\Programs\Python\Python39\Scripts\;C:\Users\User\AppData\Local\Programs\Python\Python39\;C:\Program Files (x86)\Common Files\Oracle\Java\javapath;C:\Program Files\Python39\Scripts\;C:\Program Files\Python39\;C:\WINDOWS\system32;C:\WINDOWS;C:\WINDOWS\System32\Wbem;C:\WINDOWS\System32\WindowsPowerShell\v1.0\;C:\WINDOWS\System32\OpenSSH\;C:\Program Files\Microsoft SQL Server\Client SDK\ODBC\130\Tools\Binn\;C:\Program Files\Azure Data Studio\bin;C:\Program Files (x86)\Rational\common;C:\Program Files\Microsoft SQL Server\Client SDK\ODBC\170\Tools\Binn\;C:\Program Files (x86)\Microsoft SQL Server\150\Tools\Binn\;C:\Program Files\Microsoft SQL Server\150\Tools\Binn\;C:\Program Files\Microsoft SQL Server\150\DTS\Binn\;C:\Program Files\Microsoft SQL Server\130\Tools\Binn\;C:\Program Files (x86)\Microsoft SQL Server\160\DTS\Binn\;C:\xampp\php;C:\ProgramData\ComposerSetup\bin;C:\Program Files\Git\cmd;C:\Program Files\dotnet\;C:\Program Files\MySQL\MySQL Shell 8.0\bin\;C:\Users\User\AppData\Local\Microsoft\WindowsApps;;C:\Program Files\Azure Data Studio\bin;C:\Users\User\AppData\Local\Programs\Microsoft VS Code\bin;C:\Users\User\AppData\Roaming\Composer\vendor\bin;C:\Users\User\.dotnet\tools
USERNAME=User
OS=Windows_NT
PROCESSOR_IDENTIFIER=AMD64 Family 23 Model 24 Stepping 1, AuthenticAMD
TMP=C:\Users\User\AppData\Local\Temp
TEMP=C:\Users\User\AppData\Local\Temp



---------------  S Y S T E M  ---------------

OS: Windows 10 , 64 bit Build 19041 (10.0.19041.2788)
OS uptime: 0 days 5:45 hours
Hyper-V role detected

CPU:total 8 (initial active 8) (8 cores per cpu, 2 threads per core) family 23 model 24 stepping 1 microcode 0x0, cmov, cx8, fxsr, mmx, sse, sse2, sse3, ssse3, sse4.1, sse4.2, popcnt, avx, avx2, aes, clmul, mmxext, 3dnowpref, lzcnt, sse4a, ht, tsc, tscinvbit, tscinv, bmi1, bmi2, adx, sha, fma

Memory: 4k page, system-wide physical 14277M (1751M free)
TotalPageFile size 16325M (AvailPageFile size 53M)
current process WorkingSet (physical memory assigned to process): 197M, peak: 198M
current process commit charge ("private bytes"): 326M, peak: 452M

vm_info: OpenJDK 64-Bit Server VM (11.0.16.1+1-LTS) for windows-amd64 JRE (11.0.16.1+1-LTS), built on Aug 20 2022 20:09:04 by "" with MS VC++ 15.9 (VS2017)

END.
