#
# There is insufficient memory for the Java Runtime Environment to continue.
# Native memory allocation (mmap) failed to map 136314880 bytes for Failed to commit area from 0x0000000730100000 to 0x0000000738300000 of length 136314880.
# Possible reasons:
#   The system is out of physical RAM or swap space
#   The process is running with CompressedOops enabled, and the Java Heap may be blocking the growth of the native heap
# Possible solutions:
#   Reduce memory load on the system
#   Increase physical memory or swap space
#   Check if swap backing store is full
#   Decrease Java heap size (-Xmx/-Xms)
#   Decrease number of Java threads
#   Decrease Java thread stack sizes (-Xss)
#   Set larger code cache with -XX:ReservedCodeCacheSize=
#   JVM is running with Zero Based Compressed Oops mode in which the Java heap is
#     placed in the first 32GB address space. The Java Heap base address is the
#     maximum limit for the native heap growth. Please use -XX:HeapBaseMinAddress
#     to set the Java Heap base and to place the Java Heap above 32GB virtual address.
# This output file may be truncated or incomplete.
#
#  Out of Memory Error (./src/hotspot/os/windows/os_windows.cpp:3386), pid=19396, tid=14308
#
# JRE version: OpenJDK Runtime Environment Microsoft-40648 (11.0.16.1+1) (build 11.0.16.1+1-LTS)
# Java VM: OpenJDK 64-Bit Server VM Microsoft-40648 (11.0.16.1+1-LTS, mixed mode, tiered, compressed oops, g1 gc, windows-amd64)
# No core dump will be written. Minidumps are not enabled by default on client versions of Windows
#

---------------  S U M M A R Y ------------

Command Line: -Dapplication.home=C:\Program Files\Microsoft\jdk-11.0.16.101-hotspot --add-modules=ALL-DEFAULT -Xms8m -Dfile.encoding=UTF8 -Djdk.module.main=jdk.compiler jdk.compiler/com.sun.tools.javac.Main @C:\Users\User\AppData\Local\Temp\tmp9031.tmp -target 1.8 -source 1.8

Host: AMD Ryzen 5 3400G with Radeon Vega Graphics    , 8 cores, 13G,  Windows 10 , 64 bit Build 19041 (10.0.19041.2788)
Time: Mon Apr 24 23:34:59 2023 Hora est. Pacífico, Sudamérica elapsed time: 5.766911 seconds (0d 0h 0m 5s)

---------------  T H R E A D  ---------------

Current thread (0x000002616cc8b800):  VMThread "VM Thread" [stack: 0x000000a279500000,0x000000a279600000] [id=14308]

Stack: [0x000000a279500000,0x000000a279600000]
[error occurred during error reporting (printing stack bounds), id 0xc0000005, EXCEPTION_ACCESS_VIOLATION (0xc0000005) at pc=0x00000261522d112d]

Native frames: (J=compiled Java code, j=interpreted, Vv=VM code, C=native code)
V  [jvm.dll+0x62652a]
V  [jvm.dll+0x7b3249]
V  [jvm.dll+0x7b4938]
V  [jvm.dll+0x7b4f75]
V  [jvm.dll+0x7b4f2b]
V  [jvm.dll+0x6258b7]
V  [jvm.dll+0x625fc8]
C  [ntdll.dll+0xa23df]
C  [ntdll.dll+0x514a4]
C  [ntdll.dll+0xa0f0e]
C  0x00000261522d112d

VM_Operation (0x000000a278ffe800): G1CollectForAllocation, mode: safepoint, requested by thread 0x000002614838a800


---------------  P R O C E S S  ---------------

Threads class SMR info:
_java_thread_list=0x000002616dde7ac0, length=12, elements={
0x000002614838a800, 0x000002616ccb0000, 0x000002616ccbc800, 0x000002616cd1f000,
0x000002616cd20800, 0x000002616cd23000, 0x000002616cccb000, 0x000002616ccd0800,
0x000002616d691000, 0x000002616d7d9000, 0x000002616de79000, 0x000002616de56800
}

Java Threads: ( => current thread )
  0x000002614838a800 JavaThread "main" [_thread_blocked, id=19692, stack(0x000000a278f00000,0x000000a279000000)]
  0x000002616ccb0000 JavaThread "Reference Handler" daemon [_thread_blocked, id=17152, stack(0x000000a279600000,0x000000a279700000)]
  0x000002616ccbc800 JavaThread "Finalizer" daemon [_thread_blocked, id=3176, stack(0x000000a279700000,0x000000a279800000)]
  0x000002616cd1f000 JavaThread "Signal Dispatcher" daemon [_thread_blocked, id=16324, stack(0x000000a279800000,0x000000a279900000)]
  0x000002616cd20800 JavaThread "Attach Listener" daemon [_thread_blocked, id=11956, stack(0x000000a279900000,0x000000a279a00000)]
  0x000002616cd23000 JavaThread "Service Thread" daemon [_thread_blocked, id=13828, stack(0x000000a279a00000,0x000000a279b00000)]
  0x000002616cccb000 JavaThread "C2 CompilerThread0" daemon [_thread_blocked, id=17176, stack(0x000000a279b00000,0x000000a279c00000)]
  0x000002616ccd0800 JavaThread "C1 CompilerThread0" daemon [_thread_blocked, id=15996, stack(0x000000a279c00000,0x000000a279d00000)]
  0x000002616d691000 JavaThread "Sweeper thread" daemon [_thread_blocked, id=18112, stack(0x000000a279d00000,0x000000a279e00000)]
  0x000002616d7d9000 JavaThread "Common-Cleaner" daemon [_thread_blocked, id=12424, stack(0x000000a279e00000,0x000000a279f00000)]
  0x000002616de79000 JavaThread "C2 CompilerThread1" daemon [_thread_in_native, id=13036, stack(0x000000a279f00000,0x000000a27a000000)]
  0x000002616de56800 JavaThread "C2 CompilerThread2" daemon [_thread_blocked, id=13056, stack(0x000000a27a200000,0x000000a27a300000)]

Other Threads:
=>0x000002616cc8b800 VMThread "VM Thread" [stack: 0x000000a279500000,0x000000a279600000] [id=14308]
  0x000002616d901800 WatcherThread [stack: 0x000000a27a000000,0x000000a27a100000] [id=6848]
  0x00000261483a4800 GCTaskThread "GC Thread#0" [stack: 0x000000a279000000,0x000000a279100000] [id=16640]
  0x000002616dab2800 GCTaskThread "GC Thread#1" [stack: 0x000000a27a100000,0x000000a27a200000] [id=13556]
  0x000002616f7b7000 GCTaskThread "GC Thread#2" [stack: 0x000000a27a700000,0x000000a27a800000] [id=9120]
  0x0000026170e81800 GCTaskThread "GC Thread#3" [stack: 0x000000a27a800000,0x000000a27a900000] [id=11800]
  0x00000261715c4000 GCTaskThread "GC Thread#4" [stack: 0x000000a27a900000,0x000000a27aa00000] [id=16524]
  0x00000261483f8000 ConcurrentGCThread "G1 Main Marker" [stack: 0x000000a279100000,0x000000a279200000] [id=17224]
  0x00000261483f9800 ConcurrentGCThread "G1 Conc#0" [stack: 0x000000a279200000,0x000000a279300000] [id=16556]
  0x000002616eff9000 ConcurrentGCThread "G1 Conc#1" [stack: 0x000000a27a300000,0x000000a27a400000] [id=15788]
  0x0000026148425800 ConcurrentGCThread "G1 Refine#0" [stack: 0x000000a279300000,0x000000a279400000] [id=17284]
  0x000002616efe8000 ConcurrentGCThread "G1 Refine#1" [stack: 0x000000a27a400000,0x000000a27a500000] [id=19236]
  0x000002616ffa4800 ConcurrentGCThread "G1 Refine#2" [stack: 0x000000a27a500000,0x000000a27a600000] [id=5096]
  0x00000261706c6000 ConcurrentGCThread "G1 Refine#3" [stack: 0x000000a27a600000,0x000000a27a700000] [id=2840]
  0x00000261715c4800 ConcurrentGCThread "G1 Refine#4" [stack: 0x000000a27aa00000,0x000000a27ab00000] [id=4972]
  0x0000026148426800 ConcurrentGCThread "G1 Young RemSet Sampling" [stack: 0x000000a279400000,0x000000a279500000] [id=18612]

Threads with active compile tasks:
C2 CompilerThread0     5775 4486       4       com.sun.tools.javac.comp.Resolve$AbstractMethodCheck::argumentsAcceptable (288 bytes)
C2 CompilerThread1     5775 4463       4       com.sun.tools.javac.comp.Resolve::findField (316 bytes)
C2 CompilerThread2     5775 4490       4       com.sun.tools.javac.code.Types::closure (153 bytes)

VM state:at safepoint (normal execution)

VM Mutex/Monitor currently owned by a thread:  ([mutex/lock_event])
[0x0000026148386200] Threads_lock - owner thread: 0x000002616cc8b800
[0x0000026148386290] Heap_lock - owner thread: 0x000002614838a800

Heap address: 0x0000000720e00000, size: 3570 MB, Compressed Oops mode: Zero based, Oop shift amount: 3
Narrow klass base: 0x0000000800000000, Narrow klass shift: 0
Compressed class space size: 1073741824 Address: 0x0000000800000000

Heap:
 garbage-first heap   total 381952K, used 79046K [0x0000000720e00000, 0x0000000800000000)
  region size 1024K, 11 young (11264K), 11 survivors (11264K)
 Metaspace       used 18248K, capacity 18542K, committed 18688K, reserved 1067008K
  class space    used 1658K, capacity 1785K, committed 1792K, reserved 1048576K
Heap Regions: E=young(eden), S=young(survivor), O=old, HS=humongous(starts), HC=humongous(continues), CS=collection set, F=free, A=archive, TAMS=top-at-mark-start (previous, next)
|   0|0x0000000720e00000, 0x0000000720f00000, 0x0000000720f00000|100%| O|  |TAMS 0x0000000720f00000, 0x0000000720e00000| Untracked 
|   1|0x0000000720f00000, 0x0000000721000000, 0x0000000721000000|100%| O|  |TAMS 0x0000000721000000, 0x0000000720f00000| Untracked 
|   2|0x0000000721000000, 0x0000000721100000, 0x0000000721100000|100%| O|  |TAMS 0x0000000721100000, 0x0000000721000000| Untracked 
|   3|0x0000000721100000, 0x0000000721200000, 0x0000000721200000|100%| O|  |TAMS 0x0000000721200000, 0x0000000721100000| Untracked 
|   4|0x0000000721200000, 0x0000000721300000, 0x0000000721300000|100%| O|  |TAMS 0x0000000721300000, 0x0000000721200000| Untracked 
|   5|0x0000000721300000, 0x0000000721400000, 0x0000000721400000|100%| O|  |TAMS 0x0000000721400000, 0x0000000721300000| Untracked 
|   6|0x0000000721400000, 0x0000000721500000, 0x0000000721500000|100%| O|  |TAMS 0x0000000721500000, 0x0000000721400000| Untracked 
|   7|0x0000000721500000, 0x0000000721600000, 0x0000000721600000|100%| O|  |TAMS 0x0000000721600000, 0x0000000721500000| Untracked 
|   8|0x0000000721600000, 0x0000000721700000, 0x0000000721700000|100%| O|  |TAMS 0x0000000721700000, 0x0000000721600000| Untracked 
|   9|0x0000000721700000, 0x0000000721800000, 0x0000000721800000|100%|HS|  |TAMS 0x0000000721800000, 0x0000000721700000| Complete 
|  10|0x0000000721800000, 0x0000000721900000, 0x0000000721900000|100%|HC|  |TAMS 0x0000000721900000, 0x0000000721800000| Complete 
|  11|0x0000000721900000, 0x0000000721a00000, 0x0000000721a00000|100%|HC|  |TAMS 0x0000000721a00000, 0x0000000721900000| Complete 
|  12|0x0000000721a00000, 0x0000000721b00000, 0x0000000721b00000|100%| O|  |TAMS 0x0000000721b00000, 0x0000000721a00000| Untracked 
|  13|0x0000000721b00000, 0x0000000721c00000, 0x0000000721c00000|100%|HS|  |TAMS 0x0000000721c00000, 0x0000000721b00000| Complete 
|  14|0x0000000721c00000, 0x0000000721d00000, 0x0000000721d00000|100%| O|  |TAMS 0x0000000721d00000, 0x0000000721c00000| Untracked 
|  15|0x0000000721d00000, 0x0000000721e00000, 0x0000000721e00000|100%|HS|  |TAMS 0x0000000721e00000, 0x0000000721d00000| Complete 
|  16|0x0000000721e00000, 0x0000000721f00000, 0x0000000721f00000|100%|HC|  |TAMS 0x0000000721f00000, 0x0000000721e00000| Complete 
|  17|0x0000000721f00000, 0x0000000722000000, 0x0000000722000000|100%|HC|  |TAMS 0x0000000722000000, 0x0000000721f00000| Complete 
|  18|0x0000000722000000, 0x0000000722100000, 0x0000000722100000|100%|HC|  |TAMS 0x0000000722100000, 0x0000000722000000| Complete 
|  19|0x0000000722100000, 0x0000000722200000, 0x0000000722200000|100%|HC|  |TAMS 0x0000000722200000, 0x0000000722100000| Complete 
|  20|0x0000000722200000, 0x0000000722300000, 0x0000000722300000|100%|HS|  |TAMS 0x0000000722300000, 0x0000000722200000| Complete 
|  21|0x0000000722300000, 0x0000000722400000, 0x0000000722400000|100%|HC|  |TAMS 0x0000000722400000, 0x0000000722300000| Complete 
|  22|0x0000000722400000, 0x0000000722500000, 0x0000000722500000|100%| O|  |TAMS 0x0000000722500000, 0x0000000722400000| Untracked 
|  23|0x0000000722500000, 0x0000000722600000, 0x0000000722600000|100%| O|  |TAMS 0x0000000722600000, 0x0000000722500000| Untracked 
|  24|0x0000000722600000, 0x0000000722700000, 0x0000000722700000|100%| O|  |TAMS 0x0000000722700000, 0x0000000722600000| Untracked 
|  25|0x0000000722700000, 0x0000000722800000, 0x0000000722800000|100%| O|  |TAMS 0x0000000722800000, 0x0000000722700000| Untracked 
|  26|0x0000000722800000, 0x0000000722900000, 0x0000000722900000|100%| O|  |TAMS 0x0000000722900000, 0x0000000722800000| Untracked 
|  27|0x0000000722900000, 0x0000000722a00000, 0x0000000722a00000|100%| O|  |TAMS 0x0000000722a00000, 0x0000000722900000| Untracked 
|  28|0x0000000722a00000, 0x0000000722b00000, 0x0000000722b00000|100%| O|  |TAMS 0x0000000722a00000, 0x0000000722a00000| Untracked 
|  29|0x0000000722b00000, 0x0000000722c00000, 0x0000000722c00000|100%| O|  |TAMS 0x0000000722c00000, 0x0000000722b00000| Untracked 
|  30|0x0000000722c00000, 0x0000000722d00000, 0x0000000722d00000|100%| O|  |TAMS 0x0000000722d00000, 0x0000000722c00000| Untracked 
|  31|0x0000000722d00000, 0x0000000722e00000, 0x0000000722e00000|100%| O|  |TAMS 0x0000000722e00000, 0x0000000722d00000| Untracked 
|  32|0x0000000722e00000, 0x0000000722f00000, 0x0000000722f00000|100%| O|  |TAMS 0x0000000722f00000, 0x0000000722e00000| Untracked 
|  33|0x0000000722f00000, 0x0000000723000000, 0x0000000723000000|100%| O|  |TAMS 0x0000000723000000, 0x0000000722f00000| Untracked 
|  34|0x0000000723000000, 0x0000000723100000, 0x0000000723100000|100%| O|  |TAMS 0x0000000723100000, 0x0000000723000000| Untracked 
|  35|0x0000000723100000, 0x0000000723200000, 0x0000000723200000|100%| O|  |TAMS 0x0000000723200000, 0x0000000723100000| Untracked 
|  36|0x0000000723200000, 0x0000000723300000, 0x0000000723300000|100%| O|  |TAMS 0x0000000723300000, 0x0000000723200000| Untracked 
|  37|0x0000000723300000, 0x0000000723400000, 0x0000000723400000|100%| O|  |TAMS 0x0000000723400000, 0x0000000723300000| Untracked 
|  38|0x0000000723400000, 0x0000000723500000, 0x0000000723500000|100%| O|  |TAMS 0x0000000723500000, 0x0000000723400000| Untracked 
|  39|0x0000000723500000, 0x0000000723600000, 0x0000000723600000|100%| O|  |TAMS 0x0000000723600000, 0x0000000723500000| Untracked 
|  40|0x0000000723600000, 0x0000000723700000, 0x0000000723700000|100%| O|  |TAMS 0x0000000723700000, 0x0000000723600000| Untracked 
|  41|0x0000000723700000, 0x0000000723800000, 0x0000000723800000|100%| O|  |TAMS 0x0000000723800000, 0x0000000723700000| Untracked 
|  42|0x0000000723800000, 0x0000000723900000, 0x0000000723900000|100%| O|  |TAMS 0x0000000723900000, 0x0000000723800000| Untracked 
|  43|0x0000000723900000, 0x0000000723a00000, 0x0000000723a00000|100%| O|  |TAMS 0x0000000723a00000, 0x0000000723900000| Untracked 
|  44|0x0000000723a00000, 0x0000000723b00000, 0x0000000723b00000|100%| O|  |TAMS 0x0000000723b00000, 0x0000000723a00000| Untracked 
|  45|0x0000000723b00000, 0x0000000723c00000, 0x0000000723c00000|100%| O|  |TAMS 0x0000000723c00000, 0x0000000723b00000| Untracked 
|  46|0x0000000723c00000, 0x0000000723d00000, 0x0000000723d00000|100%| O|  |TAMS 0x0000000723d00000, 0x0000000723c00000| Untracked 
|  47|0x0000000723d00000, 0x0000000723e00000, 0x0000000723e00000|100%| O|  |TAMS 0x0000000723e00000, 0x0000000723d00000| Untracked 
|  48|0x0000000723e00000, 0x0000000723f00000, 0x0000000723f00000|100%| O|  |TAMS 0x0000000723f00000, 0x0000000723e00000| Untracked 
|  49|0x0000000723f00000, 0x0000000724000000, 0x0000000724000000|100%| O|  |TAMS 0x0000000724000000, 0x0000000723f00000| Untracked 
|  50|0x0000000724000000, 0x0000000724100000, 0x0000000724100000|100%| O|  |TAMS 0x0000000724100000, 0x0000000724000000| Untracked 
|  51|0x0000000724100000, 0x0000000724200000, 0x0000000724200000|100%| O|  |TAMS 0x0000000724200000, 0x0000000724100000| Untracked 
|  52|0x0000000724200000, 0x0000000724300000, 0x0000000724300000|100%| O|  |TAMS 0x0000000724300000, 0x0000000724200000| Untracked 
|  53|0x0000000724300000, 0x0000000724400000, 0x0000000724400000|100%| O|  |TAMS 0x0000000724400000, 0x0000000724300000| Untracked 
|  54|0x0000000724400000, 0x0000000724500000, 0x0000000724500000|100%| O|  |TAMS 0x0000000724500000, 0x0000000724400000| Untracked 
|  55|0x0000000724500000, 0x0000000724600000, 0x0000000724600000|100%| O|  |TAMS 0x0000000724600000, 0x0000000724500000| Untracked 
|  56|0x0000000724600000, 0x0000000724700000, 0x0000000724700000|100%|HS|  |TAMS 0x0000000724600000, 0x0000000724600000| Complete 
|  57|0x0000000724700000, 0x0000000724800000, 0x0000000724800000|100%|HC|  |TAMS 0x0000000724700000, 0x0000000724700000| Complete 
|  58|0x0000000724800000, 0x0000000724900000, 0x0000000724900000|100%| O|  |TAMS 0x0000000724800000, 0x0000000724800000| Untracked 
|  59|0x0000000724900000, 0x0000000724a00000, 0x0000000724a00000|100%| O|  |TAMS 0x0000000724900000, 0x0000000724900000| Untracked 
|  60|0x0000000724a00000, 0x0000000724b00000, 0x0000000724b00000|100%| O|  |TAMS 0x0000000724a00000, 0x0000000724a00000| Untracked 
|  61|0x0000000724b00000, 0x0000000724c00000, 0x0000000724c00000|100%| O|  |TAMS 0x0000000724b00000, 0x0000000724b00000| Untracked 
|  62|0x0000000724c00000, 0x0000000724d00000, 0x0000000724d00000|100%| O|  |TAMS 0x0000000724c00000, 0x0000000724c00000| Untracked 
|  63|0x0000000724d00000, 0x0000000724e00000, 0x0000000724e00000|100%| O|  |TAMS 0x0000000724d00000, 0x0000000724d00000| Untracked 
|  64|0x0000000724e00000, 0x0000000724f00000, 0x0000000724f00000|100%| O|  |TAMS 0x0000000724e00000, 0x0000000724e00000| Untracked 
|  65|0x0000000724f00000, 0x0000000725000000, 0x0000000725000000|100%| O|  |TAMS 0x0000000724f00000, 0x0000000724f00000| Untracked 
|  66|0x0000000725000000, 0x0000000725042800, 0x0000000725100000| 25%| O|  |TAMS 0x0000000725000000, 0x0000000725000000| Untracked 
|  67|0x0000000725100000, 0x0000000725100000, 0x0000000725200000|  0%| F|  |TAMS 0x0000000725100000, 0x0000000725100000| Untracked 
|  68|0x0000000725200000, 0x0000000725200000, 0x0000000725300000|  0%| F|  |TAMS 0x0000000725200000, 0x0000000725200000| Untracked 
|  69|0x0000000725300000, 0x0000000725300000, 0x0000000725400000|  0%| F|  |TAMS 0x0000000725300000, 0x0000000725300000| Untracked 
|  70|0x0000000725400000, 0x0000000725400000, 0x0000000725500000|  0%| F|  |TAMS 0x0000000725400000, 0x0000000725400000| Untracked 
|  71|0x0000000725500000, 0x0000000725500000, 0x0000000725600000|  0%| F|  |TAMS 0x0000000725500000, 0x0000000725500000| Untracked 
|  72|0x0000000725600000, 0x0000000725600000, 0x0000000725700000|  0%| F|  |TAMS 0x0000000725600000, 0x0000000725600000| Untracked 
|  73|0x0000000725700000, 0x0000000725700000, 0x0000000725800000|  0%| F|  |TAMS 0x0000000725700000, 0x0000000725700000| Untracked 
|  74|0x0000000725800000, 0x0000000725800000, 0x0000000725900000|  0%| F|  |TAMS 0x0000000725800000, 0x0000000725800000| Untracked 
|  75|0x0000000725900000, 0x0000000725900000, 0x0000000725a00000|  0%| F|  |TAMS 0x0000000725900000, 0x0000000725900000| Untracked 
|  76|0x0000000725a00000, 0x0000000725a00000, 0x0000000725b00000|  0%| F|  |TAMS 0x0000000725a00000, 0x0000000725a00000| Untracked 
|  77|0x0000000725b00000, 0x0000000725b00000, 0x0000000725c00000|  0%| F|  |TAMS 0x0000000725b00000, 0x0000000725b00000| Untracked 
|  78|0x0000000725c00000, 0x0000000725c00000, 0x0000000725d00000|  0%| F|  |TAMS 0x0000000725c00000, 0x0000000725c00000| Untracked 
|  79|0x0000000725d00000, 0x0000000725d00000, 0x0000000725e00000|  0%| F|  |TAMS 0x0000000725d00000, 0x0000000725d00000| Untracked 
|  80|0x0000000725e00000, 0x0000000725e00000, 0x0000000725f00000|  0%| F|  |TAMS 0x0000000725e00000, 0x0000000725e00000| Untracked 
|  81|0x0000000725f00000, 0x0000000725f00000, 0x0000000726000000|  0%| F|  |TAMS 0x0000000725f00000, 0x0000000725f00000| Untracked 
|  82|0x0000000726000000, 0x0000000726000000, 0x0000000726100000|  0%| F|  |TAMS 0x0000000726000000, 0x0000000726000000| Untracked 
|  83|0x0000000726100000, 0x0000000726100000, 0x0000000726200000|  0%| F|  |TAMS 0x0000000726100000, 0x0000000726100000| Untracked 
|  84|0x0000000726200000, 0x0000000726200000, 0x0000000726300000|  0%| F|  |TAMS 0x0000000726200000, 0x0000000726200000| Untracked 
|  85|0x0000000726300000, 0x0000000726300000, 0x0000000726400000|  0%| F|  |TAMS 0x0000000726300000, 0x0000000726300000| Untracked 
|  86|0x0000000726400000, 0x0000000726400000, 0x0000000726500000|  0%| F|  |TAMS 0x0000000726400000, 0x0000000726400000| Untracked 
|  87|0x0000000726500000, 0x0000000726500000, 0x0000000726600000|  0%| F|  |TAMS 0x0000000726500000, 0x0000000726500000| Untracked 
|  88|0x0000000726600000, 0x0000000726600000, 0x0000000726700000|  0%| F|  |TAMS 0x0000000726600000, 0x0000000726600000| Untracked 
|  89|0x0000000726700000, 0x0000000726700000, 0x0000000726800000|  0%| F|  |TAMS 0x0000000726700000, 0x0000000726700000| Untracked 
|  90|0x0000000726800000, 0x0000000726800000, 0x0000000726900000|  0%| F|  |TAMS 0x0000000726800000, 0x0000000726800000| Untracked 
|  91|0x0000000726900000, 0x0000000726900000, 0x0000000726a00000|  0%| F|  |TAMS 0x0000000726900000, 0x0000000726900000| Untracked 
|  92|0x0000000726a00000, 0x0000000726a00000, 0x0000000726b00000|  0%| F|  |TAMS 0x0000000726a00000, 0x0000000726a00000| Untracked 
|  93|0x0000000726b00000, 0x0000000726b00000, 0x0000000726c00000|  0%| F|  |TAMS 0x0000000726b00000, 0x0000000726b00000| Untracked 
|  94|0x0000000726c00000, 0x0000000726c00000, 0x0000000726d00000|  0%| F|  |TAMS 0x0000000726c00000, 0x0000000726c00000| Untracked 
|  95|0x0000000726d00000, 0x0000000726d00000, 0x0000000726e00000|  0%| F|  |TAMS 0x0000000726d00000, 0x0000000726d00000| Untracked 
|  96|0x0000000726e00000, 0x0000000726e00000, 0x0000000726f00000|  0%| F|  |TAMS 0x0000000726e00000, 0x0000000726e00000| Untracked 
|  97|0x0000000726f00000, 0x0000000726f00000, 0x0000000727000000|  0%| F|  |TAMS 0x0000000726f00000, 0x0000000726f00000| Untracked 
|  98|0x0000000727000000, 0x0000000727000000, 0x0000000727100000|  0%| F|  |TAMS 0x0000000727000000, 0x0000000727000000| Untracked 
|  99|0x0000000727100000, 0x0000000727100000, 0x0000000727200000|  0%| F|  |TAMS 0x0000000727100000, 0x0000000727100000| Untracked 
| 100|0x0000000727200000, 0x0000000727200000, 0x0000000727300000|  0%| F|  |TAMS 0x0000000727200000, 0x0000000727200000| Untracked 
| 101|0x0000000727300000, 0x0000000727300000, 0x0000000727400000|  0%| F|  |TAMS 0x0000000727300000, 0x0000000727300000| Untracked 
| 102|0x0000000727400000, 0x0000000727400000, 0x0000000727500000|  0%| F|  |TAMS 0x0000000727400000, 0x0000000727400000| Untracked 
| 103|0x0000000727500000, 0x0000000727500000, 0x0000000727600000|  0%| F|  |TAMS 0x0000000727500000, 0x0000000727500000| Untracked 
| 104|0x0000000727600000, 0x0000000727600000, 0x0000000727700000|  0%| F|  |TAMS 0x0000000727600000, 0x0000000727600000| Untracked 
| 105|0x0000000727700000, 0x0000000727700000, 0x0000000727800000|  0%| F|  |TAMS 0x0000000727700000, 0x0000000727700000| Untracked 
| 106|0x0000000727800000, 0x0000000727800000, 0x0000000727900000|  0%| F|  |TAMS 0x0000000727800000, 0x0000000727800000| Untracked 
| 107|0x0000000727900000, 0x0000000727900000, 0x0000000727a00000|  0%| F|  |TAMS 0x0000000727900000, 0x0000000727900000| Untracked 
| 108|0x0000000727a00000, 0x0000000727a00000, 0x0000000727b00000|  0%| F|  |TAMS 0x0000000727a00000, 0x0000000727a00000| Untracked 
| 109|0x0000000727b00000, 0x0000000727b00000, 0x0000000727c00000|  0%| F|  |TAMS 0x0000000727b00000, 0x0000000727b00000| Untracked 
| 110|0x0000000727c00000, 0x0000000727c00000, 0x0000000727d00000|  0%| F|  |TAMS 0x0000000727c00000, 0x0000000727c00000| Untracked 
| 111|0x0000000727d00000, 0x0000000727d00000, 0x0000000727e00000|  0%| F|  |TAMS 0x0000000727d00000, 0x0000000727d00000| Untracked 
| 112|0x0000000727e00000, 0x0000000727e00000, 0x0000000727f00000|  0%| F|  |TAMS 0x0000000727e00000, 0x0000000727e00000| Untracked 
| 113|0x0000000727f00000, 0x0000000727f00000, 0x0000000728000000|  0%| F|  |TAMS 0x0000000727f00000, 0x0000000727f00000| Untracked 
| 114|0x0000000728000000, 0x0000000728000000, 0x0000000728100000|  0%| F|  |TAMS 0x0000000728000000, 0x0000000728000000| Untracked 
| 115|0x0000000728100000, 0x0000000728100000, 0x0000000728200000|  0%| F|  |TAMS 0x0000000728100000, 0x0000000728100000| Untracked 
| 116|0x0000000728200000, 0x0000000728200000, 0x0000000728300000|  0%| F|  |TAMS 0x0000000728200000, 0x0000000728200000| Untracked 
| 117|0x0000000728300000, 0x0000000728300000, 0x0000000728400000|  0%| F|  |TAMS 0x0000000728300000, 0x0000000728300000| Untracked 
| 118|0x0000000728400000, 0x0000000728400000, 0x0000000728500000|  0%| F|  |TAMS 0x0000000728400000, 0x0000000728400000| Untracked 
| 119|0x0000000728500000, 0x0000000728500000, 0x0000000728600000|  0%| F|  |TAMS 0x0000000728500000, 0x0000000728500000| Untracked 
| 120|0x0000000728600000, 0x0000000728600000, 0x0000000728700000|  0%| F|  |TAMS 0x0000000728600000, 0x0000000728600000| Untracked 
| 121|0x0000000728700000, 0x0000000728700000, 0x0000000728800000|  0%| F|  |TAMS 0x0000000728700000, 0x0000000728700000| Untracked 
| 122|0x0000000728800000, 0x0000000728800000, 0x0000000728900000|  0%| F|  |TAMS 0x0000000728800000, 0x0000000728800000| Untracked 
| 123|0x0000000728900000, 0x0000000728900000, 0x0000000728a00000|  0%| F|  |TAMS 0x0000000728900000, 0x0000000728900000| Untracked 
| 124|0x0000000728a00000, 0x0000000728a00000, 0x0000000728b00000|  0%| F|  |TAMS 0x0000000728a00000, 0x0000000728a00000| Untracked 
| 125|0x0000000728b00000, 0x0000000728b00000, 0x0000000728c00000|  0%| F|  |TAMS 0x0000000728b00000, 0x0000000728b00000| Untracked 
| 126|0x0000000728c00000, 0x0000000728c00000, 0x0000000728d00000|  0%| F|  |TAMS 0x0000000728c00000, 0x0000000728c00000| Untracked 
| 127|0x0000000728d00000, 0x0000000728d00000, 0x0000000728e00000|  0%| F|  |TAMS 0x0000000728d00000, 0x0000000728d00000| Untracked 
| 128|0x0000000728e00000, 0x0000000728e00000, 0x0000000728f00000|  0%| F|  |TAMS 0x0000000728e00000, 0x0000000728e00000| Untracked 
| 129|0x0000000728f00000, 0x0000000728f00000, 0x0000000729000000|  0%| F|  |TAMS 0x0000000728f00000, 0x0000000728f00000| Untracked 
| 130|0x0000000729000000, 0x00000007290ef1a0, 0x0000000729100000| 93%| S|CS|TAMS 0x0000000729000000, 0x0000000729000000| Complete 
| 131|0x0000000729100000, 0x0000000729200000, 0x0000000729200000|100%| S|CS|TAMS 0x0000000729100000, 0x0000000729100000| Complete 
| 132|0x0000000729200000, 0x0000000729300000, 0x0000000729300000|100%| S|CS|TAMS 0x0000000729200000, 0x0000000729200000| Complete 
| 133|0x0000000729300000, 0x0000000729400000, 0x0000000729400000|100%| S|CS|TAMS 0x0000000729300000, 0x0000000729300000| Complete 
| 134|0x0000000729400000, 0x0000000729500000, 0x0000000729500000|100%| S|CS|TAMS 0x0000000729400000, 0x0000000729400000| Complete 
| 135|0x0000000729500000, 0x0000000729600000, 0x0000000729600000|100%| S|CS|TAMS 0x0000000729500000, 0x0000000729500000| Complete 
| 136|0x0000000729600000, 0x0000000729700000, 0x0000000729700000|100%| S|CS|TAMS 0x0000000729600000, 0x0000000729600000| Complete 
| 137|0x0000000729700000, 0x0000000729800000, 0x0000000729800000|100%| S|CS|TAMS 0x0000000729700000, 0x0000000729700000| Complete 
| 138|0x0000000729800000, 0x0000000729900000, 0x0000000729900000|100%| S|CS|TAMS 0x0000000729800000, 0x0000000729800000| Complete 
| 139|0x0000000729900000, 0x0000000729a00000, 0x0000000729a00000|100%| S|CS|TAMS 0x0000000729900000, 0x0000000729900000| Complete 
| 140|0x0000000729a00000, 0x0000000729b00000, 0x0000000729b00000|100%| S|CS|TAMS 0x0000000729a00000, 0x0000000729a00000| Complete 
| 141|0x0000000729b00000, 0x0000000729b00000, 0x0000000729c00000|  0%| F|  |TAMS 0x0000000729b00000, 0x0000000729b00000| Untracked 
| 142|0x0000000729c00000, 0x0000000729c00000, 0x0000000729d00000|  0%| F|  |TAMS 0x0000000729c00000, 0x0000000729c00000| Untracked 
| 143|0x0000000729d00000, 0x0000000729d00000, 0x0000000729e00000|  0%| F|  |TAMS 0x0000000729d00000, 0x0000000729d00000| Untracked 
| 144|0x0000000729e00000, 0x0000000729e00000, 0x0000000729f00000|  0%| F|  |TAMS 0x0000000729e00000, 0x0000000729e00000| Untracked 
| 145|0x0000000729f00000, 0x0000000729f00000, 0x000000072a000000|  0%| F|  |TAMS 0x0000000729f00000, 0x0000000729f00000| Untracked 
| 146|0x000000072a000000, 0x000000072a000000, 0x000000072a100000|  0%| F|  |TAMS 0x000000072a000000, 0x000000072a000000| Untracked 
| 147|0x000000072a100000, 0x000000072a100000, 0x000000072a200000|  0%| F|  |TAMS 0x000000072a100000, 0x000000072a100000| Untracked 
| 148|0x000000072a200000, 0x000000072a200000, 0x000000072a300000|  0%| F|  |TAMS 0x000000072a200000, 0x000000072a200000| Untracked 
| 149|0x000000072a300000, 0x000000072a300000, 0x000000072a400000|  0%| F|  |TAMS 0x000000072a300000, 0x000000072a300000| Untracked 
| 150|0x000000072a400000, 0x000000072a400000, 0x000000072a500000|  0%| F|  |TAMS 0x000000072a400000, 0x000000072a400000| Untracked 
| 151|0x000000072a500000, 0x000000072a500000, 0x000000072a600000|  0%| F|  |TAMS 0x000000072a500000, 0x000000072a500000| Untracked 
| 152|0x000000072a600000, 0x000000072a600000, 0x000000072a700000|  0%| F|  |TAMS 0x000000072a600000, 0x000000072a600000| Untracked 
| 153|0x000000072a700000, 0x000000072a700000, 0x000000072a800000|  0%| F|  |TAMS 0x000000072a700000, 0x000000072a700000| Untracked 
| 154|0x000000072a800000, 0x000000072a800000, 0x000000072a900000|  0%| F|  |TAMS 0x000000072a800000, 0x000000072a800000| Untracked 
| 155|0x000000072a900000, 0x000000072a900000, 0x000000072aa00000|  0%| F|  |TAMS 0x000000072a900000, 0x000000072a900000| Untracked 
| 156|0x000000072aa00000, 0x000000072aa00000, 0x000000072ab00000|  0%| F|  |TAMS 0x000000072aa00000, 0x000000072aa00000| Untracked 
| 157|0x000000072ab00000, 0x000000072ab00000, 0x000000072ac00000|  0%| F|  |TAMS 0x000000072ab00000, 0x000000072ab00000| Untracked 
| 158|0x000000072ac00000, 0x000000072ac00000, 0x000000072ad00000|  0%| F|  |TAMS 0x000000072ac00000, 0x000000072ac00000| Untracked 
| 159|0x000000072ad00000, 0x000000072ad00000, 0x000000072ae00000|  0%| F|  |TAMS 0x000000072ad00000, 0x000000072ad00000| Untracked 
| 160|0x000000072ae00000, 0x000000072ae00000, 0x000000072af00000|  0%| F|  |TAMS 0x000000072ae00000, 0x000000072ae00000| Untracked 
| 161|0x000000072af00000, 0x000000072af00000, 0x000000072b000000|  0%| F|  |TAMS 0x000000072af00000, 0x000000072af00000| Untracked 
| 162|0x000000072b000000, 0x000000072b000000, 0x000000072b100000|  0%| F|  |TAMS 0x000000072b000000, 0x000000072b000000| Untracked 
| 163|0x000000072b100000, 0x000000072b100000, 0x000000072b200000|  0%| F|  |TAMS 0x000000072b100000, 0x000000072b100000| Untracked 
| 164|0x000000072b200000, 0x000000072b200000, 0x000000072b300000|  0%| F|  |TAMS 0x000000072b200000, 0x000000072b200000| Untracked 
| 165|0x000000072b300000, 0x000000072b300000, 0x000000072b400000|  0%| F|  |TAMS 0x000000072b300000, 0x000000072b300000| Untracked 
| 166|0x000000072b400000, 0x000000072b400000, 0x000000072b500000|  0%| F|  |TAMS 0x000000072b400000, 0x000000072b400000| Untracked 
| 167|0x000000072b500000, 0x000000072b500000, 0x000000072b600000|  0%| F|  |TAMS 0x000000072b500000, 0x000000072b500000| Untracked 
| 168|0x000000072b600000, 0x000000072b600000, 0x000000072b700000|  0%| F|  |TAMS 0x000000072b600000, 0x000000072b600000| Untracked 
| 169|0x000000072b700000, 0x000000072b700000, 0x000000072b800000|  0%| F|  |TAMS 0x000000072b700000, 0x000000072b700000| Untracked 
| 170|0x000000072b800000, 0x000000072b800000, 0x000000072b900000|  0%| F|  |TAMS 0x000000072b800000, 0x000000072b800000| Untracked 
| 171|0x000000072b900000, 0x000000072b900000, 0x000000072ba00000|  0%| F|  |TAMS 0x000000072b900000, 0x000000072b900000| Untracked 
| 172|0x000000072ba00000, 0x000000072ba00000, 0x000000072bb00000|  0%| F|  |TAMS 0x000000072ba00000, 0x000000072ba00000| Untracked 
| 173|0x000000072bb00000, 0x000000072bb00000, 0x000000072bc00000|  0%| F|  |TAMS 0x000000072bb00000, 0x000000072bb00000| Untracked 
| 174|0x000000072bc00000, 0x000000072bc00000, 0x000000072bd00000|  0%| F|  |TAMS 0x000000072bc00000, 0x000000072bc00000| Untracked 
| 175|0x000000072bd00000, 0x000000072bd00000, 0x000000072be00000|  0%| F|  |TAMS 0x000000072bd00000, 0x000000072bd00000| Untracked 
| 176|0x000000072be00000, 0x000000072be00000, 0x000000072bf00000|  0%| F|  |TAMS 0x000000072be00000, 0x000000072be00000| Untracked 
| 177|0x000000072bf00000, 0x000000072bf00000, 0x000000072c000000|  0%| F|  |TAMS 0x000000072bf00000, 0x000000072bf00000| Untracked 
| 178|0x000000072c000000, 0x000000072c000000, 0x000000072c100000|  0%| F|  |TAMS 0x000000072c000000, 0x000000072c000000| Untracked 
| 179|0x000000072c100000, 0x000000072c100000, 0x000000072c200000|  0%| F|  |TAMS 0x000000072c100000, 0x000000072c100000| Untracked 
| 180|0x000000072c200000, 0x000000072c200000, 0x000000072c300000|  0%| F|  |TAMS 0x000000072c200000, 0x000000072c200000| Untracked 
| 181|0x000000072c300000, 0x000000072c300000, 0x000000072c400000|  0%| F|  |TAMS 0x000000072c300000, 0x000000072c300000| Untracked 
| 182|0x000000072c400000, 0x000000072c400000, 0x000000072c500000|  0%| F|  |TAMS 0x000000072c400000, 0x000000072c400000| Untracked 
| 183|0x000000072c500000, 0x000000072c500000, 0x000000072c600000|  0%| F|  |TAMS 0x000000072c500000, 0x000000072c500000| Untracked 
| 184|0x000000072c600000, 0x000000072c600000, 0x000000072c700000|  0%| F|  |TAMS 0x000000072c600000, 0x000000072c600000| Untracked 
| 185|0x000000072c700000, 0x000000072c700000, 0x000000072c800000|  0%| F|  |TAMS 0x000000072c700000, 0x000000072c700000| Untracked 
| 186|0x000000072c800000, 0x000000072c800000, 0x000000072c900000|  0%| F|  |TAMS 0x000000072c800000, 0x000000072c800000| Untracked 
| 187|0x000000072c900000, 0x000000072c900000, 0x000000072ca00000|  0%| F|  |TAMS 0x000000072c900000, 0x000000072c900000| Untracked 
| 188|0x000000072ca00000, 0x000000072ca00000, 0x000000072cb00000|  0%| F|  |TAMS 0x000000072ca00000, 0x000000072ca00000| Untracked 
| 189|0x000000072cb00000, 0x000000072cb00000, 0x000000072cc00000|  0%| F|  |TAMS 0x000000072cb00000, 0x000000072cb00000| Untracked 
| 190|0x000000072cc00000, 0x000000072cc00000, 0x000000072cd00000|  0%| F|  |TAMS 0x000000072cc00000, 0x000000072cc00000| Untracked 
| 191|0x000000072cd00000, 0x000000072cd00000, 0x000000072ce00000|  0%| F|  |TAMS 0x000000072cd00000, 0x000000072cd00000| Untracked 
| 192|0x000000072ce00000, 0x000000072ce00000, 0x000000072cf00000|  0%| F|  |TAMS 0x000000072ce00000, 0x000000072ce00000| Untracked 
| 193|0x000000072cf00000, 0x000000072cf00000, 0x000000072d000000|  0%| F|  |TAMS 0x000000072cf00000, 0x000000072cf00000| Untracked 
| 194|0x000000072d000000, 0x000000072d000000, 0x000000072d100000|  0%| F|  |TAMS 0x000000072d000000, 0x000000072d000000| Untracked 
| 195|0x000000072d100000, 0x000000072d100000, 0x000000072d200000|  0%| F|  |TAMS 0x000000072d100000, 0x000000072d100000| Untracked 
| 196|0x000000072d200000, 0x000000072d200000, 0x000000072d300000|  0%| F|  |TAMS 0x000000072d200000, 0x000000072d200000| Untracked 
| 197|0x000000072d300000, 0x000000072d300000, 0x000000072d400000|  0%| F|  |TAMS 0x000000072d300000, 0x000000072d300000| Untracked 
| 198|0x000000072d400000, 0x000000072d400000, 0x000000072d500000|  0%| F|  |TAMS 0x000000072d400000, 0x000000072d400000| Untracked 
| 199|0x000000072d500000, 0x000000072d500000, 0x000000072d600000|  0%| F|  |TAMS 0x000000072d500000, 0x000000072d500000| Untracked 
| 200|0x000000072d600000, 0x000000072d600000, 0x000000072d700000|  0%| F|  |TAMS 0x000000072d600000, 0x000000072d600000| Untracked 
| 201|0x000000072d700000, 0x000000072d700000, 0x000000072d800000|  0%| F|  |TAMS 0x000000072d700000, 0x000000072d700000| Untracked 
| 202|0x000000072d800000, 0x000000072d800000, 0x000000072d900000|  0%| F|  |TAMS 0x000000072d800000, 0x000000072d800000| Untracked 
| 203|0x000000072d900000, 0x000000072d900000, 0x000000072da00000|  0%| F|  |TAMS 0x000000072d900000, 0x000000072d900000| Untracked 
| 204|0x000000072da00000, 0x000000072da00000, 0x000000072db00000|  0%| F|  |TAMS 0x000000072da00000, 0x000000072da00000| Untracked 
| 205|0x000000072db00000, 0x000000072db00000, 0x000000072dc00000|  0%| F|  |TAMS 0x000000072db00000, 0x000000072db00000| Untracked 
| 206|0x000000072dc00000, 0x000000072dc00000, 0x000000072dd00000|  0%| F|  |TAMS 0x000000072dc00000, 0x000000072dc00000| Untracked 
| 207|0x000000072dd00000, 0x000000072dd00000, 0x000000072de00000|  0%| F|  |TAMS 0x000000072dd00000, 0x000000072dd00000| Untracked 
| 208|0x000000072de00000, 0x000000072de00000, 0x000000072df00000|  0%| F|  |TAMS 0x000000072de00000, 0x000000072de00000| Untracked 
| 209|0x000000072df00000, 0x000000072df00000, 0x000000072e000000|  0%| F|  |TAMS 0x000000072df00000, 0x000000072df00000| Untracked 
| 210|0x000000072e000000, 0x000000072e000000, 0x000000072e100000|  0%| F|  |TAMS 0x000000072e000000, 0x000000072e000000| Untracked 
| 211|0x000000072e100000, 0x000000072e100000, 0x000000072e200000|  0%| F|  |TAMS 0x000000072e100000, 0x000000072e100000| Untracked 
| 212|0x000000072e200000, 0x000000072e200000, 0x000000072e300000|  0%| F|  |TAMS 0x000000072e200000, 0x000000072e200000| Untracked 
| 213|0x000000072e300000, 0x000000072e300000, 0x000000072e400000|  0%| F|  |TAMS 0x000000072e300000, 0x000000072e300000| Untracked 
| 214|0x000000072e400000, 0x000000072e400000, 0x000000072e500000|  0%| F|  |TAMS 0x000000072e400000, 0x000000072e400000| Untracked 
| 215|0x000000072e500000, 0x000000072e500000, 0x000000072e600000|  0%| F|  |TAMS 0x000000072e500000, 0x000000072e500000| Untracked 
| 216|0x000000072e600000, 0x000000072e600000, 0x000000072e700000|  0%| F|  |TAMS 0x000000072e600000, 0x000000072e600000| Untracked 
| 217|0x000000072e700000, 0x000000072e700000, 0x000000072e800000|  0%| F|  |TAMS 0x000000072e700000, 0x000000072e700000| Untracked 
| 218|0x000000072e800000, 0x000000072e800000, 0x000000072e900000|  0%| F|  |TAMS 0x000000072e800000, 0x000000072e800000| Untracked 
| 219|0x000000072e900000, 0x000000072e900000, 0x000000072ea00000|  0%| F|  |TAMS 0x000000072e900000, 0x000000072e900000| Untracked 
| 220|0x000000072ea00000, 0x000000072ea00000, 0x000000072eb00000|  0%| F|  |TAMS 0x000000072ea00000, 0x000000072ea00000| Untracked 
| 221|0x000000072eb00000, 0x000000072eb00000, 0x000000072ec00000|  0%| F|  |TAMS 0x000000072eb00000, 0x000000072eb00000| Untracked 
| 222|0x000000072ec00000, 0x000000072ec00000, 0x000000072ed00000|  0%| F|  |TAMS 0x000000072ec00000, 0x000000072ec00000| Untracked 
| 223|0x000000072ed00000, 0x000000072ed00000, 0x000000072ee00000|  0%| F|  |TAMS 0x000000072ed00000, 0x000000072ed00000| Untracked 
| 224|0x000000072ee00000, 0x000000072ee00000, 0x000000072ef00000|  0%| F|  |TAMS 0x000000072ee00000, 0x000000072ee00000| Untracked 
| 225|0x000000072ef00000, 0x000000072ef00000, 0x000000072f000000|  0%| F|  |TAMS 0x000000072ef00000, 0x000000072ef00000| Untracked 
| 226|0x000000072f000000, 0x000000072f000000, 0x000000072f100000|  0%| F|  |TAMS 0x000000072f000000, 0x000000072f000000| Untracked 
| 227|0x000000072f100000, 0x000000072f100000, 0x000000072f200000|  0%| F|  |TAMS 0x000000072f100000, 0x000000072f100000| Untracked 
| 228|0x000000072f200000, 0x000000072f200000, 0x000000072f300000|  0%| F|  |TAMS 0x000000072f200000, 0x000000072f200000| Untracked 
| 229|0x000000072f300000, 0x000000072f300000, 0x000000072f400000|  0%| F|  |TAMS 0x000000072f300000, 0x000000072f300000| Untracked 
| 230|0x000000072f400000, 0x000000072f400000, 0x000000072f500000|  0%| F|  |TAMS 0x000000072f400000, 0x000000072f400000| Untracked 
| 231|0x000000072f500000, 0x000000072f500000, 0x000000072f600000|  0%| F|  |TAMS 0x000000072f500000, 0x000000072f500000| Untracked 
| 232|0x000000072f600000, 0x000000072f600000, 0x000000072f700000|  0%| F|  |TAMS 0x000000072f600000, 0x000000072f600000| Untracked 
| 233|0x000000072f700000, 0x000000072f700000, 0x000000072f800000|  0%| F|  |TAMS 0x000000072f700000, 0x000000072f700000| Untracked 
| 234|0x000000072f800000, 0x000000072f800000, 0x000000072f900000|  0%| F|  |TAMS 0x000000072f800000, 0x000000072f800000| Untracked 
| 235|0x000000072f900000, 0x000000072f900000, 0x000000072fa00000|  0%| F|  |TAMS 0x000000072f900000, 0x000000072f900000| Untracked 
| 236|0x000000072fa00000, 0x000000072fa00000, 0x000000072fb00000|  0%| F|  |TAMS 0x000000072fa00000, 0x000000072fa00000| Untracked 
| 237|0x000000072fb00000, 0x000000072fb00000, 0x000000072fc00000|  0%| F|  |TAMS 0x000000072fb00000, 0x000000072fb00000| Untracked 
| 238|0x000000072fc00000, 0x000000072fc00000, 0x000000072fd00000|  0%| F|  |TAMS 0x000000072fc00000, 0x000000072fc00000| Untracked 
| 239|0x000000072fd00000, 0x000000072fd00000, 0x000000072fe00000|  0%| F|  |TAMS 0x000000072fd00000, 0x000000072fd00000| Untracked 
| 240|0x000000072fe00000, 0x000000072fe00000, 0x000000072ff00000|  0%| F|  |TAMS 0x000000072fe00000, 0x000000072fe00000| Untracked 
| 241|0x000000072ff00000, 0x000000072ff00000, 0x0000000730000000|  0%| F|  |TAMS 0x000000072ff00000, 0x000000072ff00000| Untracked 
| 242|0x0000000730000000, 0x0000000730000000, 0x0000000730100000|  0%| F|  |TAMS 0x0000000730000000, 0x0000000730000000| Untracked 

Card table byte_map: [0x0000026162430000,0x0000026162b30000] _byte_map_base: 0x000002615eb29000

Marking Bits (Prev, Next): (CMBitMap*) 0x00000261483e9380, (CMBitMap*) 0x00000261483e9348
 Prev Bits: [0x0000026166a00000, 0x000002616a1c8000)
 Next Bits: [0x0000026163230000, 0x00000261669f8000)

Polling page: 0x0000026148470000

Metaspace:

Usage:
  Non-class:     16.36 MB capacity,    16.20 MB ( 99%) used,   133.89 KB ( <1%) free+waste,    33.69 KB ( <1%) overhead. 
      Class:      1.74 MB capacity,     1.62 MB ( 93%) used,   112.76 KB (  6%) free+waste,    13.25 KB ( <1%) overhead. 
       Both:     18.11 MB capacity,    17.82 MB ( 98%) used,   246.65 KB (  1%) free+waste,    46.94 KB ( <1%) overhead. 

Virtual space:
  Non-class space:       18.00 MB reserved,      16.50 MB ( 92%) committed 
      Class space:        1.00 GB reserved,       1.75 MB ( <1%) committed 
             Both:        1.02 GB reserved,      18.25 MB (  2%) committed 

Chunk freelists:
   Non-Class:  11.00 KB
       Class:  7.00 KB
        Both:  18.00 KB

MaxMetaspaceSize: 17179869184.00 GB
CompressedClassSpaceSize: 1.00 GB
Initial GC threshold: 20.80 MB
Current GC threshold: 27.09 MB
CDS: off

CodeHeap 'non-profiled nmethods': size=120000Kb used=3362Kb max_used=3362Kb free=116637Kb
 bounds [0x0000026159da0000, 0x000002615a0f0000, 0x00000261612d0000]
CodeHeap 'profiled nmethods': size=120000Kb used=11626Kb max_used=11626Kb free=108373Kb
 bounds [0x0000026152870000, 0x00000261533d0000, 0x0000026159da0000]
CodeHeap 'non-nmethods': size=5760Kb used=1153Kb max_used=1213Kb free=4606Kb
 bounds [0x00000261522d0000, 0x0000026152540000, 0x0000026152870000]
 total_blobs=4874 nmethods=4469 adapters=317
 compilation: enabled
              stopped_count=0, restarted_count=0
 full_count=0

Compilation events (20 events):
Event: 5.694 Thread 0x000002616ccd0800 4499       3       com.sun.tools.javac.comp.Lower::checkConflicts (36 bytes)
Event: 5.694 Thread 0x000002616ccd0800 nmethod 4499 0x00000261533c5290 code [0x00000261533c54c0, 0x00000261533c5d68]
Event: 5.694 Thread 0x000002616ccd0800 4500       3       com.sun.tools.javac.comp.Lower::checkAccessConstructorTags (75 bytes)
Event: 5.695 Thread 0x000002616ccd0800 nmethod 4500 0x00000261533c6010 code [0x00000261533c6240, 0x00000261533c6af8]
Event: 5.695 Thread 0x000002616ccd0800 4501       3       java.util.AbstractQueue::remove (19 bytes)
Event: 5.695 Thread 0x000002616ccd0800 nmethod 4501 0x00000261533c6e10 code [0x00000261533c6fe0, 0x00000261533c72b8]
Event: 5.703 Thread 0x000002616de56800 nmethod 4478 0x000002615a0e1c90 code [0x000002615a0e1f80, 0x000002615a0e3410]
Event: 5.704 Thread 0x000002616de56800 4502       4       com.sun.tools.javac.comp.Resolve::findMethodInScope (71 bytes)
Event: 5.714 Thread 0x000002616ccd0800 4504 %     3       com.sun.tools.javac.comp.Check::checkImplementations @ 69 (198 bytes)
Event: 5.715 Thread 0x000002616ccd0800 nmethod 4504% 0x00000261533c7390 code [0x00000261533c76a0, 0x00000261533c8bb8]
Event: 5.722 Thread 0x000002616cccb000 nmethod 4488 0x000002615a0e4790 code [0x000002615a0e4a00, 0x000002615a0e54d8]
Event: 5.723 Thread 0x000002616cccb000 4486       4       com.sun.tools.javac.comp.Resolve$AbstractMethodCheck::argumentsAcceptable (288 bytes)
Event: 5.732 Thread 0x000002616ccd0800 4508       3       com.sun.tools.javac.resources.CompilerProperties$Fragments::InconvertibleTypes (24 bytes)
Event: 5.733 Thread 0x000002616ccd0800 nmethod 4508 0x00000261533c9290 code [0x00000261533c94a0, 0x00000261533c9cb8]
Event: 5.733 Thread 0x000002616ccd0800 4509       3       com.sun.tools.javac.comp.Resolve$4$1::report (28 bytes)
Event: 5.733 Thread 0x000002616ccd0800 nmethod 4509 0x00000261533c9e90 code [0x00000261533ca060, 0x00000261533ca488]
Event: 5.749 Thread 0x000002616de56800 nmethod 4502 0x000002615a0e6290 code [0x000002615a0e6500, 0x000002615a0e7c50]
Event: 5.749 Thread 0x000002616de56800 4490       4       com.sun.tools.javac.code.Types::closure (153 bytes)
Event: 5.752 Thread 0x000002616ccd0800 4512       3       com.sun.tools.javac.code.Type$ForAll::accept (9 bytes)
Event: 5.752 Thread 0x000002616ccd0800 nmethod 4512 0x00000261533ca610 code [0x00000261533ca7c0, 0x00000261533ca988]

GC Heap History (20 events):
Event: 1.456 GC heap after
{Heap after GC invocations=34 (full 0):
 garbage-first heap   total 57344K, used 18596K [0x0000000720e00000, 0x0000000800000000)
  region size 1024K, 1 young (1024K), 1 survivors (1024K)
 Metaspace       used 13782K, capacity 14068K, committed 14336K, reserved 1062912K
  class space    used 1409K, capacity 1503K, committed 1536K, reserved 1048576K
}
Event: 1.704 GC heap before
{Heap before GC invocations=35 (full 0):
 garbage-first heap   total 57344K, used 37028K [0x0000000720e00000, 0x0000000800000000)
  region size 1024K, 15 young (15360K), 1 survivors (1024K)
 Metaspace       used 13887K, capacity 14197K, committed 14336K, reserved 1062912K
  class space    used 1409K, capacity 1503K, committed 1536K, reserved 1048576K
}
Event: 1.711 GC heap after
{Heap after GC invocations=36 (full 0):
 garbage-first heap   total 57344K, used 24154K [0x0000000720e00000, 0x0000000800000000)
  region size 1024K, 2 young (2048K), 2 survivors (2048K)
 Metaspace       used 13887K, capacity 14197K, committed 14336K, reserved 1062912K
  class space    used 1409K, capacity 1503K, committed 1536K, reserved 1048576K
}
Event: 1.928 GC heap before
{Heap before GC invocations=36 (full 0):
 garbage-first heap   total 57344K, used 37466K [0x0000000720e00000, 0x0000000800000000)
  region size 1024K, 13 young (13312K), 2 survivors (2048K)
 Metaspace       used 14932K, capacity 15206K, committed 15488K, reserved 1062912K
  class space    used 1491K, capacity 1604K, committed 1664K, reserved 1048576K
}
Event: 1.936 GC heap after
{Heap after GC invocations=37 (full 0):
 garbage-first heap   total 114688K, used 30612K [0x0000000720e00000, 0x0000000800000000)
  region size 1024K, 2 young (2048K), 2 survivors (2048K)
 Metaspace       used 14932K, capacity 15206K, committed 15488K, reserved 1062912K
  class space    used 1491K, capacity 1604K, committed 1664K, reserved 1048576K
}
Event: 2.431 GC heap before
{Heap before GC invocations=37 (full 0):
 garbage-first heap   total 114688K, used 56212K [0x0000000720e00000, 0x0000000800000000)
  region size 1024K, 27 young (27648K), 2 survivors (2048K)
 Metaspace       used 15801K, capacity 16117K, committed 16384K, reserved 1064960K
  class space    used 1553K, capacity 1692K, committed 1792K, reserved 1048576K
}
Event: 2.451 GC heap after
{Heap after GC invocations=38 (full 0):
 garbage-first heap   total 114688K, used 43355K [0x0000000720e00000, 0x0000000800000000)
  region size 1024K, 4 young (4096K), 4 survivors (4096K)
 Metaspace       used 15801K, capacity 16117K, committed 16384K, reserved 1064960K
  class space    used 1553K, capacity 1692K, committed 1792K, reserved 1048576K
}
Event: 2.584 GC heap before
{Heap before GC invocations=38 (full 0):
 garbage-first heap   total 114688K, used 67931K [0x0000000720e00000, 0x0000000800000000)
  region size 1024K, 28 young (28672K), 4 survivors (4096K)
 Metaspace       used 16079K, capacity 16392K, committed 16640K, reserved 1064960K
  class space    used 1559K, capacity 1695K, committed 1792K, reserved 1048576K
}
Event: 2.614 GC heap after
{Heap after GC invocations=39 (full 0):
 garbage-first heap   total 114688K, used 56832K [0x0000000720e00000, 0x0000000800000000)
  region size 1024K, 4 young (4096K), 4 survivors (4096K)
 Metaspace       used 16079K, capacity 16392K, committed 16640K, reserved 1064960K
  class space    used 1559K, capacity 1695K, committed 1792K, reserved 1048576K
}
Event: 2.636 GC heap before
{Heap before GC invocations=39 (full 0):
 garbage-first heap   total 114688K, used 59904K [0x0000000720e00000, 0x0000000800000000)
  region size 1024K, 8 young (8192K), 4 survivors (4096K)
 Metaspace       used 16108K, capacity 16393K, committed 16640K, reserved 1064960K
  class space    used 1559K, capacity 1695K, committed 1792K, reserved 1048576K
}
Event: 2.647 GC heap after
{Heap after GC invocations=40 (full 0):
 garbage-first heap   total 114688K, used 58368K [0x0000000720e00000, 0x0000000800000000)
  region size 1024K, 1 young (1024K), 1 survivors (1024K)
 Metaspace       used 16108K, capacity 16393K, committed 16640K, reserved 1064960K
  class space    used 1559K, capacity 1695K, committed 1792K, reserved 1048576K
}
Event: 2.775 GC heap before
{Heap before GC invocations=41 (full 0):
 garbage-first heap   total 114688K, used 76800K [0x0000000720e00000, 0x0000000800000000)
  region size 1024K, 17 young (17408K), 1 survivors (1024K)
 Metaspace       used 16154K, capacity 16461K, committed 16640K, reserved 1064960K
  class space    used 1560K, capacity 1696K, committed 1792K, reserved 1048576K
}
Event: 2.789 GC heap after
{Heap after GC invocations=42 (full 0):
 garbage-first heap   total 248832K, used 62464K [0x0000000720e00000, 0x0000000800000000)
  region size 1024K, 3 young (3072K), 3 survivors (3072K)
 Metaspace       used 16154K, capacity 16461K, committed 16640K, reserved 1064960K
  class space    used 1560K, capacity 1696K, committed 1792K, reserved 1048576K
}
Event: 4.131 GC heap before
{Heap before GC invocations=42 (full 0):
 garbage-first heap   total 248832K, used 118784K [0x0000000720e00000, 0x0000000800000000)
  region size 1024K, 58 young (59392K), 3 survivors (3072K)
 Metaspace       used 17843K, capacity 18149K, committed 18176K, reserved 1064960K
  class space    used 1658K, capacity 1785K, committed 1792K, reserved 1048576K
}
Event: 4.144 GC heap after
{Heap after GC invocations=43 (full 0):
 garbage-first heap   total 248832K, used 67958K [0x0000000720e00000, 0x0000000800000000)
  region size 1024K, 8 young (8192K), 8 survivors (8192K)
 Metaspace       used 17843K, capacity 18149K, committed 18176K, reserved 1064960K
  class space    used 1658K, capacity 1785K, committed 1792K, reserved 1048576K
}
Event: 4.636 GC heap before
{Heap before GC invocations=43 (full 0):
 garbage-first heap   total 248832K, used 139638K [0x0000000720e00000, 0x0000000800000000)
  region size 1024K, 78 young (79872K), 8 survivors (8192K)
 Metaspace       used 18085K, capacity 18407K, committed 18432K, reserved 1067008K
  class space    used 1658K, capacity 1785K, committed 1792K, reserved 1048576K
}
Event: 4.650 GC heap after
{Heap after GC invocations=44 (full 0):
 garbage-first heap   total 248832K, used 71462K [0x0000000720e00000, 0x0000000800000000)
  region size 1024K, 4 young (4096K), 4 survivors (4096K)
 Metaspace       used 18085K, capacity 18407K, committed 18432K, reserved 1067008K
  class space    used 1658K, capacity 1785K, committed 1792K, reserved 1048576K
}
Event: 5.209 GC heap before
{Heap before GC invocations=44 (full 0):
 garbage-first heap   total 248832K, used 154406K [0x0000000720e00000, 0x0000000800000000)
  region size 1024K, 85 young (87040K), 4 survivors (4096K)
 Metaspace       used 18208K, capacity 18542K, committed 18688K, reserved 1067008K
  class space    used 1658K, capacity 1785K, committed 1792K, reserved 1048576K
}
Event: 5.216 GC heap after
{Heap after GC invocations=45 (full 0):
 garbage-first heap   total 248832K, used 74789K [0x0000000720e00000, 0x0000000800000000)
  region size 1024K, 7 young (7168K), 7 survivors (7168K)
 Metaspace       used 18208K, capacity 18542K, committed 18688K, reserved 1067008K
  class space    used 1658K, capacity 1785K, committed 1792K, reserved 1048576K
}
Event: 5.753 GC heap before
{Heap before GC invocations=45 (full 0):
 garbage-first heap   total 248832K, used 172069K [0x0000000720e00000, 0x0000000800000000)
  region size 1024K, 102 young (104448K), 7 survivors (7168K)
 Metaspace       used 18248K, capacity 18542K, committed 18688K, reserved 1067008K
  class space    used 1658K, capacity 1785K, committed 1792K, reserved 1048576K
}

Deoptimization events (20 events):
Event: 5.460 Thread 0x000002614838a800 Uncommon trap: trap_request=0xffffffde fr.pc=0x000002615a0a6ef4 relative=0x0000000000000194
Event: 5.460 Thread 0x000002614838a800 Uncommon trap: reason=class_check action=maybe_recompile pc=0x000002615a0a6ef4 method=java.util.stream.AbstractPipeline.wrapAndCopyInto(Ljava/util/stream/Sink;Ljava/util/Spliterator;)Ljava/util/stream/Sink; @ 6 c2
Event: 5.460 Thread 0x000002614838a800 DEOPT PACKING pc=0x000002615a0a6ef4 sp=0x000000a278ffd8c0
Event: 5.460 Thread 0x000002614838a800 DEOPT UNPACKING pc=0x000002615231a1af sp=0x000000a278ffd858 mode 2
Event: 5.460 Thread 0x000002614838a800 Uncommon trap: trap_request=0xffffffde fr.pc=0x000002615a0a6ef4 relative=0x0000000000000194
Event: 5.460 Thread 0x000002614838a800 Uncommon trap: reason=class_check action=maybe_recompile pc=0x000002615a0a6ef4 method=java.util.stream.AbstractPipeline.wrapAndCopyInto(Ljava/util/stream/Sink;Ljava/util/Spliterator;)Ljava/util/stream/Sink; @ 6 c2
Event: 5.460 Thread 0x000002614838a800 DEOPT PACKING pc=0x000002615a0a6ef4 sp=0x000000a278ffd2b0
Event: 5.460 Thread 0x000002614838a800 DEOPT UNPACKING pc=0x000002615231a1af sp=0x000000a278ffd248 mode 2
Event: 5.460 Thread 0x000002614838a800 Uncommon trap: trap_request=0xffffffde fr.pc=0x000002615a0a6ef4 relative=0x0000000000000194
Event: 5.460 Thread 0x000002614838a800 Uncommon trap: reason=class_check action=maybe_recompile pc=0x000002615a0a6ef4 method=java.util.stream.AbstractPipeline.wrapAndCopyInto(Ljava/util/stream/Sink;Ljava/util/Spliterator;)Ljava/util/stream/Sink; @ 6 c2
Event: 5.460 Thread 0x000002614838a800 DEOPT PACKING pc=0x000002615a0a6ef4 sp=0x000000a278ffd8c0
Event: 5.460 Thread 0x000002614838a800 DEOPT UNPACKING pc=0x000002615231a1af sp=0x000000a278ffd858 mode 2
Event: 5.460 Thread 0x000002614838a800 Uncommon trap: trap_request=0xffffffde fr.pc=0x000002615a0a6ef4 relative=0x0000000000000194
Event: 5.460 Thread 0x000002614838a800 Uncommon trap: reason=class_check action=maybe_recompile pc=0x000002615a0a6ef4 method=java.util.stream.AbstractPipeline.wrapAndCopyInto(Ljava/util/stream/Sink;Ljava/util/Spliterator;)Ljava/util/stream/Sink; @ 6 c2
Event: 5.460 Thread 0x000002614838a800 DEOPT PACKING pc=0x000002615a0a6ef4 sp=0x000000a278ffd2b0
Event: 5.460 Thread 0x000002614838a800 DEOPT UNPACKING pc=0x000002615231a1af sp=0x000000a278ffd248 mode 2
Event: 5.577 Thread 0x000002614838a800 DEOPT PACKING pc=0x000002615316c807 sp=0x000000a278ffed70
Event: 5.577 Thread 0x000002614838a800 DEOPT UNPACKING pc=0x000002615231a95e sp=0x000000a278ffe260 mode 0
Event: 5.678 Thread 0x000002614838a800 DEOPT PACKING pc=0x00000261531a75b3 sp=0x000000a278ffe350
Event: 5.678 Thread 0x000002614838a800 DEOPT UNPACKING pc=0x000002615231a95e sp=0x000000a278ffd860 mode 0

Classes redefined (0 events):
No events

Internal exceptions (20 events):
Event: 5.618 Thread 0x000002614838a800 Exception <a 'sun/nio/fs/WindowsException'{0x000000072bcd0f28}> (0x000000072bcd0f28) thrown at [./src/hotspot/share/prims/jni.cpp, line 617]
Event: 5.624 Thread 0x000002614838a800 Exception <a 'sun/nio/fs/WindowsException'{0x000000072bb1cf00}> (0x000000072bb1cf00) thrown at [./src/hotspot/share/prims/jni.cpp, line 617]
Event: 5.630 Thread 0x000002614838a800 Exception <a 'sun/nio/fs/WindowsException'{0x000000072ba5e988}> (0x000000072ba5e988) thrown at [./src/hotspot/share/prims/jni.cpp, line 617]
Event: 5.635 Thread 0x000002614838a800 Exception <a 'sun/nio/fs/WindowsException'{0x000000072bad5488}> (0x000000072bad5488) thrown at [./src/hotspot/share/prims/jni.cpp, line 617]
Event: 5.645 Thread 0x000002614838a800 Exception <a 'sun/nio/fs/WindowsException'{0x000000072b614c80}> (0x000000072b614c80) thrown at [./src/hotspot/share/prims/jni.cpp, line 617]
Event: 5.647 Thread 0x000002614838a800 Exception <a 'sun/nio/fs/WindowsException'{0x000000072b620d68}> (0x000000072b620d68) thrown at [./src/hotspot/share/prims/jni.cpp, line 617]
Event: 5.647 Thread 0x000002614838a800 Exception <a 'sun/nio/fs/WindowsException'{0x000000072b621270}> (0x000000072b621270) thrown at [./src/hotspot/share/prims/jni.cpp, line 617]
Event: 5.656 Thread 0x000002614838a800 Exception <a 'sun/nio/fs/WindowsException'{0x000000072b5ae0f8}> (0x000000072b5ae0f8) thrown at [./src/hotspot/share/prims/jni.cpp, line 617]
Event: 5.663 Thread 0x000002614838a800 Exception <a 'sun/nio/fs/WindowsException'{0x000000072b3587e0}> (0x000000072b3587e0) thrown at [./src/hotspot/share/prims/jni.cpp, line 617]
Event: 5.668 Thread 0x000002614838a800 Exception <a 'sun/nio/fs/WindowsException'{0x000000072b37c130}> (0x000000072b37c130) thrown at [./src/hotspot/share/prims/jni.cpp, line 617]
Event: 5.674 Thread 0x000002614838a800 Exception <a 'sun/nio/fs/WindowsException'{0x000000072b297768}> (0x000000072b297768) thrown at [./src/hotspot/share/prims/jni.cpp, line 617]
Event: 5.678 Thread 0x000002614838a800 Exception <a 'sun/nio/fs/WindowsException'{0x000000072b2c82c0}> (0x000000072b2c82c0) thrown at [./src/hotspot/share/prims/jni.cpp, line 617]
Event: 5.692 Thread 0x000002614838a800 Exception <a 'sun/nio/fs/WindowsException'{0x000000072ad4ee50}> (0x000000072ad4ee50) thrown at [./src/hotspot/share/prims/jni.cpp, line 617]
Event: 5.694 Thread 0x000002614838a800 Exception <a 'sun/nio/fs/WindowsException'{0x000000072ad58850}> (0x000000072ad58850) thrown at [./src/hotspot/share/prims/jni.cpp, line 617]
Event: 5.709 Thread 0x000002614838a800 Exception <a 'sun/nio/fs/WindowsException'{0x000000072a2a7cc8}> (0x000000072a2a7cc8) thrown at [./src/hotspot/share/prims/jni.cpp, line 617]
Event: 5.711 Thread 0x000002614838a800 Exception <a 'sun/nio/fs/WindowsException'{0x000000072a2b1538}> (0x000000072a2b1538) thrown at [./src/hotspot/share/prims/jni.cpp, line 617]
Event: 5.719 Thread 0x000002614838a800 Exception <a 'sun/nio/fs/WindowsException'{0x000000072a1c4e30}> (0x000000072a1c4e30) thrown at [./src/hotspot/share/prims/jni.cpp, line 617]
Event: 5.724 Thread 0x000002614838a800 Exception <a 'sun/nio/fs/WindowsException'{0x000000072a045bb8}> (0x000000072a045bb8) thrown at [./src/hotspot/share/prims/jni.cpp, line 617]
Event: 5.733 Thread 0x000002614838a800 Exception <a 'sun/nio/fs/WindowsException'{0x0000000729e64490}> (0x0000000729e64490) thrown at [./src/hotspot/share/prims/jni.cpp, line 617]
Event: 5.744 Thread 0x000002614838a800 Exception <a 'sun/nio/fs/WindowsException'{0x0000000729c6b7e8}> (0x0000000729c6b7e8) thrown at [./src/hotspot/share/prims/jni.cpp, line 617]

Events (20 events):
Event: 3.664 Executing VM operation: ICBufferFull done
Event: 3.949 Executing VM operation: ICBufferFull
Event: 3.949 Executing VM operation: ICBufferFull done
Event: 3.987 Executing VM operation: ICBufferFull
Event: 3.987 Executing VM operation: ICBufferFull done
Event: 4.078 Executing VM operation: ICBufferFull
Event: 4.078 Executing VM operation: ICBufferFull done
Event: 4.131 Executing VM operation: G1CollectForAllocation
Event: 4.144 Executing VM operation: G1CollectForAllocation done
Event: 4.293 Executing VM operation: ICBufferFull
Event: 4.293 Executing VM operation: ICBufferFull done
Event: 4.636 Executing VM operation: G1CollectForAllocation
Event: 4.650 Executing VM operation: G1CollectForAllocation done
Event: 5.174 Executing VM operation: ICBufferFull
Event: 5.174 Executing VM operation: ICBufferFull done
Event: 5.209 Executing VM operation: G1CollectForAllocation
Event: 5.216 Executing VM operation: G1CollectForAllocation done
Event: 5.613 Executing VM operation: ICBufferFull
Event: 5.613 Executing VM operation: ICBufferFull done
Event: 5.753 Executing VM operation: G1CollectForAllocation


Dynamic libraries:
0x00007ff7133c0000 - 0x00007ff7133c7000 	C:\Program Files\Microsoft\jdk-11.0.16.101-hotspot\bin\javac.exe
0x00007ffa2ec90000 - 0x00007ffa2ee88000 	C:\WINDOWS\SYSTEM32\ntdll.dll
0x00007ffa2cf20000 - 0x00007ffa2cfdf000 	C:\WINDOWS\System32\KERNEL32.DLL
0x00007ffa2c520000 - 0x00007ffa2c7fa000 	C:\WINDOWS\System32\KERNELBASE.dll
0x00007ffa2c920000 - 0x00007ffa2ca20000 	C:\WINDOWS\System32\ucrtbase.dll
0x00007ffa1b890000 - 0x00007ffa1b8a7000 	C:\Program Files\Microsoft\jdk-11.0.16.101-hotspot\bin\jli.dll
0x00007ffa1b870000 - 0x00007ffa1b885000 	C:\Program Files\Microsoft\jdk-11.0.16.101-hotspot\bin\VCRUNTIME140.dll
0x00007ffa2e970000 - 0x00007ffa2eb0d000 	C:\WINDOWS\System32\USER32.dll
0x00007ffa2ccc0000 - 0x00007ffa2cce2000 	C:\WINDOWS\System32\win32u.dll
0x00007ffa2e8d0000 - 0x00007ffa2e8fb000 	C:\WINDOWS\System32\GDI32.dll
0x00007ffa0bc30000 - 0x00007ffa0beca000 	C:\WINDOWS\WinSxS\amd64_microsoft.windows.common-controls_6595b64144ccf1df_6.0.19041.1110_none_60b5254171f9507e\COMCTL32.dll
0x00007ffa2c3a0000 - 0x00007ffa2c4b0000 	C:\WINDOWS\System32\gdi32full.dll
0x00007ffa2cdd0000 - 0x00007ffa2ce6e000 	C:\WINDOWS\System32\msvcrt.dll
0x00007ffa2c850000 - 0x00007ffa2c8ed000 	C:\WINDOWS\System32\msvcp_win.dll
0x00007ffa2dd50000 - 0x00007ffa2dd80000 	C:\WINDOWS\System32\IMM32.DLL
0x00007ff972f60000 - 0x00007ff972ffb000 	C:\Program Files\Microsoft\jdk-11.0.16.101-hotspot\bin\msvcp140.dll
0x00007ff959770000 - 0x00007ff95a2fa000 	C:\Program Files\Microsoft\jdk-11.0.16.101-hotspot\bin\server\jvm.dll
0x00007ffa2ce70000 - 0x00007ffa2cf1e000 	C:\WINDOWS\System32\ADVAPI32.dll
0x00007ffa2e830000 - 0x00007ffa2e8cc000 	C:\WINDOWS\System32\sechost.dll
0x00007ffa2d320000 - 0x00007ffa2d446000 	C:\WINDOWS\System32\RPCRT4.dll
0x00007ffa2dd80000 - 0x00007ffa2dd88000 	C:\WINDOWS\System32\PSAPI.DLL
0x00007ff9f3b70000 - 0x00007ff9f3b79000 	C:\WINDOWS\SYSTEM32\WSOCK32.dll
0x00007ffa23220000 - 0x00007ffa2322a000 	C:\WINDOWS\SYSTEM32\VERSION.dll
0x00007ffa231f0000 - 0x00007ffa23217000 	C:\WINDOWS\SYSTEM32\WINMM.dll
0x00007ffa2e900000 - 0x00007ffa2e96b000 	C:\WINDOWS\System32\WS2_32.dll
0x00007ffa2a160000 - 0x00007ffa2a172000 	C:\WINDOWS\SYSTEM32\kernel.appcore.dll
0x00007ffa04ed0000 - 0x00007ffa04ee0000 	C:\Program Files\Microsoft\jdk-11.0.16.101-hotspot\bin\verify.dll
0x00007ffa25a30000 - 0x00007ffa25c14000 	C:\WINDOWS\SYSTEM32\DBGHELP.DLL
0x00007ffa182f0000 - 0x00007ffa18324000 	C:\WINDOWS\SYSTEM32\dbgcore.DLL
0x00007ffa2cb80000 - 0x00007ffa2cc02000 	C:\WINDOWS\System32\bcryptPrimitives.dll
0x00007ff9f17b0000 - 0x00007ff9f17d8000 	C:\Program Files\Microsoft\jdk-11.0.16.101-hotspot\bin\java.dll
0x00007ff9f17a0000 - 0x00007ff9f17aa000 	C:\Program Files\Microsoft\jdk-11.0.16.101-hotspot\bin\jimage.dll
0x00007ff9f1780000 - 0x00007ff9f1798000 	C:\Program Files\Microsoft\jdk-11.0.16.101-hotspot\bin\zip.dll
0x00007ffa2d600000 - 0x00007ffa2dd44000 	C:\WINDOWS\System32\SHELL32.dll
0x00007ffa2a440000 - 0x00007ffa2abd3000 	C:\WINDOWS\SYSTEM32\windows.storage.dll
0x00007ffa2de50000 - 0x00007ffa2e1a4000 	C:\WINDOWS\System32\combase.dll
0x00007ffa2bc40000 - 0x00007ffa2bc6e000 	C:\WINDOWS\SYSTEM32\Wldp.dll
0x00007ffa2e1b0000 - 0x00007ffa2e25d000 	C:\WINDOWS\System32\SHCORE.dll
0x00007ffa2e260000 - 0x00007ffa2e2b5000 	C:\WINDOWS\System32\shlwapi.dll
0x00007ffa2c2e0000 - 0x00007ffa2c2ff000 	C:\WINDOWS\SYSTEM32\profapi.dll
0x00007ff9f15a0000 - 0x00007ff9f15b9000 	C:\Program Files\Microsoft\jdk-11.0.16.101-hotspot\bin\net.dll
0x00007ffa27410000 - 0x00007ffa2751a000 	C:\WINDOWS\SYSTEM32\WINHTTP.dll
0x00007ffa2ba20000 - 0x00007ffa2ba8a000 	C:\WINDOWS\system32\mswsock.dll
0x00007ff9f1580000 - 0x00007ff9f1593000 	C:\Program Files\Microsoft\jdk-11.0.16.101-hotspot\bin\nio.dll

dbghelp: loaded successfully - version: 4.0.5 - missing functions: none
symbol engine: initialized successfully - sym options: 0x614 - pdb path: .;C:\Program Files\Microsoft\jdk-11.0.16.101-hotspot\bin;C:\WINDOWS\SYSTEM32;C:\WINDOWS\WinSxS\amd64_microsoft.windows.common-controls_6595b64144ccf1df_6.0.19041.1110_none_60b5254171f9507e;C:\Program Files\Microsoft\jdk-11.0.16.101-hotspot\bin\server

VM Arguments:
jvm_args: -Dapplication.home=C:\Program Files\Microsoft\jdk-11.0.16.101-hotspot --add-modules=ALL-DEFAULT -Xms8m -Dfile.encoding=UTF8 -Djdk.module.main=jdk.compiler 
java_command: jdk.compiler/com.sun.tools.javac.Main @C:\Users\User\AppData\Local\Temp\tmp9031.tmp -target 1.8 -source 1.8
java_class_path (initial): <not set>
Launcher Type: SUN_STANDARD

[Global flags]
     intx CICompilerCount                          = 4                                         {product} {ergonomic}
     uint ConcGCThreads                            = 2                                         {product} {ergonomic}
     uint G1ConcRefinementThreads                  = 8                                         {product} {ergonomic}
   size_t G1HeapRegionSize                         = 1048576                                   {product} {ergonomic}
    uintx GCDrainStackTargetSize                   = 64                                        {product} {ergonomic}
   size_t InitialHeapSize                          = 8388608                                   {product} {command line}
   size_t MarkStackSize                            = 4194304                                   {product} {ergonomic}
   size_t MaxHeapSize                              = 3743416320                                {product} {ergonomic}
   size_t MaxNewSize                               = 2246049792                                {product} {ergonomic}
   size_t MinHeapDeltaBytes                        = 1048576                                   {product} {ergonomic}
    uintx NonNMethodCodeHeapSize                   = 5836300                                {pd product} {ergonomic}
    uintx NonProfiledCodeHeapSize                  = 122910970                              {pd product} {ergonomic}
    uintx ProfiledCodeHeapSize                     = 122910970                              {pd product} {ergonomic}
    uintx ReservedCodeCacheSize                    = 251658240                              {pd product} {ergonomic}
     bool SegmentedCodeCache                       = true                                      {product} {ergonomic}
     bool UseCompressedClassPointers               = true                                 {lp64_product} {ergonomic}
     bool UseCompressedOops                        = true                                 {lp64_product} {ergonomic}
     bool UseG1GC                                  = true                                      {product} {ergonomic}
     bool UseLargePagesIndividualAllocation        = false                                  {pd product} {ergonomic}

Logging:
Log output configuration:
 #0: stdout all=warning uptime,level,tags
 #1: stderr all=off uptime,level,tags

Environment Variables:
PATH=C:\Program Files\Microsoft\jdk-11.0.16.101-hotspot\bin;C:\Program Files\Common Files\Oracle\Java\javapath;C:\ProgramData\Oracle\Java\javapath;C:\Users\User\AppData\Local\Programs\Python\Python39\Scripts\;C:\Users\User\AppData\Local\Programs\Python\Python39\;C:\Program Files (x86)\Common Files\Oracle\Java\javapath;C:\Program Files\Python39\Scripts\;C:\Program Files\Python39\;C:\WINDOWS\system32;C:\WINDOWS;C:\WINDOWS\System32\Wbem;C:\WINDOWS\System32\WindowsPowerShell\v1.0\;C:\WINDOWS\System32\OpenSSH\;C:\Program Files\Microsoft SQL Server\Client SDK\ODBC\130\Tools\Binn\;C:\Program Files\Azure Data Studio\bin;C:\Program Files (x86)\Rational\common;C:\Program Files\Microsoft SQL Server\Client SDK\ODBC\170\Tools\Binn\;C:\Program Files (x86)\Microsoft SQL Server\150\Tools\Binn\;C:\Program Files\Microsoft SQL Server\150\Tools\Binn\;C:\Program Files\Microsoft SQL Server\150\DTS\Binn\;C:\Program Files\Microsoft SQL Server\130\Tools\Binn\;C:\Program Files (x86)\Microsoft SQL Server\160\DTS\Binn\;C:\xampp\php;C:\ProgramData\ComposerSetup\bin;C:\Program Files\Git\cmd;C:\Program Files\dotnet\;C:\Program Files\MySQL\MySQL Shell 8.0\bin\;C:\Users\User\AppData\Local\Microsoft\WindowsApps;;C:\Program Files\Azure Data Studio\bin;C:\Users\User\AppData\Local\Programs\Microsoft VS Code\bin;C:\Users\User\AppData\Roaming\Composer\vendor\bin;C:\Users\User\.dotnet\tools
USERNAME=User
OS=Windows_NT
PROCESSOR_IDENTIFIER=AMD64 Family 23 Model 24 Stepping 1, AuthenticAMD
TMP=C:\Users\User\AppData\Local\Temp
TEMP=C:\Users\User\AppData\Local\Temp



---------------  S Y S T E M  ---------------

OS: Windows 10 , 64 bit Build 19041 (10.0.19041.2788)
OS uptime: 0 days 13:56 hours
Hyper-V role detected

CPU:total 8 (initial active 8) (8 cores per cpu, 2 threads per core) family 23 model 24 stepping 1 microcode 0x0, cmov, cx8, fxsr, mmx, sse, sse2, sse3, ssse3, sse4.1, sse4.2, popcnt, avx, avx2, aes, clmul, mmxext, 3dnowpref, lzcnt, sse4a, ht, tsc, tscinvbit, tscinv, bmi1, bmi2, adx, sha, fma

Memory: 4k page, system-wide physical 14277M (1534M free)
TotalPageFile size 16325M (AvailPageFile size 29M)
current process WorkingSet (physical memory assigned to process): 328M, peak: 328M
current process commit charge ("private bytes"): 398M, peak: 526M

vm_info: OpenJDK 64-Bit Server VM (11.0.16.1+1-LTS) for windows-amd64 JRE (11.0.16.1+1-LTS), built on Aug 20 2022 20:09:04 by "" with MS VC++ 15.9 (VS2017)

END.
