#
# There is insufficient memory for the Java Runtime Environment to continue.
# Native memory allocation (malloc) failed to allocate 1003856 bytes for Chunk::new
# Possible reasons:
#   The system is out of physical RAM or swap space
#   The process is running with CompressedOops enabled, and the Java Heap may be blocking the growth of the native heap
# Possible solutions:
#   Reduce memory load on the system
#   Increase physical memory or swap space
#   Check if swap backing store is full
#   Decrease Java heap size (-Xmx/-Xms)
#   Decrease number of Java threads
#   Decrease Java thread stack sizes (-Xss)
#   Set larger code cache with -XX:ReservedCodeCacheSize=
#   JVM is running with Zero Based Compressed Oops mode in which the Java heap is
#     placed in the first 32GB address space. The Java Heap base address is the
#     maximum limit for the native heap growth. Please use -XX:HeapBaseMinAddress
#     to set the Java Heap base and to place the Java Heap above 32GB virtual address.
# This output file may be truncated or incomplete.
#
#  Out of Memory Error (./src/hotspot/share/memory/arena.cpp:197), pid=15684, tid=15236
#
# JRE version: OpenJDK Runtime Environment Microsoft-40648 (11.0.16.1+1) (build 11.0.16.1+1-LTS)
# Java VM: OpenJDK 64-Bit Server VM Microsoft-40648 (11.0.16.1+1-LTS, mixed mode, tiered, compressed oops, g1 gc, windows-amd64)
# No core dump will be written. Minidumps are not enabled by default on client versions of Windows
#

---------------  S U M M A R Y ------------

Command Line: -Dapplication.home=C:\Program Files\Microsoft\jdk-11.0.16.101-hotspot --add-modules=ALL-DEFAULT -Xms8m -Dfile.encoding=UTF8 -Djdk.module.main=jdk.compiler jdk.compiler/com.sun.tools.javac.Main @C:\Users\User\AppData\Local\Temp\tmp4F4F.tmp -target 1.8 -source 1.8

Host: AMD Ryzen 5 3400G with Radeon Vega Graphics    , 8 cores, 13G,  Windows 10 , 64 bit Build 19041 (10.0.19041.2788)
Time: Mon Apr 24 23:34:41 2023 Hora est. Pacífico, Sudamérica elapsed time: 4.456650 seconds (0d 0h 0m 4s)

---------------  T H R E A D  ---------------

Current thread (0x000001fc7b2b4800):  JavaThread "C2 CompilerThread2" daemon [_thread_in_native, id=15236, stack(0x00000093ed100000,0x00000093ed200000)]


Current CompileTask:
C2:   4456 3675       4       com.sun.tools.javac.jvm.ClassReader::setParameters (348 bytes)

Stack: [0x00000093ed100000,0x00000093ed200000]
Native frames: (J=compiled Java code, j=interpreted, Vv=VM code, C=native code)
V  [jvm.dll+0x62652a]
V  [jvm.dll+0x7b3249]
V  [jvm.dll+0x7b4938]
V  [jvm.dll+0x7b5013]
V  [jvm.dll+0x24fca8]
V  [jvm.dll+0xc262c]
V  [jvm.dll+0xc2bec]
V  [jvm.dll+0x359e77]
V  [jvm.dll+0x326003]
V  [jvm.dll+0x32533a]
V  [jvm.dll+0x208fd5]
V  [jvm.dll+0x2080fd]
V  [jvm.dll+0x18a411]
V  [jvm.dll+0x217954]
V  [jvm.dll+0x215b9b]
V  [jvm.dll+0x775d50]
V  [jvm.dll+0x76ec84]
V  [jvm.dll+0x625395]
C  [ucrtbase.dll+0x21bb2]
C  [KERNEL32.DLL+0x17604]
C  [ntdll.dll+0x526a1]


---------------  P R O C E S S  ---------------

Threads class SMR info:
_java_thread_list=0x000001fc7afd4e30, length=12, elements={
0x000001fc557fa800, 0x000001fc7a173800, 0x000001fc7a17f000, 0x000001fc7a1de000,
0x000001fc7a1df800, 0x000001fc7a1e1800, 0x000001fc7a1e5000, 0x000001fc7a18e000,
0x000001fc7a197800, 0x000001fc7a125000, 0x000001fc7b2b3800, 0x000001fc7b2b4800
}

Java Threads: ( => current thread )
  0x000001fc557fa800 JavaThread "main" [_thread_in_Java, id=4088, stack(0x00000093ebe00000,0x00000093ebf00000)]
  0x000001fc7a173800 JavaThread "Reference Handler" daemon [_thread_blocked, id=19900, stack(0x00000093ec500000,0x00000093ec600000)]
  0x000001fc7a17f000 JavaThread "Finalizer" daemon [_thread_blocked, id=14480, stack(0x00000093ec600000,0x00000093ec700000)]
  0x000001fc7a1de000 JavaThread "Signal Dispatcher" daemon [_thread_blocked, id=15836, stack(0x00000093ec700000,0x00000093ec800000)]
  0x000001fc7a1df800 JavaThread "Attach Listener" daemon [_thread_blocked, id=9252, stack(0x00000093ec800000,0x00000093ec900000)]
  0x000001fc7a1e1800 JavaThread "Service Thread" daemon [_thread_blocked, id=18080, stack(0x00000093ec900000,0x00000093eca00000)]
  0x000001fc7a1e5000 JavaThread "C2 CompilerThread0" daemon [_thread_in_native, id=13420, stack(0x00000093eca00000,0x00000093ecb00000)]
  0x000001fc7a18e000 JavaThread "C1 CompilerThread0" daemon [_thread_in_vm, id=12720, stack(0x00000093ecb00000,0x00000093ecc00000)]
  0x000001fc7a197800 JavaThread "Sweeper thread" daemon [_thread_blocked, id=16796, stack(0x00000093ecc00000,0x00000093ecd00000)]
  0x000001fc7a125000 JavaThread "Common-Cleaner" daemon [_thread_blocked, id=12344, stack(0x00000093ecd00000,0x00000093ece00000)]
  0x000001fc7b2b3800 JavaThread "C2 CompilerThread1" daemon [_thread_in_native, id=18408, stack(0x00000093ece00000,0x00000093ecf00000)]
=>0x000001fc7b2b4800 JavaThread "C2 CompilerThread2" daemon [_thread_in_native, id=15236, stack(0x00000093ed100000,0x00000093ed200000)]

Other Threads:
  0x000001fc7a14d000 VMThread "VM Thread" [stack: 0x00000093ec400000,0x00000093ec500000] [id=19480]
  0x000001fc7ad31000 WatcherThread [stack: 0x00000093ecf00000,0x00000093ed000000] [id=16556]
  0x000001fc55813000 GCTaskThread "GC Thread#0" [stack: 0x00000093ebf00000,0x00000093ec000000] [id=16612]
  0x000001fc7aefd000 GCTaskThread "GC Thread#1" [stack: 0x00000093ed000000,0x00000093ed100000] [id=19692]
  0x000001fc55868000 ConcurrentGCThread "G1 Main Marker" [stack: 0x00000093ec000000,0x00000093ec100000] [id=10216]
  0x000001fc55869800 ConcurrentGCThread "G1 Conc#0" [stack: 0x00000093ec100000,0x00000093ec200000] [id=4960]
  0x000001fc7c5b5800 ConcurrentGCThread "G1 Conc#1" [stack: 0x00000093ed200000,0x00000093ed300000] [id=13844]
  0x000001fc55895000 ConcurrentGCThread "G1 Refine#0" [stack: 0x00000093ec200000,0x00000093ec300000] [id=8056]
  0x000001fc7c1a2000 ConcurrentGCThread "G1 Refine#1" [stack: 0x00000093ed300000,0x00000093ed400000] [id=18784]
  0x000001fc7c6d9000 ConcurrentGCThread "G1 Refine#2" [stack: 0x00000093ed400000,0x00000093ed500000] [id=17636]
  0x000001fc7d856800 ConcurrentGCThread "G1 Refine#3" [stack: 0x00000093ed500000,0x00000093ed600000] [id=19296]
  0x000001fc55896000 ConcurrentGCThread "G1 Young RemSet Sampling" [stack: 0x00000093ec300000,0x00000093ec400000] [id=5328]

Threads with active compile tasks:
C2 CompilerThread0     4479 3848       4       com.sun.tools.javac.comp.Resolve::findGlobalType (111 bytes)
C1 CompilerThread0     4479 3873       2       com.sun.tools.javac.comp.Check::checkMethod (612 bytes)
C2 CompilerThread1     4479 3829       4       com.sun.tools.javac.code.Types$5::visitClassType (387 bytes)
C2 CompilerThread2     4479 3675       4       com.sun.tools.javac.jvm.ClassReader::setParameters (348 bytes)

VM state:not at safepoint (normal execution)

VM Mutex/Monitor currently owned by a thread: None

Heap address: 0x0000000720e00000, size: 3570 MB, Compressed Oops mode: Zero based, Oop shift amount: 3
Narrow klass base: 0x0000000800000000, Narrow klass shift: 0
Compressed class space size: 1073741824 Address: 0x0000000800000000

Heap:
 garbage-first heap   total 267264K, used 98116K [0x0000000720e00000, 0x0000000800000000)
  region size 1024K, 35 young (35840K), 3 survivors (3072K)
 Metaspace       used 17933K, capacity 18260K, committed 18432K, reserved 1067008K
  class space    used 1661K, capacity 1785K, committed 1792K, reserved 1048576K
Heap Regions: E=young(eden), S=young(survivor), O=old, HS=humongous(starts), HC=humongous(continues), CS=collection set, F=free, A=archive, TAMS=top-at-mark-start (previous, next)
|   0|0x0000000720e00000, 0x0000000720f00000, 0x0000000720f00000|100%| O|  |TAMS 0x0000000720f00000, 0x0000000720e00000| Untracked 
|   1|0x0000000720f00000, 0x0000000721000000, 0x0000000721000000|100%| O|  |TAMS 0x0000000721000000, 0x0000000720f00000| Complete 
|   2|0x0000000721000000, 0x0000000721100000, 0x0000000721100000|100%| O|  |TAMS 0x0000000721100000, 0x0000000721000000| Untracked 
|   3|0x0000000721100000, 0x0000000721200000, 0x0000000721200000|100%| O|  |TAMS 0x0000000721200000, 0x0000000721100000| Complete 
|   4|0x0000000721200000, 0x0000000721300000, 0x0000000721300000|100%| O|  |TAMS 0x0000000721300000, 0x0000000721200000| Complete 
|   5|0x0000000721300000, 0x0000000721400000, 0x0000000721400000|100%| O|  |TAMS 0x0000000721400000, 0x0000000721300000| Complete 
|   6|0x0000000721400000, 0x0000000721500000, 0x0000000721500000|100%| O|  |TAMS 0x0000000721500000, 0x0000000721400000| Complete 
|   7|0x0000000721500000, 0x0000000721600000, 0x0000000721600000|100%| O|  |TAMS 0x0000000721600000, 0x0000000721500000| Complete 
|   8|0x0000000721600000, 0x0000000721700000, 0x0000000721700000|100%| O|  |TAMS 0x0000000721700000, 0x0000000721600000| Untracked 
|   9|0x0000000721700000, 0x0000000721800000, 0x0000000721800000|100%|HS|  |TAMS 0x0000000721800000, 0x0000000721700000| Complete 
|  10|0x0000000721800000, 0x0000000721900000, 0x0000000721900000|100%|HC|  |TAMS 0x0000000721900000, 0x0000000721800000| Complete 
|  11|0x0000000721900000, 0x0000000721a00000, 0x0000000721a00000|100%|HC|  |TAMS 0x0000000721a00000, 0x0000000721900000| Complete 
|  12|0x0000000721a00000, 0x0000000721b00000, 0x0000000721b00000|100%| O|  |TAMS 0x0000000721b00000, 0x0000000721a00000| Untracked 
|  13|0x0000000721b00000, 0x0000000721c00000, 0x0000000721c00000|100%|HS|  |TAMS 0x0000000721c00000, 0x0000000721b00000| Complete 
|  14|0x0000000721c00000, 0x0000000721d00000, 0x0000000721d00000|100%|HS|  |TAMS 0x0000000721d00000, 0x0000000721c00000| Complete 
|  15|0x0000000721d00000, 0x0000000721e00000, 0x0000000721e00000|100%|HC|  |TAMS 0x0000000721e00000, 0x0000000721d00000| Complete 
|  16|0x0000000721e00000, 0x0000000721f00000, 0x0000000721f00000|100%|HC|  |TAMS 0x0000000721f00000, 0x0000000721e00000| Complete 
|  17|0x0000000721f00000, 0x0000000722000000, 0x0000000722000000|100%|HC|  |TAMS 0x0000000722000000, 0x0000000721f00000| Complete 
|  18|0x0000000722000000, 0x0000000722100000, 0x0000000722100000|100%|HC|  |TAMS 0x0000000722100000, 0x0000000722000000| Complete 
|  19|0x0000000722100000, 0x0000000722200000, 0x0000000722200000|100%|HS|  |TAMS 0x0000000722200000, 0x0000000722100000| Complete 
|  20|0x0000000722200000, 0x0000000722300000, 0x0000000722300000|100%|HC|  |TAMS 0x0000000722300000, 0x0000000722200000| Complete 
|  21|0x0000000722300000, 0x0000000722400000, 0x0000000722400000|100%| O|  |TAMS 0x0000000722400000, 0x0000000722300000| Untracked 
|  22|0x0000000722400000, 0x0000000722500000, 0x0000000722500000|100%| O|  |TAMS 0x0000000722500000, 0x0000000722400000| Untracked 
|  23|0x0000000722500000, 0x0000000722600000, 0x0000000722600000|100%| O|  |TAMS 0x0000000722600000, 0x0000000722500000| Untracked 
|  24|0x0000000722600000, 0x0000000722700000, 0x0000000722700000|100%| O|  |TAMS 0x0000000722700000, 0x0000000722600000| Untracked 
|  25|0x0000000722700000, 0x0000000722800000, 0x0000000722800000|100%| O|  |TAMS 0x0000000722800000, 0x0000000722700000| Untracked 
|  26|0x0000000722800000, 0x0000000722900000, 0x0000000722900000|100%| O|  |TAMS 0x0000000722900000, 0x0000000722800000| Untracked 
|  27|0x0000000722900000, 0x0000000722a00000, 0x0000000722a00000|100%| O|  |TAMS 0x0000000722a00000, 0x0000000722900000| Untracked 
|  28|0x0000000722a00000, 0x0000000722b00000, 0x0000000722b00000|100%| O|  |TAMS 0x0000000722b00000, 0x0000000722a00000| Complete 
|  29|0x0000000722b00000, 0x0000000722c00000, 0x0000000722c00000|100%| O|  |TAMS 0x0000000722c00000, 0x0000000722b00000| Untracked 
|  30|0x0000000722c00000, 0x0000000722d00000, 0x0000000722d00000|100%| O|  |TAMS 0x0000000722d00000, 0x0000000722c00000| Complete 
|  31|0x0000000722d00000, 0x0000000722e00000, 0x0000000722e00000|100%| O|  |TAMS 0x0000000722e00000, 0x0000000722d00000| Untracked 
|  32|0x0000000722e00000, 0x0000000722f00000, 0x0000000722f00000|100%| O|  |TAMS 0x0000000722f00000, 0x0000000722e00000| Untracked 
|  33|0x0000000722f00000, 0x0000000723000000, 0x0000000723000000|100%| O|  |TAMS 0x0000000723000000, 0x0000000722f00000| Complete 
|  34|0x0000000723000000, 0x0000000723100000, 0x0000000723100000|100%| O|  |TAMS 0x0000000723100000, 0x0000000723000000| Complete 
|  35|0x0000000723100000, 0x0000000723200000, 0x0000000723200000|100%| O|  |TAMS 0x0000000723200000, 0x0000000723100000| Complete 
|  36|0x0000000723200000, 0x0000000723300000, 0x0000000723300000|100%| O|  |TAMS 0x0000000723300000, 0x0000000723200000| Complete 
|  37|0x0000000723300000, 0x0000000723400000, 0x0000000723400000|100%| O|  |TAMS 0x0000000723400000, 0x0000000723300000| Complete 
|  38|0x0000000723400000, 0x0000000723500000, 0x0000000723500000|100%| O|  |TAMS 0x0000000723500000, 0x0000000723400000| Complete 
|  39|0x0000000723500000, 0x0000000723600000, 0x0000000723600000|100%| O|  |TAMS 0x0000000723600000, 0x0000000723500000| Complete 
|  40|0x0000000723600000, 0x0000000723700000, 0x0000000723700000|100%| O|  |TAMS 0x0000000723700000, 0x0000000723600000| Complete 
|  41|0x0000000723700000, 0x0000000723800000, 0x0000000723800000|100%| O|  |TAMS 0x0000000723800000, 0x0000000723700000| Untracked 
|  42|0x0000000723800000, 0x0000000723900000, 0x0000000723900000|100%| O|  |TAMS 0x0000000723900000, 0x0000000723800000| Complete 
|  43|0x0000000723900000, 0x0000000723a00000, 0x0000000723a00000|100%| O|  |TAMS 0x0000000723a00000, 0x0000000723900000| Complete 
|  44|0x0000000723a00000, 0x0000000723b00000, 0x0000000723b00000|100%| O|  |TAMS 0x0000000723b00000, 0x0000000723a00000| Complete 
|  45|0x0000000723b00000, 0x0000000723c00000, 0x0000000723c00000|100%| O|  |TAMS 0x0000000723c00000, 0x0000000723b00000| Complete 
|  46|0x0000000723c00000, 0x0000000723d00000, 0x0000000723d00000|100%| O|  |TAMS 0x0000000723d00000, 0x0000000723c00000| Complete 
|  47|0x0000000723d00000, 0x0000000723e00000, 0x0000000723e00000|100%|HS|  |TAMS 0x0000000723e00000, 0x0000000723d00000| Complete 
|  48|0x0000000723e00000, 0x0000000723f00000, 0x0000000723f00000|100%|HC|  |TAMS 0x0000000723f00000, 0x0000000723e00000| Complete 
|  49|0x0000000723f00000, 0x0000000724000000, 0x0000000724000000|100%| O|  |TAMS 0x0000000724000000, 0x0000000723f00000| Untracked 
|  50|0x0000000724000000, 0x0000000724100000, 0x0000000724100000|100%| O|  |TAMS 0x0000000724100000, 0x0000000724000000| Untracked 
|  51|0x0000000724100000, 0x0000000724200000, 0x0000000724200000|100%| O|  |TAMS 0x0000000724200000, 0x0000000724100000| Untracked 
|  52|0x0000000724200000, 0x0000000724300000, 0x0000000724300000|100%| O|  |TAMS 0x0000000724300000, 0x0000000724200000| Untracked 
|  53|0x0000000724300000, 0x0000000724400000, 0x0000000724400000|100%| O|  |TAMS 0x0000000724400000, 0x0000000724300000| Complete 
|  54|0x0000000724400000, 0x0000000724500000, 0x0000000724500000|100%| O|  |TAMS 0x0000000724500000, 0x0000000724400000| Complete 
|  55|0x0000000724500000, 0x0000000724600000, 0x0000000724600000|100%| O|  |TAMS 0x0000000724600000, 0x0000000724500000| Untracked 
|  56|0x0000000724600000, 0x0000000724700000, 0x0000000724700000|100%| O|  |TAMS 0x0000000724700000, 0x0000000724600000| Complete 
|  57|0x0000000724700000, 0x0000000724800000, 0x0000000724800000|100%| O|  |TAMS 0x0000000724800000, 0x0000000724700000| Complete 
|  58|0x0000000724800000, 0x0000000724900000, 0x0000000724900000|100%| O|  |TAMS 0x0000000724900000, 0x0000000724800000| Complete 
|  59|0x0000000724900000, 0x0000000724a00000, 0x0000000724a00000|100%| O|  |TAMS 0x0000000724a00000, 0x0000000724900000| Untracked 
|  60|0x0000000724a00000, 0x0000000724b00000, 0x0000000724b00000|100%| O|  |TAMS 0x0000000724b00000, 0x0000000724a00000| Untracked 
|  61|0x0000000724b00000, 0x0000000724c00000, 0x0000000724c00000|100%| O|  |TAMS 0x0000000724c00000, 0x0000000724b00000| Complete 
|  62|0x0000000724c00000, 0x0000000724c80000, 0x0000000724d00000| 50%| O|  |TAMS 0x0000000724c80000, 0x0000000724c00000| Untracked 
|  63|0x0000000724d00000, 0x0000000724d00000, 0x0000000724e00000|  0%| F|  |TAMS 0x0000000724d00000, 0x0000000724d00000| Untracked 
|  64|0x0000000724e00000, 0x0000000724e00000, 0x0000000724f00000|  0%| F|  |TAMS 0x0000000724e00000, 0x0000000724e00000| Untracked 
|  65|0x0000000724f00000, 0x0000000724f00000, 0x0000000725000000|  0%| F|  |TAMS 0x0000000724f00000, 0x0000000724f00000| Untracked 
|  66|0x0000000725000000, 0x0000000725000000, 0x0000000725100000|  0%| F|  |TAMS 0x0000000725000000, 0x0000000725000000| Untracked 
|  67|0x0000000725100000, 0x0000000725100000, 0x0000000725200000|  0%| F|  |TAMS 0x0000000725100000, 0x0000000725100000| Untracked 
|  68|0x0000000725200000, 0x0000000725200000, 0x0000000725300000|  0%| F|  |TAMS 0x0000000725200000, 0x0000000725200000| Untracked 
|  69|0x0000000725300000, 0x0000000725300000, 0x0000000725400000|  0%| F|  |TAMS 0x0000000725300000, 0x0000000725300000| Untracked 
|  70|0x0000000725400000, 0x0000000725400000, 0x0000000725500000|  0%| F|  |TAMS 0x0000000725400000, 0x0000000725400000| Untracked 
|  71|0x0000000725500000, 0x0000000725500000, 0x0000000725600000|  0%| F|  |TAMS 0x0000000725500000, 0x0000000725500000| Untracked 
|  72|0x0000000725600000, 0x0000000725600000, 0x0000000725700000|  0%| F|  |TAMS 0x0000000725600000, 0x0000000725600000| Untracked 
|  73|0x0000000725700000, 0x0000000725700000, 0x0000000725800000|  0%| F|  |TAMS 0x0000000725700000, 0x0000000725700000| Untracked 
|  74|0x0000000725800000, 0x0000000725800000, 0x0000000725900000|  0%| F|  |TAMS 0x0000000725800000, 0x0000000725800000| Untracked 
|  75|0x0000000725900000, 0x0000000725900000, 0x0000000725a00000|  0%| F|  |TAMS 0x0000000725900000, 0x0000000725900000| Untracked 
|  76|0x0000000725a00000, 0x0000000725a00000, 0x0000000725b00000|  0%| F|  |TAMS 0x0000000725a00000, 0x0000000725a00000| Untracked 
|  77|0x0000000725b00000, 0x0000000725b00000, 0x0000000725c00000|  0%| F|  |TAMS 0x0000000725b00000, 0x0000000725b00000| Untracked 
|  78|0x0000000725c00000, 0x0000000725c00000, 0x0000000725d00000|  0%| F|  |TAMS 0x0000000725c00000, 0x0000000725c00000| Untracked 
|  79|0x0000000725d00000, 0x0000000725d00000, 0x0000000725e00000|  0%| F|  |TAMS 0x0000000725d00000, 0x0000000725d00000| Untracked 
|  80|0x0000000725e00000, 0x0000000725e00000, 0x0000000725f00000|  0%| F|  |TAMS 0x0000000725e00000, 0x0000000725e00000| Untracked 
|  81|0x0000000725f00000, 0x0000000725f00000, 0x0000000726000000|  0%| F|  |TAMS 0x0000000725f00000, 0x0000000725f00000| Untracked 
|  82|0x0000000726000000, 0x0000000726000000, 0x0000000726100000|  0%| F|  |TAMS 0x0000000726000000, 0x0000000726000000| Untracked 
|  83|0x0000000726100000, 0x0000000726100000, 0x0000000726200000|  0%| F|  |TAMS 0x0000000726100000, 0x0000000726100000| Untracked 
|  84|0x0000000726200000, 0x0000000726200000, 0x0000000726300000|  0%| F|  |TAMS 0x0000000726200000, 0x0000000726200000| Untracked 
|  85|0x0000000726300000, 0x0000000726300000, 0x0000000726400000|  0%| F|  |TAMS 0x0000000726300000, 0x0000000726300000| Untracked 
|  86|0x0000000726400000, 0x0000000726400000, 0x0000000726500000|  0%| F|  |TAMS 0x0000000726400000, 0x0000000726400000| Untracked 
|  87|0x0000000726500000, 0x0000000726500000, 0x0000000726600000|  0%| F|  |TAMS 0x0000000726500000, 0x0000000726500000| Untracked 
|  88|0x0000000726600000, 0x0000000726600000, 0x0000000726700000|  0%| F|  |TAMS 0x0000000726600000, 0x0000000726600000| Untracked 
|  89|0x0000000726700000, 0x0000000726700000, 0x0000000726800000|  0%| F|  |TAMS 0x0000000726700000, 0x0000000726700000| Untracked 
|  90|0x0000000726800000, 0x0000000726800000, 0x0000000726900000|  0%| F|  |TAMS 0x0000000726800000, 0x0000000726800000| Untracked 
|  91|0x0000000726900000, 0x0000000726900000, 0x0000000726a00000|  0%| F|  |TAMS 0x0000000726900000, 0x0000000726900000| Untracked 
|  92|0x0000000726a00000, 0x0000000726a00000, 0x0000000726b00000|  0%| F|  |TAMS 0x0000000726a00000, 0x0000000726a00000| Untracked 
|  93|0x0000000726b00000, 0x0000000726b00000, 0x0000000726c00000|  0%| F|  |TAMS 0x0000000726b00000, 0x0000000726b00000| Untracked 
|  94|0x0000000726c00000, 0x0000000726c00000, 0x0000000726d00000|  0%| F|  |TAMS 0x0000000726c00000, 0x0000000726c00000| Untracked 
|  95|0x0000000726d00000, 0x0000000726d00000, 0x0000000726e00000|  0%| F|  |TAMS 0x0000000726d00000, 0x0000000726d00000| Untracked 
|  96|0x0000000726e00000, 0x0000000726e51240, 0x0000000726f00000| 31%| S|CS|TAMS 0x0000000726e00000, 0x0000000726e00000| Complete 
|  97|0x0000000726f00000, 0x0000000727000000, 0x0000000727000000|100%| S|CS|TAMS 0x0000000726f00000, 0x0000000726f00000| Complete 
|  98|0x0000000727000000, 0x0000000727100000, 0x0000000727100000|100%| S|CS|TAMS 0x0000000727000000, 0x0000000727000000| Complete 
|  99|0x0000000727100000, 0x0000000727100000, 0x0000000727200000|  0%| F|  |TAMS 0x0000000727100000, 0x0000000727100000| Untracked 
| 100|0x0000000727200000, 0x0000000727200000, 0x0000000727300000|  0%| F|  |TAMS 0x0000000727200000, 0x0000000727200000| Untracked 
| 101|0x0000000727300000, 0x0000000727300000, 0x0000000727400000|  0%| F|  |TAMS 0x0000000727300000, 0x0000000727300000| Untracked 
| 102|0x0000000727400000, 0x0000000727400000, 0x0000000727500000|  0%| F|  |TAMS 0x0000000727400000, 0x0000000727400000| Untracked 
| 103|0x0000000727500000, 0x0000000727500000, 0x0000000727600000|  0%| F|  |TAMS 0x0000000727500000, 0x0000000727500000| Untracked 
| 104|0x0000000727600000, 0x0000000727600000, 0x0000000727700000|  0%| F|  |TAMS 0x0000000727600000, 0x0000000727600000| Untracked 
| 105|0x0000000727700000, 0x0000000727700000, 0x0000000727800000|  0%| F|  |TAMS 0x0000000727700000, 0x0000000727700000| Untracked 
| 106|0x0000000727800000, 0x0000000727800000, 0x0000000727900000|  0%| F|  |TAMS 0x0000000727800000, 0x0000000727800000| Untracked 
| 107|0x0000000727900000, 0x0000000727900000, 0x0000000727a00000|  0%| F|  |TAMS 0x0000000727900000, 0x0000000727900000| Untracked 
| 108|0x0000000727a00000, 0x0000000727a00000, 0x0000000727b00000|  0%| F|  |TAMS 0x0000000727a00000, 0x0000000727a00000| Untracked 
| 109|0x0000000727b00000, 0x0000000727b00000, 0x0000000727c00000|  0%| F|  |TAMS 0x0000000727b00000, 0x0000000727b00000| Untracked 
| 110|0x0000000727c00000, 0x0000000727c00000, 0x0000000727d00000|  0%| F|  |TAMS 0x0000000727c00000, 0x0000000727c00000| Untracked 
| 111|0x0000000727d00000, 0x0000000727d00000, 0x0000000727e00000|  0%| F|  |TAMS 0x0000000727d00000, 0x0000000727d00000| Untracked 
| 112|0x0000000727e00000, 0x0000000727e00000, 0x0000000727f00000|  0%| F|  |TAMS 0x0000000727e00000, 0x0000000727e00000| Untracked 
| 113|0x0000000727f00000, 0x0000000727f00000, 0x0000000728000000|  0%| F|  |TAMS 0x0000000727f00000, 0x0000000727f00000| Untracked 
| 114|0x0000000728000000, 0x0000000728000000, 0x0000000728100000|  0%| F|  |TAMS 0x0000000728000000, 0x0000000728000000| Untracked 
| 115|0x0000000728100000, 0x0000000728100000, 0x0000000728200000|  0%| F|  |TAMS 0x0000000728100000, 0x0000000728100000| Untracked 
| 116|0x0000000728200000, 0x0000000728200000, 0x0000000728300000|  0%| F|  |TAMS 0x0000000728200000, 0x0000000728200000| Untracked 
| 117|0x0000000728300000, 0x0000000728300000, 0x0000000728400000|  0%| F|  |TAMS 0x0000000728300000, 0x0000000728300000| Untracked 
| 118|0x0000000728400000, 0x0000000728400000, 0x0000000728500000|  0%| F|  |TAMS 0x0000000728400000, 0x0000000728400000| Untracked 
| 119|0x0000000728500000, 0x0000000728500000, 0x0000000728600000|  0%| F|  |TAMS 0x0000000728500000, 0x0000000728500000| Untracked 
| 120|0x0000000728600000, 0x0000000728600000, 0x0000000728700000|  0%| F|  |TAMS 0x0000000728600000, 0x0000000728600000| Untracked 
| 121|0x0000000728700000, 0x0000000728700000, 0x0000000728800000|  0%| F|  |TAMS 0x0000000728700000, 0x0000000728700000| Untracked 
| 122|0x0000000728800000, 0x0000000728800000, 0x0000000728900000|  0%| F|  |TAMS 0x0000000728800000, 0x0000000728800000| Untracked 
| 123|0x0000000728900000, 0x0000000728900000, 0x0000000728a00000|  0%| F|  |TAMS 0x0000000728900000, 0x0000000728900000| Untracked 
| 124|0x0000000728a00000, 0x0000000728a00000, 0x0000000728b00000|  0%| F|  |TAMS 0x0000000728a00000, 0x0000000728a00000| Untracked 
| 125|0x0000000728b00000, 0x0000000728b00000, 0x0000000728c00000|  0%| F|  |TAMS 0x0000000728b00000, 0x0000000728b00000| Untracked 
| 126|0x0000000728c00000, 0x0000000728c00000, 0x0000000728d00000|  0%| F|  |TAMS 0x0000000728c00000, 0x0000000728c00000| Untracked 
| 127|0x0000000728d00000, 0x0000000728d00000, 0x0000000728e00000|  0%| F|  |TAMS 0x0000000728d00000, 0x0000000728d00000| Untracked 
| 128|0x0000000728e00000, 0x0000000728e00000, 0x0000000728f00000|  0%| F|  |TAMS 0x0000000728e00000, 0x0000000728e00000| Untracked 
| 129|0x0000000728f00000, 0x0000000728f00000, 0x0000000729000000|  0%| F|  |TAMS 0x0000000728f00000, 0x0000000728f00000| Untracked 
| 130|0x0000000729000000, 0x0000000729000000, 0x0000000729100000|  0%| F|  |TAMS 0x0000000729000000, 0x0000000729000000| Untracked 
| 131|0x0000000729100000, 0x0000000729100000, 0x0000000729200000|  0%| F|  |TAMS 0x0000000729100000, 0x0000000729100000| Untracked 
| 132|0x0000000729200000, 0x0000000729200000, 0x0000000729300000|  0%| F|  |TAMS 0x0000000729200000, 0x0000000729200000| Untracked 
| 133|0x0000000729300000, 0x0000000729300000, 0x0000000729400000|  0%| F|  |TAMS 0x0000000729300000, 0x0000000729300000| Untracked 
| 134|0x0000000729400000, 0x0000000729400000, 0x0000000729500000|  0%| F|  |TAMS 0x0000000729400000, 0x0000000729400000| Untracked 
| 135|0x0000000729500000, 0x0000000729500000, 0x0000000729600000|  0%| F|  |TAMS 0x0000000729500000, 0x0000000729500000| Untracked 
| 136|0x0000000729600000, 0x0000000729600000, 0x0000000729700000|  0%| F|  |TAMS 0x0000000729600000, 0x0000000729600000| Untracked 
| 137|0x0000000729700000, 0x0000000729700000, 0x0000000729800000|  0%| F|  |TAMS 0x0000000729700000, 0x0000000729700000| Untracked 
| 138|0x0000000729800000, 0x0000000729800000, 0x0000000729900000|  0%| F|  |TAMS 0x0000000729800000, 0x0000000729800000| Untracked 
| 139|0x0000000729900000, 0x0000000729900000, 0x0000000729a00000|  0%| F|  |TAMS 0x0000000729900000, 0x0000000729900000| Untracked 
| 140|0x0000000729a00000, 0x0000000729a00000, 0x0000000729b00000|  0%| F|  |TAMS 0x0000000729a00000, 0x0000000729a00000| Untracked 
| 141|0x0000000729b00000, 0x0000000729b00000, 0x0000000729c00000|  0%| F|  |TAMS 0x0000000729b00000, 0x0000000729b00000| Untracked 
| 142|0x0000000729c00000, 0x0000000729c00000, 0x0000000729d00000|  0%| F|  |TAMS 0x0000000729c00000, 0x0000000729c00000| Untracked 
| 143|0x0000000729d00000, 0x0000000729d00000, 0x0000000729e00000|  0%| F|  |TAMS 0x0000000729d00000, 0x0000000729d00000| Untracked 
| 144|0x0000000729e00000, 0x0000000729e00000, 0x0000000729f00000|  0%| F|  |TAMS 0x0000000729e00000, 0x0000000729e00000| Untracked 
| 145|0x0000000729f00000, 0x0000000729f00000, 0x000000072a000000|  0%| F|  |TAMS 0x0000000729f00000, 0x0000000729f00000| Untracked 
| 146|0x000000072a000000, 0x000000072a000000, 0x000000072a100000|  0%| F|  |TAMS 0x000000072a000000, 0x000000072a000000| Untracked 
| 147|0x000000072a100000, 0x000000072a100000, 0x000000072a200000|  0%| F|  |TAMS 0x000000072a100000, 0x000000072a100000| Untracked 
| 148|0x000000072a200000, 0x000000072a200000, 0x000000072a300000|  0%| F|  |TAMS 0x000000072a200000, 0x000000072a200000| Untracked 
| 149|0x000000072a300000, 0x000000072a300000, 0x000000072a400000|  0%| F|  |TAMS 0x000000072a300000, 0x000000072a300000| Untracked 
| 150|0x000000072a400000, 0x000000072a400000, 0x000000072a500000|  0%| F|  |TAMS 0x000000072a400000, 0x000000072a400000| Untracked 
| 151|0x000000072a500000, 0x000000072a500000, 0x000000072a600000|  0%| F|  |TAMS 0x000000072a500000, 0x000000072a500000| Untracked 
| 152|0x000000072a600000, 0x000000072a600000, 0x000000072a700000|  0%| F|  |TAMS 0x000000072a600000, 0x000000072a600000| Untracked 
| 153|0x000000072a700000, 0x000000072a700000, 0x000000072a800000|  0%| F|  |TAMS 0x000000072a700000, 0x000000072a700000| Untracked 
| 154|0x000000072a800000, 0x000000072a800000, 0x000000072a900000|  0%| F|  |TAMS 0x000000072a800000, 0x000000072a800000| Untracked 
| 155|0x000000072a900000, 0x000000072a900000, 0x000000072aa00000|  0%| F|  |TAMS 0x000000072a900000, 0x000000072a900000| Untracked 
| 156|0x000000072aa00000, 0x000000072aa00000, 0x000000072ab00000|  0%| F|  |TAMS 0x000000072aa00000, 0x000000072aa00000| Untracked 
| 157|0x000000072ab00000, 0x000000072ab00000, 0x000000072ac00000|  0%| F|  |TAMS 0x000000072ab00000, 0x000000072ab00000| Untracked 
| 158|0x000000072ac00000, 0x000000072ac00000, 0x000000072ad00000|  0%| F|  |TAMS 0x000000072ac00000, 0x000000072ac00000| Untracked 
| 159|0x000000072ad00000, 0x000000072ad00000, 0x000000072ae00000|  0%| F|  |TAMS 0x000000072ad00000, 0x000000072ad00000| Untracked 
| 160|0x000000072ae00000, 0x000000072ae00000, 0x000000072af00000|  0%| F|  |TAMS 0x000000072ae00000, 0x000000072ae00000| Untracked 
| 161|0x000000072af00000, 0x000000072af00000, 0x000000072b000000|  0%| F|  |TAMS 0x000000072af00000, 0x000000072af00000| Untracked 
| 162|0x000000072b000000, 0x000000072b000000, 0x000000072b100000|  0%| F|  |TAMS 0x000000072b000000, 0x000000072b000000| Untracked 
| 163|0x000000072b100000, 0x000000072b100000, 0x000000072b200000|  0%| F|  |TAMS 0x000000072b100000, 0x000000072b100000| Untracked 
| 164|0x000000072b200000, 0x000000072b200000, 0x000000072b300000|  0%| F|  |TAMS 0x000000072b200000, 0x000000072b200000| Untracked 
| 165|0x000000072b300000, 0x000000072b300000, 0x000000072b400000|  0%| F|  |TAMS 0x000000072b300000, 0x000000072b300000| Untracked 
| 166|0x000000072b400000, 0x000000072b400000, 0x000000072b500000|  0%| F|  |TAMS 0x000000072b400000, 0x000000072b400000| Untracked 
| 167|0x000000072b500000, 0x000000072b500000, 0x000000072b600000|  0%| F|  |TAMS 0x000000072b500000, 0x000000072b500000| Untracked 
| 168|0x000000072b600000, 0x000000072b600000, 0x000000072b700000|  0%| F|  |TAMS 0x000000072b600000, 0x000000072b600000| Untracked 
| 169|0x000000072b700000, 0x000000072b700000, 0x000000072b800000|  0%| F|  |TAMS 0x000000072b700000, 0x000000072b700000| Untracked 
| 170|0x000000072b800000, 0x000000072b800000, 0x000000072b900000|  0%| F|  |TAMS 0x000000072b800000, 0x000000072b800000| Untracked 
| 171|0x000000072b900000, 0x000000072b900000, 0x000000072ba00000|  0%| F|  |TAMS 0x000000072b900000, 0x000000072b900000| Untracked 
| 172|0x000000072ba00000, 0x000000072ba00000, 0x000000072bb00000|  0%| F|  |TAMS 0x000000072ba00000, 0x000000072ba00000| Untracked 
| 173|0x000000072bb00000, 0x000000072bb00000, 0x000000072bc00000|  0%| F|  |TAMS 0x000000072bb00000, 0x000000072bb00000| Untracked 
| 174|0x000000072bc00000, 0x000000072bc00000, 0x000000072bd00000|  0%| F|  |TAMS 0x000000072bc00000, 0x000000072bc00000| Untracked 
| 175|0x000000072bd00000, 0x000000072bd00000, 0x000000072be00000|  0%| F|  |TAMS 0x000000072bd00000, 0x000000072bd00000| Untracked 
| 176|0x000000072be00000, 0x000000072be00000, 0x000000072bf00000|  0%| F|  |TAMS 0x000000072be00000, 0x000000072be00000| Untracked 
| 177|0x000000072bf00000, 0x000000072bf00000, 0x000000072c000000|  0%| F|  |TAMS 0x000000072bf00000, 0x000000072bf00000| Untracked 
| 178|0x000000072c000000, 0x000000072c000000, 0x000000072c100000|  0%| F|  |TAMS 0x000000072c000000, 0x000000072c000000| Untracked 
| 179|0x000000072c100000, 0x000000072c100000, 0x000000072c200000|  0%| F|  |TAMS 0x000000072c100000, 0x000000072c100000| Untracked 
| 180|0x000000072c200000, 0x000000072c200000, 0x000000072c300000|  0%| F|  |TAMS 0x000000072c200000, 0x000000072c200000| Untracked 
| 181|0x000000072c300000, 0x000000072c300000, 0x000000072c400000|  0%| F|  |TAMS 0x000000072c300000, 0x000000072c300000| Untracked 
| 182|0x000000072c400000, 0x000000072c400000, 0x000000072c500000|  0%| F|  |TAMS 0x000000072c400000, 0x000000072c400000| Untracked 
| 183|0x000000072c500000, 0x000000072c500000, 0x000000072c600000|  0%| F|  |TAMS 0x000000072c500000, 0x000000072c500000| Untracked 
| 184|0x000000072c600000, 0x000000072c600000, 0x000000072c700000|  0%| F|  |TAMS 0x000000072c600000, 0x000000072c600000| Untracked 
| 185|0x000000072c700000, 0x000000072c700000, 0x000000072c800000|  0%| F|  |TAMS 0x000000072c700000, 0x000000072c700000| Untracked 
| 186|0x000000072c800000, 0x000000072c800000, 0x000000072c900000|  0%| F|  |TAMS 0x000000072c800000, 0x000000072c800000| Untracked 
| 187|0x000000072c900000, 0x000000072c900000, 0x000000072ca00000|  0%| F|  |TAMS 0x000000072c900000, 0x000000072c900000| Untracked 
| 188|0x000000072ca00000, 0x000000072ca00000, 0x000000072cb00000|  0%| F|  |TAMS 0x000000072ca00000, 0x000000072ca00000| Untracked 
| 189|0x000000072cb00000, 0x000000072cb00000, 0x000000072cc00000|  0%| F|  |TAMS 0x000000072cb00000, 0x000000072cb00000| Untracked 
| 190|0x000000072cc00000, 0x000000072cc00000, 0x000000072cd00000|  0%| F|  |TAMS 0x000000072cc00000, 0x000000072cc00000| Untracked 
| 191|0x000000072cd00000, 0x000000072cd00000, 0x000000072ce00000|  0%| F|  |TAMS 0x000000072cd00000, 0x000000072cd00000| Untracked 
| 192|0x000000072ce00000, 0x000000072ce00000, 0x000000072cf00000|  0%| F|  |TAMS 0x000000072ce00000, 0x000000072ce00000| Untracked 
| 193|0x000000072cf00000, 0x000000072cf00000, 0x000000072d000000|  0%| F|  |TAMS 0x000000072cf00000, 0x000000072cf00000| Untracked 
| 194|0x000000072d000000, 0x000000072d000000, 0x000000072d100000|  0%| F|  |TAMS 0x000000072d000000, 0x000000072d000000| Untracked 
| 195|0x000000072d100000, 0x000000072d100000, 0x000000072d200000|  0%| F|  |TAMS 0x000000072d100000, 0x000000072d100000| Untracked 
| 196|0x000000072d200000, 0x000000072d200000, 0x000000072d300000|  0%| F|  |TAMS 0x000000072d200000, 0x000000072d200000| Untracked 
| 197|0x000000072d300000, 0x000000072d300000, 0x000000072d400000|  0%| F|  |TAMS 0x000000072d300000, 0x000000072d300000| Untracked 
| 198|0x000000072d400000, 0x000000072d400000, 0x000000072d500000|  0%| F|  |TAMS 0x000000072d400000, 0x000000072d400000| Untracked 
| 199|0x000000072d500000, 0x000000072d500000, 0x000000072d600000|  0%| F|  |TAMS 0x000000072d500000, 0x000000072d500000| Untracked 
| 200|0x000000072d600000, 0x000000072d600000, 0x000000072d700000|  0%| F|  |TAMS 0x000000072d600000, 0x000000072d600000| Untracked 
| 201|0x000000072d700000, 0x000000072d700000, 0x000000072d800000|  0%| F|  |TAMS 0x000000072d700000, 0x000000072d700000| Untracked 
| 202|0x000000072d800000, 0x000000072d800000, 0x000000072d900000|  0%| F|  |TAMS 0x000000072d800000, 0x000000072d800000| Untracked 
| 203|0x000000072d900000, 0x000000072d900000, 0x000000072da00000|  0%| F|  |TAMS 0x000000072d900000, 0x000000072d900000| Untracked 
| 204|0x000000072da00000, 0x000000072da00000, 0x000000072db00000|  0%| F|  |TAMS 0x000000072da00000, 0x000000072da00000| Untracked 
| 205|0x000000072db00000, 0x000000072db00000, 0x000000072dc00000|  0%| F|  |TAMS 0x000000072db00000, 0x000000072db00000| Untracked 
| 206|0x000000072dc00000, 0x000000072dc00000, 0x000000072dd00000|  0%| F|  |TAMS 0x000000072dc00000, 0x000000072dc00000| Untracked 
| 207|0x000000072dd00000, 0x000000072dd00000, 0x000000072de00000|  0%| F|  |TAMS 0x000000072dd00000, 0x000000072dd00000| Untracked 
| 208|0x000000072de00000, 0x000000072de00000, 0x000000072df00000|  0%| F|  |TAMS 0x000000072de00000, 0x000000072de00000| Untracked 
| 209|0x000000072df00000, 0x000000072df00000, 0x000000072e000000|  0%| F|  |TAMS 0x000000072df00000, 0x000000072df00000| Untracked 
| 210|0x000000072e000000, 0x000000072e000000, 0x000000072e100000|  0%| F|  |TAMS 0x000000072e000000, 0x000000072e000000| Untracked 
| 211|0x000000072e100000, 0x000000072e100000, 0x000000072e200000|  0%| F|  |TAMS 0x000000072e100000, 0x000000072e100000| Untracked 
| 212|0x000000072e200000, 0x000000072e200000, 0x000000072e300000|  0%| F|  |TAMS 0x000000072e200000, 0x000000072e200000| Untracked 
| 213|0x000000072e300000, 0x000000072e300000, 0x000000072e400000|  0%| F|  |TAMS 0x000000072e300000, 0x000000072e300000| Untracked 
| 214|0x000000072e400000, 0x000000072e400000, 0x000000072e500000|  0%| F|  |TAMS 0x000000072e400000, 0x000000072e400000| Untracked 
| 215|0x000000072e500000, 0x000000072e500000, 0x000000072e600000|  0%| F|  |TAMS 0x000000072e500000, 0x000000072e500000| Untracked 
| 216|0x000000072e600000, 0x000000072e600000, 0x000000072e700000|  0%| F|  |TAMS 0x000000072e600000, 0x000000072e600000| Untracked 
| 217|0x000000072e700000, 0x000000072e700000, 0x000000072e800000|  0%| F|  |TAMS 0x000000072e700000, 0x000000072e700000| Untracked 
| 218|0x000000072e800000, 0x000000072e800000, 0x000000072e900000|  0%| F|  |TAMS 0x000000072e800000, 0x000000072e800000| Untracked 
| 219|0x000000072e900000, 0x000000072e900000, 0x000000072ea00000|  0%| F|  |TAMS 0x000000072e900000, 0x000000072e900000| Untracked 
| 220|0x000000072ea00000, 0x000000072ea00000, 0x000000072eb00000|  0%| F|  |TAMS 0x000000072ea00000, 0x000000072ea00000| Untracked 
| 221|0x000000072eb00000, 0x000000072eb00000, 0x000000072ec00000|  0%| F|  |TAMS 0x000000072eb00000, 0x000000072eb00000| Untracked 
| 222|0x000000072ec00000, 0x000000072ec00000, 0x000000072ed00000|  0%| F|  |TAMS 0x000000072ec00000, 0x000000072ec00000| Untracked 
| 223|0x000000072ed00000, 0x000000072ed00000, 0x000000072ee00000|  0%| F|  |TAMS 0x000000072ed00000, 0x000000072ed00000| Untracked 
| 224|0x000000072ee00000, 0x000000072ee00000, 0x000000072ef00000|  0%| F|  |TAMS 0x000000072ee00000, 0x000000072ee00000| Untracked 
| 225|0x000000072ef00000, 0x000000072ef00000, 0x000000072f000000|  0%| F|  |TAMS 0x000000072ef00000, 0x000000072ef00000| Untracked 
| 226|0x000000072f000000, 0x000000072f000000, 0x000000072f100000|  0%| F|  |TAMS 0x000000072f000000, 0x000000072f000000| Untracked 
| 227|0x000000072f100000, 0x000000072f100000, 0x000000072f200000|  0%| F|  |TAMS 0x000000072f100000, 0x000000072f100000| Untracked 
| 228|0x000000072f200000, 0x000000072f200000, 0x000000072f300000|  0%| F|  |TAMS 0x000000072f200000, 0x000000072f200000| Untracked 
| 229|0x000000072f300000, 0x000000072f381270, 0x000000072f400000| 50%| E|  |TAMS 0x000000072f300000, 0x000000072f300000| Complete 
| 230|0x000000072f400000, 0x000000072f500000, 0x000000072f500000|100%| E|CS|TAMS 0x000000072f400000, 0x000000072f400000| Complete 
| 231|0x000000072f500000, 0x000000072f600000, 0x000000072f600000|100%| E|CS|TAMS 0x000000072f500000, 0x000000072f500000| Complete 
| 232|0x000000072f600000, 0x000000072f700000, 0x000000072f700000|100%| E|CS|TAMS 0x000000072f600000, 0x000000072f600000| Complete 
| 233|0x000000072f700000, 0x000000072f800000, 0x000000072f800000|100%| E|CS|TAMS 0x000000072f700000, 0x000000072f700000| Complete 
| 234|0x000000072f800000, 0x000000072f900000, 0x000000072f900000|100%| E|CS|TAMS 0x000000072f800000, 0x000000072f800000| Complete 
| 235|0x000000072f900000, 0x000000072fa00000, 0x000000072fa00000|100%| E|CS|TAMS 0x000000072f900000, 0x000000072f900000| Complete 
| 236|0x000000072fa00000, 0x000000072fb00000, 0x000000072fb00000|100%| E|CS|TAMS 0x000000072fa00000, 0x000000072fa00000| Complete 
| 237|0x000000072fb00000, 0x000000072fc00000, 0x000000072fc00000|100%| E|CS|TAMS 0x000000072fb00000, 0x000000072fb00000| Complete 
| 238|0x000000072fc00000, 0x000000072fd00000, 0x000000072fd00000|100%| E|CS|TAMS 0x000000072fc00000, 0x000000072fc00000| Complete 
| 239|0x000000072fd00000, 0x000000072fe00000, 0x000000072fe00000|100%| E|CS|TAMS 0x000000072fd00000, 0x000000072fd00000| Complete 
| 240|0x000000072fe00000, 0x000000072ff00000, 0x000000072ff00000|100%| E|CS|TAMS 0x000000072fe00000, 0x000000072fe00000| Complete 
| 241|0x000000072ff00000, 0x0000000730000000, 0x0000000730000000|100%| E|CS|TAMS 0x000000072ff00000, 0x000000072ff00000| Complete 
| 242|0x0000000730000000, 0x0000000730100000, 0x0000000730100000|100%| E|CS|TAMS 0x0000000730000000, 0x0000000730000000| Complete 
| 243|0x0000000730100000, 0x0000000730200000, 0x0000000730200000|100%| E|CS|TAMS 0x0000000730100000, 0x0000000730100000| Complete 
| 244|0x0000000730200000, 0x0000000730300000, 0x0000000730300000|100%| E|CS|TAMS 0x0000000730200000, 0x0000000730200000| Complete 
| 245|0x0000000730300000, 0x0000000730400000, 0x0000000730400000|100%| E|CS|TAMS 0x0000000730300000, 0x0000000730300000| Complete 
| 246|0x0000000730400000, 0x0000000730500000, 0x0000000730500000|100%| E|CS|TAMS 0x0000000730400000, 0x0000000730400000| Complete 
| 247|0x0000000730500000, 0x0000000730600000, 0x0000000730600000|100%| E|CS|TAMS 0x0000000730500000, 0x0000000730500000| Complete 
| 248|0x0000000730600000, 0x0000000730700000, 0x0000000730700000|100%| E|CS|TAMS 0x0000000730600000, 0x0000000730600000| Complete 
| 249|0x0000000730700000, 0x0000000730800000, 0x0000000730800000|100%| E|CS|TAMS 0x0000000730700000, 0x0000000730700000| Complete 
| 250|0x0000000730800000, 0x0000000730900000, 0x0000000730900000|100%| E|CS|TAMS 0x0000000730800000, 0x0000000730800000| Complete 
| 251|0x0000000730900000, 0x0000000730a00000, 0x0000000730a00000|100%| E|CS|TAMS 0x0000000730900000, 0x0000000730900000| Complete 
| 252|0x0000000730a00000, 0x0000000730b00000, 0x0000000730b00000|100%| E|CS|TAMS 0x0000000730a00000, 0x0000000730a00000| Complete 
| 253|0x0000000730b00000, 0x0000000730c00000, 0x0000000730c00000|100%| E|CS|TAMS 0x0000000730b00000, 0x0000000730b00000| Complete 
| 254|0x0000000730c00000, 0x0000000730d00000, 0x0000000730d00000|100%| E|CS|TAMS 0x0000000730c00000, 0x0000000730c00000| Complete 
| 255|0x0000000730d00000, 0x0000000730e00000, 0x0000000730e00000|100%| E|CS|TAMS 0x0000000730d00000, 0x0000000730d00000| Complete 
| 256|0x0000000730e00000, 0x0000000730f00000, 0x0000000730f00000|100%| E|CS|TAMS 0x0000000730e00000, 0x0000000730e00000| Complete 
| 257|0x0000000730f00000, 0x0000000731000000, 0x0000000731000000|100%| E|CS|TAMS 0x0000000730f00000, 0x0000000730f00000| Complete 
| 258|0x0000000731000000, 0x0000000731100000, 0x0000000731100000|100%| E|CS|TAMS 0x0000000731000000, 0x0000000731000000| Complete 
| 259|0x0000000731100000, 0x0000000731200000, 0x0000000731200000|100%| E|CS|TAMS 0x0000000731100000, 0x0000000731100000| Complete 
| 260|0x0000000731200000, 0x0000000731300000, 0x0000000731300000|100%| E|CS|TAMS 0x0000000731200000, 0x0000000731200000| Complete 

Card table byte_map: [0x000001fc6f8e0000,0x000001fc6ffe0000] _byte_map_base: 0x000001fc6bfd9000

Marking Bits (Prev, Next): (CMBitMap*) 0x000001fc55859148, (CMBitMap*) 0x000001fc55859180
 Prev Bits: [0x000001fc706e0000, 0x000001fc73ea8000)
 Next Bits: [0x000001fc73eb0000, 0x000001fc77678000)

Polling page: 0x000001fc558e0000

Metaspace:

Usage:
  Non-class:     16.09 MB capacity,    15.90 MB ( 99%) used,   162.64 KB ( <1%) free+waste,    32.56 KB ( <1%) overhead. 
      Class:      1.74 MB capacity,     1.62 MB ( 93%) used,   109.98 KB (  6%) free+waste,    13.25 KB ( <1%) overhead. 
       Both:     17.83 MB capacity,    17.52 MB ( 98%) used,   272.63 KB (  1%) free+waste,    45.81 KB ( <1%) overhead. 

Virtual space:
  Non-class space:       18.00 MB reserved,      16.25 MB ( 90%) committed 
      Class space:        1.00 GB reserved,       1.75 MB ( <1%) committed 
             Both:        1.02 GB reserved,      18.00 MB (  2%) committed 

Chunk freelists:
   Non-Class:  37.00 KB
       Class:  7.00 KB
        Both:  44.00 KB

MaxMetaspaceSize: 17179869184.00 GB
CompressedClassSpaceSize: 1.00 GB
Initial GC threshold: 20.80 MB
Current GC threshold: 29.17 MB
CDS: off

CodeHeap 'non-profiled nmethods': size=120000Kb used=2377Kb max_used=2377Kb free=117622Kb
 bounds [0x000001fc67240000, 0x000001fc674b0000, 0x000001fc6e770000]
CodeHeap 'profiled nmethods': size=120000Kb used=10198Kb max_used=10198Kb free=109801Kb
 bounds [0x000001fc5fd10000, 0x000001fc60710000, 0x000001fc67240000]
CodeHeap 'non-nmethods': size=5760Kb used=1153Kb max_used=1222Kb free=4607Kb
 bounds [0x000001fc5f770000, 0x000001fc5f9e0000, 0x000001fc5fd10000]
 total_blobs=4221 nmethods=3816 adapters=317
 compilation: enabled
              stopped_count=0, restarted_count=0
 full_count=0

Compilation events (20 events):
Event: 4.441 Thread 0x000001fc7b2b3800 3665       4       com.sun.tools.javac.tree.TreeInfo::skipParens (20 bytes)
Event: 4.442 Thread 0x000001fc7b2b3800 nmethod 3665 0x000001fc6748e490 code [0x000001fc6748e640, 0x000001fc6748e708]
Event: 4.442 Thread 0x000001fc7b2b3800 3826       4       com.sun.tools.javac.code.Type$ClassType::isParameterized (16 bytes)
Event: 4.444 Thread 0x000001fc7a1e5000 nmethod 3802 0x000001fc6748e890 code [0x000001fc6748eaa0, 0x000001fc6748f0e8]
Event: 4.444 Thread 0x000001fc7a1e5000 3827       4       com.sun.tools.javac.code.Symbol$MethodSymbol::isInheritedIn (72 bytes)
Event: 4.447 Thread 0x000001fc7a18e000 3830       3       com.sun.tools.javac.jvm.Code::newLocal (38 bytes)
Event: 4.448 Thread 0x000001fc7a18e000 nmethod 3830 0x000001fc606eaf10 code [0x000001fc606eb0c0, 0x000001fc606eb248]
Event: 4.448 Thread 0x000001fc7a18e000 3832       3       com.sun.tools.javac.jvm.Code::endScope (72 bytes)
Event: 4.449 Thread 0x000001fc7a18e000 nmethod 3832 0x000001fc606eb310 code [0x000001fc606eb5a0, 0x000001fc606ebee8]
Event: 4.449 Thread 0x000001fc7a18e000 3831       3       com.sun.tools.javac.jvm.Code::addLocalVar (68 bytes)
Event: 4.449 Thread 0x000001fc7b2b3800 nmethod 3826 0x000001fc6748f810 code [0x000001fc6748fa00, 0x000001fc67490018]
Event: 4.449 Thread 0x000001fc7b2b3800 3828       4       com.sun.tools.javac.code.Types$5::visitClassType (10 bytes)
Event: 4.450 Thread 0x000001fc7a18e000 nmethod 3831 0x000001fc606ec290 code [0x000001fc606ec520, 0x000001fc606ed1b8]
Event: 4.450 Thread 0x000001fc7b2b3800 nmethod 3828 0x000001fc67490310 code [0x000001fc674904c0, 0x000001fc67490588]
Event: 4.450 Thread 0x000001fc7b2b3800 3829       4       com.sun.tools.javac.code.Types$5::visitClassType (387 bytes)
Event: 4.452 Thread 0x000001fc7a18e000 3833       3       com.sun.tools.javac.comp.Attr::enclosingInitEnv (110 bytes)
Event: 4.453 Thread 0x000001fc7a18e000 nmethod 3833 0x000001fc606ed610 code [0x000001fc606ed840, 0x000001fc606ee188]
Event: 4.453 Thread 0x000001fc7a18e000 3834       3       com.sun.tools.javac.comp.Resolve$MethodCheckContext::checkWarner (5 bytes)
Event: 4.453 Thread 0x000001fc7a18e000 nmethod 3834 0x000001fc606ee510 code [0x000001fc606ee6c0, 0x000001fc606ee7b8]
Event: 4.453 Thread 0x000001fc7a18e000 3837       3       com.sun.tools.javac.comp.Attr::checkInit (245 bytes)

GC Heap History (20 events):
Event: 1.520 GC heap before
{Heap before GC invocations=31 (full 0):
 garbage-first heap   total 30720K, used 21174K [0x0000000720e00000, 0x0000000800000000)
  region size 1024K, 4 young (4096K), 1 survivors (1024K)
 Metaspace       used 13778K, capacity 14116K, committed 14336K, reserved 1062912K
  class space    used 1411K, capacity 1503K, committed 1536K, reserved 1048576K
}
Event: 1.521 GC heap after
{Heap after GC invocations=32 (full 0):
 garbage-first heap   total 30720K, used 18257K [0x0000000720e00000, 0x0000000800000000)
  region size 1024K, 1 young (1024K), 1 survivors (1024K)
 Metaspace       used 13778K, capacity 14116K, committed 14336K, reserved 1062912K
  class space    used 1411K, capacity 1503K, committed 1536K, reserved 1048576K
}
Event: 1.523 GC heap before
{Heap before GC invocations=32 (full 0):
 garbage-first heap   total 30720K, used 18257K [0x0000000720e00000, 0x0000000800000000)
  region size 1024K, 2 young (2048K), 1 survivors (1024K)
 Metaspace       used 13778K, capacity 14116K, committed 14336K, reserved 1062912K
  class space    used 1411K, capacity 1503K, committed 1536K, reserved 1048576K
}
Event: 1.525 GC heap after
{Heap after GC invocations=33 (full 0):
 garbage-first heap   total 61440K, used 18270K [0x0000000720e00000, 0x0000000800000000)
  region size 1024K, 1 young (1024K), 1 survivors (1024K)
 Metaspace       used 13778K, capacity 14116K, committed 14336K, reserved 1062912K
  class space    used 1411K, capacity 1503K, committed 1536K, reserved 1048576K
}
Event: 1.547 GC heap before
{Heap before GC invocations=34 (full 0):
 garbage-first heap   total 61440K, used 32606K [0x0000000720e00000, 0x0000000800000000)
  region size 1024K, 2 young (2048K), 1 survivors (1024K)
 Metaspace       used 13778K, capacity 14116K, committed 14336K, reserved 1062912K
  class space    used 1411K, capacity 1503K, committed 1536K, reserved 1048576K
}
Event: 1.549 GC heap after
{Heap after GC invocations=35 (full 0):
 garbage-first heap   total 61440K, used 18452K [0x0000000720e00000, 0x0000000800000000)
  region size 1024K, 1 young (1024K), 1 survivors (1024K)
 Metaspace       used 13778K, capacity 14116K, committed 14336K, reserved 1062912K
  class space    used 1411K, capacity 1503K, committed 1536K, reserved 1048576K
}
Event: 1.853 GC heap before
{Heap before GC invocations=36 (full 0):
 garbage-first heap   total 61440K, used 38932K [0x0000000720e00000, 0x0000000800000000)
  region size 1024K, 18 young (18432K), 1 survivors (1024K)
 Metaspace       used 13918K, capacity 14182K, committed 14336K, reserved 1062912K
  class space    used 1411K, capacity 1503K, committed 1536K, reserved 1048576K
}
Event: 1.863 GC heap after
{Heap after GC invocations=37 (full 0):
 garbage-first heap   total 61440K, used 24978K [0x0000000720e00000, 0x0000000800000000)
  region size 1024K, 3 young (3072K), 3 survivors (3072K)
 Metaspace       used 13918K, capacity 14182K, committed 14336K, reserved 1062912K
  class space    used 1411K, capacity 1503K, committed 1536K, reserved 1048576K
}
Event: 2.319 GC heap before
{Heap before GC invocations=37 (full 0):
 garbage-first heap   total 61440K, used 40338K [0x0000000720e00000, 0x0000000800000000)
  region size 1024K, 16 young (16384K), 3 survivors (3072K)
 Metaspace       used 15154K, capacity 15384K, committed 15488K, reserved 1062912K
  class space    used 1507K, capacity 1605K, committed 1664K, reserved 1048576K
}
Event: 2.327 GC heap after
{Heap after GC invocations=38 (full 0):
 garbage-first heap   total 61440K, used 31410K [0x0000000720e00000, 0x0000000800000000)
  region size 1024K, 2 young (2048K), 2 survivors (2048K)
 Metaspace       used 15154K, capacity 15384K, committed 15488K, reserved 1062912K
  class space    used 1507K, capacity 1605K, committed 1664K, reserved 1048576K
}
Event: 2.414 GC heap before
{Heap before GC invocations=38 (full 0):
 garbage-first heap   total 61440K, used 35506K [0x0000000720e00000, 0x0000000800000000)
  region size 1024K, 7 young (7168K), 2 survivors (2048K)
 Metaspace       used 15308K, capacity 15591K, committed 15744K, reserved 1062912K
  class space    used 1517K, capacity 1610K, committed 1664K, reserved 1048576K
}
Event: 2.419 GC heap after
{Heap after GC invocations=39 (full 0):
 garbage-first heap   total 122880K, used 32768K [0x0000000720e00000, 0x0000000800000000)
  region size 1024K, 1 young (1024K), 1 survivors (1024K)
 Metaspace       used 15308K, capacity 15591K, committed 15744K, reserved 1062912K
  class space    used 1517K, capacity 1610K, committed 1664K, reserved 1048576K
}
Event: 2.593 GC heap before
{Heap before GC invocations=40 (full 0):
 garbage-first heap   total 122880K, used 60416K [0x0000000720e00000, 0x0000000800000000)
  region size 1024K, 27 young (27648K), 1 survivors (1024K)
 Metaspace       used 15826K, capacity 16172K, committed 16384K, reserved 1064960K
  class space    used 1558K, capacity 1695K, committed 1792K, reserved 1048576K
}
Event: 2.623 GC heap after
{Heap after GC invocations=41 (full 0):
 garbage-first heap   total 122880K, used 51712K [0x0000000720e00000, 0x0000000800000000)
  region size 1024K, 4 young (4096K), 4 survivors (4096K)
 Metaspace       used 15826K, capacity 16172K, committed 16384K, reserved 1064960K
  class space    used 1558K, capacity 1695K, committed 1792K, reserved 1048576K
}
Event: 2.839 GC heap before
{Heap before GC invocations=41 (full 0):
 garbage-first heap   total 122880K, used 75264K [0x0000000720e00000, 0x0000000800000000)
  region size 1024K, 25 young (25600K), 4 survivors (4096K)
 Metaspace       used 16109K, capacity 16440K, committed 16640K, reserved 1064960K
  class space    used 1562K, capacity 1695K, committed 1792K, reserved 1048576K
}
Event: 2.864 GC heap after
{Heap after GC invocations=42 (full 0):
 garbage-first heap   total 122880K, used 59392K [0x0000000720e00000, 0x0000000800000000)
  region size 1024K, 4 young (4096K), 4 survivors (4096K)
 Metaspace       used 16109K, capacity 16440K, committed 16640K, reserved 1064960K
  class space    used 1562K, capacity 1695K, committed 1792K, reserved 1048576K
}
Event: 3.062 GC heap before
{Heap before GC invocations=42 (full 0):
 garbage-first heap   total 122880K, used 79872K [0x0000000720e00000, 0x0000000800000000)
  region size 1024K, 24 young (24576K), 4 survivors (4096K)
 Metaspace       used 16181K, capacity 16447K, committed 16640K, reserved 1064960K
  class space    used 1563K, capacity 1696K, committed 1792K, reserved 1048576K
}
Event: 3.083 GC heap after
{Heap after GC invocations=43 (full 0):
 garbage-first heap   total 122880K, used 63488K [0x0000000720e00000, 0x0000000800000000)
  region size 1024K, 3 young (3072K), 3 survivors (3072K)
 Metaspace       used 16181K, capacity 16447K, committed 16640K, reserved 1064960K
  class space    used 1563K, capacity 1696K, committed 1792K, reserved 1048576K
}
Event: 3.793 GC heap before
{Heap before GC invocations=43 (full 0):
 garbage-first heap   total 122880K, used 83968K [0x0000000720e00000, 0x0000000800000000)
  region size 1024K, 23 young (23552K), 3 survivors (3072K)
 Metaspace       used 17506K, capacity 17809K, committed 17920K, reserved 1064960K
  class space    used 1660K, capacity 1785K, committed 1792K, reserved 1048576K
}
Event: 3.813 GC heap after
{Heap after GC invocations=44 (full 0):
 garbage-first heap   total 267264K, used 66372K [0x0000000720e00000, 0x0000000800000000)
  region size 1024K, 3 young (3072K), 3 survivors (3072K)
 Metaspace       used 17506K, capacity 17809K, committed 17920K, reserved 1064960K
  class space    used 1660K, capacity 1785K, committed 1792K, reserved 1048576K
}

Deoptimization events (20 events):
Event: 4.294 Thread 0x000001fc557fa800 DEOPT PACKING pc=0x000001fc673d6490 sp=0x00000093ebefe520
Event: 4.294 Thread 0x000001fc557fa800 DEOPT UNPACKING pc=0x000001fc5f7ba1af sp=0x00000093ebefe418 mode 2
Event: 4.347 Thread 0x000001fc557fa800 Uncommon trap: trap_request=0xffffff4d fr.pc=0x000001fc67412034 relative=0x0000000000000094
Event: 4.347 Thread 0x000001fc557fa800 Uncommon trap: reason=unstable_if action=reinterpret pc=0x000001fc67412034 method=com.sun.tools.javac.code.TypeTag.checkRange(I)Z @ 8 c2
Event: 4.347 Thread 0x000001fc557fa800 DEOPT PACKING pc=0x000001fc67412034 sp=0x00000093ebefd180
Event: 4.347 Thread 0x000001fc557fa800 DEOPT UNPACKING pc=0x000001fc5f7ba1af sp=0x00000093ebefd110 mode 2
Event: 4.350 Thread 0x000001fc557fa800 Uncommon trap: trap_request=0xffffff4d fr.pc=0x000001fc673dea88 relative=0x0000000000000ac8
Event: 4.350 Thread 0x000001fc557fa800 Uncommon trap: reason=unstable_if action=reinterpret pc=0x000001fc673dea88 method=com.sun.tools.javac.comp.Check.checkType(Lcom/sun/tools/javac/util/JCDiagnostic$DiagnosticPosition;Lcom/sun/tools/javac/code/Type;Lcom/sun/tools/javac/code/Type;Lcom/sun/too
Event: 4.350 Thread 0x000001fc557fa800 DEOPT PACKING pc=0x000001fc673dea88 sp=0x00000093ebefcff0
Event: 4.350 Thread 0x000001fc557fa800 DEOPT UNPACKING pc=0x000001fc5f7ba1af sp=0x00000093ebefcf88 mode 2
Event: 4.377 Thread 0x000001fc557fa800 Uncommon trap: trap_request=0xffffff4d fr.pc=0x000001fc6742e60c relative=0x000000000000006c
Event: 4.377 Thread 0x000001fc557fa800 Uncommon trap: reason=unstable_if action=reinterpret pc=0x000001fc6742e60c method=java.util.RegularEnumSet.isEmpty()Z @ 6 c2
Event: 4.377 Thread 0x000001fc557fa800 DEOPT PACKING pc=0x000001fc6742e60c sp=0x00000093ebefd8c0
Event: 4.377 Thread 0x000001fc557fa800 DEOPT UNPACKING pc=0x000001fc5f7ba1af sp=0x00000093ebefd850 mode 2
Event: 4.411 Thread 0x000001fc557fa800 DEOPT PACKING pc=0x000001fc6041dd97 sp=0x00000093ebefe3d0
Event: 4.411 Thread 0x000001fc557fa800 DEOPT UNPACKING pc=0x000001fc5f7ba95e sp=0x00000093ebefd838 mode 0
Event: 4.432 Thread 0x000001fc557fa800 Uncommon trap: trap_request=0xffffffde fr.pc=0x000001fc67478334 relative=0x0000000000000314
Event: 4.432 Thread 0x000001fc557fa800 Uncommon trap: reason=class_check action=maybe_recompile pc=0x000001fc67478334 method=com.sun.tools.javac.comp.Check.checkDeprecated(Lcom/sun/tools/javac/util/JCDiagnostic$DiagnosticPosition;Lcom/sun/tools/javac/code/Symbol;Lcom/sun/tools/javac/code/Symbo
Event: 4.432 Thread 0x000001fc557fa800 DEOPT PACKING pc=0x000001fc67478334 sp=0x00000093ebefde40
Event: 4.433 Thread 0x000001fc557fa800 DEOPT UNPACKING pc=0x000001fc5f7ba1af sp=0x00000093ebefddf0 mode 2

Classes redefined (0 events):
No events

Internal exceptions (20 events):
Event: 4.246 Thread 0x000001fc557fa800 Exception <a 'sun/nio/fs/WindowsException'{0x00000007304eb5c8}> (0x00000007304eb5c8) thrown at [./src/hotspot/share/prims/jni.cpp, line 617]
Event: 4.257 Thread 0x000001fc557fa800 Implicit null exception at 0x000001fc67454c11 to 0x000001fc67455370
Event: 4.260 Thread 0x000001fc557fa800 Exception <a 'sun/nio/fs/WindowsException'{0x000000073030ecc0}> (0x000000073030ecc0) thrown at [./src/hotspot/share/prims/jni.cpp, line 617]
Event: 4.260 Thread 0x000001fc557fa800 Exception <a 'sun/nio/fs/WindowsException'{0x000000073030f1f0}> (0x000000073030f1f0) thrown at [./src/hotspot/share/prims/jni.cpp, line 617]
Event: 4.275 Thread 0x000001fc557fa800 Exception <a 'sun/nio/fs/WindowsException'{0x000000073037eb40}> (0x000000073037eb40) thrown at [./src/hotspot/share/prims/jni.cpp, line 617]
Event: 4.275 Thread 0x000001fc557fa800 Exception <a 'sun/nio/fs/WindowsException'{0x000000073037f048}> (0x000000073037f048) thrown at [./src/hotspot/share/prims/jni.cpp, line 617]
Event: 4.279 Thread 0x000001fc557fa800 Exception <a 'sun/nio/fs/WindowsException'{0x0000000730388cf0}> (0x0000000730388cf0) thrown at [./src/hotspot/share/prims/jni.cpp, line 617]
Event: 4.280 Thread 0x000001fc557fa800 Exception <a 'sun/nio/fs/WindowsException'{0x00000007303891f8}> (0x00000007303891f8) thrown at [./src/hotspot/share/prims/jni.cpp, line 617]
Event: 4.288 Thread 0x000001fc557fa800 Exception <a 'sun/nio/fs/WindowsException'{0x00000007303aebe8}> (0x00000007303aebe8) thrown at [./src/hotspot/share/prims/jni.cpp, line 617]
Event: 4.302 Thread 0x000001fc557fa800 Exception <a 'sun/nio/fs/WindowsException'{0x00000007303dec00}> (0x00000007303dec00) thrown at [./src/hotspot/share/prims/jni.cpp, line 617]
Event: 4.302 Thread 0x000001fc557fa800 Exception <a 'sun/nio/fs/WindowsException'{0x00000007303df108}> (0x00000007303df108) thrown at [./src/hotspot/share/prims/jni.cpp, line 617]
Event: 4.323 Thread 0x000001fc557fa800 Exception <a 'sun/nio/fs/WindowsException'{0x00000007301017b8}> (0x00000007301017b8) thrown at [./src/hotspot/share/prims/jni.cpp, line 617]
Event: 4.334 Thread 0x000001fc557fa800 Exception <a 'sun/nio/fs/WindowsException'{0x000000073012e060}> (0x000000073012e060) thrown at [./src/hotspot/share/prims/jni.cpp, line 617]
Event: 4.352 Thread 0x000001fc557fa800 Exception <a 'sun/nio/fs/WindowsException'{0x0000000730004cc8}> (0x0000000730004cc8) thrown at [./src/hotspot/share/prims/jni.cpp, line 617]
Event: 4.400 Thread 0x000001fc557fa800 Exception <a 'sun/nio/fs/WindowsException'{0x000000072fba27f0}> (0x000000072fba27f0) thrown at [./src/hotspot/share/prims/jni.cpp, line 617]
Event: 4.404 Thread 0x000001fc557fa800 Exception <a 'sun/nio/fs/WindowsException'{0x000000072fbad6f0}> (0x000000072fbad6f0) thrown at [./src/hotspot/share/prims/jni.cpp, line 617]
Event: 4.407 Thread 0x000001fc557fa800 Exception <a 'sun/nio/fs/WindowsException'{0x000000072fbbc4f8}> (0x000000072fbbc4f8) thrown at [./src/hotspot/share/prims/jni.cpp, line 617]
Event: 4.426 Thread 0x000001fc557fa800 Exception <a 'sun/nio/fs/WindowsException'{0x000000072f9ab800}> (0x000000072f9ab800) thrown at [./src/hotspot/share/prims/jni.cpp, line 617]
Event: 4.446 Thread 0x000001fc557fa800 Exception <a 'sun/nio/fs/WindowsException'{0x000000072f611078}> (0x000000072f611078) thrown at [./src/hotspot/share/prims/jni.cpp, line 617]
Event: 4.448 Thread 0x000001fc557fa800 Exception <a 'sun/nio/fs/WindowsException'{0x000000072f61d738}> (0x000000072f61d738) thrown at [./src/hotspot/share/prims/jni.cpp, line 617]

Events (20 events):
Event: 3.316 loading class com/sun/tools/javac/util/List
Event: 3.316 loading class com/sun/tools/javac/util/List done
Event: 3.316 loading class com/sun/tools/javac/util/ListBuffer
Event: 3.316 loading class com/sun/tools/javac/util/ListBuffer done
Event: 3.448 Executing VM operation: ICBufferFull
Event: 3.448 Executing VM operation: ICBufferFull done
Event: 3.629 Executing VM operation: ICBufferFull
Event: 3.629 Executing VM operation: ICBufferFull done
Event: 3.792 Executing VM operation: G1CollectForAllocation
Event: 3.813 Executing VM operation: G1CollectForAllocation done
Event: 3.856 Executing VM operation: CGC_Operation
Event: 3.860 Executing VM operation: CGC_Operation done
Event: 3.883 Executing VM operation: CGC_Operation
Event: 3.883 Executing VM operation: CGC_Operation done
Event: 4.256 Executing VM operation: ICBufferFull
Event: 4.256 Executing VM operation: ICBufferFull done
Event: 4.296 Executing VM operation: ICBufferFull
Event: 4.296 Executing VM operation: ICBufferFull done
Event: 4.412 Executing VM operation: ICBufferFull
Event: 4.413 Executing VM operation: ICBufferFull done


Dynamic libraries:
0x00007ff7133c0000 - 0x00007ff7133c7000 	C:\Program Files\Microsoft\jdk-11.0.16.101-hotspot\bin\javac.exe
0x00007ffa2ec90000 - 0x00007ffa2ee88000 	C:\WINDOWS\SYSTEM32\ntdll.dll
0x00007ffa2cf20000 - 0x00007ffa2cfdf000 	C:\WINDOWS\System32\KERNEL32.DLL
0x00007ffa2c520000 - 0x00007ffa2c7fa000 	C:\WINDOWS\System32\KERNELBASE.dll
0x00007ffa2c920000 - 0x00007ffa2ca20000 	C:\WINDOWS\System32\ucrtbase.dll
0x00007ffa1b870000 - 0x00007ffa1b885000 	C:\Program Files\Microsoft\jdk-11.0.16.101-hotspot\bin\VCRUNTIME140.dll
0x00007ffa1b890000 - 0x00007ffa1b8a7000 	C:\Program Files\Microsoft\jdk-11.0.16.101-hotspot\bin\jli.dll
0x00007ffa2e970000 - 0x00007ffa2eb0d000 	C:\WINDOWS\System32\USER32.dll
0x00007ffa2ccc0000 - 0x00007ffa2cce2000 	C:\WINDOWS\System32\win32u.dll
0x00007ffa2e8d0000 - 0x00007ffa2e8fb000 	C:\WINDOWS\System32\GDI32.dll
0x00007ffa0bc30000 - 0x00007ffa0beca000 	C:\WINDOWS\WinSxS\amd64_microsoft.windows.common-controls_6595b64144ccf1df_6.0.19041.1110_none_60b5254171f9507e\COMCTL32.dll
0x00007ffa2c3a0000 - 0x00007ffa2c4b0000 	C:\WINDOWS\System32\gdi32full.dll
0x00007ffa2cdd0000 - 0x00007ffa2ce6e000 	C:\WINDOWS\System32\msvcrt.dll
0x00007ffa2c850000 - 0x00007ffa2c8ed000 	C:\WINDOWS\System32\msvcp_win.dll
0x00007ffa2dd50000 - 0x00007ffa2dd80000 	C:\WINDOWS\System32\IMM32.DLL
0x00007ff972f60000 - 0x00007ff972ffb000 	C:\Program Files\Microsoft\jdk-11.0.16.101-hotspot\bin\msvcp140.dll
0x00007ff959770000 - 0x00007ff95a2fa000 	C:\Program Files\Microsoft\jdk-11.0.16.101-hotspot\bin\server\jvm.dll
0x00007ffa2ce70000 - 0x00007ffa2cf1e000 	C:\WINDOWS\System32\ADVAPI32.dll
0x00007ffa2e830000 - 0x00007ffa2e8cc000 	C:\WINDOWS\System32\sechost.dll
0x00007ffa2d320000 - 0x00007ffa2d446000 	C:\WINDOWS\System32\RPCRT4.dll
0x00007ffa2dd80000 - 0x00007ffa2dd88000 	C:\WINDOWS\System32\PSAPI.DLL
0x00007ffa231f0000 - 0x00007ffa23217000 	C:\WINDOWS\SYSTEM32\WINMM.dll
0x00007ffa23220000 - 0x00007ffa2322a000 	C:\WINDOWS\SYSTEM32\VERSION.dll
0x00007ff9f3b70000 - 0x00007ff9f3b79000 	C:\WINDOWS\SYSTEM32\WSOCK32.dll
0x00007ffa2e900000 - 0x00007ffa2e96b000 	C:\WINDOWS\System32\WS2_32.dll
0x00007ffa2a160000 - 0x00007ffa2a172000 	C:\WINDOWS\SYSTEM32\kernel.appcore.dll
0x00007ffa04ed0000 - 0x00007ffa04ee0000 	C:\Program Files\Microsoft\jdk-11.0.16.101-hotspot\bin\verify.dll
0x00007ffa25a30000 - 0x00007ffa25c14000 	C:\WINDOWS\SYSTEM32\DBGHELP.DLL
0x00007ffa182f0000 - 0x00007ffa18324000 	C:\WINDOWS\SYSTEM32\dbgcore.DLL
0x00007ffa2cb80000 - 0x00007ffa2cc02000 	C:\WINDOWS\System32\bcryptPrimitives.dll
0x00007ff9f17b0000 - 0x00007ff9f17d8000 	C:\Program Files\Microsoft\jdk-11.0.16.101-hotspot\bin\java.dll
0x00007ff9f17a0000 - 0x00007ff9f17aa000 	C:\Program Files\Microsoft\jdk-11.0.16.101-hotspot\bin\jimage.dll
0x00007ff9f1780000 - 0x00007ff9f1798000 	C:\Program Files\Microsoft\jdk-11.0.16.101-hotspot\bin\zip.dll
0x00007ffa2d600000 - 0x00007ffa2dd44000 	C:\WINDOWS\System32\SHELL32.dll
0x00007ffa2a440000 - 0x00007ffa2abd3000 	C:\WINDOWS\SYSTEM32\windows.storage.dll
0x00007ffa2de50000 - 0x00007ffa2e1a4000 	C:\WINDOWS\System32\combase.dll
0x00007ffa2bc40000 - 0x00007ffa2bc6e000 	C:\WINDOWS\SYSTEM32\Wldp.dll
0x00007ffa2e1b0000 - 0x00007ffa2e25d000 	C:\WINDOWS\System32\SHCORE.dll
0x00007ffa2e260000 - 0x00007ffa2e2b5000 	C:\WINDOWS\System32\shlwapi.dll
0x00007ffa2c2e0000 - 0x00007ffa2c2ff000 	C:\WINDOWS\SYSTEM32\profapi.dll
0x00007ff9f15a0000 - 0x00007ff9f15b9000 	C:\Program Files\Microsoft\jdk-11.0.16.101-hotspot\bin\net.dll
0x00007ffa27410000 - 0x00007ffa2751a000 	C:\WINDOWS\SYSTEM32\WINHTTP.dll
0x00007ffa2ba20000 - 0x00007ffa2ba8a000 	C:\WINDOWS\system32\mswsock.dll
0x00007ff9f1580000 - 0x00007ff9f1593000 	C:\Program Files\Microsoft\jdk-11.0.16.101-hotspot\bin\nio.dll

dbghelp: loaded successfully - version: 4.0.5 - missing functions: none
symbol engine: initialized successfully - sym options: 0x614 - pdb path: .;C:\Program Files\Microsoft\jdk-11.0.16.101-hotspot\bin;C:\WINDOWS\SYSTEM32;C:\WINDOWS\WinSxS\amd64_microsoft.windows.common-controls_6595b64144ccf1df_6.0.19041.1110_none_60b5254171f9507e;C:\Program Files\Microsoft\jdk-11.0.16.101-hotspot\bin\server

VM Arguments:
jvm_args: -Dapplication.home=C:\Program Files\Microsoft\jdk-11.0.16.101-hotspot --add-modules=ALL-DEFAULT -Xms8m -Dfile.encoding=UTF8 -Djdk.module.main=jdk.compiler 
java_command: jdk.compiler/com.sun.tools.javac.Main @C:\Users\User\AppData\Local\Temp\tmp4F4F.tmp -target 1.8 -source 1.8
java_class_path (initial): <not set>
Launcher Type: SUN_STANDARD

[Global flags]
     intx CICompilerCount                          = 4                                         {product} {ergonomic}
     uint ConcGCThreads                            = 2                                         {product} {ergonomic}
     uint G1ConcRefinementThreads                  = 8                                         {product} {ergonomic}
   size_t G1HeapRegionSize                         = 1048576                                   {product} {ergonomic}
    uintx GCDrainStackTargetSize                   = 64                                        {product} {ergonomic}
   size_t InitialHeapSize                          = 8388608                                   {product} {command line}
   size_t MarkStackSize                            = 4194304                                   {product} {ergonomic}
   size_t MaxHeapSize                              = 3743416320                                {product} {ergonomic}
   size_t MaxNewSize                               = 2246049792                                {product} {ergonomic}
   size_t MinHeapDeltaBytes                        = 1048576                                   {product} {ergonomic}
    uintx NonNMethodCodeHeapSize                   = 5836300                                {pd product} {ergonomic}
    uintx NonProfiledCodeHeapSize                  = 122910970                              {pd product} {ergonomic}
    uintx ProfiledCodeHeapSize                     = 122910970                              {pd product} {ergonomic}
    uintx ReservedCodeCacheSize                    = 251658240                              {pd product} {ergonomic}
     bool SegmentedCodeCache                       = true                                      {product} {ergonomic}
     bool UseCompressedClassPointers               = true                                 {lp64_product} {ergonomic}
     bool UseCompressedOops                        = true                                 {lp64_product} {ergonomic}
     bool UseG1GC                                  = true                                      {product} {ergonomic}
     bool UseLargePagesIndividualAllocation        = false                                  {pd product} {ergonomic}

Logging:
Log output configuration:
 #0: stdout all=warning uptime,level,tags
 #1: stderr all=off uptime,level,tags

Environment Variables:
PATH=C:\Program Files\Microsoft\jdk-11.0.16.101-hotspot\bin;C:\Program Files\Common Files\Oracle\Java\javapath;C:\ProgramData\Oracle\Java\javapath;C:\Users\User\AppData\Local\Programs\Python\Python39\Scripts\;C:\Users\User\AppData\Local\Programs\Python\Python39\;C:\Program Files (x86)\Common Files\Oracle\Java\javapath;C:\Program Files\Python39\Scripts\;C:\Program Files\Python39\;C:\WINDOWS\system32;C:\WINDOWS;C:\WINDOWS\System32\Wbem;C:\WINDOWS\System32\WindowsPowerShell\v1.0\;C:\WINDOWS\System32\OpenSSH\;C:\Program Files\Microsoft SQL Server\Client SDK\ODBC\130\Tools\Binn\;C:\Program Files\Azure Data Studio\bin;C:\Program Files (x86)\Rational\common;C:\Program Files\Microsoft SQL Server\Client SDK\ODBC\170\Tools\Binn\;C:\Program Files (x86)\Microsoft SQL Server\150\Tools\Binn\;C:\Program Files\Microsoft SQL Server\150\Tools\Binn\;C:\Program Files\Microsoft SQL Server\150\DTS\Binn\;C:\Program Files\Microsoft SQL Server\130\Tools\Binn\;C:\Program Files (x86)\Microsoft SQL Server\160\DTS\Binn\;C:\xampp\php;C:\ProgramData\ComposerSetup\bin;C:\Program Files\Git\cmd;C:\Program Files\dotnet\;C:\Program Files\MySQL\MySQL Shell 8.0\bin\;C:\Users\User\AppData\Local\Microsoft\WindowsApps;;C:\Program Files\Azure Data Studio\bin;C:\Users\User\AppData\Local\Programs\Microsoft VS Code\bin;C:\Users\User\AppData\Roaming\Composer\vendor\bin;C:\Users\User\.dotnet\tools
USERNAME=User
OS=Windows_NT
PROCESSOR_IDENTIFIER=AMD64 Family 23 Model 24 Stepping 1, AuthenticAMD
TMP=C:\Users\User\AppData\Local\Temp
TEMP=C:\Users\User\AppData\Local\Temp



---------------  S Y S T E M  ---------------

OS: Windows 10 , 64 bit Build 19041 (10.0.19041.2788)
OS uptime: 0 days 13:55 hours
Hyper-V role detected

CPU:total 8 (initial active 8) (8 cores per cpu, 2 threads per core) family 23 model 24 stepping 1 microcode 0x0, cmov, cx8, fxsr, mmx, sse, sse2, sse3, ssse3, sse4.1, sse4.2, popcnt, avx, avx2, aes, clmul, mmxext, 3dnowpref, lzcnt, sse4a, ht, tsc, tscinvbit, tscinv, bmi1, bmi2, adx, sha, fma

Memory: 4k page, system-wide physical 14277M (1602M free)
TotalPageFile size 16325M (AvailPageFile size 5M)
current process WorkingSet (physical memory assigned to process): 239M, peak: 239M
current process commit charge ("private bytes"): 411M, peak: 413M

vm_info: OpenJDK 64-Bit Server VM (11.0.16.1+1-LTS) for windows-amd64 JRE (11.0.16.1+1-LTS), built on Aug 20 2022 20:09:04 by "" with MS VC++ 15.9 (VS2017)

END.
