#
# There is insufficient memory for the Java Runtime Environment to continue.
# Native memory allocation (mmap) failed to map 122683392 bytes for Failed to commit area from 0x00000000ce000000 to 0x00000000d5500000 of length 122683392.
# Possible reasons:
#   The system is out of physical RAM or swap space
#   The process is running with CompressedOops enabled, and the Java Heap may be blocking the growth of the native heap
# Possible solutions:
#   Reduce memory load on the system
#   Increase physical memory or swap space
#   Check if swap backing store is full
#   Decrease Java heap size (-Xmx/-Xms)
#   Decrease number of Java threads
#   Decrease Java thread stack sizes (-Xss)
#   Set larger code cache with -XX:ReservedCodeCacheSize=
#   JVM is running with Unscaled Compressed Oops mode in which the Java heap is
#     placed in the first 4GB address space. The Java Heap base address is the
#     maximum limit for the native heap growth. Please use -XX:HeapBaseMinAddress
#     to set the Java Heap base and to place the Java Heap above 4GB virtual address.
# This output file may be truncated or incomplete.
#
#  Out of Memory Error (./src/hotspot/os/windows/os_windows.cpp:3386), pid=15768, tid=7160
#
# JRE version: OpenJDK Runtime Environment Microsoft-40648 (11.0.16.1+1) (build 11.0.16.1+1-LTS)
# Java VM: OpenJDK 64-Bit Server VM Microsoft-40648 (11.0.16.1+1-LTS, mixed mode, tiered, compressed oops, g1 gc, windows-amd64)
# No core dump will be written. Minidumps are not enabled by default on client versions of Windows
#

---------------  S U M M A R Y ------------

Command Line: -Xmx1G com.android.tools.r8.D8 --debug --min-api 21 --output obj\Debug\130\android\bin\ --lib C:\Program Files (x86)\Android\android-sdk\platforms\android-33\android.jar obj\Debug\130\android\bin\classes.zip C:\Program Files\Microsoft Visual Studio\2022\Community\Common7\IDE\ReferenceAssemblies\Microsoft\Framework\MonoAndroid\v13.0\mono.android.jar C:\Program Files\Microsoft Visual Studio\2022\Community\MSBuild\Xamarin\Android\java_runtime_fastdev.jar C:\Users\User\.nuget\packages\xamarin.google.guava.listenablefuture\1.0.0.2\buildTransitive\monoandroid50\guava-listenablefuture.jar C:\Users\User\.nuget\packages\xamarin.androidx.annotation\1.2.0.1\buildTransitive\monoandroid90\..\..\jar\androidx.annotation.annotation.jar C:\Users\User\.nuget\packages\xamarin.androidx.collection\1.1.0.8\buildTransitive\monoandroid90\..\..\jar\androidx.collection.collection.jar C:\Users\User\.nuget\packages\xamarin.androidx.lifecycle.common\2.3.1.1\buildTransitive\monoandroid90\..\..\jar\androidx.lifecycle.lifecycle-common.jar C:\Users\User\.nuget\packages\xamarin.androidx.arch.core.common\2.1.0.9\buildTransitive\monoandroid90\..\..\jar\androidx.arch.core.core-common.jar C:\Users\User\.nuget\packages\xamarin.androidx.constraintlayout.core\1.0.0\buildTransitive\monoandroid90\..\..\jar\androidx.constraintlayout.constraintlayout-core.jar C:\Users\User\.nuget\packages\xamarin.androidx.concurrent.futures\1.1.0.3\buildTransitive\monoandroid90\..\..\jar\androidx.concurrent.concurrent-futures.jar obj\Debug\130\lp\0\jl\formsviewgroup.jar obj\Debug\130\lp\100\jl\classes.jar obj\Debug\130\lp\101\jl\classes.jar obj\Debug\130\lp\102\jl\classes.jar obj\Debug\130\lp\103\jl\classes.jar obj\Debug\130\lp\105\jl\classes.jar obj\Debug\130\lp\60\jl\classes.jar obj\Debug\130\lp\61\jl\classes.jar obj\Debug\130\lp\62\jl\classes.jar obj\Debug\130\lp\63\jl\classes.jar obj\Debug\130\lp\64\jl\classes.jar obj\Debug\130\lp\65\jl\classes.jar obj\Debug\130\lp\66\jl\classes.jar obj\Debug\130\lp\67\jl\classes.jar obj\Debug\130\lp\68\jl\classes.jar obj\Debug\130\lp\69\jl\classes.jar obj\Debug\130\lp\70\jl\classes.jar obj\Debug\130\lp\71\jl\classes.jar obj\Debug\130\lp\72\jl\classes.jar obj\Debug\130\lp\73\jl\classes.jar obj\Debug\130\lp\74\jl\classes.jar obj\Debug\130\lp\75\jl\classes.jar obj\Debug\130\lp\76\jl\classes.jar obj\Debug\130\lp\77\jl\classes.jar obj\Debug\130\lp\78\jl\classes.jar obj\Debug\130\lp\79\jl\classes.jar obj\Debug\130\lp\80\jl\classes.jar obj\Debug\130\lp\81\jl\classes.jar obj\Debug\130\lp\82\jl\classes.jar obj\Debug\130\lp\83\jl\classes.jar obj\Debug\130\lp\84\jl\classes.jar obj\Debug\130\lp\85\jl\classes.jar obj\Debug\130\lp\86\jl\classes.jar obj\Debug\130\lp\87\jl\classes.jar obj\Debug\130\lp\88\jl\classes.jar obj\Debug\130\lp\89\jl\classes.jar obj\Debug\130\lp\90\jl\classes.jar obj\Debug\130\lp\91\jl\classes.jar obj\Debug\130\lp\92\jl\classes.jar obj\Debug\130\lp\93\jl\classes.jar obj\Debug\130\lp\94\jl\classes.jar obj\Debug\130\lp\95\jl\classes.jar obj\Debug\130\lp\96\jl\classes.jar obj\Debug\130\lp\97\jl\classes.jar obj\Debug\130\lp\98\jl\classes.jar obj\Debug\130\lp\99\jl\classes.jar

Host: AMD Ryzen 5 3400G with Radeon Vega Graphics    , 8 cores, 13G,  Windows 10 , 64 bit Build 19041 (10.0.19041.2788)
Time: Mon May  1 21:12:20 2023 Hora est. Pacífico, Sudamérica elapsed time: 26.303499 seconds (0d 0h 0m 26s)

---------------  T H R E A D  ---------------

Current thread (0x000001c0fd4f8000):  VMThread "VM Thread" [stack: 0x00000034c4600000,0x00000034c4700000] [id=7160]

Stack: [0x00000034c4600000,0x00000034c4700000]
[error occurred during error reporting (printing stack bounds), id 0xc0000005, EXCEPTION_ACCESS_VIOLATION (0xc0000005) at pc=0x000001c08868112d]

Native frames: (J=compiled Java code, j=interpreted, Vv=VM code, C=native code)
V  [jvm.dll+0x62652a]
V  [jvm.dll+0x7b3249]
V  [jvm.dll+0x7b4938]
V  [jvm.dll+0x7b4f75]
V  [jvm.dll+0x7b4f2b]
V  [jvm.dll+0x6258b7]
V  [jvm.dll+0x625fc8]
C  [ntdll.dll+0xa23df]
C  [ntdll.dll+0x514a4]
C  [ntdll.dll+0xa0f0e]
C  0x000001c08868112d

VM_Operation (0x00000034c51fdfd0): G1CollectForAllocation, mode: safepoint, requested by thread 0x000001c0fec45800


---------------  P R O C E S S  ---------------

Threads class SMR info:
_java_thread_list=0x000001c0fec48480, length=16, elements={
0x000001c0f8074000, 0x000001c0fdd02800, 0x000001c0fdd0b800, 0x000001c0fdd1d000,
0x000001c0fdd62800, 0x000001c0fdd63000, 0x000001c0fdd6f800, 0x000001c0fd4fd000,
0x000001c0fdd83000, 0x000001c0fdee9800, 0x000001c0fec45800, 0x000001c0fec46800,
0x000001c0fec47800, 0x000001c0fe5f3800, 0x000001c0fe58e000, 0x000001c0fe544000
}

Java Threads: ( => current thread )
  0x000001c0f8074000 JavaThread "main" [_thread_blocked, id=18176, stack(0x00000034c4000000,0x00000034c4100000)]
  0x000001c0fdd02800 JavaThread "Reference Handler" daemon [_thread_blocked, id=20300, stack(0x00000034c4700000,0x00000034c4800000)]
  0x000001c0fdd0b800 JavaThread "Finalizer" daemon [_thread_blocked, id=3152, stack(0x00000034c4800000,0x00000034c4900000)]
  0x000001c0fdd1d000 JavaThread "Signal Dispatcher" daemon [_thread_blocked, id=16848, stack(0x00000034c4900000,0x00000034c4a00000)]
  0x000001c0fdd62800 JavaThread "Attach Listener" daemon [_thread_blocked, id=3968, stack(0x00000034c4a00000,0x00000034c4b00000)]
  0x000001c0fdd63000 JavaThread "Service Thread" daemon [_thread_blocked, id=13380, stack(0x00000034c4b00000,0x00000034c4c00000)]
  0x000001c0fdd6f800 JavaThread "C2 CompilerThread0" daemon [_thread_in_native, id=17912, stack(0x00000034c4c00000,0x00000034c4d00000)]
  0x000001c0fd4fd000 JavaThread "C1 CompilerThread0" daemon [_thread_blocked, id=3360, stack(0x00000034c4d00000,0x00000034c4e00000)]
  0x000001c0fdd83000 JavaThread "Sweeper thread" daemon [_thread_blocked, id=17552, stack(0x00000034c4e00000,0x00000034c4f00000)]
  0x000001c0fdee9800 JavaThread "Common-Cleaner" daemon [_thread_blocked, id=9032, stack(0x00000034c5000000,0x00000034c5100000)]
  0x000001c0fec45800 JavaThread "ForkJoinPool-1-worker-3" daemon [_thread_blocked, id=2256, stack(0x00000034c5100000,0x00000034c5200000)]
  0x000001c0fec46800 JavaThread "ForkJoinPool-1-worker-5" daemon [_thread_blocked, id=17716, stack(0x00000034c5200000,0x00000034c5300000)]
  0x000001c0fec47800 JavaThread "ForkJoinPool-1-worker-7" daemon [_thread_blocked, id=12444, stack(0x00000034c5b00000,0x00000034c5c00000)]
  0x000001c0fe5f3800 JavaThread "ForkJoinPool-1-worker-1" daemon [_thread_blocked, id=17624, stack(0x00000034c5c00000,0x00000034c5d00000)]
  0x000001c0fe58e000 JavaThread "C2 CompilerThread1" daemon [_thread_blocked, id=17768, stack(0x00000034c5d00000,0x00000034c5e00000)]
  0x000001c0fe544000 JavaThread "C2 CompilerThread2" daemon [_thread_blocked, id=2484, stack(0x00000034c5e00000,0x00000034c5f00000)]

Other Threads:
=>0x000001c0fd4f8000 VMThread "VM Thread" [stack: 0x00000034c4600000,0x00000034c4700000] [id=7160]
  0x000001c0fdedf800 WatcherThread [stack: 0x00000034c4f00000,0x00000034c5000000] [id=18520]
  0x000001c0f808b800 GCTaskThread "GC Thread#0" [stack: 0x00000034c4100000,0x00000034c4200000] [id=16164]
  0x000001c0fe35e000 GCTaskThread "GC Thread#1" [stack: 0x00000034c5300000,0x00000034c5400000] [id=17164]
  0x000001c0fea1d800 GCTaskThread "GC Thread#2" [stack: 0x00000034c5400000,0x00000034c5500000] [id=15140]
  0x000001c0fe99c800 GCTaskThread "GC Thread#3" [stack: 0x00000034c5500000,0x00000034c5600000] [id=6156]
  0x000001c0fe67d800 GCTaskThread "GC Thread#4" [stack: 0x00000034c5600000,0x00000034c5700000] [id=14668]
  0x000001c0f80a7800 ConcurrentGCThread "G1 Main Marker" [stack: 0x00000034c4200000,0x00000034c4300000] [id=14476]
  0x000001c0f80a9000 ConcurrentGCThread "G1 Conc#0" [stack: 0x00000034c4300000,0x00000034c4400000] [id=18136]
  0x000001c0fe989800 ConcurrentGCThread "G1 Conc#1" [stack: 0x00000034c6100000,0x00000034c6200000] [id=11592]
  0x000001c0f814e000 ConcurrentGCThread "G1 Refine#0" [stack: 0x00000034c4400000,0x00000034c4500000] [id=1900]
  0x000001c0fe9f3000 ConcurrentGCThread "G1 Refine#1" [stack: 0x00000034c5700000,0x00000034c5800000] [id=19876]
  0x000001c0fe08a000 ConcurrentGCThread "G1 Refine#2" [stack: 0x00000034c5800000,0x00000034c5900000] [id=19892]
  0x000001c0fe6e1800 ConcurrentGCThread "G1 Refine#3" [stack: 0x00000034c5900000,0x00000034c5a00000] [id=18496]
  0x000001c0fecdc000 ConcurrentGCThread "G1 Refine#4" [stack: 0x00000034c5a00000,0x00000034c5b00000] [id=16784]
  0x000001c0fe2aa800 ConcurrentGCThread "G1 Refine#5" [stack: 0x00000034c5f00000,0x00000034c6000000] [id=17496]
  0x000001c0982b0800 ConcurrentGCThread "G1 Refine#6" [stack: 0x00000034c6000000,0x00000034c6100000] [id=13932]
  0x000001c0fd34a800 ConcurrentGCThread "G1 Young RemSet Sampling" [stack: 0x00000034c4500000,0x00000034c4600000] [id=19572]

Threads with active compile tasks:
C2 CompilerThread0    26315 4254       4       com.android.tools.r8.internal.Rn::F (324 bytes)
C1 CompilerThread0    26315 4502 %     3       com.android.tools.r8.internal.DM::a @ 358 (520 bytes)
C2 CompilerThread1    26315 4497       4       com.android.tools.r8.internal.bt::a (175 bytes)
C2 CompilerThread2    26315 4496       4       com.android.tools.r8.internal.Nn::k (42 bytes)

VM state:at safepoint (normal execution)

VM Mutex/Monitor currently owned by a thread:  ([mutex/lock_event])
[0x000001c0f8070080] Threads_lock - owner thread: 0x000001c0fd4f8000
[0x000001c0f8070620] Heap_lock - owner thread: 0x000001c0fec45800

Heap address: 0x00000000c0000000, size: 1024 MB, Compressed Oops mode: 32-bit
Narrow klass base: 0x0000000000000000, Narrow klass shift: 3
Compressed class space size: 1073741824 Address: 0x0000000100000000

Heap:
 garbage-first heap   total 349184K, used 135943K [0x00000000c0000000, 0x0000000100000000)
  region size 1024K, 3 young (3072K), 3 survivors (3072K)
 Metaspace       used 22854K, capacity 23331K, committed 23936K, reserved 1071104K
  class space    used 2535K, capacity 2761K, committed 2944K, reserved 1048576K
Heap Regions: E=young(eden), S=young(survivor), O=old, HS=humongous(starts), HC=humongous(continues), CS=collection set, F=free, A=archive, TAMS=top-at-mark-start (previous, next)
|   0|0x00000000c0000000, 0x00000000c0000000, 0x00000000c0100000|  0%| F|  |TAMS 0x00000000c0000000, 0x00000000c0000000| Untracked 
|   1|0x00000000c0100000, 0x00000000c0100000, 0x00000000c0200000|  0%| F|  |TAMS 0x00000000c0100000, 0x00000000c0100000| Untracked 
|   2|0x00000000c0200000, 0x00000000c0300000, 0x00000000c0300000|100%| O|  |TAMS 0x00000000c0300000, 0x00000000c0200000| Complete 
|   3|0x00000000c0300000, 0x00000000c0300000, 0x00000000c0400000|  0%| F|  |TAMS 0x00000000c0300000, 0x00000000c0300000| Untracked 
|   4|0x00000000c0400000, 0x00000000c0400000, 0x00000000c0500000|  0%| F|  |TAMS 0x00000000c0400000, 0x00000000c0400000| Untracked 
|   5|0x00000000c0500000, 0x00000000c0600000, 0x00000000c0600000|100%| O|  |TAMS 0x00000000c0600000, 0x00000000c0500000| Untracked 
|   6|0x00000000c0600000, 0x00000000c0700000, 0x00000000c0700000|100%|HS|  |TAMS 0x00000000c0700000, 0x00000000c0600000| Complete 
|   7|0x00000000c0700000, 0x00000000c0800000, 0x00000000c0800000|100%|HC|  |TAMS 0x00000000c0800000, 0x00000000c0700000| Complete 
|   8|0x00000000c0800000, 0x00000000c0900000, 0x00000000c0900000|100%| O|  |TAMS 0x00000000c0900000, 0x00000000c0800000| Complete 
|   9|0x00000000c0900000, 0x00000000c0a00000, 0x00000000c0a00000|100%| O|  |TAMS 0x00000000c0a00000, 0x00000000c0900000| Untracked 
|  10|0x00000000c0a00000, 0x00000000c0b00000, 0x00000000c0b00000|100%| O|  |TAMS 0x00000000c0b00000, 0x00000000c0a00000| Untracked 
|  11|0x00000000c0b00000, 0x00000000c0c00000, 0x00000000c0c00000|100%| O|  |TAMS 0x00000000c0c00000, 0x00000000c0b00000| Untracked 
|  12|0x00000000c0c00000, 0x00000000c0d00000, 0x00000000c0d00000|100%| O|  |TAMS 0x00000000c0d00000, 0x00000000c0c00000| Untracked 
|  13|0x00000000c0d00000, 0x00000000c0e00000, 0x00000000c0e00000|100%| O|  |TAMS 0x00000000c0e00000, 0x00000000c0d00000| Untracked 
|  14|0x00000000c0e00000, 0x00000000c0f00000, 0x00000000c0f00000|100%| O|  |TAMS 0x00000000c0f00000, 0x00000000c0e00000| Complete 
|  15|0x00000000c0f00000, 0x00000000c0f00000, 0x00000000c1000000|  0%| F|  |TAMS 0x00000000c0f00000, 0x00000000c0f00000| Untracked 
|  16|0x00000000c1000000, 0x00000000c1000000, 0x00000000c1100000|  0%| F|  |TAMS 0x00000000c1000000, 0x00000000c1000000| Untracked 
|  17|0x00000000c1100000, 0x00000000c1100000, 0x00000000c1200000|  0%| F|  |TAMS 0x00000000c1100000, 0x00000000c1100000| Untracked 
|  18|0x00000000c1200000, 0x00000000c1200000, 0x00000000c1300000|  0%| F|  |TAMS 0x00000000c1200000, 0x00000000c1200000| Untracked 
|  19|0x00000000c1300000, 0x00000000c1300000, 0x00000000c1400000|  0%| F|  |TAMS 0x00000000c1300000, 0x00000000c1300000| Untracked 
|  20|0x00000000c1400000, 0x00000000c1400000, 0x00000000c1500000|  0%| F|  |TAMS 0x00000000c1400000, 0x00000000c1400000| Untracked 
|  21|0x00000000c1500000, 0x00000000c1600000, 0x00000000c1600000|100%| O|  |TAMS 0x00000000c1600000, 0x00000000c1500000| Complete 
|  22|0x00000000c1600000, 0x00000000c1600000, 0x00000000c1700000|  0%| F|  |TAMS 0x00000000c1600000, 0x00000000c1600000| Untracked 
|  23|0x00000000c1700000, 0x00000000c1700000, 0x00000000c1800000|  0%| F|  |TAMS 0x00000000c1700000, 0x00000000c1700000| Untracked 
|  24|0x00000000c1800000, 0x00000000c1800000, 0x00000000c1900000|  0%| F|  |TAMS 0x00000000c1800000, 0x00000000c1800000| Untracked 
|  25|0x00000000c1900000, 0x00000000c1a00000, 0x00000000c1a00000|100%| O|  |TAMS 0x00000000c1a00000, 0x00000000c1900000| Complete 
|  26|0x00000000c1a00000, 0x00000000c1b00000, 0x00000000c1b00000|100%| O|  |TAMS 0x00000000c1b00000, 0x00000000c1a00000| Untracked 
|  27|0x00000000c1b00000, 0x00000000c1c00000, 0x00000000c1c00000|100%| O|  |TAMS 0x00000000c1c00000, 0x00000000c1b00000| Untracked 
|  28|0x00000000c1c00000, 0x00000000c1d00000, 0x00000000c1d00000|100%| O|  |TAMS 0x00000000c1d00000, 0x00000000c1c00000| Untracked 
|  29|0x00000000c1d00000, 0x00000000c1e00000, 0x00000000c1e00000|100%| O|  |TAMS 0x00000000c1e00000, 0x00000000c1d00000| Untracked 
|  30|0x00000000c1e00000, 0x00000000c1f00000, 0x00000000c1f00000|100%| O|  |TAMS 0x00000000c1f00000, 0x00000000c1e00000| Complete 
|  31|0x00000000c1f00000, 0x00000000c2000000, 0x00000000c2000000|100%| O|  |TAMS 0x00000000c2000000, 0x00000000c1f00000| Complete 
|  32|0x00000000c2000000, 0x00000000c2100000, 0x00000000c2100000|100%| O|  |TAMS 0x00000000c2100000, 0x00000000c2000000| Complete 
|  33|0x00000000c2100000, 0x00000000c2200000, 0x00000000c2200000|100%| O|  |TAMS 0x00000000c2200000, 0x00000000c2100000| Complete 
|  34|0x00000000c2200000, 0x00000000c2300000, 0x00000000c2300000|100%| O|  |TAMS 0x00000000c2300000, 0x00000000c2200000| Complete 
|  35|0x00000000c2300000, 0x00000000c2400000, 0x00000000c2400000|100%| O|  |TAMS 0x00000000c2400000, 0x00000000c2300000| Complete 
|  36|0x00000000c2400000, 0x00000000c2500000, 0x00000000c2500000|100%| O|  |TAMS 0x00000000c2500000, 0x00000000c2400000| Complete 
|  37|0x00000000c2500000, 0x00000000c2600000, 0x00000000c2600000|100%| O|  |TAMS 0x00000000c2600000, 0x00000000c2500000| Complete 
|  38|0x00000000c2600000, 0x00000000c2700000, 0x00000000c2700000|100%| O|  |TAMS 0x00000000c2700000, 0x00000000c2600000| Complete 
|  39|0x00000000c2700000, 0x00000000c2800000, 0x00000000c2800000|100%| O|  |TAMS 0x00000000c2800000, 0x00000000c2700000| Complete 
|  40|0x00000000c2800000, 0x00000000c2900000, 0x00000000c2900000|100%| O|  |TAMS 0x00000000c2900000, 0x00000000c2800000| Complete 
|  41|0x00000000c2900000, 0x00000000c2a00000, 0x00000000c2a00000|100%| O|  |TAMS 0x00000000c2a00000, 0x00000000c2900000| Complete 
|  42|0x00000000c2a00000, 0x00000000c2b00000, 0x00000000c2b00000|100%| O|  |TAMS 0x00000000c2b00000, 0x00000000c2a00000| Untracked 
|  43|0x00000000c2b00000, 0x00000000c2c00000, 0x00000000c2c00000|100%| O|  |TAMS 0x00000000c2c00000, 0x00000000c2b00000| Complete 
|  44|0x00000000c2c00000, 0x00000000c2d00000, 0x00000000c2d00000|100%| O|  |TAMS 0x00000000c2d00000, 0x00000000c2c00000| Untracked 
|  45|0x00000000c2d00000, 0x00000000c2e00000, 0x00000000c2e00000|100%| O|  |TAMS 0x00000000c2e00000, 0x00000000c2d00000| Untracked 
|  46|0x00000000c2e00000, 0x00000000c2f00000, 0x00000000c2f00000|100%| O|  |TAMS 0x00000000c2f00000, 0x00000000c2e00000| Untracked 
|  47|0x00000000c2f00000, 0x00000000c3000000, 0x00000000c3000000|100%| O|  |TAMS 0x00000000c3000000, 0x00000000c2f00000| Untracked 
|  48|0x00000000c3000000, 0x00000000c3100000, 0x00000000c3100000|100%| O|  |TAMS 0x00000000c3100000, 0x00000000c3000000| Untracked 
|  49|0x00000000c3100000, 0x00000000c3200000, 0x00000000c3200000|100%| O|  |TAMS 0x00000000c3200000, 0x00000000c3100000| Untracked 
|  50|0x00000000c3200000, 0x00000000c3300000, 0x00000000c3300000|100%| O|  |TAMS 0x00000000c3300000, 0x00000000c3200000| Complete 
|  51|0x00000000c3300000, 0x00000000c3400000, 0x00000000c3400000|100%| O|  |TAMS 0x00000000c3400000, 0x00000000c3300000| Complete 
|  52|0x00000000c3400000, 0x00000000c3500000, 0x00000000c3500000|100%| O|  |TAMS 0x00000000c3500000, 0x00000000c3400000| Untracked 
|  53|0x00000000c3500000, 0x00000000c3600000, 0x00000000c3600000|100%| O|  |TAMS 0x00000000c3600000, 0x00000000c3500000| Untracked 
|  54|0x00000000c3600000, 0x00000000c3700000, 0x00000000c3700000|100%| O|  |TAMS 0x00000000c3700000, 0x00000000c3600000| Untracked 
|  55|0x00000000c3700000, 0x00000000c3800000, 0x00000000c3800000|100%| O|  |TAMS 0x00000000c3800000, 0x00000000c3700000| Untracked 
|  56|0x00000000c3800000, 0x00000000c3900000, 0x00000000c3900000|100%| O|  |TAMS 0x00000000c3900000, 0x00000000c3800000| Untracked 
|  57|0x00000000c3900000, 0x00000000c3a00000, 0x00000000c3a00000|100%| O|  |TAMS 0x00000000c3a00000, 0x00000000c3900000| Untracked 
|  58|0x00000000c3a00000, 0x00000000c3b00000, 0x00000000c3b00000|100%| O|  |TAMS 0x00000000c3b00000, 0x00000000c3a00000| Complete 
|  59|0x00000000c3b00000, 0x00000000c3c00000, 0x00000000c3c00000|100%| O|  |TAMS 0x00000000c3c00000, 0x00000000c3b00000| Complete 
|  60|0x00000000c3c00000, 0x00000000c3d00000, 0x00000000c3d00000|100%| O|  |TAMS 0x00000000c3d00000, 0x00000000c3c00000| Untracked 
|  61|0x00000000c3d00000, 0x00000000c3e00000, 0x00000000c3e00000|100%| O|  |TAMS 0x00000000c3e00000, 0x00000000c3d00000| Untracked 
|  62|0x00000000c3e00000, 0x00000000c3f00000, 0x00000000c3f00000|100%| O|  |TAMS 0x00000000c3f00000, 0x00000000c3e00000| Untracked 
|  63|0x00000000c3f00000, 0x00000000c4000000, 0x00000000c4000000|100%| O|  |TAMS 0x00000000c4000000, 0x00000000c3f00000| Untracked 
|  64|0x00000000c4000000, 0x00000000c4100000, 0x00000000c4100000|100%| O|  |TAMS 0x00000000c4100000, 0x00000000c4000000| Untracked 
|  65|0x00000000c4100000, 0x00000000c4200000, 0x00000000c4200000|100%| O|  |TAMS 0x00000000c4200000, 0x00000000c4100000| Untracked 
|  66|0x00000000c4200000, 0x00000000c4300000, 0x00000000c4300000|100%| O|  |TAMS 0x00000000c4300000, 0x00000000c4200000| Complete 
|  67|0x00000000c4300000, 0x00000000c4400000, 0x00000000c4400000|100%| O|  |TAMS 0x00000000c4400000, 0x00000000c4300000| Complete 
|  68|0x00000000c4400000, 0x00000000c4500000, 0x00000000c4500000|100%| O|  |TAMS 0x00000000c4500000, 0x00000000c4400000| Untracked 
|  69|0x00000000c4500000, 0x00000000c4600000, 0x00000000c4600000|100%| O|  |TAMS 0x00000000c4600000, 0x00000000c4500000| Untracked 
|  70|0x00000000c4600000, 0x00000000c4700000, 0x00000000c4700000|100%| O|  |TAMS 0x00000000c4700000, 0x00000000c4600000| Untracked 
|  71|0x00000000c4700000, 0x00000000c4800000, 0x00000000c4800000|100%| O|  |TAMS 0x00000000c4800000, 0x00000000c4700000| Untracked 
|  72|0x00000000c4800000, 0x00000000c4900000, 0x00000000c4900000|100%| O|  |TAMS 0x00000000c4900000, 0x00000000c4800000| Untracked 
|  73|0x00000000c4900000, 0x00000000c4a00000, 0x00000000c4a00000|100%| O|  |TAMS 0x00000000c4a00000, 0x00000000c4900000| Untracked 
|  74|0x00000000c4a00000, 0x00000000c4b00000, 0x00000000c4b00000|100%| O|  |TAMS 0x00000000c4b00000, 0x00000000c4a00000| Untracked 
|  75|0x00000000c4b00000, 0x00000000c4c00000, 0x00000000c4c00000|100%| O|  |TAMS 0x00000000c4c00000, 0x00000000c4b00000| Untracked 
|  76|0x00000000c4c00000, 0x00000000c4d00000, 0x00000000c4d00000|100%| O|  |TAMS 0x00000000c4d00000, 0x00000000c4c00000| Untracked 
|  77|0x00000000c4d00000, 0x00000000c4e00000, 0x00000000c4e00000|100%| O|  |TAMS 0x00000000c4e00000, 0x00000000c4d00000| Untracked 
|  78|0x00000000c4e00000, 0x00000000c4f00000, 0x00000000c4f00000|100%| O|  |TAMS 0x00000000c4f00000, 0x00000000c4e00000| Complete 
|  79|0x00000000c4f00000, 0x00000000c5000000, 0x00000000c5000000|100%| O|  |TAMS 0x00000000c5000000, 0x00000000c4f00000| Complete 
|  80|0x00000000c5000000, 0x00000000c5100000, 0x00000000c5100000|100%| O|  |TAMS 0x00000000c5100000, 0x00000000c5000000| Untracked 
|  81|0x00000000c5100000, 0x00000000c5200000, 0x00000000c5200000|100%| O|  |TAMS 0x00000000c5200000, 0x00000000c5100000| Untracked 
|  82|0x00000000c5200000, 0x00000000c5300000, 0x00000000c5300000|100%| O|  |TAMS 0x00000000c5300000, 0x00000000c5200000| Untracked 
|  83|0x00000000c5300000, 0x00000000c5400000, 0x00000000c5400000|100%| O|  |TAMS 0x00000000c5400000, 0x00000000c5300000| Untracked 
|  84|0x00000000c5400000, 0x00000000c5500000, 0x00000000c5500000|100%| O|  |TAMS 0x00000000c5500000, 0x00000000c5400000| Untracked 
|  85|0x00000000c5500000, 0x00000000c5600000, 0x00000000c5600000|100%| O|  |TAMS 0x00000000c5600000, 0x00000000c5500000| Untracked 
|  86|0x00000000c5600000, 0x00000000c5700000, 0x00000000c5700000|100%| O|  |TAMS 0x00000000c5700000, 0x00000000c5600000| Untracked 
|  87|0x00000000c5700000, 0x00000000c5800000, 0x00000000c5800000|100%| O|  |TAMS 0x00000000c5800000, 0x00000000c5700000| Untracked 
|  88|0x00000000c5800000, 0x00000000c5900000, 0x00000000c5900000|100%| O|  |TAMS 0x00000000c5900000, 0x00000000c5800000| Untracked 
|  89|0x00000000c5900000, 0x00000000c5a00000, 0x00000000c5a00000|100%| O|  |TAMS 0x00000000c5a00000, 0x00000000c5900000| Complete 
|  90|0x00000000c5a00000, 0x00000000c5a00000, 0x00000000c5b00000|  0%| F|  |TAMS 0x00000000c5a00000, 0x00000000c5a00000| Untracked 
|  91|0x00000000c5b00000, 0x00000000c5c00000, 0x00000000c5c00000|100%| O|  |TAMS 0x00000000c5c00000, 0x00000000c5b00000| Untracked 
|  92|0x00000000c5c00000, 0x00000000c5d00000, 0x00000000c5d00000|100%| O|  |TAMS 0x00000000c5d00000, 0x00000000c5c00000| Untracked 
|  93|0x00000000c5d00000, 0x00000000c5e00000, 0x00000000c5e00000|100%| O|  |TAMS 0x00000000c5e00000, 0x00000000c5d00000| Untracked 
|  94|0x00000000c5e00000, 0x00000000c5f00000, 0x00000000c5f00000|100%| O|  |TAMS 0x00000000c5f00000, 0x00000000c5e00000| Untracked 
|  95|0x00000000c5f00000, 0x00000000c6000000, 0x00000000c6000000|100%| O|  |TAMS 0x00000000c6000000, 0x00000000c5f00000| Untracked 
|  96|0x00000000c6000000, 0x00000000c6100000, 0x00000000c6100000|100%| O|  |TAMS 0x00000000c6100000, 0x00000000c6000000| Untracked 
|  97|0x00000000c6100000, 0x00000000c6200000, 0x00000000c6200000|100%| O|  |TAMS 0x00000000c6200000, 0x00000000c6100000| Untracked 
|  98|0x00000000c6200000, 0x00000000c6300000, 0x00000000c6300000|100%| O|  |TAMS 0x00000000c6300000, 0x00000000c6200000| Untracked 
|  99|0x00000000c6300000, 0x00000000c6400000, 0x00000000c6400000|100%| O|  |TAMS 0x00000000c6400000, 0x00000000c6300000| Untracked 
| 100|0x00000000c6400000, 0x00000000c6500000, 0x00000000c6500000|100%| O|  |TAMS 0x00000000c6500000, 0x00000000c6400000| Complete 
| 101|0x00000000c6500000, 0x00000000c6500000, 0x00000000c6600000|  0%| F|  |TAMS 0x00000000c6500000, 0x00000000c6500000| Untracked 
| 102|0x00000000c6600000, 0x00000000c6700000, 0x00000000c6700000|100%| O|  |TAMS 0x00000000c6700000, 0x00000000c6600000| Untracked 
| 103|0x00000000c6700000, 0x00000000c6800000, 0x00000000c6800000|100%| O|  |TAMS 0x00000000c6800000, 0x00000000c6700000| Untracked 
| 104|0x00000000c6800000, 0x00000000c6900000, 0x00000000c6900000|100%| O|  |TAMS 0x00000000c6900000, 0x00000000c6800000| Untracked 
| 105|0x00000000c6900000, 0x00000000c6a00000, 0x00000000c6a00000|100%| O|  |TAMS 0x00000000c6a00000, 0x00000000c6900000| Untracked 
| 106|0x00000000c6a00000, 0x00000000c6b00000, 0x00000000c6b00000|100%| O|  |TAMS 0x00000000c6b00000, 0x00000000c6a00000| Untracked 
| 107|0x00000000c6b00000, 0x00000000c6c00000, 0x00000000c6c00000|100%| O|  |TAMS 0x00000000c6c00000, 0x00000000c6b00000| Untracked 
| 108|0x00000000c6c00000, 0x00000000c6d00000, 0x00000000c6d00000|100%| O|  |TAMS 0x00000000c6d00000, 0x00000000c6c00000| Untracked 
| 109|0x00000000c6d00000, 0x00000000c6e00000, 0x00000000c6e00000|100%| O|  |TAMS 0x00000000c6e00000, 0x00000000c6d00000| Untracked 
| 110|0x00000000c6e00000, 0x00000000c6e00000, 0x00000000c6f00000|  0%| F|  |TAMS 0x00000000c6e00000, 0x00000000c6e00000| Untracked 
| 111|0x00000000c6f00000, 0x00000000c7000000, 0x00000000c7000000|100%| O|  |TAMS 0x00000000c7000000, 0x00000000c6f00000| Complete 
| 112|0x00000000c7000000, 0x00000000c7100000, 0x00000000c7100000|100%| O|  |TAMS 0x00000000c7100000, 0x00000000c7000000| Complete 
| 113|0x00000000c7100000, 0x00000000c7200000, 0x00000000c7200000|100%|HS|  |TAMS 0x00000000c7200000, 0x00000000c7100000| Complete 
| 114|0x00000000c7200000, 0x00000000c7300000, 0x00000000c7300000|100%| O|  |TAMS 0x00000000c7300000, 0x00000000c7200000| Untracked 
| 115|0x00000000c7300000, 0x00000000c7400000, 0x00000000c7400000|100%| O|  |TAMS 0x00000000c7400000, 0x00000000c7300000| Untracked 
| 116|0x00000000c7400000, 0x00000000c7500000, 0x00000000c7500000|100%| O|  |TAMS 0x00000000c7500000, 0x00000000c7400000| Untracked 
| 117|0x00000000c7500000, 0x00000000c7600000, 0x00000000c7600000|100%| O|  |TAMS 0x00000000c7600000, 0x00000000c7500000| Untracked 
| 118|0x00000000c7600000, 0x00000000c7700000, 0x00000000c7700000|100%| O|  |TAMS 0x00000000c7700000, 0x00000000c7600000| Untracked 
| 119|0x00000000c7700000, 0x00000000c7800000, 0x00000000c7800000|100%| O|  |TAMS 0x00000000c7800000, 0x00000000c7700000| Complete 
| 120|0x00000000c7800000, 0x00000000c7900000, 0x00000000c7900000|100%| O|  |TAMS 0x00000000c7900000, 0x00000000c7800000| Untracked 
| 121|0x00000000c7900000, 0x00000000c7a00000, 0x00000000c7a00000|100%| O|  |TAMS 0x00000000c7a00000, 0x00000000c7900000| Untracked 
| 122|0x00000000c7a00000, 0x00000000c7b00000, 0x00000000c7b00000|100%| O|  |TAMS 0x00000000c7b00000, 0x00000000c7a00000| Untracked 
| 123|0x00000000c7b00000, 0x00000000c7c00000, 0x00000000c7c00000|100%| O|  |TAMS 0x00000000c7c00000, 0x00000000c7b00000| Untracked 
| 124|0x00000000c7c00000, 0x00000000c7d00000, 0x00000000c7d00000|100%| O|  |TAMS 0x00000000c7d00000, 0x00000000c7c00000| Untracked 
| 125|0x00000000c7d00000, 0x00000000c7e00000, 0x00000000c7e00000|100%| O|  |TAMS 0x00000000c7e00000, 0x00000000c7d00000| Untracked 
| 126|0x00000000c7e00000, 0x00000000c7f00000, 0x00000000c7f00000|100%| O|  |TAMS 0x00000000c7f00000, 0x00000000c7e00000| Untracked 
| 127|0x00000000c7f00000, 0x00000000c8000000, 0x00000000c8000000|100%| O|  |TAMS 0x00000000c8000000, 0x00000000c7f00000| Complete 
| 128|0x00000000c8000000, 0x00000000c8100000, 0x00000000c8100000|100%| O|  |TAMS 0x00000000c8100000, 0x00000000c8000000| Untracked 
| 129|0x00000000c8100000, 0x00000000c8200000, 0x00000000c8200000|100%| O|  |TAMS 0x00000000c8200000, 0x00000000c8100000| Untracked 
| 130|0x00000000c8200000, 0x00000000c8300000, 0x00000000c8300000|100%| O|  |TAMS 0x00000000c8300000, 0x00000000c8200000| Untracked 
| 131|0x00000000c8300000, 0x00000000c8400000, 0x00000000c8400000|100%| O|  |TAMS 0x00000000c8400000, 0x00000000c8300000| Untracked 
| 132|0x00000000c8400000, 0x00000000c8500000, 0x00000000c8500000|100%| O|  |TAMS 0x00000000c8500000, 0x00000000c8400000| Untracked 
| 133|0x00000000c8500000, 0x00000000c8600000, 0x00000000c8600000|100%| O|  |TAMS 0x00000000c8600000, 0x00000000c8500000| Complete 
| 134|0x00000000c8600000, 0x00000000c8700000, 0x00000000c8700000|100%| O|  |TAMS 0x00000000c8700000, 0x00000000c8600000| Complete 
| 135|0x00000000c8700000, 0x00000000c8800000, 0x00000000c8800000|100%| O|  |TAMS 0x00000000c8800000, 0x00000000c8700000| Complete 
| 136|0x00000000c8800000, 0x00000000c8900000, 0x00000000c8900000|100%| O|  |TAMS 0x00000000c8900000, 0x00000000c8800000| Untracked 
| 137|0x00000000c8900000, 0x00000000c8a00000, 0x00000000c8a00000|100%| O|  |TAMS 0x00000000c8a00000, 0x00000000c8900000| Complete 
| 138|0x00000000c8a00000, 0x00000000c8b00000, 0x00000000c8b00000|100%| O|  |TAMS 0x00000000c8b00000, 0x00000000c8a00000| Complete 
| 139|0x00000000c8b00000, 0x00000000c8c00000, 0x00000000c8c00000|100%| O|  |TAMS 0x00000000c8c00000, 0x00000000c8b00000| Complete 
| 140|0x00000000c8c00000, 0x00000000c8d00000, 0x00000000c8d00000|100%| O|  |TAMS 0x00000000c8d00000, 0x00000000c8c00000| Complete 
| 141|0x00000000c8d00000, 0x00000000c8e00000, 0x00000000c8e00000|100%| O|  |TAMS 0x00000000c8e00000, 0x00000000c8d00000| Complete 
| 142|0x00000000c8e00000, 0x00000000c8f00000, 0x00000000c8f00000|100%| O|  |TAMS 0x00000000c8f00000, 0x00000000c8e00000| Complete 
| 143|0x00000000c8f00000, 0x00000000c9000000, 0x00000000c9000000|100%| O|  |TAMS 0x00000000c9000000, 0x00000000c8f00000| Complete 
| 144|0x00000000c9000000, 0x00000000c9100000, 0x00000000c9100000|100%| O|  |TAMS 0x00000000c9100000, 0x00000000c9000000| Complete 
| 145|0x00000000c9100000, 0x00000000c9200000, 0x00000000c9200000|100%| O|  |TAMS 0x00000000c9200000, 0x00000000c9100000| Complete 
| 146|0x00000000c9200000, 0x00000000c9240800, 0x00000000c9300000| 25%| O|  |TAMS 0x00000000c9240800, 0x00000000c9200000| Untracked 
| 147|0x00000000c9300000, 0x00000000c9300000, 0x00000000c9400000|  0%| F|  |TAMS 0x00000000c9300000, 0x00000000c9300000| Untracked 
| 148|0x00000000c9400000, 0x00000000c9400000, 0x00000000c9500000|  0%| F|  |TAMS 0x00000000c9400000, 0x00000000c9400000| Untracked 
| 149|0x00000000c9500000, 0x00000000c9500000, 0x00000000c9600000|  0%| F|  |TAMS 0x00000000c9500000, 0x00000000c9500000| Untracked 
| 150|0x00000000c9600000, 0x00000000c9600000, 0x00000000c9700000|  0%| F|  |TAMS 0x00000000c9600000, 0x00000000c9600000| Untracked 
| 151|0x00000000c9700000, 0x00000000c9700000, 0x00000000c9800000|  0%| F|  |TAMS 0x00000000c9700000, 0x00000000c9700000| Untracked 
| 152|0x00000000c9800000, 0x00000000c9800000, 0x00000000c9900000|  0%| F|  |TAMS 0x00000000c9800000, 0x00000000c9800000| Untracked 
| 153|0x00000000c9900000, 0x00000000c9900000, 0x00000000c9a00000|  0%| F|  |TAMS 0x00000000c9900000, 0x00000000c9900000| Untracked 
| 154|0x00000000c9a00000, 0x00000000c9a00000, 0x00000000c9b00000|  0%| F|  |TAMS 0x00000000c9a00000, 0x00000000c9a00000| Untracked 
| 155|0x00000000c9b00000, 0x00000000c9b00000, 0x00000000c9c00000|  0%| F|  |TAMS 0x00000000c9b00000, 0x00000000c9b00000| Untracked 
| 156|0x00000000c9c00000, 0x00000000c9c00000, 0x00000000c9d00000|  0%| F|  |TAMS 0x00000000c9c00000, 0x00000000c9c00000| Untracked 
| 157|0x00000000c9d00000, 0x00000000c9d00000, 0x00000000c9e00000|  0%| F|  |TAMS 0x00000000c9d00000, 0x00000000c9d00000| Untracked 
| 158|0x00000000c9e00000, 0x00000000c9e00000, 0x00000000c9f00000|  0%| F|  |TAMS 0x00000000c9e00000, 0x00000000c9e00000| Untracked 
| 159|0x00000000c9f00000, 0x00000000c9f00000, 0x00000000ca000000|  0%| F|  |TAMS 0x00000000c9f00000, 0x00000000c9f00000| Untracked 
| 160|0x00000000ca000000, 0x00000000ca000000, 0x00000000ca100000|  0%| F|  |TAMS 0x00000000ca000000, 0x00000000ca000000| Untracked 
| 161|0x00000000ca100000, 0x00000000ca100000, 0x00000000ca200000|  0%| F|  |TAMS 0x00000000ca100000, 0x00000000ca100000| Untracked 
| 162|0x00000000ca200000, 0x00000000ca200000, 0x00000000ca300000|  0%| F|  |TAMS 0x00000000ca200000, 0x00000000ca200000| Untracked 
| 163|0x00000000ca300000, 0x00000000ca300000, 0x00000000ca400000|  0%| F|  |TAMS 0x00000000ca300000, 0x00000000ca300000| Untracked 
| 164|0x00000000ca400000, 0x00000000ca400000, 0x00000000ca500000|  0%| F|  |TAMS 0x00000000ca400000, 0x00000000ca400000| Untracked 
| 165|0x00000000ca500000, 0x00000000ca500000, 0x00000000ca600000|  0%| F|  |TAMS 0x00000000ca500000, 0x00000000ca500000| Untracked 
| 166|0x00000000ca600000, 0x00000000ca600000, 0x00000000ca700000|  0%| F|  |TAMS 0x00000000ca600000, 0x00000000ca600000| Untracked 
| 167|0x00000000ca700000, 0x00000000ca700000, 0x00000000ca800000|  0%| F|  |TAMS 0x00000000ca700000, 0x00000000ca700000| Untracked 
| 168|0x00000000ca800000, 0x00000000ca800000, 0x00000000ca900000|  0%| F|  |TAMS 0x00000000ca800000, 0x00000000ca800000| Untracked 
| 169|0x00000000ca900000, 0x00000000ca900000, 0x00000000caa00000|  0%| F|  |TAMS 0x00000000ca900000, 0x00000000ca900000| Untracked 
| 170|0x00000000caa00000, 0x00000000caa00000, 0x00000000cab00000|  0%| F|  |TAMS 0x00000000caa00000, 0x00000000caa00000| Untracked 
| 171|0x00000000cab00000, 0x00000000cab00000, 0x00000000cac00000|  0%| F|  |TAMS 0x00000000cab00000, 0x00000000cab00000| Untracked 
| 172|0x00000000cac00000, 0x00000000cac00000, 0x00000000cad00000|  0%| F|  |TAMS 0x00000000cac00000, 0x00000000cac00000| Untracked 
| 173|0x00000000cad00000, 0x00000000cad00000, 0x00000000cae00000|  0%| F|  |TAMS 0x00000000cad00000, 0x00000000cad00000| Untracked 
| 174|0x00000000cae00000, 0x00000000cae00000, 0x00000000caf00000|  0%| F|  |TAMS 0x00000000cae00000, 0x00000000cae00000| Untracked 
| 175|0x00000000caf00000, 0x00000000caf00000, 0x00000000cb000000|  0%| F|  |TAMS 0x00000000caf00000, 0x00000000caf00000| Untracked 
| 176|0x00000000cb000000, 0x00000000cb000000, 0x00000000cb100000|  0%| F|  |TAMS 0x00000000cb000000, 0x00000000cb000000| Untracked 
| 177|0x00000000cb100000, 0x00000000cb181448, 0x00000000cb200000| 50%| S|CS|TAMS 0x00000000cb100000, 0x00000000cb100000| Complete 
| 178|0x00000000cb200000, 0x00000000cb300000, 0x00000000cb300000|100%| S|CS|TAMS 0x00000000cb200000, 0x00000000cb200000| Complete 
| 179|0x00000000cb300000, 0x00000000cb400000, 0x00000000cb400000|100%| S|CS|TAMS 0x00000000cb300000, 0x00000000cb300000| Complete 
| 180|0x00000000cb400000, 0x00000000cb400000, 0x00000000cb500000|  0%| F|  |TAMS 0x00000000cb400000, 0x00000000cb400000| Untracked 
| 181|0x00000000cb500000, 0x00000000cb500000, 0x00000000cb600000|  0%| F|  |TAMS 0x00000000cb500000, 0x00000000cb500000| Untracked 
| 182|0x00000000cb600000, 0x00000000cb600000, 0x00000000cb700000|  0%| F|  |TAMS 0x00000000cb600000, 0x00000000cb600000| Untracked 
| 183|0x00000000cb700000, 0x00000000cb700000, 0x00000000cb800000|  0%| F|  |TAMS 0x00000000cb700000, 0x00000000cb700000| Untracked 
| 184|0x00000000cb800000, 0x00000000cb800000, 0x00000000cb900000|  0%| F|  |TAMS 0x00000000cb800000, 0x00000000cb800000| Untracked 
| 185|0x00000000cb900000, 0x00000000cb900000, 0x00000000cba00000|  0%| F|  |TAMS 0x00000000cb900000, 0x00000000cb900000| Untracked 
| 186|0x00000000cba00000, 0x00000000cba00000, 0x00000000cbb00000|  0%| F|  |TAMS 0x00000000cba00000, 0x00000000cba00000| Untracked 
| 187|0x00000000cbb00000, 0x00000000cbb00000, 0x00000000cbc00000|  0%| F|  |TAMS 0x00000000cbb00000, 0x00000000cbb00000| Untracked 
| 188|0x00000000cbc00000, 0x00000000cbc00000, 0x00000000cbd00000|  0%| F|  |TAMS 0x00000000cbc00000, 0x00000000cbc00000| Untracked 
| 189|0x00000000cbd00000, 0x00000000cbd00000, 0x00000000cbe00000|  0%| F|  |TAMS 0x00000000cbd00000, 0x00000000cbd00000| Untracked 
| 190|0x00000000cbe00000, 0x00000000cbe00000, 0x00000000cbf00000|  0%| F|  |TAMS 0x00000000cbe00000, 0x00000000cbe00000| Untracked 
| 191|0x00000000cbf00000, 0x00000000cbf00000, 0x00000000cc000000|  0%| F|  |TAMS 0x00000000cbf00000, 0x00000000cbf00000| Untracked 
| 192|0x00000000cc000000, 0x00000000cc000000, 0x00000000cc100000|  0%| F|  |TAMS 0x00000000cc000000, 0x00000000cc000000| Untracked 
| 193|0x00000000cc100000, 0x00000000cc100000, 0x00000000cc200000|  0%| F|  |TAMS 0x00000000cc100000, 0x00000000cc100000| Untracked 
| 194|0x00000000cc200000, 0x00000000cc200000, 0x00000000cc300000|  0%| F|  |TAMS 0x00000000cc200000, 0x00000000cc200000| Untracked 
| 195|0x00000000cc300000, 0x00000000cc300000, 0x00000000cc400000|  0%| F|  |TAMS 0x00000000cc300000, 0x00000000cc300000| Untracked 
| 196|0x00000000cc400000, 0x00000000cc400000, 0x00000000cc500000|  0%| F|  |TAMS 0x00000000cc400000, 0x00000000cc400000| Untracked 
| 197|0x00000000cc500000, 0x00000000cc500000, 0x00000000cc600000|  0%| F|  |TAMS 0x00000000cc500000, 0x00000000cc500000| Untracked 
| 198|0x00000000cc600000, 0x00000000cc600000, 0x00000000cc700000|  0%| F|  |TAMS 0x00000000cc600000, 0x00000000cc600000| Untracked 
| 199|0x00000000cc700000, 0x00000000cc700000, 0x00000000cc800000|  0%| F|  |TAMS 0x00000000cc700000, 0x00000000cc700000| Untracked 
| 200|0x00000000cc800000, 0x00000000cc800000, 0x00000000cc900000|  0%| F|  |TAMS 0x00000000cc800000, 0x00000000cc800000| Untracked 
| 201|0x00000000cc900000, 0x00000000cc900000, 0x00000000cca00000|  0%| F|  |TAMS 0x00000000cc900000, 0x00000000cc900000| Untracked 
| 202|0x00000000cca00000, 0x00000000cca00000, 0x00000000ccb00000|  0%| F|  |TAMS 0x00000000cca00000, 0x00000000cca00000| Untracked 
| 203|0x00000000ccb00000, 0x00000000ccb00000, 0x00000000ccc00000|  0%| F|  |TAMS 0x00000000ccb00000, 0x00000000ccb00000| Untracked 
| 204|0x00000000ccc00000, 0x00000000ccc00000, 0x00000000ccd00000|  0%| F|  |TAMS 0x00000000ccc00000, 0x00000000ccc00000| Untracked 
| 205|0x00000000ccd00000, 0x00000000ccd00000, 0x00000000cce00000|  0%| F|  |TAMS 0x00000000ccd00000, 0x00000000ccd00000| Untracked 
| 206|0x00000000cce00000, 0x00000000cce00000, 0x00000000ccf00000|  0%| F|  |TAMS 0x00000000cce00000, 0x00000000cce00000| Untracked 
| 207|0x00000000ccf00000, 0x00000000ccf00000, 0x00000000cd000000|  0%| F|  |TAMS 0x00000000ccf00000, 0x00000000ccf00000| Untracked 
| 208|0x00000000cd000000, 0x00000000cd000000, 0x00000000cd100000|  0%| F|  |TAMS 0x00000000cd000000, 0x00000000cd000000| Untracked 
| 209|0x00000000cd100000, 0x00000000cd100000, 0x00000000cd200000|  0%| F|  |TAMS 0x00000000cd100000, 0x00000000cd100000| Untracked 
| 210|0x00000000cd200000, 0x00000000cd200000, 0x00000000cd300000|  0%| F|  |TAMS 0x00000000cd200000, 0x00000000cd200000| Untracked 
| 211|0x00000000cd300000, 0x00000000cd300000, 0x00000000cd400000|  0%| F|  |TAMS 0x00000000cd300000, 0x00000000cd300000| Untracked 
| 212|0x00000000cd400000, 0x00000000cd400000, 0x00000000cd500000|  0%| F|  |TAMS 0x00000000cd400000, 0x00000000cd400000| Untracked 
| 213|0x00000000cd500000, 0x00000000cd500000, 0x00000000cd600000|  0%| F|  |TAMS 0x00000000cd500000, 0x00000000cd500000| Untracked 
| 214|0x00000000cd600000, 0x00000000cd600000, 0x00000000cd700000|  0%| F|  |TAMS 0x00000000cd600000, 0x00000000cd600000| Untracked 
| 215|0x00000000cd700000, 0x00000000cd700000, 0x00000000cd800000|  0%| F|  |TAMS 0x00000000cd700000, 0x00000000cd700000| Untracked 
| 216|0x00000000cd800000, 0x00000000cd800000, 0x00000000cd900000|  0%| F|  |TAMS 0x00000000cd800000, 0x00000000cd800000| Untracked 
| 217|0x00000000cd900000, 0x00000000cd900000, 0x00000000cda00000|  0%| F|  |TAMS 0x00000000cd900000, 0x00000000cd900000| Untracked 
| 218|0x00000000cda00000, 0x00000000cda00000, 0x00000000cdb00000|  0%| F|  |TAMS 0x00000000cda00000, 0x00000000cda00000| Untracked 
| 219|0x00000000cdb00000, 0x00000000cdb00000, 0x00000000cdc00000|  0%| F|  |TAMS 0x00000000cdb00000, 0x00000000cdb00000| Untracked 
| 220|0x00000000cdc00000, 0x00000000cdc00000, 0x00000000cdd00000|  0%| F|  |TAMS 0x00000000cdc00000, 0x00000000cdc00000| Untracked 
| 221|0x00000000cdd00000, 0x00000000cdd00000, 0x00000000cde00000|  0%| F|  |TAMS 0x00000000cdd00000, 0x00000000cdd00000| Untracked 
| 222|0x00000000cde00000, 0x00000000cde00000, 0x00000000cdf00000|  0%| F|  |TAMS 0x00000000cde00000, 0x00000000cde00000| Untracked 
| 223|0x00000000cdf00000, 0x00000000cdf00000, 0x00000000ce000000|  0%| F|  |TAMS 0x00000000cdf00000, 0x00000000cdf00000| Untracked 

Card table byte_map: [0x000001c0f8680000,0x000001c0f8880000] _byte_map_base: 0x000001c0f8080000

Marking Bits (Prev, Next): (CMBitMap*) 0x000001c0f80a2dd8, (CMBitMap*) 0x000001c0f80a2e10
 Prev Bits: [0x000001c0f8a80000, 0x000001c0f9a80000)
 Next Bits: [0x000001c0f9a80000, 0x000001c0faa80000)

Polling page: 0x000001c0f7850000

Metaspace:

Usage:
  Non-class:     20.09 MB capacity,    19.84 MB ( 99%) used,   183.04 KB ( <1%) free+waste,    67.81 KB ( <1%) overhead. 
      Class:      2.70 MB capacity,     2.48 MB ( 92%) used,   193.35 KB (  7%) free+waste,    31.88 KB (  1%) overhead. 
       Both:     22.78 MB capacity,    22.32 MB ( 98%) used,   376.39 KB (  2%) free+waste,    99.69 KB ( <1%) overhead. 

Virtual space:
  Non-class space:       22.00 MB reserved,      20.50 MB ( 93%) committed 
      Class space:        1.00 GB reserved,       2.88 MB ( <1%) committed 
             Both:        1.02 GB reserved,      23.38 MB (  2%) committed 

Chunk freelists:
   Non-Class:  230.00 KB
       Class:  119.00 KB
        Both:  349.00 KB

MaxMetaspaceSize: 17179869184.00 GB
CompressedClassSpaceSize: 1.00 GB
Initial GC threshold: 20.80 MB
Current GC threshold: 38.54 MB
CDS: off

CodeHeap 'non-profiled nmethods': size=120000Kb used=2114Kb max_used=2114Kb free=117885Kb
 bounds [0x000001c090150000, 0x000001c0903c0000, 0x000001c097680000]
CodeHeap 'profiled nmethods': size=120000Kb used=8521Kb max_used=8521Kb free=111478Kb
 bounds [0x000001c088c20000, 0x000001c089480000, 0x000001c090150000]
CodeHeap 'non-nmethods': size=5760Kb used=1171Kb max_used=1228Kb free=4588Kb
 bounds [0x000001c088680000, 0x000001c0888f0000, 0x000001c088c20000]
 total_blobs=4702 nmethods=4284 adapters=329
 compilation: enabled
              stopped_count=0, restarted_count=0
 full_count=0

Compilation events (20 events):
Event: 26.283 Thread 0x000001c0fd4fd000 nmethod 4436 0x000001c08946d590 code [0x000001c08946d760, 0x000001c08946da48]
Event: 26.283 Thread 0x000001c0fd4fd000 4408       3       com.android.tools.r8.internal.sp::a (88 bytes)
Event: 26.283 Thread 0x000001c0fe544000 nmethod 4418 0x000001c09035e090 code [0x000001c09035e2a0, 0x000001c09035f338]
Event: 26.284 Thread 0x000001c0fe544000 4492       4       java.util.IdentityHashMap::containsKey (55 bytes)
Event: 26.284 Thread 0x000001c0fd4fd000 nmethod 4408 0x000001c08946db90 code [0x000001c08946de20, 0x000001c08946ec78]
Event: 26.284 Thread 0x000001c0fd4fd000 4409       3       com.android.tools.r8.internal.tY$$Lambda$53/0x0000000100124040::a (15 bytes)
Event: 26.285 Thread 0x000001c0fd4fd000 nmethod 4409 0x000001c08946ef90 code [0x000001c08946f160, 0x000001c08946f528]
Event: 26.285 Thread 0x000001c0fd4fd000 4471       3       com.android.tools.r8.internal.ys::j (47 bytes)
Event: 26.285 Thread 0x000001c0fd4fd000 nmethod 4471 0x000001c08946f610 code [0x000001c08946f800, 0x000001c08946fc58]
Event: 26.285 Thread 0x000001c0fd4fd000 4278       3       java.util.HashMap$KeySet::iterator (12 bytes)
Event: 26.285 Thread 0x000001c0fd4fd000 nmethod 4278 0x000001c08946fd90 code [0x000001c08946ff60, 0x000001c0894701c8]
Event: 26.285 Thread 0x000001c0fd4fd000 4400       3       com.android.tools.r8.graph.g::p (14 bytes)
Event: 26.286 Thread 0x000001c0fd4fd000 nmethod 4400 0x000001c089470290 code [0x000001c089470440, 0x000001c089470598]
Event: 26.286 Thread 0x000001c0fd4fd000 4432       3       com.android.tools.r8.internal.Nn::a (308 bytes)
Event: 26.287 Thread 0x000001c0fe544000 nmethod 4492 0x000001c09035fa90 code [0x000001c09035fc40, 0x000001c09035fdc8]
Event: 26.287 Thread 0x000001c0fe544000 4500       4       com.android.tools.r8.internal.mS::a (109 bytes)
Event: 26.287 Thread 0x000001c0fd4fd000 nmethod 4432 0x000001c089470610 code [0x000001c089470940, 0x000001c089471dc8]
Event: 26.287 Thread 0x000001c0fd4fd000 4502 %     3       com.android.tools.r8.internal.DM::a @ 358 (520 bytes)
Event: 26.291 Thread 0x000001c0fe544000 nmethod 4500 0x000001c09035ff10 code [0x000001c0903600c0, 0x000001c090360348]
Event: 26.291 Thread 0x000001c0fe544000 4496       4       com.android.tools.r8.internal.Nn::k (42 bytes)

GC Heap History (20 events):
Event: 24.559 GC heap after
{Heap after GC invocations=9 (full 0):
 garbage-first heap   total 229376K, used 78480K [0x00000000c0000000, 0x0000000100000000)
  region size 1024K, 9 young (9216K), 9 survivors (9216K)
 Metaspace       used 15165K, capacity 15454K, committed 15616K, reserved 1062912K
  class space    used 1536K, capacity 1672K, committed 1792K, reserved 1048576K
}
Event: 24.620 GC heap before
{Heap before GC invocations=9 (full 0):
 garbage-first heap   total 229376K, used 140944K [0x00000000c0000000, 0x0000000100000000)
  region size 1024K, 70 young (71680K), 9 survivors (9216K)
 Metaspace       used 15169K, capacity 15454K, committed 15616K, reserved 1062912K
  class space    used 1536K, capacity 1672K, committed 1792K, reserved 1048576K
}
Event: 24.642 GC heap after
{Heap after GC invocations=10 (full 0):
 garbage-first heap   total 229376K, used 90687K [0x00000000c0000000, 0x0000000100000000)
  region size 1024K, 9 young (9216K), 9 survivors (9216K)
 Metaspace       used 15169K, capacity 15454K, committed 15616K, reserved 1062912K
  class space    used 1536K, capacity 1672K, committed 1792K, reserved 1048576K
}
Event: 24.871 GC heap before
{Heap before GC invocations=10 (full 0):
 garbage-first heap   total 229376K, used 152127K [0x00000000c0000000, 0x0000000100000000)
  region size 1024K, 69 young (70656K), 9 survivors (9216K)
 Metaspace       used 16927K, capacity 17274K, committed 17280K, reserved 1064960K
  class space    used 1741K, capacity 1919K, committed 1920K, reserved 1048576K
}
Event: 24.892 GC heap after
{Heap after GC invocations=11 (full 0):
 garbage-first heap   total 229376K, used 102400K [0x00000000c0000000, 0x0000000100000000)
  region size 1024K, 9 young (9216K), 9 survivors (9216K)
 Metaspace       used 16927K, capacity 17274K, committed 17280K, reserved 1064960K
  class space    used 1741K, capacity 1919K, committed 1920K, reserved 1048576K
}
Event: 24.956 GC heap before
{Heap before GC invocations=11 (full 0):
 garbage-first heap   total 229376K, used 160768K [0x00000000c0000000, 0x0000000100000000)
  region size 1024K, 66 young (67584K), 9 survivors (9216K)
 Metaspace       used 16931K, capacity 17274K, committed 17280K, reserved 1064960K
  class space    used 1742K, capacity 1919K, committed 1920K, reserved 1048576K
}
Event: 24.974 GC heap after
{Heap after GC invocations=12 (full 0):
 garbage-first heap   total 229376K, used 113664K [0x00000000c0000000, 0x0000000100000000)
  region size 1024K, 9 young (9216K), 9 survivors (9216K)
 Metaspace       used 16931K, capacity 17274K, committed 17280K, reserved 1064960K
  class space    used 1742K, capacity 1919K, committed 1920K, reserved 1048576K
}
Event: 25.004 GC heap before
{Heap before GC invocations=12 (full 0):
 garbage-first heap   total 229376K, used 137216K [0x00000000c0000000, 0x0000000100000000)
  region size 1024K, 33 young (33792K), 9 survivors (9216K)
 Metaspace       used 16932K, capacity 17274K, committed 17280K, reserved 1064960K
  class space    used 1742K, capacity 1919K, committed 1920K, reserved 1048576K
}
Event: 25.018 GC heap after
{Heap after GC invocations=13 (full 0):
 garbage-first heap   total 229376K, used 120232K [0x00000000c0000000, 0x0000000100000000)
  region size 1024K, 5 young (5120K), 5 survivors (5120K)
 Metaspace       used 16932K, capacity 17274K, committed 17280K, reserved 1064960K
  class space    used 1742K, capacity 1919K, committed 1920K, reserved 1048576K
}
Event: 25.113 GC heap before
{Heap before GC invocations=13 (full 0):
 garbage-first heap   total 229376K, used 164264K [0x00000000c0000000, 0x0000000100000000)
  region size 1024K, 48 young (49152K), 5 survivors (5120K)
 Metaspace       used 16933K, capacity 17274K, committed 17280K, reserved 1064960K
  class space    used 1742K, capacity 1919K, committed 1920K, reserved 1048576K
}
Event: 25.127 GC heap after
{Heap after GC invocations=14 (full 0):
 garbage-first heap   total 229376K, used 129024K [0x00000000c0000000, 0x0000000100000000)
  region size 1024K, 6 young (6144K), 6 survivors (6144K)
 Metaspace       used 16933K, capacity 17274K, committed 17280K, reserved 1064960K
  class space    used 1742K, capacity 1919K, committed 1920K, reserved 1048576K
}
Event: 25.195 GC heap before
{Heap before GC invocations=14 (full 0):
 garbage-first heap   total 229376K, used 172032K [0x00000000c0000000, 0x0000000100000000)
  region size 1024K, 48 young (49152K), 6 survivors (6144K)
 Metaspace       used 16934K, capacity 17274K, committed 17280K, reserved 1064960K
  class space    used 1742K, capacity 1919K, committed 1920K, reserved 1048576K
}
Event: 25.210 GC heap after
{Heap after GC invocations=15 (full 0):
 garbage-first heap   total 229376K, used 137216K [0x00000000c0000000, 0x0000000100000000)
  region size 1024K, 6 young (6144K), 6 survivors (6144K)
 Metaspace       used 16934K, capacity 17274K, committed 17280K, reserved 1064960K
  class space    used 1742K, capacity 1919K, committed 1920K, reserved 1048576K
}
Event: 25.541 GC heap before
{Heap before GC invocations=16 (full 0):
 garbage-first heap   total 229376K, used 176128K [0x00000000c0000000, 0x0000000100000000)
  region size 1024K, 45 young (46080K), 6 survivors (6144K)
 Metaspace       used 20738K, capacity 21342K, committed 21632K, reserved 1069056K
  class space    used 2365K, capacity 2634K, committed 2688K, reserved 1048576K
}
Event: 25.557 GC heap after
{Heap after GC invocations=17 (full 0):
 garbage-first heap   total 229376K, used 143952K [0x00000000c0000000, 0x0000000100000000)
  region size 1024K, 6 young (6144K), 6 survivors (6144K)
 Metaspace       used 20738K, capacity 21342K, committed 21632K, reserved 1069056K
  class space    used 2365K, capacity 2634K, committed 2688K, reserved 1048576K
}
Event: 25.610 GC heap before
{Heap before GC invocations=17 (full 0):
 garbage-first heap   total 229376K, used 148048K [0x00000000c0000000, 0x0000000100000000)
  region size 1024K, 11 young (11264K), 6 survivors (6144K)
 Metaspace       used 21102K, capacity 21666K, committed 21888K, reserved 1069056K
  class space    used 2425K, capacity 2676K, committed 2688K, reserved 1048576K
}
Event: 25.624 GC heap after
{Heap after GC invocations=18 (full 0):
 garbage-first heap   total 229376K, used 134634K [0x00000000c0000000, 0x0000000100000000)
  region size 1024K, 2 young (2048K), 2 survivors (2048K)
 Metaspace       used 21102K, capacity 21666K, committed 21888K, reserved 1069056K
  class space    used 2425K, capacity 2676K, committed 2688K, reserved 1048576K
}
Event: 25.931 GC heap before
{Heap before GC invocations=18 (full 0):
 garbage-first heap   total 229376K, used 175594K [0x00000000c0000000, 0x0000000100000000)
  region size 1024K, 42 young (43008K), 2 survivors (2048K)
 Metaspace       used 22231K, capacity 22881K, committed 23168K, reserved 1069056K
  class space    used 2571K, capacity 2833K, committed 2944K, reserved 1048576K
}
Event: 25.936 GC heap after
{Heap after GC invocations=19 (full 0):
 garbage-first heap   total 229376K, used 135426K [0x00000000c0000000, 0x0000000100000000)
  region size 1024K, 2 young (2048K), 2 survivors (2048K)
 Metaspace       used 22231K, capacity 22881K, committed 23168K, reserved 1069056K
  class space    used 2571K, capacity 2833K, committed 2944K, reserved 1048576K
}
Event: 26.293 GC heap before
{Heap before GC invocations=20 (full 0):
 garbage-first heap   total 229376K, used 178434K [0x00000000c0000000, 0x0000000100000000)
  region size 1024K, 44 young (45056K), 2 survivors (2048K)
 Metaspace       used 22854K, capacity 23331K, committed 23936K, reserved 1071104K
  class space    used 2535K, capacity 2761K, committed 2944K, reserved 1048576K
}

Deoptimization events (20 events):
Event: 26.061 Thread 0x000001c0fec47800 DEOPT PACKING pc=0x000001c0903360d0 sp=0x00000034c5bfe430
Event: 26.061 Thread 0x000001c0fec47800 DEOPT UNPACKING pc=0x000001c0886ca1af sp=0x00000034c5bfe350 mode 2
Event: 26.061 Thread 0x000001c0fec47800 Uncommon trap: trap_request=0xffffffc6 fr.pc=0x000001c0903360d0 relative=0x00000000000005d0
Event: 26.061 Thread 0x000001c0fec47800 Uncommon trap: reason=bimorphic_or_optimized_type_check action=maybe_recompile pc=0x000001c0903360d0 method=java.util.HashMap.getNode(ILjava/lang/Object;)Ljava/util/HashMap$Node; @ 126 c2
Event: 26.061 Thread 0x000001c0fec47800 DEOPT PACKING pc=0x000001c0903360d0 sp=0x00000034c5bfe430
Event: 26.061 Thread 0x000001c0fec47800 DEOPT UNPACKING pc=0x000001c0886ca1af sp=0x00000034c5bfe350 mode 2
Event: 26.061 Thread 0x000001c0fec47800 Uncommon trap: trap_request=0xffffffc6 fr.pc=0x000001c0903360d0 relative=0x00000000000005d0
Event: 26.061 Thread 0x000001c0fec47800 Uncommon trap: reason=bimorphic_or_optimized_type_check action=maybe_recompile pc=0x000001c0903360d0 method=java.util.HashMap.getNode(ILjava/lang/Object;)Ljava/util/HashMap$Node; @ 126 c2
Event: 26.061 Thread 0x000001c0fec47800 DEOPT PACKING pc=0x000001c0903360d0 sp=0x00000034c5bfe430
Event: 26.061 Thread 0x000001c0fec47800 DEOPT UNPACKING pc=0x000001c0886ca1af sp=0x00000034c5bfe350 mode 2
Event: 26.061 Thread 0x000001c0fec47800 Uncommon trap: trap_request=0xffffffc6 fr.pc=0x000001c0903360d0 relative=0x00000000000005d0
Event: 26.061 Thread 0x000001c0fec47800 Uncommon trap: reason=bimorphic_or_optimized_type_check action=maybe_recompile pc=0x000001c0903360d0 method=java.util.HashMap.getNode(ILjava/lang/Object;)Ljava/util/HashMap$Node; @ 126 c2
Event: 26.061 Thread 0x000001c0fec47800 DEOPT PACKING pc=0x000001c0903360d0 sp=0x00000034c5bfe430
Event: 26.061 Thread 0x000001c0fec47800 DEOPT UNPACKING pc=0x000001c0886ca1af sp=0x00000034c5bfe350 mode 2
Event: 26.139 Thread 0x000001c0fec47800 DEOPT PACKING pc=0x000001c0892d421f sp=0x00000034c5bfe210
Event: 26.139 Thread 0x000001c0fec47800 DEOPT UNPACKING pc=0x000001c0886ca95e sp=0x00000034c5bfd6a0 mode 0
Event: 26.181 Thread 0x000001c0fec47800 DEOPT PACKING pc=0x000001c0892e65eb sp=0x00000034c5bfe3c0
Event: 26.181 Thread 0x000001c0fec47800 DEOPT UNPACKING pc=0x000001c0886ca95e sp=0x00000034c5bfd878 mode 0
Event: 26.262 Thread 0x000001c0fec46800 DEOPT PACKING pc=0x000001c0892f254b sp=0x00000034c52fe360
Event: 26.262 Thread 0x000001c0fec46800 DEOPT UNPACKING pc=0x000001c0886ca95e sp=0x00000034c52fd8f8 mode 0

Classes redefined (0 events):
No events

Internal exceptions (20 events):
Event: 24.337 Thread 0x000001c0f8074000 Exception <a 'java/lang/NoSuchMethodError'{0x00000000cd4395a0}: 'java.lang.Object java.lang.invoke.Invokers$Holder.linkToTargetMethod(java.lang.Object, java.lang.Object, int, java.lang.Object)'> (0x00000000cd4395a0) thrown at [./src/hotspot/share/interpreter/linkResolver.cpp, line 773]
Event: 24.465 Thread 0x000001c0fe5f3800 Implicit null exception at 0x000001c0902058ef to 0x000001c090205998
Event: 24.742 Thread 0x000001c0f8074000 Exception <a 'java/lang/NoSuchMethodError'{0x00000000cc1f9e30}: 'java.lang.Object java.lang.invoke.DirectMethodHandle$Holder.invokeStaticInit(java.lang.Object, java.lang.Object, java.lang.Object)'> (0x00000000cc1f9e30) thrown at [./src/hotspot/share/interpreter/linkResolver.cpp, line 773]
Event: 24.769 Thread 0x000001c0f8074000 Exception <a 'java/lang/NoSuchMethodError'{0x00000000cc0a2230}: 'java.lang.Object java.lang.invoke.DirectMethodHandle$Holder.invokeStatic(java.lang.Object, int, java.lang.Object, java.lang.Object)'> (0x00000000cc0a2230) thrown at [./src/hotspot/share/interpreter/linkResolver.cpp, line 773]
Event: 25.263 Thread 0x000001c0fec47800 Exception <a 'java/lang/NoSuchMethodError'{0x00000000cc7f5f28}: 'int java.lang.invoke.DirectMethodHandle$Holder.invokeVirtual(java.lang.Object, java.lang.Object, java.lang.Object)'> (0x00000000cc7f5f28) thrown at [./src/hotspot/share/interpreter/linkResolver.cpp, line 773]
Event: 25.263 Thread 0x000001c0fe5f3800 Exception <a 'java/lang/NoSuchMethodError'{0x00000000cc7956f8}: 'int java.lang.invoke.DirectMethodHandle$Holder.invokeVirtual(java.lang.Object, java.lang.Object, java.lang.Object)'> (0x00000000cc7956f8) thrown at [./src/hotspot/share/interpreter/linkResolver.cpp, line 773]
Event: 25.272 Thread 0x000001c0fec47800 Exception <a 'java/lang/NoSuchMethodError'{0x00000000cc5234d8}: 'java.lang.Object java.lang.invoke.Invokers$Holder.linkToTargetMethod(java.lang.Object, java.lang.Object, java.lang.Object, java.lang.Object, java.lang.Object, java.lang.Object, java.lang.Object)'> (0x00000000cc5234d8) thrown at [./src/hotspot/share/interpreter/linkResolver.cpp, line 773]
Event: 25.293 Thread 0x000001c0fe5f3800 Exception <a 'java/lang/NoSuchMethodError'{0x00000000cc5cfa20}: 'int java.lang.invoke.DirectMethodHandle$Holder.invokeSpecial(java.lang.Object, java.lang.Object, java.lang.Object, java.lang.Object, java.lang.Object)'> (0x00000000cc5cfa20) thrown at [./src/hotspot/share/interpreter/linkResolver.cpp, line 773]
Event: 25.318 Thread 0x000001c0fe5f3800 Exception <a 'java/lang/IncompatibleClassChangeError'{0x00000000cc458078}: Found class java.lang.Object, but interface was expected> (0x00000000cc458078) thrown at [./src/hotspot/share/interpreter/linkResolver.cpp, line 839]
Event: 25.361 Thread 0x000001c0fec47800 Exception <a 'java/lang/NoSuchMethodError'{0x00000000cc3c45e8}: 'java.lang.Object java.lang.invoke.Invokers$Holder.linkToTargetMethod(java.lang.Object, java.lang.Object, java.lang.Object, java.lang.Object, java.lang.Object, java.lang.Object)'> (0x00000000cc3c45e8) thrown at [./src/hotspot/share/interpreter/linkResolver.cpp, line 773]
Event: 25.361 Thread 0x000001c0fec46800 Exception <a 'java/lang/NoSuchMethodError'{0x00000000cc33d798}: 'java.lang.Object java.lang.invoke.Invokers$Holder.linkToTargetMethod(java.lang.Object, java.lang.Object, java.lang.Object, java.lang.Object, java.lang.Object, java.lang.Object)'> (0x00000000cc33d798) thrown at [./src/hotspot/share/interpreter/linkResolver.cpp, line 773]
Event: 25.372 Thread 0x000001c0fe5f3800 Exception <a 'java/lang/NoSuchMethodError'{0x00000000cc3a78f0}: 'java.lang.Object java.lang.invoke.DirectMethodHandle$Holder.invokeSpecialIFC(java.lang.Object, java.lang.Object, java.lang.Object, java.lang.Object)'> (0x00000000cc3a78f0) thrown at [./src/hotspot/share/interpreter/linkResolver.cpp, line 773]
Event: 25.401 Thread 0x000001c0fec45800 Exception <a 'java/lang/NoSuchMethodError'{0x00000000cc1fde20}: 'java.lang.Object java.lang.invoke.DirectMethodHandle$Holder.invokeInterface(java.lang.Object, java.lang.Object, java.lang.Object)'> (0x00000000cc1fde20) thrown at [./src/hotspot/share/interpreter/linkResolver.cpp, line 773]
Event: 25.401 Thread 0x000001c0fec46800 Exception <a 'java/lang/NoSuchMethodError'{0x00000000cc18d4d0}: 'java.lang.Object java.lang.invoke.DirectMethodHandle$Holder.invokeInterface(java.lang.Object, java.lang.Object, java.lang.Object)'> (0x00000000cc18d4d0) thrown at [./src/hotspot/share/interpreter/linkResolver.cpp, line 773]
Event: 25.401 Thread 0x000001c0fec47800 Exception <a 'java/lang/NoSuchMethodError'{0x00000000cc1941c8}: 'java.lang.Object java.lang.invoke.DirectMethodHandle$Holder.invokeInterface(java.lang.Object, java.lang.Object, java.lang.Object)'> (0x00000000cc1941c8) thrown at [./src/hotspot/share/interpreter/linkResolver.cpp, line 773]
Event: 25.655 Thread 0x000001c0fec46800 Exception <a 'java/lang/NoSuchMethodError'{0x00000000cdb06730}: 'java.lang.Object java.lang.invoke.DirectMethodHandle$Holder.invokeInterface(java.lang.Object, java.lang.Object, int)'> (0x00000000cdb06730) thrown at [./src/hotspot/share/interpreter/linkResolver.cpp, line 773]
Event: 25.766 Thread 0x000001c0fec45800 Exception <a 'java/lang/NoSuchMethodError'{0x00000000cce17200}: 'int java.lang.invoke.DirectMethodHandle$Holder.invokeStatic(java.lang.Object, java.lang.Object, int, java.lang.Object)'> (0x00000000cce17200) thrown at [./src/hotspot/share/interpreter/linkResolver.cpp, line 773]
Event: 25.768 Thread 0x000001c0fec45800 Exception <a 'java/lang/NoSuchMethodError'{0x00000000cce1dee0}: 'java.lang.Object java.lang.invoke.Invokers$Holder.linkToTargetMethod(java.lang.Object, int, java.lang.Object)'> (0x00000000cce1dee0) thrown at [./src/hotspot/share/interpreter/linkResolver.cpp, line 773]
Event: 25.774 Thread 0x000001c0fe5f3800 Exception <a 'java/lang/NoSuchMethodError'{0x00000000ccc1be70}: 'java.lang.Object java.lang.invoke.DirectMethodHandle$Holder.invokeStatic(java.lang.Object, java.lang.Object, java.lang.Object, java.lang.Object, int)'> (0x00000000ccc1be70) thrown at [./src/hotspot/share/interpreter/linkResolver.cpp, line 773]
Event: 25.776 Thread 0x000001c0fe5f3800 Exception <a 'java/lang/NoSuchMethodError'{0x00000000ccc1f878}: 'java.lang.Object java.lang.invoke.DirectMethodHandle$Holder.invokeSpecial(java.lang.Object, java.lang.Object, java.lang.Object, java.lang.Object, java.lang.Object, int)'> (0x00000000ccc1f878) thrown at [./src/hotspot/share/interpreter/linkResolver.cpp, line 773]

Events (20 events):
Event: 26.191 loading class com/android/tools/r8/code/A3 done
Event: 26.191 loading class com/android/tools/r8/code/t
Event: 26.191 loading class com/android/tools/r8/code/t done
Event: 26.192 loading class com/android/tools/r8/code/r
Event: 26.192 loading class com/android/tools/r8/code/r done
Event: 26.193 loading class com/android/tools/r8/code/v
Event: 26.193 loading class com/android/tools/r8/code/v done
Event: 26.193 loading class com/android/tools/r8/code/u
Event: 26.193 loading class com/android/tools/r8/code/u done
Event: 26.193 loading class com/android/tools/r8/code/w
Event: 26.193 loading class com/android/tools/r8/code/w done
Event: 26.195 Executing VM operation: ICBufferFull
Event: 26.196 Executing VM operation: ICBufferFull done
Event: 26.196 loading class com/android/tools/r8/code/s
Event: 26.196 loading class com/android/tools/r8/code/s done
Event: 26.245 Executing VM operation: CGC_Operation
Event: 26.246 Executing VM operation: CGC_Operation done
Event: 26.283 Executing VM operation: ICBufferFull
Event: 26.284 Executing VM operation: ICBufferFull done
Event: 26.292 Executing VM operation: G1CollectForAllocation


Dynamic libraries:
0x00007ff798690000 - 0x00007ff79869d000 	C:\Program Files\Microsoft\jdk-11.0.16.101-hotspot\bin\java.exe
0x00007ffefa290000 - 0x00007ffefa488000 	C:\WINDOWS\SYSTEM32\ntdll.dll
0x00007ffef97e0000 - 0x00007ffef989f000 	C:\WINDOWS\System32\KERNEL32.DLL
0x00007ffef79d0000 - 0x00007ffef7caa000 	C:\WINDOWS\System32\KERNELBASE.dll
0x00007ffef7cb0000 - 0x00007ffef7db0000 	C:\WINDOWS\System32\ucrtbase.dll
0x00007ffecd300000 - 0x00007ffecd315000 	C:\Program Files\Microsoft\jdk-11.0.16.101-hotspot\bin\VCRUNTIME140.dll
0x00007ffecd090000 - 0x00007ffecd0a7000 	C:\Program Files\Microsoft\jdk-11.0.16.101-hotspot\bin\jli.dll
0x00007ffefa050000 - 0x00007ffefa1ed000 	C:\WINDOWS\System32\USER32.dll
0x00007ffef79a0000 - 0x00007ffef79c2000 	C:\WINDOWS\System32\win32u.dll
0x00007ffef8930000 - 0x00007ffef895b000 	C:\WINDOWS\System32\GDI32.dll
0x00007ffef7f60000 - 0x00007ffef8070000 	C:\WINDOWS\System32\gdi32full.dll
0x00007ffef8070000 - 0x00007ffef810d000 	C:\WINDOWS\System32\msvcp_win.dll
0x00007ffee5c60000 - 0x00007ffee5efa000 	C:\WINDOWS\WinSxS\amd64_microsoft.windows.common-controls_6595b64144ccf1df_6.0.19041.1110_none_60b5254171f9507e\COMCTL32.dll
0x00007ffef89c0000 - 0x00007ffef8a5e000 	C:\WINDOWS\System32\msvcrt.dll
0x00007ffef8900000 - 0x00007ffef8930000 	C:\WINDOWS\System32\IMM32.DLL
0x00007ffeccff0000 - 0x00007ffecd08b000 	C:\Program Files\Microsoft\jdk-11.0.16.101-hotspot\bin\msvcp140.dll
0x00007ffe1a4c0000 - 0x00007ffe1b04a000 	C:\Program Files\Microsoft\jdk-11.0.16.101-hotspot\bin\server\jvm.dll
0x00007ffef9630000 - 0x00007ffef96de000 	C:\WINDOWS\System32\ADVAPI32.dll
0x00007ffef9740000 - 0x00007ffef97dc000 	C:\WINDOWS\System32\sechost.dll
0x00007ffef9910000 - 0x00007ffef9a36000 	C:\WINDOWS\System32\RPCRT4.dll
0x00007ffef8470000 - 0x00007ffef8478000 	C:\WINDOWS\System32\PSAPI.DLL
0x00007ffed58e0000 - 0x00007ffed58e9000 	C:\WINDOWS\SYSTEM32\WSOCK32.dll
0x00007ffeeff30000 - 0x00007ffeeff3a000 	C:\WINDOWS\SYSTEM32\VERSION.dll
0x00007ffeeed50000 - 0x00007ffeeed77000 	C:\WINDOWS\SYSTEM32\WINMM.dll
0x00007ffef98a0000 - 0x00007ffef990b000 	C:\WINDOWS\System32\WS2_32.dll
0x00007ffef5760000 - 0x00007ffef5772000 	C:\WINDOWS\SYSTEM32\kernel.appcore.dll
0x00007ffeeb2f0000 - 0x00007ffeeb300000 	C:\Program Files\Microsoft\jdk-11.0.16.101-hotspot\bin\verify.dll
0x00007ffef0df0000 - 0x00007ffef0fd4000 	C:\WINDOWS\SYSTEM32\DBGHELP.DLL
0x00007ffee2100000 - 0x00007ffee2134000 	C:\WINDOWS\SYSTEM32\dbgcore.DLL
0x00007ffef8260000 - 0x00007ffef82e2000 	C:\WINDOWS\System32\bcryptPrimitives.dll
0x00007ffeccfc0000 - 0x00007ffeccfe8000 	C:\Program Files\Microsoft\jdk-11.0.16.101-hotspot\bin\java.dll
0x00007ffecd2d0000 - 0x00007ffecd2da000 	C:\Program Files\Microsoft\jdk-11.0.16.101-hotspot\bin\jimage.dll
0x00007ffeccfa0000 - 0x00007ffeccfb8000 	C:\Program Files\Microsoft\jdk-11.0.16.101-hotspot\bin\zip.dll
0x00007ffef8e60000 - 0x00007ffef95a4000 	C:\WINDOWS\System32\SHELL32.dll
0x00007ffef5a40000 - 0x00007ffef61d3000 	C:\WINDOWS\SYSTEM32\windows.storage.dll
0x00007ffef85a0000 - 0x00007ffef88f4000 	C:\WINDOWS\System32\combase.dll
0x00007ffef7240000 - 0x00007ffef726e000 	C:\WINDOWS\SYSTEM32\Wldp.dll
0x00007ffef9b10000 - 0x00007ffef9bbd000 	C:\WINDOWS\System32\SHCORE.dll
0x00007ffef8960000 - 0x00007ffef89b5000 	C:\WINDOWS\System32\shlwapi.dll
0x00007ffef78e0000 - 0x00007ffef78ff000 	C:\WINDOWS\SYSTEM32\profapi.dll
0x00007ffeccf80000 - 0x00007ffeccf99000 	C:\Program Files\Microsoft\jdk-11.0.16.101-hotspot\bin\net.dll
0x00007ffef2cb0000 - 0x00007ffef2dba000 	C:\WINDOWS\SYSTEM32\WINHTTP.dll
0x00007ffef7020000 - 0x00007ffef708a000 	C:\WINDOWS\system32\mswsock.dll
0x00007ffeccf60000 - 0x00007ffeccf73000 	C:\Program Files\Microsoft\jdk-11.0.16.101-hotspot\bin\nio.dll

dbghelp: loaded successfully - version: 4.0.5 - missing functions: none
symbol engine: initialized successfully - sym options: 0x614 - pdb path: .;C:\Program Files\Microsoft\jdk-11.0.16.101-hotspot\bin;C:\WINDOWS\SYSTEM32;C:\WINDOWS\WinSxS\amd64_microsoft.windows.common-controls_6595b64144ccf1df_6.0.19041.1110_none_60b5254171f9507e;C:\Program Files\Microsoft\jdk-11.0.16.101-hotspot\bin\server

VM Arguments:
jvm_args: -Xmx1G 
java_command: com.android.tools.r8.D8 --debug --min-api 21 --output obj\Debug\130\android\bin\ --lib C:\Program Files (x86)\Android\android-sdk\platforms\android-33\android.jar obj\Debug\130\android\bin\classes.zip C:\Program Files\Microsoft Visual Studio\2022\Community\Common7\IDE\ReferenceAssemblies\Microsoft\Framework\MonoAndroid\v13.0\mono.android.jar C:\Program Files\Microsoft Visual Studio\2022\Community\MSBuild\Xamarin\Android\java_runtime_fastdev.jar C:\Users\User\.nuget\packages\xamarin.google.guava.listenablefuture\1.0.0.2\buildTransitive\monoandroid50\guava-listenablefuture.jar C:\Users\User\.nuget\packages\xamarin.androidx.annotation\1.2.0.1\buildTransitive\monoandroid90\..\..\jar\androidx.annotation.annotation.jar C:\Users\User\.nuget\packages\xamarin.androidx.collection\1.1.0.8\buildTransitive\monoandroid90\..\..\jar\androidx.collection.collection.jar C:\Users\User\.nuget\packages\xamarin.androidx.lifecycle.common\2.3.1.1\buildTransitive\monoandroid90\..\..\jar\androidx.lifecycle.lifecycle-common.jar C:\Users\User\.nuget\packages\xamarin.androidx.arch.core.common\2.1.0.9\buildTransitive\monoandroid90\..\..\jar\androidx.arch.core.core-common.jar C:\Users\User\.nuget\packages\xamarin.androidx.constraintlayout.core\1.0.0\buildTransitive\monoandroid90\..\..\jar\androidx.constraintlayout.constraintlayout-core.jar C:\Users\User\.nuget\packages\xamarin.androidx.concurrent.futures\1.1.0.3\buildTransitive\monoandroid90\..\..\jar\androidx.concurrent.concurrent-futures.jar obj\Debug\130\lp\0\jl\formsviewgroup.jar obj\Debug\130\lp\100\jl\classes.jar obj\Debug\130\lp\101\jl\classes.jar obj\Debug\130\lp\102\jl\classes.jar obj\Debug\130\lp\103\jl\classes.jar obj\Debug\130\lp\105\jl\classes.jar obj\Debug\130\lp\60\jl\classes.jar obj\Debug\130\lp\61\jl\classes.jar obj\Debug\130\lp\62\jl\classes.jar obj\Debug\130\lp\63\jl\classes.jar obj\Debug\130\lp\64\jl\classes.jar obj\Debug\130\lp\65\jl\classes.jar obj\Debug\130\lp\66\jl\classes.jar obj\Debug\130\lp\67\jl\classes.
java_class_path (initial): C:\Program Files\Microsoft Visual Studio\2022\Community\MSBuild\Xamarin\Android\r8.jar
Launcher Type: SUN_STANDARD

[Global flags]
     intx CICompilerCount                          = 4                                         {product} {ergonomic}
     uint ConcGCThreads                            = 2                                         {product} {ergonomic}
     uint G1ConcRefinementThreads                  = 8                                         {product} {ergonomic}
   size_t G1HeapRegionSize                         = 1048576                                   {product} {ergonomic}
    uintx GCDrainStackTargetSize                   = 64                                        {product} {ergonomic}
   size_t InitialHeapSize                          = 234881024                                 {product} {ergonomic}
   size_t MarkStackSize                            = 4194304                                   {product} {ergonomic}
   size_t MaxHeapSize                              = 1073741824                                {product} {command line}
   size_t MaxNewSize                               = 643825664                                 {product} {ergonomic}
   size_t MinHeapDeltaBytes                        = 1048576                                   {product} {ergonomic}
    uintx NonNMethodCodeHeapSize                   = 5836300                                {pd product} {ergonomic}
    uintx NonProfiledCodeHeapSize                  = 122910970                              {pd product} {ergonomic}
    uintx ProfiledCodeHeapSize                     = 122910970                              {pd product} {ergonomic}
    uintx ReservedCodeCacheSize                    = 251658240                              {pd product} {ergonomic}
     bool SegmentedCodeCache                       = true                                      {product} {ergonomic}
     bool UseCompressedClassPointers               = true                                 {lp64_product} {ergonomic}
     bool UseCompressedOops                        = true                                 {lp64_product} {ergonomic}
     bool UseG1GC                                  = true                                      {product} {ergonomic}
     bool UseLargePagesIndividualAllocation        = false                                  {pd product} {ergonomic}

Logging:
Log output configuration:
 #0: stdout all=warning uptime,level,tags
 #1: stderr all=off uptime,level,tags

Environment Variables:
PATH=C:\Program Files\Microsoft\jdk-11.0.16.101-hotspot\bin;C:\Program Files\Common Files\Oracle\Java\javapath;C:\ProgramData\Oracle\Java\javapath;C:\Users\User\AppData\Local\Programs\Python\Python39\Scripts\;C:\Users\User\AppData\Local\Programs\Python\Python39\;C:\Program Files (x86)\Common Files\Oracle\Java\javapath;C:\Program Files\Python39\Scripts\;C:\Program Files\Python39\;C:\WINDOWS\system32;C:\WINDOWS;C:\WINDOWS\System32\Wbem;C:\WINDOWS\System32\WindowsPowerShell\v1.0\;C:\WINDOWS\System32\OpenSSH\;C:\Program Files\Microsoft SQL Server\Client SDK\ODBC\130\Tools\Binn\;C:\Program Files\Azure Data Studio\bin;C:\Program Files (x86)\Rational\common;C:\Program Files\Microsoft SQL Server\Client SDK\ODBC\170\Tools\Binn\;C:\Program Files (x86)\Microsoft SQL Server\150\Tools\Binn\;C:\Program Files\Microsoft SQL Server\150\Tools\Binn\;C:\Program Files\Microsoft SQL Server\150\DTS\Binn\;C:\Program Files\Microsoft SQL Server\130\Tools\Binn\;C:\Program Files (x86)\Microsoft SQL Server\160\DTS\Binn\;C:\xampp\php;C:\ProgramData\ComposerSetup\bin;C:\Program Files\Git\cmd;C:\Program Files\dotnet\;C:\Program Files\MySQL\MySQL Shell 8.0\bin\;C:\Users\User\AppData\Local\Microsoft\WindowsApps;;C:\Program Files\Azure Data Studio\bin;C:\Users\User\AppData\Local\Programs\Microsoft VS Code\bin;C:\Users\User\AppData\Roaming\Composer\vendor\bin;C:\Users\User\.dotnet\tools
USERNAME=User
OS=Windows_NT
PROCESSOR_IDENTIFIER=AMD64 Family 23 Model 24 Stepping 1, AuthenticAMD
TMP=C:\Users\User\AppData\Local\Temp
TEMP=C:\Users\User\AppData\Local\Temp



---------------  S Y S T E M  ---------------

OS: Windows 10 , 64 bit Build 19041 (10.0.19041.2788)
OS uptime: 0 days 9:24 hours
Hyper-V role detected

CPU:total 8 (initial active 8) (8 cores per cpu, 2 threads per core) family 23 model 24 stepping 1 microcode 0x0, cmov, cx8, fxsr, mmx, sse, sse2, sse3, ssse3, sse4.1, sse4.2, popcnt, avx, avx2, aes, clmul, mmxext, 3dnowpref, lzcnt, sse4a, ht, tsc, tscinvbit, tscinv, bmi1, bmi2, adx, sha, fma

Memory: 4k page, system-wide physical 14277M (2142M free)
TotalPageFile size 16325M (AvailPageFile size 111M)
current process WorkingSet (physical memory assigned to process): 348M, peak: 350M
current process commit charge ("private bytes"): 399M, peak: 516M

vm_info: OpenJDK 64-Bit Server VM (11.0.16.1+1-LTS) for windows-amd64 JRE (11.0.16.1+1-LTS), built on Aug 20 2022 20:09:04 by "" with MS VC++ 15.9 (VS2017)

END.
