#
# There is insufficient memory for the Java Runtime Environment to continue.
# Native memory allocation (mmap) failed to map 128974848 bytes for Failed to commit area from 0x000000072ee00000 to 0x0000000736900000 of length 128974848.
# Possible reasons:
#   The system is out of physical RAM or swap space
#   The process is running with CompressedOops enabled, and the Java Heap may be blocking the growth of the native heap
# Possible solutions:
#   Reduce memory load on the system
#   Increase physical memory or swap space
#   Check if swap backing store is full
#   Decrease Java heap size (-Xmx/-Xms)
#   Decrease number of Java threads
#   Decrease Java thread stack sizes (-Xss)
#   Set larger code cache with -XX:ReservedCodeCacheSize=
#   JVM is running with Zero Based Compressed Oops mode in which the Java heap is
#     placed in the first 32GB address space. The Java Heap base address is the
#     maximum limit for the native heap growth. Please use -XX:HeapBaseMinAddress
#     to set the Java Heap base and to place the Java Heap above 32GB virtual address.
# This output file may be truncated or incomplete.
#
#  Out of Memory Error (./src/hotspot/os/windows/os_windows.cpp:3386), pid=9104, tid=18660
#
# JRE version: OpenJDK Runtime Environment Microsoft-40648 (11.0.16.1+1) (build 11.0.16.1+1-LTS)
# Java VM: OpenJDK 64-Bit Server VM Microsoft-40648 (11.0.16.1+1-LTS, mixed mode, tiered, compressed oops, g1 gc, windows-amd64)
# No core dump will be written. Minidumps are not enabled by default on client versions of Windows
#

---------------  S U M M A R Y ------------

Command Line: com.xamarin.manifestmerger.Main obj\Debug\130\android\manifestmerger.rsp

Host: AMD Ryzen 5 3400G with Radeon Vega Graphics    , 8 cores, 13G,  Windows 10 , 64 bit Build 19041 (10.0.19041.2788)
Time: Mon May  1 20:04:15 2023 Hora est. Pacífico, Sudamérica elapsed time: 1.022316 seconds (0d 0h 0m 1s)

---------------  T H R E A D  ---------------

Current thread (0x00000287b1439800):  VMThread "VM Thread" [stack: 0x000000fc77e00000,0x000000fc77f00000] [id=18660]

Stack: [0x000000fc77e00000,0x000000fc77f00000]
[error occurred during error reporting (printing stack bounds), id 0xc0000005, EXCEPTION_ACCESS_VIOLATION (0xc0000005) at pc=0x000002879618112d]

Native frames: (J=compiled Java code, j=interpreted, Vv=VM code, C=native code)
V  [jvm.dll+0x62652a]
V  [jvm.dll+0x7b3249]
V  [jvm.dll+0x7b4938]
V  [jvm.dll+0x7b4f75]
V  [jvm.dll+0x7b4f2b]
V  [jvm.dll+0x6258b7]
V  [jvm.dll+0x625fc8]
C  [ntdll.dll+0xa23df]
C  [ntdll.dll+0x514a4]
C  [ntdll.dll+0xa0f0e]
C  0x000002879618112d

VM_Operation (0x000000fc778fbfb0): G1CollectForAllocation, mode: safepoint, requested by thread 0x000002878c24b000


---------------  P R O C E S S  ---------------

Threads class SMR info:
_java_thread_list=0x00000287b16219c0, length=12, elements={
0x000002878c24b000, 0x00000287b145b800, 0x00000287b1464800, 0x00000287b14c8000,
0x00000287b14ca000, 0x00000287b1471000, 0x00000287b1474800, 0x00000287b147a000,
0x00000287b147d000, 0x00000287b1643000, 0x00000287b163e000, 0x00000287b1640000
}

Java Threads: ( => current thread )
  0x000002878c24b000 JavaThread "main" [_thread_blocked, id=20296, stack(0x000000fc77800000,0x000000fc77900000)]
  0x00000287b145b800 JavaThread "Reference Handler" daemon [_thread_blocked, id=19200, stack(0x000000fc77f00000,0x000000fc78000000)]
  0x00000287b1464800 JavaThread "Finalizer" daemon [_thread_blocked, id=19412, stack(0x000000fc78000000,0x000000fc78100000)]
  0x00000287b14c8000 JavaThread "Signal Dispatcher" daemon [_thread_blocked, id=648, stack(0x000000fc78100000,0x000000fc78200000)]
  0x00000287b14ca000 JavaThread "Attach Listener" daemon [_thread_blocked, id=1084, stack(0x000000fc78200000,0x000000fc78300000)]
  0x00000287b1471000 JavaThread "Service Thread" daemon [_thread_blocked, id=11232, stack(0x000000fc78300000,0x000000fc78400000)]
  0x00000287b1474800 JavaThread "C2 CompilerThread0" daemon [_thread_blocked, id=14528, stack(0x000000fc78400000,0x000000fc78500000)]
  0x00000287b147a000 JavaThread "C1 CompilerThread0" daemon [_thread_blocked, id=19464, stack(0x000000fc78500000,0x000000fc78600000)]
  0x00000287b147d000 JavaThread "Sweeper thread" daemon [_thread_blocked, id=14652, stack(0x000000fc78600000,0x000000fc78700000)]
  0x00000287b1643000 JavaThread "Common-Cleaner" daemon [_thread_blocked, id=13020, stack(0x000000fc78800000,0x000000fc78900000)]
  0x00000287b163e000 JavaThread "C2 CompilerThread1" daemon [_thread_blocked, id=8072, stack(0x000000fc78900000,0x000000fc78a00000)]
  0x00000287b1640000 JavaThread "C2 CompilerThread2" daemon [_thread_blocked, id=3216, stack(0x000000fc78a00000,0x000000fc78b00000)]

Other Threads:
=>0x00000287b1439800 VMThread "VM Thread" [stack: 0x000000fc77e00000,0x000000fc77f00000] [id=18660]
  0x00000287b1639800 WatcherThread [stack: 0x000000fc78700000,0x000000fc78800000] [id=18136]
  0x000002878c261800 GCTaskThread "GC Thread#0" [stack: 0x000000fc77900000,0x000000fc77a00000] [id=13576]
  0x00000287b21c7000 GCTaskThread "GC Thread#1" [stack: 0x000000fc78b00000,0x000000fc78c00000] [id=17580]
  0x00000287b171d000 GCTaskThread "GC Thread#2" [stack: 0x000000fc78c00000,0x000000fc78d00000] [id=4148]
  0x00000287b16d4800 GCTaskThread "GC Thread#3" [stack: 0x000000fc78d00000,0x000000fc78e00000] [id=17652]
  0x00000287b163f000 GCTaskThread "GC Thread#4" [stack: 0x000000fc78e00000,0x000000fc78f00000] [id=15880]
  0x000002878c2b4800 ConcurrentGCThread "G1 Main Marker" [stack: 0x000000fc77a00000,0x000000fc77b00000] [id=16820]
  0x000002878c2b8000 ConcurrentGCThread "G1 Conc#0" [stack: 0x000000fc77b00000,0x000000fc77c00000] [id=13100]
  0x00000287b0a97000 ConcurrentGCThread "G1 Refine#0" [stack: 0x000000fc77c00000,0x000000fc77d00000] [id=12608]
  0x00000287b1f55000 ConcurrentGCThread "G1 Refine#1" [stack: 0x000000fc78f00000,0x000000fc79000000] [id=15324]
  0x00000287b1a10000 ConcurrentGCThread "G1 Refine#2" [stack: 0x000000fc79000000,0x000000fc79100000] [id=10876]
  0x00000287b1ef1000 ConcurrentGCThread "G1 Refine#3" [stack: 0x000000fc79100000,0x000000fc79200000] [id=2160]
  0x00000287b1ef1800 ConcurrentGCThread "G1 Refine#4" [stack: 0x000000fc79200000,0x000000fc79300000] [id=3648]
  0x00000287b1ee3000 ConcurrentGCThread "G1 Refine#5" [stack: 0x000000fc79300000,0x000000fc79400000] [id=5740]
  0x00000287b1ee6000 ConcurrentGCThread "G1 Refine#6" [stack: 0x000000fc79400000,0x000000fc79500000] [id=16496]
  0x00000287b0a98000 ConcurrentGCThread "G1 Young RemSet Sampling" [stack: 0x000000fc77d00000,0x000000fc77e00000] [id=14600]

Threads with active compile tasks:

VM state:at safepoint (normal execution)

VM Mutex/Monitor currently owned by a thread:  ([mutex/lock_event])
[0x000002878c2475b0] Threads_lock - owner thread: 0x00000287b1439800
[0x000002878c2479a0] Heap_lock - owner thread: 0x000002878c24b000

Heap address: 0x0000000720e00000, size: 3570 MB, Compressed Oops mode: Zero based, Oop shift amount: 3
Narrow klass base: 0x0000000800000000, Narrow klass shift: 0
Compressed class space size: 1073741824 Address: 0x0000000800000000

Heap:
 garbage-first heap   total 355328K, used 73047K [0x0000000720e00000, 0x0000000800000000)
  region size 1024K, 9 young (9216K), 9 survivors (9216K)
 Metaspace       used 10174K, capacity 10385K, committed 10496K, reserved 1058816K
  class space    used 942K, capacity 1015K, committed 1024K, reserved 1048576K
Heap Regions: E=young(eden), S=young(survivor), O=old, HS=humongous(starts), HC=humongous(continues), CS=collection set, F=free, A=archive, TAMS=top-at-mark-start (previous, next)
|   0|0x0000000720e00000, 0x0000000720f00000, 0x0000000720f00000|100%|HS|  |TAMS 0x0000000720e00000, 0x0000000720e00000| Complete 
|   1|0x0000000720f00000, 0x0000000721000000, 0x0000000721000000|100%|HC|  |TAMS 0x0000000720f00000, 0x0000000720f00000| Complete 
|   2|0x0000000721000000, 0x0000000721100000, 0x0000000721100000|100%|HC|  |TAMS 0x0000000721000000, 0x0000000721000000| Complete 
|   3|0x0000000721100000, 0x0000000721200000, 0x0000000721200000|100%| O|  |TAMS 0x0000000721100000, 0x0000000721100000| Untracked 
|   4|0x0000000721200000, 0x0000000721300000, 0x0000000721300000|100%| O|  |TAMS 0x0000000721200000, 0x0000000721200000| Untracked 
|   5|0x0000000721300000, 0x0000000721400000, 0x0000000721400000|100%| O|  |TAMS 0x0000000721300000, 0x0000000721300000| Untracked 
|   6|0x0000000721400000, 0x0000000721500000, 0x0000000721500000|100%|HS|  |TAMS 0x0000000721400000, 0x0000000721400000| Complete 
|   7|0x0000000721500000, 0x0000000721600000, 0x0000000721600000|100%|HC|  |TAMS 0x0000000721500000, 0x0000000721500000| Complete 
|   8|0x0000000721600000, 0x0000000721700000, 0x0000000721700000|100%|HC|  |TAMS 0x0000000721600000, 0x0000000721600000| Complete 
|   9|0x0000000721700000, 0x0000000721800000, 0x0000000721800000|100%|HS|  |TAMS 0x0000000721700000, 0x0000000721700000| Complete 
|  10|0x0000000721800000, 0x0000000721900000, 0x0000000721900000|100%|HC|  |TAMS 0x0000000721800000, 0x0000000721800000| Complete 
|  11|0x0000000721900000, 0x0000000721a00000, 0x0000000721a00000|100%|HC|  |TAMS 0x0000000721900000, 0x0000000721900000| Complete 
|  12|0x0000000721a00000, 0x0000000721b00000, 0x0000000721b00000|100%| O|  |TAMS 0x0000000721a00000, 0x0000000721a00000| Untracked 
|  13|0x0000000721b00000, 0x0000000721c00000, 0x0000000721c00000|100%| O|  |TAMS 0x0000000721b00000, 0x0000000721b00000| Untracked 
|  14|0x0000000721c00000, 0x0000000721d00000, 0x0000000721d00000|100%| O|  |TAMS 0x0000000721c00000, 0x0000000721c00000| Untracked 
|  15|0x0000000721d00000, 0x0000000721e00000, 0x0000000721e00000|100%| O|  |TAMS 0x0000000721d00000, 0x0000000721d00000| Untracked 
|  16|0x0000000721e00000, 0x0000000721f00000, 0x0000000721f00000|100%| O|  |TAMS 0x0000000721e00000, 0x0000000721e00000| Untracked 
|  17|0x0000000721f00000, 0x0000000722000000, 0x0000000722000000|100%| O|  |TAMS 0x0000000721f00000, 0x0000000721f00000| Untracked 
|  18|0x0000000722000000, 0x0000000722100000, 0x0000000722100000|100%| O|  |TAMS 0x0000000722000000, 0x0000000722000000| Untracked 
|  19|0x0000000722100000, 0x0000000722200000, 0x0000000722200000|100%| O|  |TAMS 0x0000000722100000, 0x0000000722100000| Untracked 
|  20|0x0000000722200000, 0x0000000722300000, 0x0000000722300000|100%|HS|  |TAMS 0x0000000722200000, 0x0000000722200000| Complete 
|  21|0x0000000722300000, 0x0000000722400000, 0x0000000722400000|100%|HC|  |TAMS 0x0000000722300000, 0x0000000722300000| Complete 
|  22|0x0000000722400000, 0x0000000722500000, 0x0000000722500000|100%|HC|  |TAMS 0x0000000722400000, 0x0000000722400000| Complete 
|  23|0x0000000722500000, 0x0000000722600000, 0x0000000722600000|100%| O|  |TAMS 0x0000000722500000, 0x0000000722500000| Untracked 
|  24|0x0000000722600000, 0x0000000722700000, 0x0000000722700000|100%| O|  |TAMS 0x0000000722600000, 0x0000000722600000| Untracked 
|  25|0x0000000722700000, 0x0000000722800000, 0x0000000722800000|100%| O|  |TAMS 0x0000000722700000, 0x0000000722700000| Untracked 
|  26|0x0000000722800000, 0x0000000722900000, 0x0000000722900000|100%| O|  |TAMS 0x0000000722800000, 0x0000000722800000| Untracked 
|  27|0x0000000722900000, 0x0000000722a00000, 0x0000000722a00000|100%| O|  |TAMS 0x0000000722900000, 0x0000000722900000| Untracked 
|  28|0x0000000722a00000, 0x0000000722b00000, 0x0000000722b00000|100%| O|  |TAMS 0x0000000722a00000, 0x0000000722a00000| Untracked 
|  29|0x0000000722b00000, 0x0000000722c00000, 0x0000000722c00000|100%| O|  |TAMS 0x0000000722b00000, 0x0000000722b00000| Untracked 
|  30|0x0000000722c00000, 0x0000000722d00000, 0x0000000722d00000|100%| O|  |TAMS 0x0000000722c00000, 0x0000000722c00000| Untracked 
|  31|0x0000000722d00000, 0x0000000722e00000, 0x0000000722e00000|100%| O|  |TAMS 0x0000000722d00000, 0x0000000722d00000| Untracked 
|  32|0x0000000722e00000, 0x0000000722e00000, 0x0000000722f00000|  0%| F|  |TAMS 0x0000000722e00000, 0x0000000722e00000| Untracked 
|  33|0x0000000722f00000, 0x0000000722f00000, 0x0000000723000000|  0%| F|  |TAMS 0x0000000722f00000, 0x0000000722f00000| Untracked 
|  34|0x0000000723000000, 0x0000000723000000, 0x0000000723100000|  0%| F|  |TAMS 0x0000000723000000, 0x0000000723000000| Untracked 
|  35|0x0000000723100000, 0x0000000723100000, 0x0000000723200000|  0%| F|  |TAMS 0x0000000723100000, 0x0000000723100000| Untracked 
|  36|0x0000000723200000, 0x0000000723200000, 0x0000000723300000|  0%| F|  |TAMS 0x0000000723200000, 0x0000000723200000| Untracked 
|  37|0x0000000723300000, 0x0000000723300000, 0x0000000723400000|  0%| F|  |TAMS 0x0000000723300000, 0x0000000723300000| Untracked 
|  38|0x0000000723400000, 0x0000000723500000, 0x0000000723500000|100%| O|  |TAMS 0x0000000723400000, 0x0000000723400000| Untracked 
|  39|0x0000000723500000, 0x0000000723600000, 0x0000000723600000|100%| O|  |TAMS 0x0000000723500000, 0x0000000723500000| Untracked 
|  40|0x0000000723600000, 0x0000000723700000, 0x0000000723700000|100%| O|  |TAMS 0x0000000723600000, 0x0000000723600000| Untracked 
|  41|0x0000000723700000, 0x0000000723800000, 0x0000000723800000|100%| O|  |TAMS 0x0000000723700000, 0x0000000723700000| Untracked 
|  42|0x0000000723800000, 0x0000000723900000, 0x0000000723900000|100%| O|  |TAMS 0x0000000723800000, 0x0000000723800000| Untracked 
|  43|0x0000000723900000, 0x0000000723a00000, 0x0000000723a00000|100%| O|  |TAMS 0x0000000723900000, 0x0000000723900000| Untracked 
|  44|0x0000000723a00000, 0x0000000723b00000, 0x0000000723b00000|100%| O|  |TAMS 0x0000000723a00000, 0x0000000723a00000| Untracked 
|  45|0x0000000723b00000, 0x0000000723c00000, 0x0000000723c00000|100%| O|  |TAMS 0x0000000723b00000, 0x0000000723b00000| Untracked 
|  46|0x0000000723c00000, 0x0000000723d00000, 0x0000000723d00000|100%| O|  |TAMS 0x0000000723c00000, 0x0000000723c00000| Untracked 
|  47|0x0000000723d00000, 0x0000000723e00000, 0x0000000723e00000|100%| O|  |TAMS 0x0000000723d00000, 0x0000000723d00000| Untracked 
|  48|0x0000000723e00000, 0x0000000723e00000, 0x0000000723f00000|  0%| F|  |TAMS 0x0000000723e00000, 0x0000000723e00000| Untracked 
|  49|0x0000000723f00000, 0x0000000723f00000, 0x0000000724000000|  0%| F|  |TAMS 0x0000000723f00000, 0x0000000723f00000| Untracked 
|  50|0x0000000724000000, 0x0000000724000000, 0x0000000724100000|  0%| F|  |TAMS 0x0000000724000000, 0x0000000724000000| Untracked 
|  51|0x0000000724100000, 0x0000000724100000, 0x0000000724200000|  0%| F|  |TAMS 0x0000000724100000, 0x0000000724100000| Untracked 
|  52|0x0000000724200000, 0x0000000724200000, 0x0000000724300000|  0%| F|  |TAMS 0x0000000724200000, 0x0000000724200000| Untracked 
|  53|0x0000000724300000, 0x0000000724300000, 0x0000000724400000|  0%| F|  |TAMS 0x0000000724300000, 0x0000000724300000| Untracked 
|  54|0x0000000724400000, 0x0000000724400000, 0x0000000724500000|  0%| F|  |TAMS 0x0000000724400000, 0x0000000724400000| Untracked 
|  55|0x0000000724500000, 0x0000000724500000, 0x0000000724600000|  0%| F|  |TAMS 0x0000000724500000, 0x0000000724500000| Untracked 
|  56|0x0000000724600000, 0x0000000724600000, 0x0000000724700000|  0%| F|  |TAMS 0x0000000724600000, 0x0000000724600000| Untracked 
|  57|0x0000000724700000, 0x0000000724700000, 0x0000000724800000|  0%| F|  |TAMS 0x0000000724700000, 0x0000000724700000| Untracked 
|  58|0x0000000724800000, 0x0000000724800000, 0x0000000724900000|  0%| F|  |TAMS 0x0000000724800000, 0x0000000724800000| Untracked 
|  59|0x0000000724900000, 0x0000000724900000, 0x0000000724a00000|  0%| F|  |TAMS 0x0000000724900000, 0x0000000724900000| Untracked 
|  60|0x0000000724a00000, 0x0000000724b00000, 0x0000000724b00000|100%|HS|  |TAMS 0x0000000724a00000, 0x0000000724a00000| Complete 
|  61|0x0000000724b00000, 0x0000000724c00000, 0x0000000724c00000|100%|HC|  |TAMS 0x0000000724b00000, 0x0000000724b00000| Complete 
|  62|0x0000000724c00000, 0x0000000724d00000, 0x0000000724d00000|100%|HC|  |TAMS 0x0000000724c00000, 0x0000000724c00000| Complete 
|  63|0x0000000724d00000, 0x0000000724d00000, 0x0000000724e00000|  0%| F|  |TAMS 0x0000000724d00000, 0x0000000724d00000| Untracked 
|  64|0x0000000724e00000, 0x0000000724e00000, 0x0000000724f00000|  0%| F|  |TAMS 0x0000000724e00000, 0x0000000724e00000| Untracked 
|  65|0x0000000724f00000, 0x0000000724f00000, 0x0000000725000000|  0%| F|  |TAMS 0x0000000724f00000, 0x0000000724f00000| Untracked 
|  66|0x0000000725000000, 0x0000000725000000, 0x0000000725100000|  0%| F|  |TAMS 0x0000000725000000, 0x0000000725000000| Untracked 
|  67|0x0000000725100000, 0x0000000725100000, 0x0000000725200000|  0%| F|  |TAMS 0x0000000725100000, 0x0000000725100000| Untracked 
|  68|0x0000000725200000, 0x0000000725200000, 0x0000000725300000|  0%| F|  |TAMS 0x0000000725200000, 0x0000000725200000| Untracked 
|  69|0x0000000725300000, 0x0000000725400000, 0x0000000725400000|100%|HS|  |TAMS 0x0000000725300000, 0x0000000725300000| Complete 
|  70|0x0000000725400000, 0x0000000725500000, 0x0000000725500000|100%|HC|  |TAMS 0x0000000725400000, 0x0000000725400000| Complete 
|  71|0x0000000725500000, 0x0000000725600000, 0x0000000725600000|100%|HC|  |TAMS 0x0000000725500000, 0x0000000725500000| Complete 
|  72|0x0000000725600000, 0x0000000725700000, 0x0000000725700000|100%|HS|  |TAMS 0x0000000725600000, 0x0000000725600000| Complete 
|  73|0x0000000725700000, 0x0000000725800000, 0x0000000725800000|100%|HC|  |TAMS 0x0000000725700000, 0x0000000725700000| Complete 
|  74|0x0000000725800000, 0x0000000725900000, 0x0000000725900000|100%|HC|  |TAMS 0x0000000725800000, 0x0000000725800000| Complete 
|  75|0x0000000725900000, 0x0000000725a00000, 0x0000000725a00000|100%| O|  |TAMS 0x0000000725900000, 0x0000000725900000| Untracked 
|  76|0x0000000725a00000, 0x0000000725b00000, 0x0000000725b00000|100%| O|  |TAMS 0x0000000725a00000, 0x0000000725a00000| Untracked 
|  77|0x0000000725b00000, 0x0000000725c00000, 0x0000000725c00000|100%| O|  |TAMS 0x0000000725b00000, 0x0000000725b00000| Untracked 
|  78|0x0000000725c00000, 0x0000000725d00000, 0x0000000725d00000|100%| O|  |TAMS 0x0000000725c00000, 0x0000000725c00000| Untracked 
|  79|0x0000000725d00000, 0x0000000725e00000, 0x0000000725e00000|100%| O|  |TAMS 0x0000000725d00000, 0x0000000725d00000| Untracked 
|  80|0x0000000725e00000, 0x0000000725f00000, 0x0000000725f00000|100%| O|  |TAMS 0x0000000725e00000, 0x0000000725e00000| Untracked 
|  81|0x0000000725f00000, 0x0000000726000000, 0x0000000726000000|100%| O|  |TAMS 0x0000000725f00000, 0x0000000725f00000| Untracked 
|  82|0x0000000726000000, 0x0000000726100000, 0x0000000726100000|100%| O|  |TAMS 0x0000000726000000, 0x0000000726000000| Untracked 
|  83|0x0000000726100000, 0x0000000726200000, 0x0000000726200000|100%| O|  |TAMS 0x0000000726100000, 0x0000000726100000| Untracked 
|  84|0x0000000726200000, 0x0000000726300000, 0x0000000726300000|100%| O|  |TAMS 0x0000000726200000, 0x0000000726200000| Untracked 
|  85|0x0000000726300000, 0x0000000726400000, 0x0000000726400000|100%| O|  |TAMS 0x0000000726300000, 0x0000000726300000| Untracked 
|  86|0x0000000726400000, 0x0000000726455e00, 0x0000000726500000| 33%| O|  |TAMS 0x0000000726400000, 0x0000000726400000| Untracked 
|  87|0x0000000726500000, 0x0000000726500000, 0x0000000726600000|  0%| F|  |TAMS 0x0000000726500000, 0x0000000726500000| Untracked 
|  88|0x0000000726600000, 0x0000000726600000, 0x0000000726700000|  0%| F|  |TAMS 0x0000000726600000, 0x0000000726600000| Untracked 
|  89|0x0000000726700000, 0x0000000726700000, 0x0000000726800000|  0%| F|  |TAMS 0x0000000726700000, 0x0000000726700000| Untracked 
|  90|0x0000000726800000, 0x0000000726800000, 0x0000000726900000|  0%| F|  |TAMS 0x0000000726800000, 0x0000000726800000| Untracked 
|  91|0x0000000726900000, 0x0000000726900000, 0x0000000726a00000|  0%| F|  |TAMS 0x0000000726900000, 0x0000000726900000| Untracked 
|  92|0x0000000726a00000, 0x0000000726a00000, 0x0000000726b00000|  0%| F|  |TAMS 0x0000000726a00000, 0x0000000726a00000| Untracked 
|  93|0x0000000726b00000, 0x0000000726b00000, 0x0000000726c00000|  0%| F|  |TAMS 0x0000000726b00000, 0x0000000726b00000| Untracked 
|  94|0x0000000726c00000, 0x0000000726c00000, 0x0000000726d00000|  0%| F|  |TAMS 0x0000000726c00000, 0x0000000726c00000| Untracked 
|  95|0x0000000726d00000, 0x0000000726d00000, 0x0000000726e00000|  0%| F|  |TAMS 0x0000000726d00000, 0x0000000726d00000| Untracked 
|  96|0x0000000726e00000, 0x0000000726e00000, 0x0000000726f00000|  0%| F|  |TAMS 0x0000000726e00000, 0x0000000726e00000| Untracked 
|  97|0x0000000726f00000, 0x0000000726f00000, 0x0000000727000000|  0%| F|  |TAMS 0x0000000726f00000, 0x0000000726f00000| Untracked 
|  98|0x0000000727000000, 0x0000000727000000, 0x0000000727100000|  0%| F|  |TAMS 0x0000000727000000, 0x0000000727000000| Untracked 
|  99|0x0000000727100000, 0x0000000727100000, 0x0000000727200000|  0%| F|  |TAMS 0x0000000727100000, 0x0000000727100000| Untracked 
| 100|0x0000000727200000, 0x0000000727200000, 0x0000000727300000|  0%| F|  |TAMS 0x0000000727200000, 0x0000000727200000| Untracked 
| 101|0x0000000727300000, 0x0000000727300000, 0x0000000727400000|  0%| F|  |TAMS 0x0000000727300000, 0x0000000727300000| Untracked 
| 102|0x0000000727400000, 0x0000000727400000, 0x0000000727500000|  0%| F|  |TAMS 0x0000000727400000, 0x0000000727400000| Untracked 
| 103|0x0000000727500000, 0x0000000727500000, 0x0000000727600000|  0%| F|  |TAMS 0x0000000727500000, 0x0000000727500000| Untracked 
| 104|0x0000000727600000, 0x0000000727600000, 0x0000000727700000|  0%| F|  |TAMS 0x0000000727600000, 0x0000000727600000| Untracked 
| 105|0x0000000727700000, 0x0000000727700000, 0x0000000727800000|  0%| F|  |TAMS 0x0000000727700000, 0x0000000727700000| Untracked 
| 106|0x0000000727800000, 0x0000000727800000, 0x0000000727900000|  0%| F|  |TAMS 0x0000000727800000, 0x0000000727800000| Untracked 
| 107|0x0000000727900000, 0x0000000727900000, 0x0000000727a00000|  0%| F|  |TAMS 0x0000000727900000, 0x0000000727900000| Untracked 
| 108|0x0000000727a00000, 0x0000000727a00000, 0x0000000727b00000|  0%| F|  |TAMS 0x0000000727a00000, 0x0000000727a00000| Untracked 
| 109|0x0000000727b00000, 0x0000000727b00000, 0x0000000727c00000|  0%| F|  |TAMS 0x0000000727b00000, 0x0000000727b00000| Untracked 
| 110|0x0000000727c00000, 0x0000000727c00000, 0x0000000727d00000|  0%| F|  |TAMS 0x0000000727c00000, 0x0000000727c00000| Untracked 
| 111|0x0000000727d00000, 0x0000000727d00000, 0x0000000727e00000|  0%| F|  |TAMS 0x0000000727d00000, 0x0000000727d00000| Untracked 
| 112|0x0000000727e00000, 0x0000000727e00000, 0x0000000727f00000|  0%| F|  |TAMS 0x0000000727e00000, 0x0000000727e00000| Untracked 
| 113|0x0000000727f00000, 0x0000000727f00000, 0x0000000728000000|  0%| F|  |TAMS 0x0000000727f00000, 0x0000000727f00000| Untracked 
| 114|0x0000000728000000, 0x0000000728000000, 0x0000000728100000|  0%| F|  |TAMS 0x0000000728000000, 0x0000000728000000| Untracked 
| 115|0x0000000728100000, 0x0000000728100000, 0x0000000728200000|  0%| F|  |TAMS 0x0000000728100000, 0x0000000728100000| Untracked 
| 116|0x0000000728200000, 0x0000000728200000, 0x0000000728300000|  0%| F|  |TAMS 0x0000000728200000, 0x0000000728200000| Untracked 
| 117|0x0000000728300000, 0x0000000728300000, 0x0000000728400000|  0%| F|  |TAMS 0x0000000728300000, 0x0000000728300000| Untracked 
| 118|0x0000000728400000, 0x0000000728400000, 0x0000000728500000|  0%| F|  |TAMS 0x0000000728400000, 0x0000000728400000| Untracked 
| 119|0x0000000728500000, 0x0000000728500000, 0x0000000728600000|  0%| F|  |TAMS 0x0000000728500000, 0x0000000728500000| Untracked 
| 120|0x0000000728600000, 0x0000000728600000, 0x0000000728700000|  0%| F|  |TAMS 0x0000000728600000, 0x0000000728600000| Untracked 
| 121|0x0000000728700000, 0x0000000728700000, 0x0000000728800000|  0%| F|  |TAMS 0x0000000728700000, 0x0000000728700000| Untracked 
| 122|0x0000000728800000, 0x0000000728800000, 0x0000000728900000|  0%| F|  |TAMS 0x0000000728800000, 0x0000000728800000| Untracked 
| 123|0x0000000728900000, 0x0000000728900000, 0x0000000728a00000|  0%| F|  |TAMS 0x0000000728900000, 0x0000000728900000| Untracked 
| 124|0x0000000728a00000, 0x0000000728a00000, 0x0000000728b00000|  0%| F|  |TAMS 0x0000000728a00000, 0x0000000728a00000| Untracked 
| 125|0x0000000728b00000, 0x0000000728b00000, 0x0000000728c00000|  0%| F|  |TAMS 0x0000000728b00000, 0x0000000728b00000| Untracked 
| 126|0x0000000728c00000, 0x0000000728c00000, 0x0000000728d00000|  0%| F|  |TAMS 0x0000000728c00000, 0x0000000728c00000| Untracked 
| 127|0x0000000728d00000, 0x0000000728d00000, 0x0000000728e00000|  0%| F|  |TAMS 0x0000000728d00000, 0x0000000728d00000| Untracked 
| 128|0x0000000728e00000, 0x0000000728e00000, 0x0000000728f00000|  0%| F|  |TAMS 0x0000000728e00000, 0x0000000728e00000| Untracked 
| 129|0x0000000728f00000, 0x0000000728f00000, 0x0000000729000000|  0%| F|  |TAMS 0x0000000728f00000, 0x0000000728f00000| Untracked 
| 130|0x0000000729000000, 0x0000000729000000, 0x0000000729100000|  0%| F|  |TAMS 0x0000000729000000, 0x0000000729000000| Untracked 
| 131|0x0000000729100000, 0x0000000729100000, 0x0000000729200000|  0%| F|  |TAMS 0x0000000729100000, 0x0000000729100000| Untracked 
| 132|0x0000000729200000, 0x0000000729200000, 0x0000000729300000|  0%| F|  |TAMS 0x0000000729200000, 0x0000000729200000| Untracked 
| 133|0x0000000729300000, 0x0000000729300000, 0x0000000729400000|  0%| F|  |TAMS 0x0000000729300000, 0x0000000729300000| Untracked 
| 134|0x0000000729400000, 0x0000000729400000, 0x0000000729500000|  0%| F|  |TAMS 0x0000000729400000, 0x0000000729400000| Untracked 
| 135|0x0000000729500000, 0x0000000729500000, 0x0000000729600000|  0%| F|  |TAMS 0x0000000729500000, 0x0000000729500000| Untracked 
| 136|0x0000000729600000, 0x0000000729600000, 0x0000000729700000|  0%| F|  |TAMS 0x0000000729600000, 0x0000000729600000| Untracked 
| 137|0x0000000729700000, 0x0000000729700000, 0x0000000729800000|  0%| F|  |TAMS 0x0000000729700000, 0x0000000729700000| Untracked 
| 138|0x0000000729800000, 0x0000000729800000, 0x0000000729900000|  0%| F|  |TAMS 0x0000000729800000, 0x0000000729800000| Untracked 
| 139|0x0000000729900000, 0x0000000729900000, 0x0000000729a00000|  0%| F|  |TAMS 0x0000000729900000, 0x0000000729900000| Untracked 
| 140|0x0000000729a00000, 0x0000000729a00000, 0x0000000729b00000|  0%| F|  |TAMS 0x0000000729a00000, 0x0000000729a00000| Untracked 
| 141|0x0000000729b00000, 0x0000000729b00000, 0x0000000729c00000|  0%| F|  |TAMS 0x0000000729b00000, 0x0000000729b00000| Untracked 
| 142|0x0000000729c00000, 0x0000000729c00000, 0x0000000729d00000|  0%| F|  |TAMS 0x0000000729c00000, 0x0000000729c00000| Untracked 
| 143|0x0000000729d00000, 0x0000000729e00000, 0x0000000729e00000|100%| S|CS|TAMS 0x0000000729d00000, 0x0000000729d00000| Complete 
| 144|0x0000000729e00000, 0x0000000729f00000, 0x0000000729f00000|100%| S|CS|TAMS 0x0000000729e00000, 0x0000000729e00000| Complete 
| 145|0x0000000729f00000, 0x000000072a000000, 0x000000072a000000|100%| S|CS|TAMS 0x0000000729f00000, 0x0000000729f00000| Complete 
| 146|0x000000072a000000, 0x000000072a100000, 0x000000072a100000|100%| S|CS|TAMS 0x000000072a000000, 0x000000072a000000| Complete 
| 147|0x000000072a100000, 0x000000072a200000, 0x000000072a200000|100%| S|CS|TAMS 0x000000072a100000, 0x000000072a100000| Complete 
| 148|0x000000072a200000, 0x000000072a300000, 0x000000072a300000|100%| S|CS|TAMS 0x000000072a200000, 0x000000072a200000| Complete 
| 149|0x000000072a300000, 0x000000072a400000, 0x000000072a400000|100%| S|CS|TAMS 0x000000072a300000, 0x000000072a300000| Complete 
| 150|0x000000072a400000, 0x000000072a500000, 0x000000072a500000|100%| S|CS|TAMS 0x000000072a400000, 0x000000072a400000| Complete 
| 151|0x000000072a500000, 0x000000072a600000, 0x000000072a600000|100%| S|CS|TAMS 0x000000072a500000, 0x000000072a500000| Complete 
| 152|0x000000072a600000, 0x000000072a600000, 0x000000072a700000|  0%| F|  |TAMS 0x000000072a600000, 0x000000072a600000| Untracked 
| 153|0x000000072a700000, 0x000000072a700000, 0x000000072a800000|  0%| F|  |TAMS 0x000000072a700000, 0x000000072a700000| Untracked 
| 154|0x000000072a800000, 0x000000072a800000, 0x000000072a900000|  0%| F|  |TAMS 0x000000072a800000, 0x000000072a800000| Untracked 
| 155|0x000000072a900000, 0x000000072a900000, 0x000000072aa00000|  0%| F|  |TAMS 0x000000072a900000, 0x000000072a900000| Untracked 
| 156|0x000000072aa00000, 0x000000072aa00000, 0x000000072ab00000|  0%| F|  |TAMS 0x000000072aa00000, 0x000000072aa00000| Untracked 
| 157|0x000000072ab00000, 0x000000072ab00000, 0x000000072ac00000|  0%| F|  |TAMS 0x000000072ab00000, 0x000000072ab00000| Untracked 
| 158|0x000000072ac00000, 0x000000072ac00000, 0x000000072ad00000|  0%| F|  |TAMS 0x000000072ac00000, 0x000000072ac00000| Untracked 
| 159|0x000000072ad00000, 0x000000072ad00000, 0x000000072ae00000|  0%| F|  |TAMS 0x000000072ad00000, 0x000000072ad00000| Untracked 
| 160|0x000000072ae00000, 0x000000072ae00000, 0x000000072af00000|  0%| F|  |TAMS 0x000000072ae00000, 0x000000072ae00000| Untracked 
| 161|0x000000072af00000, 0x000000072af00000, 0x000000072b000000|  0%| F|  |TAMS 0x000000072af00000, 0x000000072af00000| Untracked 
| 162|0x000000072b000000, 0x000000072b000000, 0x000000072b100000|  0%| F|  |TAMS 0x000000072b000000, 0x000000072b000000| Untracked 
| 163|0x000000072b100000, 0x000000072b100000, 0x000000072b200000|  0%| F|  |TAMS 0x000000072b100000, 0x000000072b100000| Untracked 
| 164|0x000000072b200000, 0x000000072b200000, 0x000000072b300000|  0%| F|  |TAMS 0x000000072b200000, 0x000000072b200000| Untracked 
| 165|0x000000072b300000, 0x000000072b300000, 0x000000072b400000|  0%| F|  |TAMS 0x000000072b300000, 0x000000072b300000| Untracked 
| 166|0x000000072b400000, 0x000000072b400000, 0x000000072b500000|  0%| F|  |TAMS 0x000000072b400000, 0x000000072b400000| Untracked 
| 167|0x000000072b500000, 0x000000072b500000, 0x000000072b600000|  0%| F|  |TAMS 0x000000072b500000, 0x000000072b500000| Untracked 
| 168|0x000000072b600000, 0x000000072b600000, 0x000000072b700000|  0%| F|  |TAMS 0x000000072b600000, 0x000000072b600000| Untracked 
| 169|0x000000072b700000, 0x000000072b700000, 0x000000072b800000|  0%| F|  |TAMS 0x000000072b700000, 0x000000072b700000| Untracked 
| 170|0x000000072b800000, 0x000000072b800000, 0x000000072b900000|  0%| F|  |TAMS 0x000000072b800000, 0x000000072b800000| Untracked 
| 171|0x000000072b900000, 0x000000072b900000, 0x000000072ba00000|  0%| F|  |TAMS 0x000000072b900000, 0x000000072b900000| Untracked 
| 172|0x000000072ba00000, 0x000000072ba00000, 0x000000072bb00000|  0%| F|  |TAMS 0x000000072ba00000, 0x000000072ba00000| Untracked 
| 173|0x000000072bb00000, 0x000000072bb00000, 0x000000072bc00000|  0%| F|  |TAMS 0x000000072bb00000, 0x000000072bb00000| Untracked 
| 174|0x000000072bc00000, 0x000000072bc00000, 0x000000072bd00000|  0%| F|  |TAMS 0x000000072bc00000, 0x000000072bc00000| Untracked 
| 175|0x000000072bd00000, 0x000000072bd00000, 0x000000072be00000|  0%| F|  |TAMS 0x000000072bd00000, 0x000000072bd00000| Untracked 
| 176|0x000000072be00000, 0x000000072be00000, 0x000000072bf00000|  0%| F|  |TAMS 0x000000072be00000, 0x000000072be00000| Untracked 
| 177|0x000000072bf00000, 0x000000072bf00000, 0x000000072c000000|  0%| F|  |TAMS 0x000000072bf00000, 0x000000072bf00000| Untracked 
| 178|0x000000072c000000, 0x000000072c000000, 0x000000072c100000|  0%| F|  |TAMS 0x000000072c000000, 0x000000072c000000| Untracked 
| 179|0x000000072c100000, 0x000000072c100000, 0x000000072c200000|  0%| F|  |TAMS 0x000000072c100000, 0x000000072c100000| Untracked 
| 180|0x000000072c200000, 0x000000072c200000, 0x000000072c300000|  0%| F|  |TAMS 0x000000072c200000, 0x000000072c200000| Untracked 
| 181|0x000000072c300000, 0x000000072c300000, 0x000000072c400000|  0%| F|  |TAMS 0x000000072c300000, 0x000000072c300000| Untracked 
| 182|0x000000072c400000, 0x000000072c400000, 0x000000072c500000|  0%| F|  |TAMS 0x000000072c400000, 0x000000072c400000| Untracked 
| 183|0x000000072c500000, 0x000000072c500000, 0x000000072c600000|  0%| F|  |TAMS 0x000000072c500000, 0x000000072c500000| Untracked 
| 184|0x000000072c600000, 0x000000072c600000, 0x000000072c700000|  0%| F|  |TAMS 0x000000072c600000, 0x000000072c600000| Untracked 
| 185|0x000000072c700000, 0x000000072c700000, 0x000000072c800000|  0%| F|  |TAMS 0x000000072c700000, 0x000000072c700000| Untracked 
| 186|0x000000072c800000, 0x000000072c800000, 0x000000072c900000|  0%| F|  |TAMS 0x000000072c800000, 0x000000072c800000| Untracked 
| 187|0x000000072c900000, 0x000000072c900000, 0x000000072ca00000|  0%| F|  |TAMS 0x000000072c900000, 0x000000072c900000| Untracked 
| 188|0x000000072ca00000, 0x000000072ca00000, 0x000000072cb00000|  0%| F|  |TAMS 0x000000072ca00000, 0x000000072ca00000| Untracked 
| 189|0x000000072cb00000, 0x000000072cb00000, 0x000000072cc00000|  0%| F|  |TAMS 0x000000072cb00000, 0x000000072cb00000| Untracked 
| 190|0x000000072cc00000, 0x000000072cc00000, 0x000000072cd00000|  0%| F|  |TAMS 0x000000072cc00000, 0x000000072cc00000| Untracked 
| 191|0x000000072cd00000, 0x000000072cd00000, 0x000000072ce00000|  0%| F|  |TAMS 0x000000072cd00000, 0x000000072cd00000| Untracked 
| 192|0x000000072ce00000, 0x000000072ce00000, 0x000000072cf00000|  0%| F|  |TAMS 0x000000072ce00000, 0x000000072ce00000| Untracked 
| 193|0x000000072cf00000, 0x000000072cf00000, 0x000000072d000000|  0%| F|  |TAMS 0x000000072cf00000, 0x000000072cf00000| Untracked 
| 194|0x000000072d000000, 0x000000072d000000, 0x000000072d100000|  0%| F|  |TAMS 0x000000072d000000, 0x000000072d000000| Untracked 
| 195|0x000000072d100000, 0x000000072d100000, 0x000000072d200000|  0%| F|  |TAMS 0x000000072d100000, 0x000000072d100000| Untracked 
| 196|0x000000072d200000, 0x000000072d200000, 0x000000072d300000|  0%| F|  |TAMS 0x000000072d200000, 0x000000072d200000| Untracked 
| 197|0x000000072d300000, 0x000000072d300000, 0x000000072d400000|  0%| F|  |TAMS 0x000000072d300000, 0x000000072d300000| Untracked 
| 198|0x000000072d400000, 0x000000072d400000, 0x000000072d500000|  0%| F|  |TAMS 0x000000072d400000, 0x000000072d400000| Untracked 
| 199|0x000000072d500000, 0x000000072d500000, 0x000000072d600000|  0%| F|  |TAMS 0x000000072d500000, 0x000000072d500000| Untracked 
| 200|0x000000072d600000, 0x000000072d600000, 0x000000072d700000|  0%| F|  |TAMS 0x000000072d600000, 0x000000072d600000| Untracked 
| 201|0x000000072d700000, 0x000000072d700000, 0x000000072d800000|  0%| F|  |TAMS 0x000000072d700000, 0x000000072d700000| Untracked 
| 202|0x000000072d800000, 0x000000072d800000, 0x000000072d900000|  0%| F|  |TAMS 0x000000072d800000, 0x000000072d800000| Untracked 
| 203|0x000000072d900000, 0x000000072d900000, 0x000000072da00000|  0%| F|  |TAMS 0x000000072d900000, 0x000000072d900000| Untracked 
| 204|0x000000072da00000, 0x000000072da00000, 0x000000072db00000|  0%| F|  |TAMS 0x000000072da00000, 0x000000072da00000| Untracked 
| 205|0x000000072db00000, 0x000000072db00000, 0x000000072dc00000|  0%| F|  |TAMS 0x000000072db00000, 0x000000072db00000| Untracked 
| 206|0x000000072dc00000, 0x000000072dc00000, 0x000000072dd00000|  0%| F|  |TAMS 0x000000072dc00000, 0x000000072dc00000| Untracked 
| 207|0x000000072dd00000, 0x000000072dd00000, 0x000000072de00000|  0%| F|  |TAMS 0x000000072dd00000, 0x000000072dd00000| Untracked 
| 208|0x000000072de00000, 0x000000072de00000, 0x000000072df00000|  0%| F|  |TAMS 0x000000072de00000, 0x000000072de00000| Untracked 
| 209|0x000000072df00000, 0x000000072df00000, 0x000000072e000000|  0%| F|  |TAMS 0x000000072df00000, 0x000000072df00000| Untracked 
| 210|0x000000072e000000, 0x000000072e000000, 0x000000072e100000|  0%| F|  |TAMS 0x000000072e000000, 0x000000072e000000| Untracked 
| 211|0x000000072e100000, 0x000000072e100000, 0x000000072e200000|  0%| F|  |TAMS 0x000000072e100000, 0x000000072e100000| Untracked 
| 212|0x000000072e200000, 0x000000072e200000, 0x000000072e300000|  0%| F|  |TAMS 0x000000072e200000, 0x000000072e200000| Untracked 
| 213|0x000000072e300000, 0x000000072e300000, 0x000000072e400000|  0%| F|  |TAMS 0x000000072e300000, 0x000000072e300000| Untracked 
| 214|0x000000072e400000, 0x000000072e400000, 0x000000072e500000|  0%| F|  |TAMS 0x000000072e400000, 0x000000072e400000| Untracked 
| 215|0x000000072e500000, 0x000000072e500000, 0x000000072e600000|  0%| F|  |TAMS 0x000000072e500000, 0x000000072e500000| Untracked 
| 216|0x000000072e600000, 0x000000072e600000, 0x000000072e700000|  0%| F|  |TAMS 0x000000072e600000, 0x000000072e600000| Untracked 
| 217|0x000000072e700000, 0x000000072e700000, 0x000000072e800000|  0%| F|  |TAMS 0x000000072e700000, 0x000000072e700000| Untracked 
| 218|0x000000072e800000, 0x000000072e800000, 0x000000072e900000|  0%| F|  |TAMS 0x000000072e800000, 0x000000072e800000| Untracked 
| 219|0x000000072e900000, 0x000000072e900000, 0x000000072ea00000|  0%| F|  |TAMS 0x000000072e900000, 0x000000072e900000| Untracked 
| 220|0x000000072ea00000, 0x000000072ea00000, 0x000000072eb00000|  0%| F|  |TAMS 0x000000072ea00000, 0x000000072ea00000| Untracked 
| 221|0x000000072eb00000, 0x000000072eb00000, 0x000000072ec00000|  0%| F|  |TAMS 0x000000072eb00000, 0x000000072eb00000| Untracked 
| 222|0x000000072ec00000, 0x000000072ec00000, 0x000000072ed00000|  0%| F|  |TAMS 0x000000072ec00000, 0x000000072ec00000| Untracked 
| 223|0x000000072ed00000, 0x000000072ed00000, 0x000000072ee00000|  0%| F|  |TAMS 0x000000072ed00000, 0x000000072ed00000| Untracked 

Card table byte_map: [0x00000287a62f0000,0x00000287a69f0000] _byte_map_base: 0x00000287a29e9000

Marking Bits (Prev, Next): (CMBitMap*) 0x000002878c2a5f18, (CMBitMap*) 0x000002878c2a5f50
 Prev Bits: [0x00000287a70f0000, 0x00000287aa8b8000)
 Next Bits: [0x00000287aa8c0000, 0x00000287ae088000)

Polling page: 0x000002878c330000

Metaspace:

Usage:
  Non-class:      9.15 MB capacity,     9.02 MB ( 99%) used,   124.98 KB (  1%) free+waste,    13.00 KB ( <1%) overhead. 
      Class:   1015.00 KB capacity,   942.12 KB ( 93%) used,    66.82 KB (  7%) free+waste,     6.06 KB ( <1%) overhead. 
       Both:     10.14 MB capacity,     9.94 MB ( 98%) used,   191.80 KB (  2%) free+waste,    19.06 KB ( <1%) overhead. 

Virtual space:
  Non-class space:       10.00 MB reserved,       9.25 MB ( 93%) committed 
      Class space:        1.00 GB reserved,       1.00 MB ( <1%) committed 
             Both:        1.01 GB reserved,      10.25 MB ( <1%) committed 

Chunk freelists:
   Non-Class:  38.00 KB
       Class:  9.00 KB
        Both:  47.00 KB

MaxMetaspaceSize: 17179869184.00 GB
CompressedClassSpaceSize: 1.00 GB
Initial GC threshold: 20.80 MB
Current GC threshold: 20.80 MB
CDS: off

CodeHeap 'non-profiled nmethods': size=120000Kb used=576Kb max_used=576Kb free=119423Kb
 bounds [0x000002879dc50000, 0x000002879dec0000, 0x00000287a5180000]
CodeHeap 'profiled nmethods': size=120000Kb used=1387Kb max_used=1387Kb free=118612Kb
 bounds [0x0000028796720000, 0x0000028796990000, 0x000002879dc50000]
CodeHeap 'non-nmethods': size=5760Kb used=1127Kb max_used=1150Kb free=4632Kb
 bounds [0x0000028796180000, 0x00000287963f0000, 0x0000028796720000]
 total_blobs=1290 nmethods=912 adapters=291
 compilation: enabled
              stopped_count=0, restarted_count=0
 full_count=0

Compilation events (20 events):
Event: 0.900 Thread 0x00000287b147a000 nmethod 906 0x0000028796874590 code [0x0000028796874760, 0x00000287968749a8]
Event: 0.900 Thread 0x00000287b147a000  910       3       java.nio.Buffer::<init> (99 bytes)
Event: 0.901 Thread 0x00000287b147a000 nmethod 910 0x0000028796874a90 code [0x0000028796874d80, 0x0000028796875af8]
Event: 0.902 Thread 0x00000287b1474800 nmethod 895% 0x000002879dcd3f10 code [0x000002879dcd40c0, 0x000002879dcd45d8]
Event: 0.903 Thread 0x00000287b1474800  898       4       java.util.AbstractSet::<init> (5 bytes)
Event: 0.903 Thread 0x00000287b1474800 nmethod 898 0x000002879dcd4790 code [0x000002879dcd4920, 0x000002879dcd4978]
Event: 0.911 Thread 0x00000287b163e000 nmethod 894 0x000002879dcd4a90 code [0x000002879dcd4ca0, 0x000002879dcd5d98]
Event: 0.913 Thread 0x00000287b1640000 nmethod 876% 0x000002879dcd6710 code [0x000002879dcd6a20, 0x000002879dcd8f40]
Event: 0.928 Thread 0x00000287b1474800  911       4       java.util.ArrayList::<init> (12 bytes)
Event: 0.929 Thread 0x00000287b163e000  912       4       java.util.jar.Manifest::read (340 bytes)
Event: 0.929 Thread 0x00000287b1474800 nmethod 911 0x000002879dcdaa10 code [0x000002879dcdaba0, 0x000002879dcdacd8]
Event: 0.930 Thread 0x00000287b1640000  913       4       java.util.jar.Manifest::getAttributes (14 bytes)
Event: 0.936 Thread 0x00000287b1640000 nmethod 913 0x000002879dcdad90 code [0x000002879dcdaf60, 0x000002879dcdb338]
Event: 0.987 Thread 0x00000287b163e000 nmethod 912 0x000002879dcdb710 code [0x000002879dcdba40, 0x000002879dcde460]
Event: 0.989 Thread 0x00000287b147a000  914 %     3       sun.security.util.ManifestDigester::<init> @ 84 (390 bytes)
Event: 0.991 Thread 0x00000287b147a000 nmethod 914% 0x0000028796875f90 code [0x00000287968763a0, 0x00000287968789e8]
Event: 1.003 Thread 0x00000287b147a000  915  s    3       java.util.Vector::elementAt (48 bytes)
Event: 1.004 Thread 0x00000287b147a000 nmethod 915 0x0000028796879610 code [0x00000287968798a0, 0x000002879687a448]
Event: 1.004 Thread 0x00000287b147a000  916       3       java.util.Vector::elementData (7 bytes)
Event: 1.004 Thread 0x00000287b147a000 nmethod 916 0x000002879687a890 code [0x000002879687aa40, 0x000002879687ab78]

GC Heap History (9 events):
Event: 0.299 GC heap before
{Heap before GC invocations=0 (full 0):
 garbage-first heap   total 229376K, used 36864K [0x0000000720e00000, 0x0000000800000000)
  region size 1024K, 24 young (24576K), 0 survivors (0K)
 Metaspace       used 4746K, capacity 4792K, committed 5120K, reserved 1056768K
  class space    used 396K, capacity 424K, committed 512K, reserved 1048576K
}
Event: 0.307 GC heap after
{Heap after GC invocations=1 (full 0):
 garbage-first heap   total 229376K, used 16527K [0x0000000720e00000, 0x0000000800000000)
  region size 1024K, 3 young (3072K), 3 survivors (3072K)
 Metaspace       used 4746K, capacity 4792K, committed 5120K, reserved 1056768K
  class space    used 396K, capacity 424K, committed 512K, reserved 1048576K
}
Event: 0.366 GC heap before
{Heap before GC invocations=1 (full 0):
 garbage-first heap   total 229376K, used 33935K [0x0000000720e00000, 0x0000000800000000)
  region size 1024K, 11 young (11264K), 3 survivors (3072K)
 Metaspace       used 5563K, capacity 5598K, committed 5888K, reserved 1056768K
  class space    used 443K, capacity 458K, committed 512K, reserved 1048576K
}
Event: 0.370 GC heap after
{Heap after GC invocations=2 (full 0):
 garbage-first heap   total 229376K, used 25887K [0x0000000720e00000, 0x0000000800000000)
  region size 1024K, 2 young (2048K), 2 survivors (2048K)
 Metaspace       used 5563K, capacity 5598K, committed 5888K, reserved 1056768K
  class space    used 443K, capacity 458K, committed 512K, reserved 1048576K
}
Event: 0.496 GC heap before
{Heap before GC invocations=2 (full 0):
 garbage-first heap   total 229376K, used 41247K [0x0000000720e00000, 0x0000000800000000)
  region size 1024K, 17 young (17408K), 2 survivors (2048K)
 Metaspace       used 7256K, capacity 7300K, committed 7552K, reserved 1056768K
  class space    used 603K, capacity 620K, committed 640K, reserved 1048576K
}
Event: 0.503 GC heap after
{Heap after GC invocations=3 (full 0):
 garbage-first heap   total 229376K, used 35523K [0x0000000720e00000, 0x0000000800000000)
  region size 1024K, 3 young (3072K), 3 survivors (3072K)
 Metaspace       used 7256K, capacity 7300K, committed 7552K, reserved 1056768K
  class space    used 603K, capacity 620K, committed 640K, reserved 1048576K
}
Event: 0.806 GC heap before
{Heap before GC invocations=3 (full 0):
 garbage-first heap   total 229376K, used 76483K [0x0000000720e00000, 0x0000000800000000)
  region size 1024K, 37 young (37888K), 3 survivors (3072K)
 Metaspace       used 10116K, capacity 10289K, committed 10496K, reserved 1058816K
  class space    used 936K, capacity 983K, committed 1024K, reserved 1048576K
}
Event: 0.816 GC heap after
{Heap after GC invocations=4 (full 0):
 garbage-first heap   total 229376K, used 50461K [0x0000000720e00000, 0x0000000800000000)
  region size 1024K, 5 young (5120K), 5 survivors (5120K)
 Metaspace       used 10116K, capacity 10289K, committed 10496K, reserved 1058816K
  class space    used 936K, capacity 983K, committed 1024K, reserved 1048576K
}
Event: 1.004 GC heap before
{Heap before GC invocations=4 (full 0):
 garbage-first heap   total 229376K, used 149789K [0x0000000720e00000, 0x0000000800000000)
  region size 1024K, 72 young (73728K), 5 survivors (5120K)
 Metaspace       used 10174K, capacity 10385K, committed 10496K, reserved 1058816K
  class space    used 942K, capacity 1015K, committed 1024K, reserved 1048576K
}

Deoptimization events (20 events):
Event: 0.868 Thread 0x000002878c24b000 Uncommon trap: trap_request=0xffffffde fr.pc=0x000002879dcc3fd0 relative=0x00000000000003b0
Event: 0.868 Thread 0x000002878c24b000 Uncommon trap: reason=class_check action=maybe_recompile pc=0x000002879dcc3fd0 method=java.util.HashMap.putMapEntries(Ljava/util/Map;Z)V @ 1 c2
Event: 0.868 Thread 0x000002878c24b000 DEOPT PACKING pc=0x000002879dcc3fd0 sp=0x000000fc778fc0c0
Event: 0.868 Thread 0x000002878c24b000 DEOPT UNPACKING pc=0x00000287961ca1af sp=0x000000fc778fc088 mode 2
Event: 0.874 Thread 0x000002878c24b000 Uncommon trap: trap_request=0xffffffde fr.pc=0x000002879dcc3fd0 relative=0x00000000000003b0
Event: 0.874 Thread 0x000002878c24b000 Uncommon trap: reason=class_check action=maybe_recompile pc=0x000002879dcc3fd0 method=java.util.HashMap.putMapEntries(Ljava/util/Map;Z)V @ 1 c2
Event: 0.874 Thread 0x000002878c24b000 DEOPT PACKING pc=0x000002879dcc3fd0 sp=0x000000fc778fc280
Event: 0.874 Thread 0x000002878c24b000 DEOPT UNPACKING pc=0x00000287961ca1af sp=0x000000fc778fc248 mode 2
Event: 0.874 Thread 0x000002878c24b000 DEOPT PACKING pc=0x000002879681d827 sp=0x000000fc778fc100
Event: 0.874 Thread 0x000002878c24b000 DEOPT UNPACKING pc=0x00000287961ca95e sp=0x000000fc778fb540 mode 0
Event: 0.877 Thread 0x000002878c24b000 Uncommon trap: trap_request=0xffffff4d fr.pc=0x000002879dca837c relative=0x000000000000067c
Event: 0.877 Thread 0x000002878c24b000 Uncommon trap: reason=unstable_if action=reinterpret pc=0x000002879dca837c method=sun.security.util.SignatureFileVerifier.updateSigners([Ljava/security/CodeSigner;Ljava/util/Hashtable;Ljava/lang/String;)V @ 24 c2
Event: 0.877 Thread 0x000002878c24b000 DEOPT PACKING pc=0x000002879dca837c sp=0x000000fc778fc370
Event: 0.877 Thread 0x000002878c24b000 DEOPT UNPACKING pc=0x00000287961ca1af sp=0x000000fc778fc350 mode 2
Event: 0.892 Thread 0x000002878c24b000 Uncommon trap: trap_request=0xffffff4d fr.pc=0x000002879dcc56f8 relative=0x00000000000001b8
Event: 0.892 Thread 0x000002878c24b000 Uncommon trap: reason=unstable_if action=reinterpret pc=0x000002879dcc56f8 method=java.util.LinkedHashMap.entrySet()Ljava/util/Set; @ 6 c2
Event: 0.892 Thread 0x000002878c24b000 DEOPT PACKING pc=0x000002879dcc56f8 sp=0x000000fc778fc530
Event: 0.892 Thread 0x000002878c24b000 DEOPT UNPACKING pc=0x00000287961ca1af sp=0x000000fc778fc488 mode 2
Event: 0.929 Thread 0x000002878c24b000 DEOPT PACKING pc=0x000002879685b575 sp=0x000000fc778fc2f0
Event: 0.929 Thread 0x000002878c24b000 DEOPT UNPACKING pc=0x00000287961ca95e sp=0x000000fc778fb860 mode 0

Classes redefined (0 events):
No events

Internal exceptions (7 events):
Event: 0.702 Thread 0x000002878c24b000 Exception <a 'java/lang/NoSuchMethodError'{0x000000072e66ac20}: 'int java.lang.invoke.DirectMethodHandle$Holder.invokeSpecialIFC(java.lang.Object, java.lang.Object, int)'> (0x000000072e66ac20) thrown at [./src/hotspot/share/interpreter/linkResolver.cpp, line 773]
Event: 0.717 Thread 0x000002878c24b000 Exception <a 'java/lang/NoSuchMethodError'{0x000000072e6d82a0}: 'java.lang.Object java.lang.invoke.DirectMethodHandle$Holder.invokeStatic(java.lang.Object, java.lang.Object, java.lang.Object, java.lang.Object, java.lang.Object, java.lang.Object, java.lang.Object, java.lang.Object, java.lang.Object, java.lang.Object, java.lang.Object, java.lang.Object, java.lang.Object, java.lang.Object, java.lang.Object)'> (0x000000072e6d82a0) thrown at [./src/hotspot/share/interpreter/linkResolver.cpp, line 773]
Event: 0.718 Thread 0x000002878c24b000 Exception <a 'java/lang/NoSuchMethodError'{0x000000072e6e6000}: 'java.lang.Object java.lang.invoke.DirectMethodHandle$Holder.invokeStatic(java.lang.Object, java.lang.Object, java.lang.Object, java.lang.Object, java.lang.Object, java.lang.Object, java.lang.Object, java.lang.Object, java.lang.Object, java.lang.Object, java.lang.Object, java.lang.Object, java.lang.Object, java.lang.Object, java.lang.Object, java.lang.Object)'> (0x000000072e6e6000) thrown at [./src/hotspot/share/interpreter/linkResolver.cpp, l
Event: 0.719 Thread 0x000002878c24b000 Exception <a 'java/lang/NoSuchMethodError'{0x000000072e6f3c70}: 'java.lang.Object java.lang.invoke.DirectMethodHandle$Holder.invokeSpecial(java.lang.Object, java.lang.Object, int, int, java.lang.Object, java.lang.Object, java.lang.Object)'> (0x000000072e6f3c70) thrown at [./src/hotspot/share/interpreter/linkResolver.cpp, line 773]
Event: 0.720 Thread 0x000002878c24b000 Exception <a 'java/lang/NoSuchMethodError'{0x000000072e6f7200}: 'java.lang.Object java.lang.invoke.DelegatingMethodHandle$Holder.reinvoke_L(java.lang.Object, int, int, java.lang.Object, java.lang.Object, java.lang.Object)'> (0x000000072e6f7200) thrown at [./src/hotspot/share/interpreter/linkResolver.cpp, line 773]
Event: 0.720 Thread 0x000002878c24b000 Exception <a 'java/lang/NoSuchMethodError'{0x000000072e6fb588}: 'java.lang.Object java.lang.invoke.DirectMethodHandle$Holder.invokeStatic(java.lang.Object, java.lang.Object, java.lang.Object, java.lang.Object, int)'> (0x000000072e6fb588) thrown at [./src/hotspot/share/interpreter/linkResolver.cpp, line 773]
Event: 0.833 Thread 0x000002878c24b000 Implicit null exception at 0x000002879dc7d379 to 0x000002879dc7de1c

Events (20 events):
Event: 0.846 Executing VM operation: RevokeBias done
Event: 0.866 Executing VM operation: RevokeBias
Event: 0.866 Executing VM operation: RevokeBias done
Event: 0.894 loading class org/apache/xerces/jaxp/DocumentBuilderFactoryImpl
Event: 0.894 loading class org/apache/xerces/jaxp/DocumentBuilderFactoryImpl done
Event: 0.895 loading class javax/xml/parsers/ParserConfigurationException
Event: 0.896 loading class javax/xml/parsers/ParserConfigurationException done
Event: 0.896 loading class org/xml/sax/SAXNotRecognizedException
Event: 0.896 loading class org/xml/sax/SAXNotRecognizedException done
Event: 0.896 loading class org/xml/sax/SAXNotSupportedException
Event: 0.896 loading class org/xml/sax/SAXNotSupportedException done
Event: 0.896 loading class javax/xml/parsers/DocumentBuilder
Event: 0.896 loading class javax/xml/parsers/DocumentBuilder done
Event: 0.897 loading class org/apache/xerces/jaxp/DocumentBuilderImpl
Event: 0.897 loading class org/apache/xerces/jaxp/DocumentBuilderImpl done
Event: 0.897 loading class org/apache/xerces/jaxp/JAXPConstants
Event: 0.897 loading class org/apache/xerces/jaxp/JAXPConstants done
Event: 0.898 loading class javax/xml/parsers/SAXParserFactory
Event: 0.899 loading class javax/xml/parsers/SAXParserFactory done
Event: 1.004 Executing VM operation: G1CollectForAllocation


Dynamic libraries:
0x00007ff798690000 - 0x00007ff79869d000 	C:\Program Files\Microsoft\jdk-11.0.16.101-hotspot\bin\java.exe
0x00007ffefa290000 - 0x00007ffefa488000 	C:\WINDOWS\SYSTEM32\ntdll.dll
0x00007ffef97e0000 - 0x00007ffef989f000 	C:\WINDOWS\System32\KERNEL32.DLL
0x00007ffef79d0000 - 0x00007ffef7caa000 	C:\WINDOWS\System32\KERNELBASE.dll
0x00007ffef7cb0000 - 0x00007ffef7db0000 	C:\WINDOWS\System32\ucrtbase.dll
0x00007ffeabeb0000 - 0x00007ffeabec7000 	C:\Program Files\Microsoft\jdk-11.0.16.101-hotspot\bin\jli.dll
0x00007ffeab750000 - 0x00007ffeab765000 	C:\Program Files\Microsoft\jdk-11.0.16.101-hotspot\bin\VCRUNTIME140.dll
0x00007ffefa050000 - 0x00007ffefa1ed000 	C:\WINDOWS\System32\USER32.dll
0x00007ffef79a0000 - 0x00007ffef79c2000 	C:\WINDOWS\System32\win32u.dll
0x00007ffef8930000 - 0x00007ffef895b000 	C:\WINDOWS\System32\GDI32.dll
0x00007ffee5c60000 - 0x00007ffee5efa000 	C:\WINDOWS\WinSxS\amd64_microsoft.windows.common-controls_6595b64144ccf1df_6.0.19041.1110_none_60b5254171f9507e\COMCTL32.dll
0x00007ffef7f60000 - 0x00007ffef8070000 	C:\WINDOWS\System32\gdi32full.dll
0x00007ffef89c0000 - 0x00007ffef8a5e000 	C:\WINDOWS\System32\msvcrt.dll
0x00007ffef8070000 - 0x00007ffef810d000 	C:\WINDOWS\System32\msvcp_win.dll
0x00007ffef8900000 - 0x00007ffef8930000 	C:\WINDOWS\System32\IMM32.DLL
0x00007ffe24040000 - 0x00007ffe240db000 	C:\Program Files\Microsoft\jdk-11.0.16.101-hotspot\bin\msvcp140.dll
0x00007ffe23110000 - 0x00007ffe23c9a000 	C:\Program Files\Microsoft\jdk-11.0.16.101-hotspot\bin\server\jvm.dll
0x00007ffef9630000 - 0x00007ffef96de000 	C:\WINDOWS\System32\ADVAPI32.dll
0x00007ffef9740000 - 0x00007ffef97dc000 	C:\WINDOWS\System32\sechost.dll
0x00007ffef9910000 - 0x00007ffef9a36000 	C:\WINDOWS\System32\RPCRT4.dll
0x00007ffef8470000 - 0x00007ffef8478000 	C:\WINDOWS\System32\PSAPI.DLL
0x00007ffeeed50000 - 0x00007ffeeed77000 	C:\WINDOWS\SYSTEM32\WINMM.dll
0x00007ffeeff30000 - 0x00007ffeeff3a000 	C:\WINDOWS\SYSTEM32\VERSION.dll
0x00007ffed1f10000 - 0x00007ffed1f19000 	C:\WINDOWS\SYSTEM32\WSOCK32.dll
0x00007ffef98a0000 - 0x00007ffef990b000 	C:\WINDOWS\System32\WS2_32.dll
0x00007ffef5760000 - 0x00007ffef5772000 	C:\WINDOWS\SYSTEM32\kernel.appcore.dll
0x00007ffee68b0000 - 0x00007ffee68c0000 	C:\Program Files\Microsoft\jdk-11.0.16.101-hotspot\bin\verify.dll
0x00007ffef0df0000 - 0x00007ffef0fd4000 	C:\WINDOWS\SYSTEM32\DBGHELP.DLL
0x00007ffee2100000 - 0x00007ffee2134000 	C:\WINDOWS\SYSTEM32\dbgcore.DLL
0x00007ffef8260000 - 0x00007ffef82e2000 	C:\WINDOWS\System32\bcryptPrimitives.dll
0x00007ffe6ad30000 - 0x00007ffe6ad58000 	C:\Program Files\Microsoft\jdk-11.0.16.101-hotspot\bin\java.dll
0x00007ffee66a0000 - 0x00007ffee66aa000 	C:\Program Files\Microsoft\jdk-11.0.16.101-hotspot\bin\jimage.dll
0x00007ffe6ad10000 - 0x00007ffe6ad28000 	C:\Program Files\Microsoft\jdk-11.0.16.101-hotspot\bin\zip.dll
0x00007ffef8e60000 - 0x00007ffef95a4000 	C:\WINDOWS\System32\SHELL32.dll
0x00007ffef5a40000 - 0x00007ffef61d3000 	C:\WINDOWS\SYSTEM32\windows.storage.dll
0x00007ffef85a0000 - 0x00007ffef88f4000 	C:\WINDOWS\System32\combase.dll
0x00007ffef7240000 - 0x00007ffef726e000 	C:\WINDOWS\SYSTEM32\Wldp.dll
0x00007ffef9b10000 - 0x00007ffef9bbd000 	C:\WINDOWS\System32\SHCORE.dll
0x00007ffef8960000 - 0x00007ffef89b5000 	C:\WINDOWS\System32\shlwapi.dll
0x00007ffef78e0000 - 0x00007ffef78ff000 	C:\WINDOWS\SYSTEM32\profapi.dll
0x00007ffe29370000 - 0x00007ffe29389000 	C:\Program Files\Microsoft\jdk-11.0.16.101-hotspot\bin\net.dll
0x00007ffef2cb0000 - 0x00007ffef2dba000 	C:\WINDOWS\SYSTEM32\WINHTTP.dll
0x00007ffef7020000 - 0x00007ffef708a000 	C:\WINDOWS\system32\mswsock.dll
0x00007ffe29350000 - 0x00007ffe29363000 	C:\Program Files\Microsoft\jdk-11.0.16.101-hotspot\bin\nio.dll

dbghelp: loaded successfully - version: 4.0.5 - missing functions: none
symbol engine: initialized successfully - sym options: 0x614 - pdb path: .;C:\Program Files\Microsoft\jdk-11.0.16.101-hotspot\bin;C:\WINDOWS\SYSTEM32;C:\WINDOWS\WinSxS\amd64_microsoft.windows.common-controls_6595b64144ccf1df_6.0.19041.1110_none_60b5254171f9507e;C:\Program Files\Microsoft\jdk-11.0.16.101-hotspot\bin\server

VM Arguments:
java_command: com.xamarin.manifestmerger.Main obj\Debug\130\android\manifestmerger.rsp
java_class_path (initial): C:\Program Files\Microsoft Visual Studio\2022\Community\MSBuild\Xamarin\Android\manifestmerger.jar
Launcher Type: SUN_STANDARD

[Global flags]
     intx CICompilerCount                          = 4                                         {product} {ergonomic}
     uint ConcGCThreads                            = 2                                         {product} {ergonomic}
     uint G1ConcRefinementThreads                  = 8                                         {product} {ergonomic}
   size_t G1HeapRegionSize                         = 1048576                                   {product} {ergonomic}
    uintx GCDrainStackTargetSize                   = 64                                        {product} {ergonomic}
   size_t InitialHeapSize                          = 234881024                                 {product} {ergonomic}
   size_t MarkStackSize                            = 4194304                                   {product} {ergonomic}
   size_t MaxHeapSize                              = 3743416320                                {product} {ergonomic}
   size_t MaxNewSize                               = 2246049792                                {product} {ergonomic}
   size_t MinHeapDeltaBytes                        = 1048576                                   {product} {ergonomic}
    uintx NonNMethodCodeHeapSize                   = 5836300                                {pd product} {ergonomic}
    uintx NonProfiledCodeHeapSize                  = 122910970                              {pd product} {ergonomic}
    uintx ProfiledCodeHeapSize                     = 122910970                              {pd product} {ergonomic}
    uintx ReservedCodeCacheSize                    = 251658240                              {pd product} {ergonomic}
     bool SegmentedCodeCache                       = true                                      {product} {ergonomic}
     bool UseCompressedClassPointers               = true                                 {lp64_product} {ergonomic}
     bool UseCompressedOops                        = true                                 {lp64_product} {ergonomic}
     bool UseG1GC                                  = true                                      {product} {ergonomic}
     bool UseLargePagesIndividualAllocation        = false                                  {pd product} {ergonomic}

Logging:
Log output configuration:
 #0: stdout all=warning uptime,level,tags
 #1: stderr all=off uptime,level,tags

Environment Variables:
PATH=C:\Program Files\Microsoft\jdk-11.0.16.101-hotspot\bin;C:\Program Files\Common Files\Oracle\Java\javapath;C:\ProgramData\Oracle\Java\javapath;C:\Users\User\AppData\Local\Programs\Python\Python39\Scripts\;C:\Users\User\AppData\Local\Programs\Python\Python39\;C:\Program Files (x86)\Common Files\Oracle\Java\javapath;C:\Program Files\Python39\Scripts\;C:\Program Files\Python39\;C:\WINDOWS\system32;C:\WINDOWS;C:\WINDOWS\System32\Wbem;C:\WINDOWS\System32\WindowsPowerShell\v1.0\;C:\WINDOWS\System32\OpenSSH\;C:\Program Files\Microsoft SQL Server\Client SDK\ODBC\130\Tools\Binn\;C:\Program Files\Azure Data Studio\bin;C:\Program Files (x86)\Rational\common;C:\Program Files\Microsoft SQL Server\Client SDK\ODBC\170\Tools\Binn\;C:\Program Files (x86)\Microsoft SQL Server\150\Tools\Binn\;C:\Program Files\Microsoft SQL Server\150\Tools\Binn\;C:\Program Files\Microsoft SQL Server\150\DTS\Binn\;C:\Program Files\Microsoft SQL Server\130\Tools\Binn\;C:\Program Files (x86)\Microsoft SQL Server\160\DTS\Binn\;C:\xampp\php;C:\ProgramData\ComposerSetup\bin;C:\Program Files\Git\cmd;C:\Program Files\dotnet\;C:\Program Files\MySQL\MySQL Shell 8.0\bin\;C:\Users\User\AppData\Local\Microsoft\WindowsApps;;C:\Program Files\Azure Data Studio\bin;C:\Users\User\AppData\Local\Programs\Microsoft VS Code\bin;C:\Users\User\AppData\Roaming\Composer\vendor\bin;C:\Users\User\.dotnet\tools
USERNAME=User
OS=Windows_NT
PROCESSOR_IDENTIFIER=AMD64 Family 23 Model 24 Stepping 1, AuthenticAMD
TMP=C:\Users\User\AppData\Local\Temp
TEMP=C:\Users\User\AppData\Local\Temp



---------------  S Y S T E M  ---------------

OS: Windows 10 , 64 bit Build 19041 (10.0.19041.2788)
OS uptime: 0 days 8:16 hours
Hyper-V role detected

CPU:total 8 (initial active 8) (8 cores per cpu, 2 threads per core) family 23 model 24 stepping 1 microcode 0x0, cmov, cx8, fxsr, mmx, sse, sse2, sse3, ssse3, sse4.1, sse4.2, popcnt, avx, avx2, aes, clmul, mmxext, 3dnowpref, lzcnt, sse4a, ht, tsc, tscinvbit, tscinv, bmi1, bmi2, adx, sha, fma

Memory: 4k page, system-wide physical 14277M (1943M free)
TotalPageFile size 16325M (AvailPageFile size 63M)
current process WorkingSet (physical memory assigned to process): 217M, peak: 217M
current process commit charge ("private bytes"): 323M, peak: 446M

vm_info: OpenJDK 64-Bit Server VM (11.0.16.1+1-LTS) for windows-amd64 JRE (11.0.16.1+1-LTS), built on Aug 20 2022 20:09:04 by "" with MS VC++ 15.9 (VS2017)

END.
